START TIME: Wed Mar 29 01:06:11 UTC 2023
FULL_OUT_PATH is: /fsx/loubna/data/tokenized_stack_no_pii/code/assembly
/fsx/loubna/code/Megatron-LM/tools/preprocess_data.py --input /fsx/loubna/data/stack_march_no_pii_json/assembly --output-prefix /fsx/loubna/data/tokenized_stack_no_pii/code/assembly/gpt2-preprocessed --tokenizer-type TokenizerFromFile --tokenizer-file /fsx/loubna/data/tokenizer/tokenizer-the-stack-march-sample-v3-no-prefix-spaces/tokenizer.json --dataset-impl mmap --append-eod --json-keys content --workers 64 --chunk-size 100 --log-interval 1000
[H[2J[3J> building TokenizerFromFile tokenizer ...
 > padded vocab (size: 49152) with 0 dummy tokens (new size: 49152)
> building TokenizerFromFile tokenizer ...
> building TokenizerFromFile tokenizer ...
> building TokenizerFromFile tokenizer ...
> building TokenizerFromFile tokenizer ...
> building TokenizerFromFile tokenizer ...
> building TokenizerFromFile tokenizer ...
> building TokenizerFromFile tokenizer ...
> building TokenizerFromFile tokenizer ...
> building TokenizerFromFile tokenizer ...
> building TokenizerFromFile tokenizer ...
> building TokenizerFromFile tokenizer ...
> building TokenizerFromFile tokenizer ...
> building TokenizerFromFile tokenizer ...
> building TokenizerFromFile tokenizer ...
> building TokenizerFromFile tokenizer ...
> building TokenizerFromFile tokenizer ...
> building TokenizerFromFile tokenizer ...
 > padded vocab (size: 49152) with 0 dummy tokens (new size: 49152)
> building TokenizerFromFile tokenizer ...
 > padded vocab (size: 49152) with 0 dummy tokens (new size: 49152)
 > padded vocab (size: 49152) with 0 dummy tokens (new size: 49152)
> building TokenizerFromFile tokenizer ...
 > padded vocab (size: 49152) with 0 dummy tokens (new size: 49152)
 > padded vocab (size: 49152) with 0 dummy tokens (new size: 49152)
> building TokenizerFromFile tokenizer ...
> building TokenizerFromFile tokenizer ...
 > padded vocab (size: 49152) with 0 dummy tokens (new size: 49152)
 > padded vocab (size: 49152) with 0 dummy tokens (new size: 49152)
 > padded vocab (size: 49152) with 0 dummy tokens (new size: 49152)
> building TokenizerFromFile tokenizer ...
 > padded vocab (size: 49152) with 0 dummy tokens (new size: 49152)
> building TokenizerFromFile tokenizer ...
 > padded vocab (size: 49152) with 0 dummy tokens (new size: 49152)
> building TokenizerFromFile tokenizer ...
 > padded vocab (size: 49152) with 0 dummy tokens (new size: 49152)
> building TokenizerFromFile tokenizer ...
 > padded vocab (size: 49152) with 0 dummy tokens (new size: 49152)
> building TokenizerFromFile tokenizer ...
> building TokenizerFromFile tokenizer ...
> building TokenizerFromFile tokenizer ...
> building TokenizerFromFile tokenizer ...
 > padded vocab (size: 49152) with 0 dummy tokens (new size: 49152)
> building TokenizerFromFile tokenizer ...
 > padded vocab (size: 49152) with 0 dummy tokens (new size: 49152)
> building TokenizerFromFile tokenizer ...
 > padded vocab (size: 49152) with 0 dummy tokens (new size: 49152)
> building TokenizerFromFile tokenizer ...
 > padded vocab (size: 49152) with 0 dummy tokens (new size: 49152)
> building TokenizerFromFile tokenizer ...
 > padded vocab (size: 49152) with 0 dummy tokens (new size: 49152)
> building TokenizerFromFile tokenizer ...
 > padded vocab (size: 49152) with 0 dummy tokens (new size: 49152)
> building TokenizerFromFile tokenizer ...
 > padded vocab (size: 49152) with 0 dummy tokens (new size: 49152)
> building TokenizerFromFile tokenizer ...
 > padded vocab (size: 49152) with 0 dummy tokens (new size: 49152)
 > padded vocab (size: 49152) with 0 dummy tokens (new size: 49152)
> building TokenizerFromFile tokenizer ...
 > padded vocab (size: 49152) with 0 dummy tokens (new size: 49152)
> building TokenizerFromFile tokenizer ...
 > padded vocab (size: 49152) with 0 dummy tokens (new size: 49152)
> building TokenizerFromFile tokenizer ...
 > padded vocab (size: 49152) with 0 dummy tokens (new size: 49152)
> building TokenizerFromFile tokenizer ...
 > padded vocab (size: 49152) with 0 dummy tokens (new size: 49152)
> building TokenizerFromFile tokenizer ...
 > padded vocab (size: 49152) with 0 dummy tokens (new size: 49152)
> building TokenizerFromFile tokenizer ...
 > padded vocab (size: 49152) with 0 dummy tokens (new size: 49152)
> building TokenizerFromFile tokenizer ...
 > padded vocab (size: 49152) with 0 dummy tokens (new size: 49152)
> building TokenizerFromFile tokenizer ...
 > padded vocab (size: 49152) with 0 dummy tokens (new size: 49152)
 > padded vocab (size: 49152) with 0 dummy tokens (new size: 49152)
 > padded vocab (size: 49152) with 0 dummy tokens (new size: 49152)
 > padded vocab (size: 49152) with 0 dummy tokens (new size: 49152)
> building TokenizerFromFile tokenizer ...
 > padded vocab (size: 49152) with 0 dummy tokens (new size: 49152)
> building TokenizerFromFile tokenizer ...
 > padded vocab (size: 49152) with 0 dummy tokens (new size: 49152)
> building TokenizerFromFile tokenizer ...
 > padded vocab (size: 49152) with 0 dummy tokens (new size: 49152)
> building TokenizerFromFile tokenizer ...
> building TokenizerFromFile tokenizer ...
 > padded vocab (size: 49152) with 0 dummy tokens (new size: 49152)
> building TokenizerFromFile tokenizer ...
 > padded vocab (size: 49152) with 0 dummy tokens (new size: 49152)
 > padded vocab (size: 49152) with 0 dummy tokens (new size: 49152)
> building TokenizerFromFile tokenizer ...
 > padded vocab (size: 49152) with 0 dummy tokens (new size: 49152)
> building TokenizerFromFile tokenizer ...
 > padded vocab (size: 49152) with 0 dummy tokens (new size: 49152)
> building TokenizerFromFile tokenizer ...
 > padded vocab (size: 49152) with 0 dummy tokens (new size: 49152)
> building TokenizerFromFile tokenizer ...
 > padded vocab (size: 49152) with 0 dummy tokens (new size: 49152)
> building TokenizerFromFile tokenizer ...
> building TokenizerFromFile tokenizer ...
 > padded vocab (size: 49152) with 0 dummy tokens (new size: 49152)
 > padded vocab (size: 49152) with 0 dummy tokens (new size: 49152)
> building TokenizerFromFile tokenizer ...
> building TokenizerFromFile tokenizer ...
> building TokenizerFromFile tokenizer ...
> building TokenizerFromFile tokenizer ...
 > padded vocab (size: 49152) with 0 dummy tokens (new size: 49152)
> building TokenizerFromFile tokenizer ...
 > padded vocab (size: 49152) with 0 dummy tokens (new size: 49152)
 > padded vocab (size: 49152) with 0 dummy tokens (new size: 49152)
> building TokenizerFromFile tokenizer ...
 > padded vocab (size: 49152) with 0 dummy tokens (new size: 49152)
> building TokenizerFromFile tokenizer ...
 > padded vocab (size: 49152) with 0 dummy tokens (new size: 49152)
> building TokenizerFromFile tokenizer ...
 > padded vocab (size: 49152) with 0 dummy tokens (new size: 49152)
 > padded vocab (size: 49152) with 0 dummy tokens (new size: 49152)
 > padded vocab (size: 49152) with 0 dummy tokens (new size: 49152)
 > padded vocab (size: 49152) with 0 dummy tokens (new size: 49152)
 > padded vocab (size: 49152) with 0 dummy tokens (new size: 49152)
 > padded vocab (size: 49152) with 0 dummy tokens (new size: 49152)
 > padded vocab (size: 49152) with 0 dummy tokens (new size: 49152)
 > padded vocab (size: 49152) with 0 dummy tokens (new size: 49152)
 > padded vocab (size: 49152) with 0 dummy tokens (new size: 49152)
 > padded vocab (size: 49152) with 0 dummy tokens (new size: 49152)
 > padded vocab (size: 49152) with 0 dummy tokens (new size: 49152)
 > padded vocab (size: 49152) with 0 dummy tokens (new size: 49152)
 > padded vocab (size: 49152) with 0 dummy tokens (new size: 49152)
 > padded vocab (size: 49152) with 0 dummy tokens (new size: 49152)
 > padded vocab (size: 49152) with 0 dummy tokens (new size: 49152)
Processed 1000 documents (418.68438815718156 docs/s, 0.00039928854766576916 MB/s).
Processed 2000 documents (592.7639843261045 docs/s, 0.0005653037875424428 MB/s).
Processed 3000 documents (742.9913834716771 docs/s, 0.0007085717997280856 MB/s).
Processed 4000 documents (891.2942124475494 docs/s, 0.0008500043987727636 MB/s).
Processed 5000 documents (884.6016027549315 docs/s, 0.0008436218287991824 MB/s).
Processed 6000 documents (959.9830081132598 docs/s, 0.0009155111390240285 MB/s).
Processed 7000 documents (992.5345567688246 docs/s, 0.0009465547149360891 MB/s).
Processed 8000 documents (1022.5702802310551 docs/s, 0.000975199012976699 MB/s).
Processed 9000 documents (1100.8515568764012 docs/s, 0.001049853855968858 MB/s).
Processed 10000 documents (1131.5150335992982 docs/s, 0.0010790968261712058 MB/s).
Processed 11000 documents (1135.579480014952 docs/s, 0.0010829729843282242 MB/s).
Processed 12000 documents (1165.4869421224428 docs/s, 0.0011114949628090313 MB/s).
Processed 13000 documents (1103.2346132465884 docs/s, 0.0010521265156236538 MB/s).
Processed 14000 documents (1110.3706445300973 docs/s, 0.0010589319653798077 MB/s).
Processed 15000 documents (1148.1454925397943 docs/s, 0.0010949568677328055 MB/s).
Processed 16000 documents (1179.9697837520632 docs/s, 0.0011253068768997795 MB/s).
Processed 17000 documents (1197.0284191635367 docs/s, 0.00114157525936464 MB/s).
Processed 18000 documents (1215.3557403390994 docs/s, 0.0011590535548583025 MB/s).
Processed 19000 documents (1235.056632105534 docs/s, 0.0011778417893462505 MB/s).
Processed 20000 documents (1257.2752336019832 docs/s, 0.0011990310989398797 MB/s).
Processed 21000 documents (1280.436216317591 docs/s, 0.001221119133298484 MB/s).
Processed 22000 documents (1283.5634797211308 docs/s, 0.001224101524087077 MB/s).
Processed 23000 documents (1283.0651177846003 docs/s, 0.0012236262491079333 MB/s).
Processed 24000 documents (1309.1541459545151 docs/s, 0.0012485066852135802 MB/s).
Processed 25000 documents (1296.1100690861267 docs/s, 0.0012360668841229694 MB/s).
Processed 26000 documents (1317.0304119174086 docs/s, 0.0012560180777715765 MB/s).
Processed 27000 documents (1331.1210320921282 docs/s, 0.0012694559403344423 MB/s).
Processed 28000 documents (1340.1270387880302 docs/s, 0.0012780447376137068 MB/s).
Processed 29000 documents (1355.7158738457742 docs/s, 0.0012929114092309706 MB/s).
Processed 30000 documents (1357.8883304237759 docs/s, 0.0012949832252729186 MB/s).
Processed 31000 documents (1364.009972095915 docs/s, 0.0013008212777098798 MB/s).
Processed 32000 documents (1375.0310199115381 docs/s, 0.0013113317679515249 MB/s).
Processed 33000 documents (1308.0247382299701 docs/s, 0.0012474295980739309 MB/s).
Processed 34000 documents (1322.4155378220237 docs/s, 0.0012611537340374219 MB/s).
Processed 35000 documents (1329.8039210855036 docs/s, 0.0012681998453955685 MB/s).
Processed 36000 documents (1335.6115914977427 docs/s, 0.0012737384715058734 MB/s).
Processed 37000 documents (1333.888253247291 docs/s, 0.0012720949680779371 MB/s).
Processed 38000 documents (1343.2131546736157 docs/s, 0.001280987887071243 MB/s).
Processed 39000 documents (1345.3029084846482 docs/s, 0.0012829808316084368 MB/s).
Processed 40000 documents (1346.3939704925474 docs/s, 0.0012840213494229769 MB/s).
Processed 41000 documents (1357.4452520819061 docs/s, 0.0012945606728381215 MB/s).
Processed 42000 documents (1367.0426558207846 docs/s, 0.0013037134702880713 MB/s).
Processed 43000 documents (1370.2787683285492 docs/s, 0.0013067996676717273 MB/s).
Processed 44000 documents (1371.0369191365708 docs/s, 0.0013075226966253002 MB/s).
Processed 45000 documents (1376.3966792105875 docs/s, 0.0013126341621499896 MB/s).
Processed 46000 documents (1379.061687887932 docs/s, 0.001315175712478573 MB/s).
Processed 47000 documents (1391.5133466237444 docs/s, 0.0013270505396115726 MB/s).
Processed 48000 documents (1397.8550875694002 docs/s, 0.0013330984950727465 MB/s).
Processed 49000 documents (1403.8892439771744 docs/s, 0.001338853115060019 MB/s).
Processed 50000 documents (1309.8127172897218 docs/s, 0.0012491347477814883 MB/s).
Processed 51000 documents (1322.2587574842069 docs/s, 0.0012610042166559285 MB/s).
Processed 52000 documents (1326.661383228069 docs/s, 0.0012652028877525989 MB/s).
Processed 53000 documents (1332.3848207222638 docs/s, 0.001270661183092369 MB/s).
Processed 54000 documents (1334.1176126315115 docs/s, 0.001272313702231895 MB/s).
Processed 55000 documents (1334.012039703571 docs/s, 0.0012722130200420103 MB/s).
Processed 56000 documents (1345.5893871224541 docs/s, 0.0012832540389275113 MB/s).
Processed 57000 documents (1349.707964696645 docs/s, 0.0012871818205801439 MB/s).
Processed 58000 documents (1350.4834723711103 docs/s, 0.0012879214023314575 MB/s).
Processed 59000 documents (1348.4539776397453 docs/s, 0.0012859859253308728 MB/s).
Processed 60000 documents (1354.052763252221 docs/s, 0.0012913253433725557 MB/s).
Processed 61000 documents (1353.0834556177729 docs/s, 0.001290400939576886 MB/s).
Processed 62000 documents (1358.2113948866913 docs/s, 0.0012952913235537446 MB/s).
Processed 63000 documents (1358.804617521308 docs/s, 0.0012958570647442894 MB/s).
Processed 64000 documents (1357.6179783747984 docs/s, 0.001294725397467421 MB/s).
Processed 65000 documents (1361.0152316923422 docs/s, 0.0012979652707026884 MB/s).
Processed 66000 documents (1366.9878948880653 docs/s, 0.0013036612461929944 MB/s).
Processed 67000 documents (1368.4139401121083 docs/s, 0.001305021228897198 MB/s).
Processed 68000 documents (1374.52876469075 docs/s, 0.0013108527800471783 MB/s).
Processed 69000 documents (1296.2984739947137 docs/s, 0.0012362465610453737 MB/s).
Processed 70000 documents (1304.8478062330787 docs/s, 0.0012443998396235263 MB/s).
Processed 71000 documents (1311.6774783733858 docs/s, 0.0012509131225332125 MB/s).
Processed 72000 documents (1319.412921106973 docs/s, 0.001258290215594266 MB/s).
Processed 73000 documents (1317.378326698838 docs/s, 0.0012563498751629238 MB/s).
Processed 74000 documents (1326.7413656708595 docs/s, 0.0012652791649540515 MB/s).
Processed 75000 documents (1333.3424604122313 docs/s, 0.0012715744594690621 MB/s).
Processed 76000 documents (1333.4823016338685 docs/s, 0.0012717078224505124 MB/s).
Processed 77000 documents (1338.0609180484764 docs/s, 0.0012760743313298 MB/s).
Processed 78000 documents (1341.9554650843559 docs/s, 0.0012797884608119544 MB/s).
Processed 79000 documents (1344.8700380325251 docs/s, 0.0012825680141759159 MB/s).
Processed 80000 documents (1347.10553087415 docs/s, 0.0012846999462834835 MB/s).
Processed 81000 documents (1350.2883668660675 docs/s, 0.0012877353352223086 MB/s).
Processed 82000 documents (1355.0834864465876 docs/s, 0.0012923083176103474 MB/s).
Processed 83000 documents (1358.8965564491946 docs/s, 0.0012959447445384928 MB/s).
Processed 84000 documents (1364.0396872028118 docs/s, 0.0013008496162441366 MB/s).
Processed 85000 documents (1372.19459005547 docs/s, 0.0013086267376475047 MB/s).
Processed 86000 documents (1380.809472366808 docs/s, 0.0013168425296466904 MB/s).
Processed 87000 documents (1381.1212623274782 docs/s, 0.0013171398757242949 MB/s).
Processed 88000 documents (1385.4949821432517 docs/s, 0.0013213109799797551 MB/s).
Processed 89000 documents (1334.7175752651158 docs/s, 0.0012728858711863668 MB/s).
Processed 90000 documents (1342.5952436236469 docs/s, 0.001280398601173064 MB/s).
Processed 91000 documents (1348.633853607232 docs/s, 0.0012861574684212035 MB/s).
Processed 92000 documents (1348.871044347053 docs/s, 0.0012863836711378602 MB/s).
Processed 93000 documents (1353.936464523472 docs/s, 0.0012912144322619172 MB/s).
Processed 94000 documents (1352.8924925097135 docs/s, 0.0012902188229653487 MB/s).
Processed 95000 documents (1350.5928736701885 docs/s, 0.0012880257355405698 MB/s).
Processed 96000 documents (1354.6202618153275 docs/s, 0.0012918665521767878 MB/s).
Processed 97000 documents (1361.1758370174832 docs/s, 0.0012981184358763535 MB/s).
Processed 98000 documents (1361.75633015902 docs/s, 0.0012986720372762872 MB/s).
Processed 99000 documents (1362.7509407333046 docs/s, 0.0012996205718358083 MB/s).
Processed 100000 documents (1366.0031462172112 docs/s, 0.0013027221166774857 MB/s).
Processed 101000 documents (1369.0587623538552 docs/s, 0.0013056361793077995 MB/s).
Processed 102000 documents (1372.9218919940877 docs/s, 0.001309320346826637 MB/s).
Processed 103000 documents (1375.2604776888197 docs/s, 0.001311550595940418 MB/s).
Processed 104000 documents (1376.5609386497224 docs/s, 0.0013127908121583199 MB/s).
Processed 105000 documents (1382.109141513397 docs/s, 0.0013180819907316179 MB/s).
Processed 106000 documents (1384.183632428764 docs/s, 0.0013200603794372215 MB/s).
Processed 107000 documents (1390.7164427271034 docs/s, 0.001326290552832702 MB/s).
Processed 108000 documents (1392.377860996606 docs/s, 0.0013278750047651347 MB/s).
Processed 109000 documents (1394.3770970881158 docs/s, 0.00132978162487804 MB/s).
Processed 110000 documents (1399.6860578880742 docs/s, 0.001334844644439768 MB/s).
Processed 111000 documents (1328.0635831442632 docs/s, 0.0012665401297991402 MB/s).
Processed 112000 documents (1331.4586913553298 docs/s, 0.0012697779573014544 MB/s).
Processed 113000 documents (1335.48197796085 docs/s, 0.0012736148624046802 MB/s).
Processed 114000 documents (1339.0321350104805 docs/s, 0.0012770005560021214 MB/s).
Processed 115000 documents (1344.2008769364425 docs/s, 0.0012819298524250435 MB/s).
Processed 116000 documents (1349.8826260104881 docs/s, 0.001287348390589226 MB/s).
Processed 117000 documents (1355.456044763549 docs/s, 0.001292663616908597 MB/s).
Processed 118000 documents (1361.178621123841 docs/s, 0.001298121091007081 MB/s).
Processed 119000 documents (1363.7925865993245 docs/s, 0.0013006139627450223 MB/s).
Processed 120000 documents (1369.452516035062 docs/s, 0.0013060116920805569 MB/s).
Processed 121000 documents (1377.3044085977554 docs/s, 0.0013134998403527788 MB/s).
Processed 122000 documents (1384.26817130062 docs/s, 0.0013201410019880486 MB/s).
Processed 123000 documents (1392.0708897838892 docs/s, 0.0013275822542036908 MB/s).
Processed 124000 documents (1400.271185280871 docs/s, 0.001335402665406104 MB/s).
Processed 125000 documents (1407.9103347417404 docs/s, 0.0013426879260461239 MB/s).
Processed 126000 documents (1415.3768881836913 docs/s, 0.0013498085862957872 MB/s).
Processed 127000 documents (1422.4869410925683 docs/s, 0.0013565892611432726 MB/s).
Processed 128000 documents (1429.6363144486322 docs/s, 0.00136340743489135 MB/s).
Processed 129000 documents (1436.4660567678447 docs/s, 0.0013699207847288558 MB/s).
Processed 130000 documents (1443.467300988058 docs/s, 0.001376597691524561 MB/s).
Processed 131000 documents (1449.5884656353364 docs/s, 0.0013824352890351643 MB/s).
Processed 132000 documents (1456.6094889974586 docs/s, 0.0013891310586905084 MB/s).
Processed 133000 documents (1463.3917174520018 docs/s, 0.001395599095775606 MB/s).
Processed 134000 documents (1469.9137002336197 docs/s, 0.0014018189432464787 MB/s).
Processed 135000 documents (1477.6834572559087 docs/s, 0.0014092287609633529 MB/s).
Processed 136000 documents (1484.251163377178 docs/s, 0.0014154922136089116 MB/s).
Processed 137000 documents (1489.604478142343 docs/s, 0.0014205975324080877 MB/s).
Processed 138000 documents (1495.1674488152496 docs/s, 0.00142590279466176 MB/s).
Processed 139000 documents (1502.4632252270858 docs/s, 0.0014328605892439707 MB/s).
Processed 140000 documents (1509.0388721476193 docs/s, 0.0014391316148258393 MB/s).
Processed 141000 documents (1515.7473503447598 docs/s, 0.0014455293181846235 MB/s).
Processed 142000 documents (1522.2070647009728 docs/s, 0.0014516897818574646 MB/s).
Processed 143000 documents (1528.8044218458556 docs/s, 0.0014579815119226986 MB/s).
Processed 144000 documents (1535.7565425006185 docs/s, 0.0014646115708357034 MB/s).
Processed 145000 documents (1542.151538937834 docs/s, 0.0014707103146913852 MB/s).
Processed 146000 documents (1548.556799770377 docs/s, 0.0014768188474372644 MB/s).
Processed 147000 documents (1554.083076493969 docs/s, 0.0014820891156139078 MB/s).
Processed 148000 documents (1561.4689809713145 docs/s, 0.0014891328630173822 MB/s).
Processed 149000 documents (1568.3461735936053 docs/s, 0.0014956914649902394 MB/s).
Processed 150000 documents (1575.2778691664278 docs/s, 0.0015023020450271871 MB/s).
Processed 151000 documents (1581.08742153571 docs/s, 0.0015078424659115887 MB/s).
Processed 152000 documents (1587.5339389696449 docs/s, 0.0015139903440185975 MB/s).
Processed 153000 documents (1593.620192122804 docs/s, 0.0015197946473339118 MB/s).
Processed 154000 documents (1599.8403297356806 docs/s, 0.0015257266328198248 MB/s).
Processed 155000 documents (1605.8804077639202 docs/s, 0.0015314869001044466 MB/s).
Processed 156000 documents (1611.8255707649241 docs/s, 0.0015371566493653527 MB/s).
Processed 157000 documents (1618.3687129290956 docs/s, 0.001543396675995918 MB/s).
Processed 158000 documents (1624.8420891150056 docs/s, 0.001549570168604856 MB/s).
Processed 159000 documents (1631.4246456108388 docs/s, 0.0015558477836712253 MB/s).
Processed 160000 documents (1636.880342828793 docs/s, 0.0015610507419860772 MB/s).
Processed 161000 documents (1643.1969062363808 docs/s, 0.0015670746862758453 MB/s).
Processed 162000 documents (1649.3942795386968 docs/s, 0.0015729849620234459 MB/s).
Processed 163000 documents (1655.8751695541287 docs/s, 0.001579165620378617 MB/s).
Processed 164000 documents (1661.4043040294334 docs/s, 0.0015844386139196715 MB/s).
Processed 165000 documents (1668.001240885045 docs/s, 0.001590729943165822 MB/s).
Processed 166000 documents (1674.2144032228582 docs/s, 0.001596655276511057 MB/s).
Processed 167000 documents (1676.1315673969011 docs/s, 0.001598483626744176 MB/s).
Processed 168000 documents (1680.8598333436553 docs/s, 0.0016029928525387338 MB/s).
Processed 169000 documents (1685.7142755902055 docs/s, 0.0016076224094297461 MB/s).
Processed 170000 documents (1691.2090639123792 docs/s, 0.0016128626479266922 MB/s).
Processed 171000 documents (1696.769430430681 docs/s, 0.001618165426665002 MB/s).
Processed 172000 documents (1702.4850568010236 docs/s, 0.0016236162727365719 MB/s).
Processed 173000 documents (1708.3289295778163 docs/s, 0.0016291894241121448 MB/s).
Processed 174000 documents (1715.069203244562 docs/s, 0.0016356174499936695 MB/s).
Processed 175000 documents (1721.221053842871 docs/s, 0.0016414843119076452 MB/s).
Processed 176000 documents (1727.1742412957892 docs/s, 0.0016471617138822453 MB/s).
Processed 177000 documents (1732.490264646129 docs/s, 0.0016522314688168802 MB/s).
Processed 178000 documents (1738.0168533363537 docs/s, 0.0016575020345080888 MB/s).
Processed 179000 documents (1743.7121748962363 docs/s, 0.0016629335164034236 MB/s).
Processed 180000 documents (1749.2554583521346 docs/s, 0.0016682200034638735 MB/s).
Processed 181000 documents (1755.025537588198 docs/s, 0.001673722779834936 MB/s).
Processed 182000 documents (1760.4864884496437 docs/s, 0.0016789307484146535 MB/s).
Processed 183000 documents (1765.7487121429156 docs/s, 0.0016839491959981113 MB/s).
Processed 184000 documents (1771.6558361701125 docs/s, 0.0016895826684666753 MB/s).
Processed 185000 documents (1776.8007302039505 docs/s, 0.0016944892217673783 MB/s).
Processed 186000 documents (1782.379277415985 docs/s, 0.0016998093389663552 MB/s).
Processed 187000 documents (1786.895266827495 docs/s, 0.001704116122081275 MB/s).
Processed 188000 documents (1792.7815248646261 docs/s, 0.0017097296951910268 MB/s).
Processed 189000 documents (1798.055715795098 docs/s, 0.0017147595556212406 MB/s).
Processed 190000 documents (1803.6568269477552 docs/s, 0.0017201011914708664 MB/s).
Processed 191000 documents (1806.5019199008525 docs/s, 0.0017228144835480237 MB/s).
Processed 192000 documents (1812.255545751795 docs/s, 0.0017283015687482785 MB/s).
Processed 193000 documents (1817.2382942305208 docs/s, 0.0017330534879975517 MB/s).
Processed 194000 documents (1821.7539972349334 docs/s, 0.0017373599979733786 MB/s).
Processed 195000 documents (1825.8905588734917 docs/s, 0.001741304930566303 MB/s).
Processed 196000 documents (1829.154025269312 docs/s, 0.0017444172146504516 MB/s).
Processed 197000 documents (1833.615354013627 docs/s, 0.0017486718692909498 MB/s).
Processed 198000 documents (1839.32968391608 docs/s, 0.0017541214789543915 MB/s).
Processed 199000 documents (1843.420865658542 docs/s, 0.0017580231339059276 MB/s).
Processed 200000 documents (1848.4061808664142 docs/s, 0.0017627775009788648 MB/s).
Processed 201000 documents (1854.200271208441 docs/s, 0.0017683031761249934 MB/s).
Processed 202000 documents (1858.3703522355324 docs/s, 0.0017722800752978634 MB/s).
Processed 203000 documents (1862.840222017626 docs/s, 0.0017765428753067265 MB/s).
Processed 204000 documents (1867.7795355624573 docs/s, 0.0017812533717751096 MB/s).
Processed 205000 documents (1872.6700571232848 docs/s, 0.0017859173365815017 MB/s).
Processed 206000 documents (1876.7824015123238 docs/s, 0.0017898391738055456 MB/s).
Processed 207000 documents (1882.3395962391735 docs/s, 0.0017951389276878104 MB/s).
Processed 208000 documents (1885.4652831690755 docs/s, 0.0017981198150339847 MB/s).
Processed 209000 documents (1890.2145937973996 docs/s, 0.0018026491106008526 MB/s).
Processed 210000 documents (1895.6136921422292 docs/s, 0.001807798092024068 MB/s).
Processed 211000 documents (1899.9505945257363 docs/s, 0.0018119340844399798 MB/s).
Processed 212000 documents (1904.7759580255617 docs/s, 0.0018165359096770875 MB/s).
Processed 213000 documents (1909.5923871002005 docs/s, 0.0018211292143823629 MB/s).
Processed 214000 documents (1914.167073393103 docs/s, 0.0018254919752055197 MB/s).
Processed 215000 documents (1919.5961546377382 docs/s, 0.0018306695505502112 MB/s).
Processed 216000 documents (1924.270369609046 docs/s, 0.001835127229317709 MB/s).
Processed 217000 documents (1928.6087974894326 docs/s, 0.0018392646765608145 MB/s).
Processed 218000 documents (1932.90050353447 docs/s, 0.0018433575663895322 MB/s).
Processed 219000 documents (1937.4796282303096 docs/s, 0.0018477245600035759 MB/s).
Processed 220000 documents (1941.9791001008682 docs/s, 0.00185201559076392 MB/s).
Processed 221000 documents (1945.1645276494394 docs/s, 0.0018550534512037653 MB/s).
Processed 222000 documents (1949.1472728235228 docs/s, 0.0018588516929850796 MB/s).
Processed 223000 documents (1952.8842481112417 docs/s, 0.001862415550338022 MB/s).
Processed 224000 documents (1957.3914253708178 docs/s, 0.00186671392952997 MB/s).
Processed 225000 documents (1961.8100958038567 docs/s, 0.0018709279020346229 MB/s).
Processed 226000 documents (1966.6278086358157 docs/s, 0.001875522431026283 MB/s).
Processed 227000 documents (1971.1768081569492 docs/s, 0.0018798606950349323 MB/s).
Processed 228000 documents (1976.0855990423054 docs/s, 0.0018845420828269056 MB/s).
Processed 229000 documents (1980.5685603804568 docs/s, 0.0018888173679165428 MB/s).
Processed 230000 documents (1985.3841476822984 docs/s, 0.0018934098698447212 MB/s).
Processed 231000 documents (1990.0866601033338 docs/s, 0.001897894535163244 MB/s).
Processed 232000 documents (1993.6856649680012 docs/s, 0.0019013268136672985 MB/s).
Processed 233000 documents (1998.5593694014676 docs/s, 0.0019059747404112507 MB/s).
Processed 234000 documents (2003.4133018735813 docs/s, 0.0019106038111434758 MB/s).
Processed 235000 documents (2007.7695144259321 docs/s, 0.0019147582191714593 MB/s).
Processed 236000 documents (2012.197159554372 docs/s, 0.0019189807506126138 MB/s).
Processed 237000 documents (2015.0483409577012 docs/s, 0.0019216998490883838 MB/s).
Processed 238000 documents (2019.990235960497 docs/s, 0.0019264128074269267 MB/s).
Processed 239000 documents (2023.1595895849653 docs/s, 0.001929435338578191 MB/s).
Processed 240000 documents (2026.6433713524764 docs/s, 0.0019327577317738308 MB/s).
Processed 241000 documents (2029.8804928446625 docs/s, 0.0019358448914000154 MB/s).
Processed 242000 documents (2034.751416484151 docs/s, 0.0019404901661721715 MB/s).
Processed 243000 documents (2038.2810620342082 docs/s, 0.0019438562984792787 MB/s).
Processed 244000 documents (2041.5018640079163 docs/s, 0.0019469278945998347 MB/s).
Processed 245000 documents (2045.9263629475543 docs/s, 0.0019511474256015341 MB/s).
Processed 246000 documents (2050.5892450064525 docs/s, 0.001955594296461537 MB/s).
Processed 247000 documents (2055.4857477163214 docs/s, 0.0019602639653361524 MB/s).
Opening /fsx/loubna/data/stack_march_no_pii_json/assembly
Input is not a jsonl file, will try to load from HF datasets
Vocab size: 49152
Output prefix: /fsx/loubna/data/tokenized_stack_no_pii/code/assembly/gpt2-preprocessed
Time to startup: 0.8713886737823486
END TIME: Wed Mar 29 01:08:34 UTC 2023
