START TIME: Wed Mar 29 01:06:14 UTC 2023
FULL_OUT_PATH is: /fsx/loubna/data/tokenized_stack_no_pii/code/coffeescript
/fsx/loubna/code/Megatron-LM/tools/preprocess_data.py --input /fsx/loubna/data/stack_march_no_pii_json/coffeescript --output-prefix /fsx/loubna/data/tokenized_stack_no_pii/code/coffeescript/gpt2-preprocessed --tokenizer-type TokenizerFromFile --tokenizer-file /fsx/loubna/data/tokenizer/tokenizer-the-stack-march-sample-v3-no-prefix-spaces/tokenizer.json --dataset-impl mmap --append-eod --json-keys content --workers 64 --chunk-size 100 --log-interval 1000
[H[2J[3J> building TokenizerFromFile tokenizer ...
 > padded vocab (size: 49152) with 0 dummy tokens (new size: 49152)
> building TokenizerFromFile tokenizer ...
> building TokenizerFromFile tokenizer ...
> building TokenizerFromFile tokenizer ...
> building TokenizerFromFile tokenizer ...
> building TokenizerFromFile tokenizer ...
> building TokenizerFromFile tokenizer ...
> building TokenizerFromFile tokenizer ...
> building TokenizerFromFile tokenizer ...
> building TokenizerFromFile tokenizer ...
> building TokenizerFromFile tokenizer ...
> building TokenizerFromFile tokenizer ...
> building TokenizerFromFile tokenizer ...
> building TokenizerFromFile tokenizer ...
> building TokenizerFromFile tokenizer ...
> building TokenizerFromFile tokenizer ...
> building TokenizerFromFile tokenizer ...
> building TokenizerFromFile tokenizer ...
 > padded vocab (size: 49152) with 0 dummy tokens (new size: 49152)
> building TokenizerFromFile tokenizer ...
 > padded vocab (size: 49152) with 0 dummy tokens (new size: 49152)
> building TokenizerFromFile tokenizer ...
 > padded vocab (size: 49152) with 0 dummy tokens (new size: 49152)
 > padded vocab (size: 49152) with 0 dummy tokens (new size: 49152)
> building TokenizerFromFile tokenizer ...
 > padded vocab (size: 49152) with 0 dummy tokens (new size: 49152)
 > padded vocab (size: 49152) with 0 dummy tokens (new size: 49152)
> building TokenizerFromFile tokenizer ...
 > padded vocab (size: 49152) with 0 dummy tokens (new size: 49152)
> building TokenizerFromFile tokenizer ...
 > padded vocab (size: 49152) with 0 dummy tokens (new size: 49152)
 > padded vocab (size: 49152) with 0 dummy tokens (new size: 49152)
> building TokenizerFromFile tokenizer ...
 > padded vocab (size: 49152) with 0 dummy tokens (new size: 49152)
 > padded vocab (size: 49152) with 0 dummy tokens (new size: 49152)
> building TokenizerFromFile tokenizer ...
 > padded vocab (size: 49152) with 0 dummy tokens (new size: 49152)
> building TokenizerFromFile tokenizer ...
> building TokenizerFromFile tokenizer ...
> building TokenizerFromFile tokenizer ...
> building TokenizerFromFile tokenizer ...
> building TokenizerFromFile tokenizer ...
 > padded vocab (size: 49152) with 0 dummy tokens (new size: 49152)
> building TokenizerFromFile tokenizer ...
 > padded vocab (size: 49152) with 0 dummy tokens (new size: 49152)
> building TokenizerFromFile tokenizer ...
 > padded vocab (size: 49152) with 0 dummy tokens (new size: 49152)
> building TokenizerFromFile tokenizer ...
 > padded vocab (size: 49152) with 0 dummy tokens (new size: 49152)
> building TokenizerFromFile tokenizer ...
 > padded vocab (size: 49152) with 0 dummy tokens (new size: 49152)
> building TokenizerFromFile tokenizer ...
 > padded vocab (size: 49152) with 0 dummy tokens (new size: 49152)
> building TokenizerFromFile tokenizer ...
 > padded vocab (size: 49152) with 0 dummy tokens (new size: 49152)
> building TokenizerFromFile tokenizer ...
 > padded vocab (size: 49152) with 0 dummy tokens (new size: 49152)
> building TokenizerFromFile tokenizer ...
 > padded vocab (size: 49152) with 0 dummy tokens (new size: 49152)
> building TokenizerFromFile tokenizer ...
 > padded vocab (size: 49152) with 0 dummy tokens (new size: 49152)
> building TokenizerFromFile tokenizer ...
 > padded vocab (size: 49152) with 0 dummy tokens (new size: 49152)
> building TokenizerFromFile tokenizer ...
 > padded vocab (size: 49152) with 0 dummy tokens (new size: 49152)
> building TokenizerFromFile tokenizer ...
 > padded vocab (size: 49152) with 0 dummy tokens (new size: 49152)
> building TokenizerFromFile tokenizer ...
 > padded vocab (size: 49152) with 0 dummy tokens (new size: 49152)
> building TokenizerFromFile tokenizer ...
 > padded vocab (size: 49152) with 0 dummy tokens (new size: 49152)
> building TokenizerFromFile tokenizer ...
 > padded vocab (size: 49152) with 0 dummy tokens (new size: 49152)
 > padded vocab (size: 49152) with 0 dummy tokens (new size: 49152)
 > padded vocab (size: 49152) with 0 dummy tokens (new size: 49152)
 > padded vocab (size: 49152) with 0 dummy tokens (new size: 49152)
> building TokenizerFromFile tokenizer ...
 > padded vocab (size: 49152) with 0 dummy tokens (new size: 49152)
 > padded vocab (size: 49152) with 0 dummy tokens (new size: 49152)
> building TokenizerFromFile tokenizer ...
> building TokenizerFromFile tokenizer ...
 > padded vocab (size: 49152) with 0 dummy tokens (new size: 49152)
> building TokenizerFromFile tokenizer ...
 > padded vocab (size: 49152) with 0 dummy tokens (new size: 49152)
> building TokenizerFromFile tokenizer ...
 > padded vocab (size: 49152) with 0 dummy tokens (new size: 49152)
> building TokenizerFromFile tokenizer ...
 > padded vocab (size: 49152) with 0 dummy tokens (new size: 49152)
> building TokenizerFromFile tokenizer ...
 > padded vocab (size: 49152) with 0 dummy tokens (new size: 49152)
 > padded vocab (size: 49152) with 0 dummy tokens (new size: 49152)
> building TokenizerFromFile tokenizer ...
> building TokenizerFromFile tokenizer ...
 > padded vocab (size: 49152) with 0 dummy tokens (new size: 49152)
> building TokenizerFromFile tokenizer ...
 > padded vocab (size: 49152) with 0 dummy tokens (new size: 49152)
> building TokenizerFromFile tokenizer ...
 > padded vocab (size: 49152) with 0 dummy tokens (new size: 49152)
> building TokenizerFromFile tokenizer ...
 > padded vocab (size: 49152) with 0 dummy tokens (new size: 49152)
> building TokenizerFromFile tokenizer ...
 > padded vocab (size: 49152) with 0 dummy tokens (new size: 49152)
> building TokenizerFromFile tokenizer ...
> building TokenizerFromFile tokenizer ...
> building TokenizerFromFile tokenizer ...
> building TokenizerFromFile tokenizer ...
 > padded vocab (size: 49152) with 0 dummy tokens (new size: 49152)
 > padded vocab (size: 49152) with 0 dummy tokens (new size: 49152)
 > padded vocab (size: 49152) with 0 dummy tokens (new size: 49152)
> building TokenizerFromFile tokenizer ...
 > padded vocab (size: 49152) with 0 dummy tokens (new size: 49152)
> building TokenizerFromFile tokenizer ...
 > padded vocab (size: 49152) with 0 dummy tokens (new size: 49152)
> building TokenizerFromFile tokenizer ...
 > padded vocab (size: 49152) with 0 dummy tokens (new size: 49152)
 > padded vocab (size: 49152) with 0 dummy tokens (new size: 49152)
 > padded vocab (size: 49152) with 0 dummy tokens (new size: 49152)
 > padded vocab (size: 49152) with 0 dummy tokens (new size: 49152)
 > padded vocab (size: 49152) with 0 dummy tokens (new size: 49152)
 > padded vocab (size: 49152) with 0 dummy tokens (new size: 49152)
 > padded vocab (size: 49152) with 0 dummy tokens (new size: 49152)
 > padded vocab (size: 49152) with 0 dummy tokens (new size: 49152)
 > padded vocab (size: 49152) with 0 dummy tokens (new size: 49152)
 > padded vocab (size: 49152) with 0 dummy tokens (new size: 49152)
 > padded vocab (size: 49152) with 0 dummy tokens (new size: 49152)
 > padded vocab (size: 49152) with 0 dummy tokens (new size: 49152)
 > padded vocab (size: 49152) with 0 dummy tokens (new size: 49152)
 > padded vocab (size: 49152) with 0 dummy tokens (new size: 49152)
 > padded vocab (size: 49152) with 0 dummy tokens (new size: 49152)
Processed 1000 documents (894.4843066063136 docs/s, 0.0008530467096388946 MB/s).
Processed 2000 documents (1095.7051549400012 docs/s, 0.0010449458646202099 MB/s).
Processed 3000 documents (1096.9665780723888 docs/s, 0.0010461488514636886 MB/s).
Processed 4000 documents (1251.446600535362 docs/s, 0.0011934724812844868 MB/s).
Processed 5000 documents (1370.7654375925013 docs/s, 0.0013072637916493428 MB/s).
Processed 6000 documents (1450.3685884597896 docs/s, 0.0013831792721364876 MB/s).
Processed 7000 documents (1577.3959712966762 docs/s, 0.0015043220246283304 MB/s).
Processed 8000 documents (1654.2239280799984 docs/s, 0.001577590873794554 MB/s).
Processed 9000 documents (1539.5810168320788 docs/s, 0.001468258873779372 MB/s).
Processed 10000 documents (1616.3445991143196 docs/s, 0.001541466330637283 MB/s).
Processed 11000 documents (1676.5614194977077 docs/s, 0.0015988935656525685 MB/s).
Processed 12000 documents (1725.128771179221 docs/s, 0.0016452110015670977 MB/s).
Processed 13000 documents (1747.294568692553 docs/s, 0.0016663499533582239 MB/s).
Processed 14000 documents (1767.9404604085883 docs/s, 0.0016860394100271113 MB/s).
Processed 15000 documents (1669.1922944461473 docs/s, 0.0015918658203565095 MB/s).
Processed 16000 documents (1698.2506052476806 docs/s, 0.0016195779850460821 MB/s).
Processed 17000 documents (1695.1237806170805 docs/s, 0.0016165960127039723 MB/s).
Processed 18000 documents (1711.0423629293591 docs/s, 0.0016317771558087913 MB/s).
Processed 19000 documents (1710.4632515514452 docs/s, 0.0016312248721613361 MB/s).
Processed 20000 documents (1582.1023106939988 docs/s, 0.0015088103396358478 MB/s).
Processed 21000 documents (1605.527394036793 docs/s, 0.0015311502399795467 MB/s).
Processed 22000 documents (1620.7569440909592 docs/s, 0.0015456742707166283 MB/s).
Processed 23000 documents (1632.7724257720563 docs/s, 0.0015571331269951404 MB/s).
Processed 24000 documents (1645.6919904965625 docs/s, 0.0015694541840520502 MB/s).
Processed 25000 documents (1667.1810412596367 docs/s, 0.001589947739848744 MB/s).
Processed 26000 documents (1651.0358066548345 docs/s, 0.0015745504442737908 MB/s).
Processed 27000 documents (1453.8174326211044 docs/s, 0.0013864683462344212 MB/s).
Processed 28000 documents (1483.3713458214368 docs/s, 0.0014146531542028778 MB/s).
Processed 29000 documents (1493.4647389476536 docs/s, 0.0014242789639927421 MB/s).
Processed 30000 documents (1509.3446456005079 docs/s, 0.001439423223114498 MB/s).
Processed 31000 documents (1522.229758503707 docs/s, 0.0014517114243542738 MB/s).
Processed 32000 documents (1535.5817779669962 docs/s, 0.0014644449023885691 MB/s).
Processed 33000 documents (1547.9788676306591 docs/s, 0.0014762676883989898 MB/s).
Processed 34000 documents (1561.8862537543432 docs/s, 0.001489530805353492 MB/s).
Processed 35000 documents (1576.8156182003816 docs/s, 0.0015037685567859474 MB/s).
Processed 36000 documents (1597.5291680770272 docs/s, 0.0015235225373049042 MB/s).
Processed 37000 documents (1620.6052174760089 docs/s, 0.0015455295729408349 MB/s).
Processed 38000 documents (1529.0180592022446 docs/s, 0.0014581852523825117 MB/s).
Processed 39000 documents (1560.492371464824 docs/s, 0.001488201495613884 MB/s).
Processed 40000 documents (1591.4087156018215 docs/s, 0.0015176856189745155 MB/s).
Processed 41000 documents (1624.8218855016619 docs/s, 0.0015495509009377116 MB/s).
Processed 42000 documents (1659.6015330671903 docs/s, 0.0015827193575546172 MB/s).
Processed 43000 documents (1693.8459419109547 docs/s, 0.0016153773707494304 MB/s).
Processed 44000 documents (1727.8733113574194 docs/s, 0.0016478283990453905 MB/s).
Processed 45000 documents (1761.1425059076296 docs/s, 0.0016795563754154487 MB/s).
Processed 46000 documents (1795.733287913669 docs/s, 0.001712544715799016 MB/s).
Processed 47000 documents (1829.50288956572 docs/s, 0.001744749917569847 MB/s).
Processed 48000 documents (1863.2549991617848 docs/s, 0.001776938437616143 MB/s).
Processed 49000 documents (1895.812373322682 docs/s, 0.0018079875691630193 MB/s).
Processed 50000 documents (1928.2825939834238 docs/s, 0.0018389535846552122 MB/s).
Processed 51000 documents (1961.2396677105303 docs/s, 0.0018703838994126609 MB/s).
Processed 52000 documents (1993.6729002059362 docs/s, 0.0019013146402415621 MB/s).
Processed 53000 documents (2025.9755050098981 docs/s, 0.0019321208047961217 MB/s).
Processed 54000 documents (2058.3885600511894 docs/s, 0.0019630323029052633 MB/s).
Processed 55000 documents (2090.1151901881462 docs/s, 0.0019932891752129996 MB/s).
Processed 56000 documents (2121.0911843173153 docs/s, 0.002022830185239139 MB/s).
Processed 57000 documents (2152.448573790837 docs/s, 0.0020527349222095844 MB/s).
Processed 58000 documents (2184.170030697929 docs/s, 0.0020829868609408657 MB/s).
Processed 59000 documents (2212.900597515687 docs/s, 0.002110386464610755 MB/s).
Processed 60000 documents (2244.1752316996044 docs/s, 0.002140212279986958 MB/s).
Processed 61000 documents (2274.1376781881595 docs/s, 0.0021687866956597896 MB/s).
Processed 62000 documents (2303.584920306733 docs/s, 0.0021968697741572693 MB/s).
Processed 63000 documents (2334.100324801929 docs/s, 0.002225971531679086 MB/s).
Processed 64000 documents (2364.644710874831 docs/s, 0.0022551009281872093 MB/s).
Processed 65000 documents (2394.896998211868 docs/s, 0.0022839517576330832 MB/s).
Processed 66000 documents (2425.4023318654295 docs/s, 0.002313043910851888 MB/s).
Processed 67000 documents (2455.0527181995376 docs/s, 0.00234132072277025 MB/s).
Processed 68000 documents (2483.1501284694496 docs/s, 0.002368116501302194 MB/s).
Processed 69000 documents (2512.127131609798 docs/s, 0.002395751124963568 MB/s).
Processed 70000 documents (2540.959398908557 docs/s, 0.002423247717770154 MB/s).
Processed 71000 documents (2569.8394782661794 docs/s, 0.002450789907709293 MB/s).
Processed 72000 documents (2597.743147975716 docs/s, 0.002477400920844761 MB/s).
Processed 73000 documents (2625.847984933681 docs/s, 0.002504203782018357 MB/s).
Processed 74000 documents (2653.6824660915995 docs/s, 0.002530748811809158 MB/s).
Processed 75000 documents (2680.5216456437997 docs/s, 0.002556344648021507 MB/s).
Processed 76000 documents (2709.5448159656057 docs/s, 0.0025840233001380975 MB/s).
Processed 77000 documents (2737.279374663557 docs/s, 0.0026104730364451953 MB/s).
Processed 78000 documents (2765.6032756208824 docs/s, 0.002637484813328631 MB/s).
Processed 79000 documents (2794.052802190288 docs/s, 0.00266461639613179 MB/s).
Processed 80000 documents (2820.281620077874 docs/s, 0.0026896301461008776 MB/s).
Processed 81000 documents (2847.415747280277 docs/s, 0.00271550726631191 MB/s).
Processed 82000 documents (2872.06521033137 docs/s, 0.002739014826136942 MB/s).
Processed 83000 documents (2897.7692701066067 docs/s, 0.002763528127771956 MB/s).
Processed 84000 documents (2922.6822756509564 docs/s, 0.002787287021304089 MB/s).
Processed 85000 documents (2949.4542750990386 docs/s, 0.0028128187895765672 MB/s).
Processed 86000 documents (2976.0928774925533 docs/s, 0.0028382233405042203 MB/s).
Processed 87000 documents (2999.0147259526107 docs/s, 0.002860083318665133 MB/s).
Processed 88000 documents (3025.314649770573 docs/s, 0.002885164880533765 MB/s).
Processed 89000 documents (3050.7991203302913 docs/s, 0.0029094687655737794 MB/s).
Processed 90000 documents (3076.6927576775306 docs/s, 0.002934162862470179 MB/s).
Processed 91000 documents (3102.055876781364 docs/s, 0.002958351017743458 MB/s).
Processed 92000 documents (3127.7337144775147 docs/s, 0.002982839312055125 MB/s).
Processed 93000 documents (3152.927404606412 docs/s, 0.003006865887266552 MB/s).
Processed 94000 documents (3178.428304390578 docs/s, 0.0030311854404359607 MB/s).
Processed 95000 documents (3203.740798807407 docs/s, 0.003055325316245467 MB/s).
Processed 96000 documents (3226.1089234084134 docs/s, 0.0030766572221836218 MB/s).
Processed 97000 documents (3250.6140470618475 docs/s, 0.003100027129232261 MB/s).
Processed 98000 documents (3274.332582620875 docs/s, 0.0031226468874176743 MB/s).
Processed 99000 documents (3298.8023766663005 docs/s, 0.003145983101526547 MB/s).
Processed 100000 documents (3322.0881065747467 docs/s, 0.003168190104079005 MB/s).
Processed 101000 documents (3346.627269248911 docs/s, 0.0031915924732674704 MB/s).
Processed 102000 documents (3369.043778707852 docs/s, 0.0032129705226019403 MB/s).
Processed 103000 documents (3392.048101780041 docs/s, 0.0032349091546821987 MB/s).
Processed 104000 documents (3414.9667267720065 docs/s, 0.0032567660587043824 MB/s).
Processed 105000 documents (3439.3860482131877 docs/s, 0.0032800541383869054 MB/s).
Processed 106000 documents (3462.3305169561136 docs/s, 0.00330193568893062 MB/s).
Processed 107000 documents (3486.1300170464324 docs/s, 0.003324632660910065 MB/s).
Processed 108000 documents (3508.3873712785335 docs/s, 0.003345858927992376 MB/s).
Processed 109000 documents (3532.8449099172303 docs/s, 0.0033691834544346145 MB/s).
Processed 110000 documents (3555.3852954885606 docs/s, 0.003390679641235886 MB/s).
Processed 111000 documents (3578.012081223212 docs/s, 0.0034122582256538507 MB/s).
Processed 112000 documents (3599.5579986406856 docs/s, 0.003432806013718305 MB/s).
Processed 113000 documents (3622.5670082221195 docs/s, 0.003454749115202064 MB/s).
Processed 114000 documents (3645.6458726854526 docs/s, 0.0034767588354925657 MB/s).
Processed 115000 documents (3667.031156215943 docs/s, 0.00349715343114466 MB/s).
Processed 116000 documents (3684.9570116100103 docs/s, 0.0035142488590335945 MB/s).
Processed 117000 documents (3706.8376180196155 docs/s, 0.003535115831393829 MB/s).
Processed 118000 documents (3727.933823583633 docs/s, 0.003555234740813859 MB/s).
Processed 119000 documents (3750.6306204922107 docs/s, 0.0035768800930902583 MB/s).
Processed 120000 documents (3770.9901777501004 docs/s, 0.00359629647994051 MB/s).
Processed 121000 documents (3792.358248901478 docs/s, 0.0036166746605887203 MB/s).
Processed 122000 documents (3812.065646648897 docs/s, 0.0036354690996636364 MB/s).
Processed 123000 documents (3829.7662088661637 docs/s, 0.0036523496712361943 MB/s).
Processed 124000 documents (3851.318923143959 docs/s, 0.00367290394129177 MB/s).
Processed 125000 documents (3872.2968941363138 docs/s, 0.003692910093437494 MB/s).
Processed 126000 documents (3892.2119180838786 docs/s, 0.003711902540286902 MB/s).
Processed 127000 documents (3912.907819552537 docs/s, 0.003731639689972436 MB/s).
Processed 128000 documents (3933.827055255364 docs/s, 0.0037515898277810707 MB/s).
Processed 129000 documents (3954.7381634956582 docs/s, 0.0037715322146374304 MB/s).
Processed 130000 documents (3975.479712998197 docs/s, 0.0037913128976804706 MB/s).
Processed 131000 documents (3994.210401603157 docs/s, 0.003809175874331624 MB/s).
Processed 132000 documents (4014.8185848796033 docs/s, 0.0038288293694301637 MB/s).
Processed 133000 documents (4035.3991155740605 docs/s, 0.003848456492971478 MB/s).
Processed 134000 documents (4055.4685450638526 docs/s, 0.003867596192420819 MB/s).
Processed 135000 documents (4075.600563720677 docs/s, 0.003886795581551244 MB/s).
Processed 136000 documents (4095.187249537641 docs/s, 0.003905474900758401 MB/s).
Processed 137000 documents (4113.794283327299 docs/s, 0.003923219950988101 MB/s).
Processed 138000 documents (4133.618201416233 docs/s, 0.003942125512520059 MB/s).
Processed 139000 documents (4152.579035227382 docs/s, 0.003960207972743398 MB/s).
Processed 140000 documents (4171.288261528859 docs/s, 0.00397805048134695 MB/s).
Processed 141000 documents (4191.206787358755 docs/s, 0.003997046267851596 MB/s).
Processed 142000 documents (4209.209343848314 docs/s, 0.004014214843605341 MB/s).
Processed 143000 documents (4227.7606350862125 docs/s, 0.004031906733595097 MB/s).
Processed 144000 documents (4246.040798183697 docs/s, 0.004049340055640885 MB/s).
Processed 145000 documents (4264.761028705884 docs/s, 0.0040671930586871 MB/s).
Processed 146000 documents (4284.904999822164 docs/s, 0.0040864038465711254 MB/s).
Processed 147000 documents (4303.176112032844 docs/s, 0.004103828537018627 MB/s).
Processed 148000 documents (4321.573943848813 docs/s, 0.004121374076699078 MB/s).
Processed 149000 documents (4339.966409097712 docs/s, 0.004138914498422348 MB/s).
Processed 150000 documents (4359.348256559961 docs/s, 0.004157398468551598 MB/s).
Processed 151000 documents (4378.445952731221 docs/s, 0.004175611450892659 MB/s).
Processed 152000 documents (4396.781000723868 docs/s, 0.004193097115253322 MB/s).
Processed 153000 documents (4415.147058732469 docs/s, 0.004210612353069753 MB/s).
Processed 154000 documents (4431.628588550698 docs/s, 0.004226330364752481 MB/s).
Processed 155000 documents (4449.980652916331 docs/s, 0.00424383225719102 MB/s).
Processed 156000 documents (4467.5263107818 docs/s, 0.004260565100461769 MB/s).
Processed 157000 documents (4485.085093345558 docs/s, 0.004277310460420187 MB/s).
Processed 158000 documents (4502.982418813684 docs/s, 0.004294378680051502 MB/s).
Processed 159000 documents (4521.338590912624 docs/s, 0.004311884489929794 MB/s).
Processed 160000 documents (4539.291271453266 docs/s, 0.004329005500272051 MB/s).
Processed 161000 documents (4556.499586072076 docs/s, 0.004345416627952649 MB/s).
Processed 162000 documents (4573.748407371853 docs/s, 0.004361866385814527 MB/s).
Processed 163000 documents (4590.944108486435 docs/s, 0.0043782654843201015 MB/s).
Processed 164000 documents (4605.61853628039 docs/s, 0.0043922601092151545 MB/s).
Processed 165000 documents (4621.93905051198 docs/s, 0.004407824564468365 MB/s).
Processed 166000 documents (4638.376029724535 docs/s, 0.004423500089382682 MB/s).
Processed 167000 documents (4654.7803478755495 docs/s, 0.004439144466281461 MB/s).
Processed 168000 documents (4671.303415386486 docs/s, 0.004454902091394888 MB/s).
Processed 169000 documents (4687.081754728132 docs/s, 0.004469949488380558 MB/s).
Processed 170000 documents (4705.384670279177 docs/s, 0.004487404508856942 MB/s).
Processed 171000 documents (4721.353961005649 docs/s, 0.004502634011274003 MB/s).
Processed 172000 documents (4737.305496280161 docs/s, 0.004517846580772553 MB/s).
Processed 173000 documents (4754.2320594117145 docs/s, 0.004533989009296145 MB/s).
Processed 174000 documents (4771.931935268911 docs/s, 0.004550868926304732 MB/s).
Processed 175000 documents (4787.84705167947 docs/s, 0.004566046764068098 MB/s).
Processed 176000 documents (4803.85450823422 docs/s, 0.004581312664255352 MB/s).
Processed 177000 documents (4819.336304632363 docs/s, 0.004596077255852092 MB/s).
Processed 178000 documents (4835.093572846884 docs/s, 0.004611104557845005 MB/s).
Processed 179000 documents (4852.060612994876 docs/s, 0.004627285588259578 MB/s).
Processed 180000 documents (4868.288744946217 docs/s, 0.004642761940904824 MB/s).
Processed 181000 documents (4884.332391737768 docs/s, 0.00465806235479142 MB/s).
Processed 182000 documents (4901.374131641721 docs/s, 0.004674314624444695 MB/s).
Processed 183000 documents (4917.178900007363 docs/s, 0.004689387226111758 MB/s).
Processed 184000 documents (4928.408089736638 docs/s, 0.004700096215950621 MB/s).
Processed 185000 documents (4944.0406372226735 docs/s, 0.004715004574988054 MB/s).
Processed 186000 documents (4960.138536380707 docs/s, 0.004730356727963168 MB/s).
Processed 187000 documents (4974.275759109376 docs/s, 0.004743839034184814 MB/s).
Processed 188000 documents (4988.675978677827 docs/s, 0.0047575721537378565 MB/s).
Processed 189000 documents (5002.465037325287 docs/s, 0.004770722424817359 MB/s).
Processed 190000 documents (5017.207966158997 docs/s, 0.004784782377394673 MB/s).
Processed 191000 documents (5030.6331114990035 docs/s, 0.0047975855936994586 MB/s).
Processed 192000 documents (5044.19920644782 docs/s, 0.004810523230026073 MB/s).
Processed 193000 documents (5060.302895039703 docs/s, 0.0048258809042355565 MB/s).
Processed 194000 documents (5074.993144631736 docs/s, 0.004839890617973076 MB/s).
Processed 195000 documents (5085.716778994454 docs/s, 0.004850117472643332 MB/s).
Processed 196000 documents (5101.6888733263895 docs/s, 0.004865349648786916 MB/s).
Processed 197000 documents (5115.690559192693 docs/s, 0.004878702696983999 MB/s).
Processed 198000 documents (5130.57961261548 docs/s, 0.004892902004828911 MB/s).
Processed 199000 documents (5145.8747974250655 docs/s, 0.0049074886297464995 MB/s).
Processed 200000 documents (5161.915802308425 docs/s, 0.004922786524113106 MB/s).
Processed 201000 documents (5176.874273511872 docs/s, 0.004937052033912537 MB/s).
Processed 202000 documents (5188.135379779888 docs/s, 0.004947791461734665 MB/s).
Processed 203000 documents (5200.613328138281 docs/s, 0.004959691360605508 MB/s).
Processed 204000 documents (5214.0845789318955 docs/s, 0.004972538546497245 MB/s).
Processed 205000 documents (5229.374916074212 docs/s, 0.004987120548319065 MB/s).
Processed 206000 documents (5239.991518267685 docs/s, 0.004997245329158483 MB/s).
Processed 207000 documents (5254.162775183092 docs/s, 0.005010760092909901 MB/s).
Processed 208000 documents (5268.077652306847 docs/s, 0.005024030353838775 MB/s).
Processed 209000 documents (5282.342319609038 docs/s, 0.005037634200676954 MB/s).
Processed 210000 documents (5295.172189285348 docs/s, 0.005049869717870091 MB/s).
Processed 211000 documents (5306.651426011758 docs/s, 0.005060817171108015 MB/s).
Processed 212000 documents (5320.332528872517 docs/s, 0.005073864487526433 MB/s).
Processed 213000 documents (5332.587929868158 docs/s, 0.005085552148693236 MB/s).
Processed 214000 documents (5346.716195443304 docs/s, 0.005099025912707619 MB/s).
Processed 215000 documents (5361.692200099706 docs/s, 0.005113308143710809 MB/s).
Processed 216000 documents (5375.545826783991 docs/s, 0.005126519991668693 MB/s).
Processed 217000 documents (5389.523310004159 docs/s, 0.005139849958423766 MB/s).
Processed 218000 documents (5402.172344299322 docs/s, 0.0051519130175584045 MB/s).
Processed 219000 documents (5416.800413976727 docs/s, 0.005165863431908347 MB/s).
Processed 220000 documents (5429.6023592333095 docs/s, 0.005178072318299589 MB/s).
Processed 221000 documents (5444.2269108402115 docs/s, 0.005192019377556049 MB/s).
Processed 222000 documents (5458.0630285359 docs/s, 0.005205214527641201 MB/s).
Processed 223000 documents (5468.11646821158 docs/s, 0.005214802234851436 MB/s).
Processed 224000 documents (5480.901737880237 docs/s, 0.005226995218162763 MB/s).
Processed 225000 documents (5493.9922238559375 docs/s, 0.005239479278427064 MB/s).
Processed 226000 documents (5506.87271626008 docs/s, 0.005251763073215561 MB/s).
Opening /fsx/loubna/data/stack_march_no_pii_json/coffeescript
Input is not a jsonl file, will try to load from HF datasets
Vocab size: 49152
Output prefix: /fsx/loubna/data/tokenized_stack_no_pii/code/coffeescript/gpt2-preprocessed
Time to startup: 0.8535175323486328
END TIME: Wed Mar 29 01:07:17 UTC 2023
