START TIME: Wed Mar 29 01:06:14 UTC 2023
FULL_OUT_PATH is: /fsx/loubna/data/tokenized_stack_no_pii/code/dockerfile
/fsx/loubna/code/Megatron-LM/tools/preprocess_data.py --input /fsx/loubna/data/stack_march_no_pii_json/dockerfile --output-prefix /fsx/loubna/data/tokenized_stack_no_pii/code/dockerfile/gpt2-preprocessed --tokenizer-type TokenizerFromFile --tokenizer-file /fsx/loubna/data/tokenizer/tokenizer-the-stack-march-sample-v3-no-prefix-spaces/tokenizer.json --dataset-impl mmap --append-eod --json-keys content --workers 64 --chunk-size 100 --log-interval 1000
[H[2J[3J> building TokenizerFromFile tokenizer ...
 > padded vocab (size: 49152) with 0 dummy tokens (new size: 49152)
> building TokenizerFromFile tokenizer ...
> building TokenizerFromFile tokenizer ...
> building TokenizerFromFile tokenizer ...
> building TokenizerFromFile tokenizer ...
> building TokenizerFromFile tokenizer ...
> building TokenizerFromFile tokenizer ...
> building TokenizerFromFile tokenizer ...
> building TokenizerFromFile tokenizer ...
> building TokenizerFromFile tokenizer ...
> building TokenizerFromFile tokenizer ...
> building TokenizerFromFile tokenizer ...
> building TokenizerFromFile tokenizer ...
> building TokenizerFromFile tokenizer ...
> building TokenizerFromFile tokenizer ...
> building TokenizerFromFile tokenizer ...
> building TokenizerFromFile tokenizer ...
 > padded vocab (size: 49152) with 0 dummy tokens (new size: 49152)
 > padded vocab (size: 49152) with 0 dummy tokens (new size: 49152)
> building TokenizerFromFile tokenizer ...
 > padded vocab (size: 49152) with 0 dummy tokens (new size: 49152)
> building TokenizerFromFile tokenizer ...
 > padded vocab (size: 49152) with 0 dummy tokens (new size: 49152)
 > padded vocab (size: 49152) with 0 dummy tokens (new size: 49152)
> building TokenizerFromFile tokenizer ...
 > padded vocab (size: 49152) with 0 dummy tokens (new size: 49152)
> building TokenizerFromFile tokenizer ...
 > padded vocab (size: 49152) with 0 dummy tokens (new size: 49152)
 > padded vocab (size: 49152) with 0 dummy tokens (new size: 49152)
> building TokenizerFromFile tokenizer ...
 > padded vocab (size: 49152) with 0 dummy tokens (new size: 49152)
> building TokenizerFromFile tokenizer ...
 > padded vocab (size: 49152) with 0 dummy tokens (new size: 49152)
 > padded vocab (size: 49152) with 0 dummy tokens (new size: 49152)
 > padded vocab (size: 49152) with 0 dummy tokens (new size: 49152)
> building TokenizerFromFile tokenizer ...
> building TokenizerFromFile tokenizer ...
> building TokenizerFromFile tokenizer ...
> building TokenizerFromFile tokenizer ...
> building TokenizerFromFile tokenizer ...
> building TokenizerFromFile tokenizer ...
 > padded vocab (size: 49152) with 0 dummy tokens (new size: 49152)
> building TokenizerFromFile tokenizer ...
 > padded vocab (size: 49152) with 0 dummy tokens (new size: 49152)
> building TokenizerFromFile tokenizer ...
 > padded vocab (size: 49152) with 0 dummy tokens (new size: 49152)
> building TokenizerFromFile tokenizer ...
 > padded vocab (size: 49152) with 0 dummy tokens (new size: 49152)
> building TokenizerFromFile tokenizer ...
 > padded vocab (size: 49152) with 0 dummy tokens (new size: 49152)
> building TokenizerFromFile tokenizer ...
 > padded vocab (size: 49152) with 0 dummy tokens (new size: 49152)
> building TokenizerFromFile tokenizer ...
 > padded vocab (size: 49152) with 0 dummy tokens (new size: 49152)
> building TokenizerFromFile tokenizer ...
 > padded vocab (size: 49152) with 0 dummy tokens (new size: 49152)
> building TokenizerFromFile tokenizer ...
 > padded vocab (size: 49152) with 0 dummy tokens (new size: 49152)
> building TokenizerFromFile tokenizer ...
 > padded vocab (size: 49152) with 0 dummy tokens (new size: 49152)
> building TokenizerFromFile tokenizer ...
 > padded vocab (size: 49152) with 0 dummy tokens (new size: 49152)
> building TokenizerFromFile tokenizer ...
 > padded vocab (size: 49152) with 0 dummy tokens (new size: 49152)
> building TokenizerFromFile tokenizer ...
 > padded vocab (size: 49152) with 0 dummy tokens (new size: 49152)
> building TokenizerFromFile tokenizer ...
 > padded vocab (size: 49152) with 0 dummy tokens (new size: 49152)
> building TokenizerFromFile tokenizer ...
 > padded vocab (size: 49152) with 0 dummy tokens (new size: 49152)
 > padded vocab (size: 49152) with 0 dummy tokens (new size: 49152)
> building TokenizerFromFile tokenizer ...
 > padded vocab (size: 49152) with 0 dummy tokens (new size: 49152)
> building TokenizerFromFile tokenizer ...
 > padded vocab (size: 49152) with 0 dummy tokens (new size: 49152)
 > padded vocab (size: 49152) with 0 dummy tokens (new size: 49152)
 > padded vocab (size: 49152) with 0 dummy tokens (new size: 49152)
 > padded vocab (size: 49152) with 0 dummy tokens (new size: 49152)
 > padded vocab (size: 49152) with 0 dummy tokens (new size: 49152)
 > padded vocab (size: 49152) with 0 dummy tokens (new size: 49152)
> building TokenizerFromFile tokenizer ...
 > padded vocab (size: 49152) with 0 dummy tokens (new size: 49152)
> building TokenizerFromFile tokenizer ...
 > padded vocab (size: 49152) with 0 dummy tokens (new size: 49152)
> building TokenizerFromFile tokenizer ...
 > padded vocab (size: 49152) with 0 dummy tokens (new size: 49152)
> building TokenizerFromFile tokenizer ...
 > padded vocab (size: 49152) with 0 dummy tokens (new size: 49152)
> building TokenizerFromFile tokenizer ...
 > padded vocab (size: 49152) with 0 dummy tokens (new size: 49152)
> building TokenizerFromFile tokenizer ...
 > padded vocab (size: 49152) with 0 dummy tokens (new size: 49152)
 > padded vocab (size: 49152) with 0 dummy tokens (new size: 49152)
> building TokenizerFromFile tokenizer ...
 > padded vocab (size: 49152) with 0 dummy tokens (new size: 49152)
 > padded vocab (size: 49152) with 0 dummy tokens (new size: 49152)
> building TokenizerFromFile tokenizer ...
> building TokenizerFromFile tokenizer ...
> building TokenizerFromFile tokenizer ...
> building TokenizerFromFile tokenizer ...
> building TokenizerFromFile tokenizer ...
> building TokenizerFromFile tokenizer ...
> building TokenizerFromFile tokenizer ...
> building TokenizerFromFile tokenizer ...
> building TokenizerFromFile tokenizer ...
 > padded vocab (size: 49152) with 0 dummy tokens (new size: 49152)
 > padded vocab (size: 49152) with 0 dummy tokens (new size: 49152)
> building TokenizerFromFile tokenizer ...
 > padded vocab (size: 49152) with 0 dummy tokens (new size: 49152)
> building TokenizerFromFile tokenizer ...
 > padded vocab (size: 49152) with 0 dummy tokens (new size: 49152)
> building TokenizerFromFile tokenizer ...
 > padded vocab (size: 49152) with 0 dummy tokens (new size: 49152)
> building TokenizerFromFile tokenizer ...
 > padded vocab (size: 49152) with 0 dummy tokens (new size: 49152)
 > padded vocab (size: 49152) with 0 dummy tokens (new size: 49152)
 > padded vocab (size: 49152) with 0 dummy tokens (new size: 49152)
 > padded vocab (size: 49152) with 0 dummy tokens (new size: 49152)
 > padded vocab (size: 49152) with 0 dummy tokens (new size: 49152)
 > padded vocab (size: 49152) with 0 dummy tokens (new size: 49152)
 > padded vocab (size: 49152) with 0 dummy tokens (new size: 49152)
 > padded vocab (size: 49152) with 0 dummy tokens (new size: 49152)
 > padded vocab (size: 49152) with 0 dummy tokens (new size: 49152)
 > padded vocab (size: 49152) with 0 dummy tokens (new size: 49152)
 > padded vocab (size: 49152) with 0 dummy tokens (new size: 49152)
 > padded vocab (size: 49152) with 0 dummy tokens (new size: 49152)
 > padded vocab (size: 49152) with 0 dummy tokens (new size: 49152)
 > padded vocab (size: 49152) with 0 dummy tokens (new size: 49152)
 > padded vocab (size: 49152) with 0 dummy tokens (new size: 49152)
Processed 1000 documents (1247.3247210525064 docs/s, 0.0011895415506863656 MB/s).
Processed 2000 documents (1816.8985744617762 docs/s, 0.0017327295059793245 MB/s).
Processed 3000 documents (1604.0793848287678 docs/s, 0.0015297693107879332 MB/s).
Processed 4000 documents (1738.9442628741579 docs/s, 0.0016583864811650828 MB/s).
Processed 5000 documents (1621.5617283497186 docs/s, 0.0015464417727944551 MB/s).
Processed 6000 documents (1761.3700007321013 docs/s, 0.0016797733313866628 MB/s).
Processed 7000 documents (1832.4106723975435 docs/s, 0.0017475229953742442 MB/s).
Processed 8000 documents (1701.3111294656053 docs/s, 0.0016224967283874562 MB/s).
Processed 9000 documents (1748.4675500421222 docs/s, 0.0016674685955449316 MB/s).
Processed 10000 documents (1623.7398491192778 docs/s, 0.0015485189906304148 MB/s).
Processed 11000 documents (1666.7123888979584 docs/s, 0.0015895007981280883 MB/s).
Processed 12000 documents (1760.6592744719167 docs/s, 0.0016790955300063292 MB/s).
Processed 13000 documents (1808.209449244107 docs/s, 0.0017244429104271955 MB/s).
Processed 14000 documents (1862.2018500032125 docs/s, 0.0017759340763122678 MB/s).
Processed 15000 documents (1691.5454507178101 docs/s, 0.0016131834513834096 MB/s).
Processed 16000 documents (1728.7111898605497 docs/s, 0.0016486274622540948 MB/s).
Processed 17000 documents (1760.2520746722535 docs/s, 0.0016787071940157446 MB/s).
Processed 18000 documents (1790.029693911981 docs/s, 0.0017071053446883974 MB/s).
Processed 19000 documents (1652.642832005518 docs/s, 0.0015760830230765513 MB/s).
Processed 20000 documents (1681.0765581085484 docs/s, 0.0016031995373807415 MB/s).
Processed 21000 documents (1708.2188376269244 docs/s, 0.001629084432246136 MB/s).
Processed 22000 documents (1739.16696984786 docs/s, 0.001658598871085987 MB/s).
Processed 23000 documents (1763.211379011848 docs/s, 0.0016815294065588456 MB/s).
Processed 24000 documents (1577.899867426893 docs/s, 0.0015048025774258547 MB/s).
Processed 25000 documents (1613.0265380781582 docs/s, 0.0015383019810468275 MB/s).
Processed 26000 documents (1632.4575943797374 docs/s, 0.0015568328803822874 MB/s).
Processed 27000 documents (1658.3916813869416 docs/s, 0.001581565553080503 MB/s).
Processed 28000 documents (1682.9737282411677 docs/s, 0.0016050088198100736 MB/s).
Processed 29000 documents (1705.0771761838228 docs/s, 0.0016260883104170063 MB/s).
Processed 30000 documents (1729.6931123834136 docs/s, 0.0016495638965448509 MB/s).
Processed 31000 documents (1510.6319279114105 docs/s, 0.00144065087119237 MB/s).
Processed 32000 documents (1527.322767021323 docs/s, 0.0014565684957707624 MB/s).
Processed 33000 documents (1547.230556649521 docs/s, 0.0014755540434355937 MB/s).
Processed 34000 documents (1566.267325417196 docs/s, 0.0014937089208766898 MB/s).
Processed 35000 documents (1583.2449924945563 docs/s, 0.0015099000859208644 MB/s).
Processed 36000 documents (1613.6878484146205 docs/s, 0.0015389326557298856 MB/s).
Processed 37000 documents (1655.9305563872535 docs/s, 0.0015792184413788352 MB/s).
Processed 38000 documents (1698.445459387502 docs/s, 0.0016197638124346753 MB/s).
Processed 39000 documents (1740.7667253155314 docs/s, 0.0016601245167880358 MB/s).
Processed 40000 documents (1782.9568859858546 docs/s, 0.001700360189424376 MB/s).
Processed 41000 documents (1824.4316611953634 docs/s, 0.0017399136173204073 MB/s).
Processed 42000 documents (1866.5138002484414 docs/s, 0.0017800462725147642 MB/s).
Processed 43000 documents (1908.2952122362437 docs/s, 0.0018198921320307195 MB/s).
Processed 44000 documents (1949.9003349793238 docs/s, 0.0018595698690217245 MB/s).
Processed 45000 documents (1991.420325790604 docs/s, 0.001899166417875866 MB/s).
Processed 46000 documents (2032.8204792777842 docs/s, 0.0019386486809518664 MB/s).
Processed 47000 documents (2074.266529117585 docs/s, 0.0019781747142005777 MB/s).
Processed 48000 documents (2115.72964903809 docs/s, 0.0020177170267468357 MB/s).
Processed 49000 documents (2156.1710664590464 docs/s, 0.002056284967860266 MB/s).
Processed 50000 documents (2197.21237020322 docs/s, 0.002095425005152912 MB/s).
Processed 51000 documents (2238.023816725732 docs/s, 0.002134345833516819 MB/s).
Processed 52000 documents (2279.0041976727125 docs/s, 0.0021734277703024983 MB/s).
Processed 53000 documents (2319.585766671293 docs/s, 0.002212129370375913 MB/s).
Processed 54000 documents (2360.2064250429767 docs/s, 0.0022508682489805 MB/s).
Processed 55000 documents (2400.8449629069437 docs/s, 0.002289624178797668 MB/s).
Processed 56000 documents (2441.2372142083505 docs/s, 0.0023281452314456467 MB/s).
Processed 57000 documents (2480.5293935819227 docs/s, 0.00236561717374985 MB/s).
Processed 58000 documents (2520.8695036824574 docs/s, 0.0024040885006737303 MB/s).
Processed 59000 documents (2560.6903874064465 docs/s, 0.0024420646547378983 MB/s).
Processed 60000 documents (2600.4465946414593 docs/s, 0.0024799791284956544 MB/s).
Processed 61000 documents (2640.2513308524813 docs/s, 0.002517939883091432 MB/s).
Processed 62000 documents (2680.225256260932 docs/s, 0.0025560619890794105 MB/s).
Processed 63000 documents (2720.008717495232 docs/s, 0.002594002454276306 MB/s).
Processed 64000 documents (2759.140171421526 docs/s, 0.002631321116849447 MB/s).
Processed 65000 documents (2798.0244244973487 docs/s, 0.0026684040303205 MB/s).
Processed 66000 documents (2837.4686612788355 docs/s, 0.0027060209858692508 MB/s).
Processed 67000 documents (2876.746001589539 docs/s, 0.0027434787765403166 MB/s).
Processed 68000 documents (2915.987606744482 docs/s, 0.002780902487511141 MB/s).
Processed 69000 documents (2954.6266352108946 docs/s, 0.0028177515365704485 MB/s).
Processed 70000 documents (2993.4533989750485 docs/s, 0.002854779623961495 MB/s).
Processed 71000 documents (3032.1176787819554 docs/s, 0.002891652754575687 MB/s).
Processed 72000 documents (3070.589772673984 docs/s, 0.0029283426024188843 MB/s).
Processed 73000 documents (3108.9099776560183 docs/s, 0.0029648875977096732 MB/s).
Processed 74000 documents (3146.656231696564 docs/s, 0.0030008852307286875 MB/s).
Processed 75000 documents (3184.969241633549 docs/s, 0.003037423364289807 MB/s).
Processed 76000 documents (3223.3412433338053 docs/s, 0.0030740177567804387 MB/s).
Processed 77000 documents (3260.8612832467115 docs/s, 0.0031097996551959148 MB/s).
Processed 78000 documents (3298.9673822475756 docs/s, 0.0031461404631114727 MB/s).
Processed 79000 documents (3336.901012575942 docs/s, 0.003182316792083685 MB/s).
Processed 80000 documents (3374.7718005148326 docs/s, 0.0032184331898830725 MB/s).
Processed 81000 documents (3411.9621080057796 docs/s, 0.0032539006309564395 MB/s).
Processed 82000 documents (3449.5749314955333 docs/s, 0.0032897710146861394 MB/s).
Processed 83000 documents (3487.3558029569103 docs/s, 0.0033258016614503005 MB/s).
Processed 84000 documents (3525.349112804016 docs/s, 0.00336203490524675 MB/s).
Processed 85000 documents (3562.616045937298 docs/s, 0.00339757542222719 MB/s).
Processed 86000 documents (3599.896427295589 docs/s, 0.0034331287644344226 MB/s).
Processed 87000 documents (3637.6465692516326 docs/s, 0.0034691301052585913 MB/s).
Processed 88000 documents (3674.4227445924207 docs/s, 0.0035042025991367538 MB/s).
Processed 89000 documents (3711.0263752610763 docs/s, 0.0035391105415926707 MB/s).
Processed 90000 documents (3747.955409453762 docs/s, 0.0035743288130319233 MB/s).
Processed 91000 documents (3785.0853234620863 docs/s, 0.003609738658392035 MB/s).
Processed 92000 documents (3821.5355543486007 docs/s, 0.0036445003074155814 MB/s).
Processed 93000 documents (3858.2839361661627 docs/s, 0.0036795462953244807 MB/s).
Processed 94000 documents (3895.305258229579 docs/s, 0.003714852579335765 MB/s).
Processed 95000 documents (3931.771543558188 docs/s, 0.0037496295390684014 MB/s).
Processed 96000 documents (3968.443744687142 docs/s, 0.003784602875411169 MB/s).
Processed 97000 documents (4005.046596595523 docs/s, 0.0038195100751834137 MB/s).
Processed 98000 documents (4040.2775701052533 docs/s, 0.0038531089497616322 MB/s).
Processed 99000 documents (4076.3601597998468 docs/s, 0.003887519988822791 MB/s).
Processed 100000 documents (4112.687873654835 docs/s, 0.003922164796500049 MB/s).
Processed 101000 documents (4148.700295144793 docs/s, 0.003956508917946618 MB/s).
Processed 102000 documents (4184.713907548713 docs/s, 0.003990854175137246 MB/s).
Processed 103000 documents (4220.400539424814 docs/s, 0.0040248875993965285 MB/s).
Processed 104000 documents (4256.482200857566 docs/s, 0.0040592977531982094 MB/s).
Processed 105000 documents (4291.5011049982495 docs/s, 0.004092694382665872 MB/s).
Processed 106000 documents (4326.335978496039 docs/s, 0.004125915506835975 MB/s).
Processed 107000 documents (4361.83935533375 docs/s, 0.004159774165471792 MB/s).
Processed 108000 documents (4396.985019397517 docs/s, 0.004193291682622449 MB/s).
Processed 109000 documents (4432.570310516593 docs/s, 0.004227228460804551 MB/s).
Processed 110000 documents (4467.81796717028 docs/s, 0.004260843245668678 MB/s).
Processed 111000 documents (4502.994626353948 docs/s, 0.004294390322069118 MB/s).
Processed 112000 documents (4538.049586940367 docs/s, 0.004327821337643019 MB/s).
Processed 113000 documents (4572.840675586161 docs/s, 0.004361000705324326 MB/s).
Processed 114000 documents (4607.27619101395 docs/s, 0.00439384097196002 MB/s).
Processed 115000 documents (4640.925570812628 docs/s, 0.004425931521237019 MB/s).
Processed 116000 documents (4675.492643761286 docs/s, 0.004458897250901495 MB/s).
Processed 117000 documents (4710.436106345138 docs/s, 0.004492221933694017 MB/s).
Processed 118000 documents (4744.626241666299 docs/s, 0.004524828187624263 MB/s).
Processed 119000 documents (4778.284625316846 docs/s, 0.004556927323643538 MB/s).
Processed 120000 documents (4813.113717052133 docs/s, 0.004590142933895238 MB/s).
Processed 121000 documents (4847.602996265056 docs/s, 0.004623034473671967 MB/s).
Processed 122000 documents (4880.962017460011 docs/s, 0.004654848115406047 MB/s).
Processed 123000 documents (4915.233155345598 docs/s, 0.004687531619401548 MB/s).
Processed 124000 documents (4949.374272460047 docs/s, 0.004720091125927016 MB/s).
Processed 125000 documents (4983.212424855776 docs/s, 0.004752361702781463 MB/s).
Processed 126000 documents (5017.812920840425 docs/s, 0.004785359307136941 MB/s).
Processed 127000 documents (5051.47005466676 docs/s, 0.004817457251230965 MB/s).
Processed 128000 documents (5084.919363527955 docs/s, 0.004849356997993427 MB/s).
Processed 129000 documents (5118.922513622734 docs/s, 0.004881784928915724 MB/s).
Processed 130000 documents (5151.354254397784 docs/s, 0.004912714247129234 MB/s).
Processed 131000 documents (5185.039009774568 docs/s, 0.0049448385331865 MB/s).
Processed 132000 documents (5217.68200519576 docs/s, 0.004975969319530258 MB/s).
Processed 133000 documents (5251.470398711426 docs/s, 0.0050081924426187766 MB/s).
Processed 134000 documents (5284.780073160459 docs/s, 0.005039959023628673 MB/s).
Processed 135000 documents (5317.597063975826 docs/s, 0.005071255744911028 MB/s).
Processed 136000 documents (5350.410765538665 docs/s, 0.005102549329317727 MB/s).
Processed 137000 documents (5383.712415177105 docs/s, 0.005134308257271867 MB/s).
Processed 138000 documents (5416.175135044131 docs/s, 0.00516526711944974 MB/s).
Processed 139000 documents (5448.497780717163 docs/s, 0.00519609239646641 MB/s).
Processed 140000 documents (5480.985613194213 docs/s, 0.005227075207895482 MB/s).
Processed 141000 documents (5513.578882191004 docs/s, 0.0052581585714254414 MB/s).
Processed 142000 documents (5546.678567305952 docs/s, 0.005289724891000702 MB/s).
Processed 143000 documents (5578.818037475516 docs/s, 0.00532037547824432 MB/s).
Processed 144000 documents (5611.626035817514 docs/s, 0.005351663623635782 MB/s).
Processed 145000 documents (5643.739542698788 docs/s, 0.005382289450358188 MB/s).
Processed 146000 documents (5675.974283691258 docs/s, 0.005413030894938715 MB/s).
Processed 147000 documents (5707.830241336964 docs/s, 0.00544341110356995 MB/s).
Processed 148000 documents (5739.714591225737 docs/s, 0.005473818389154184 MB/s).
Processed 149000 documents (5772.0812614256865 docs/s, 0.005504685651231467 MB/s).
Processed 150000 documents (5804.111888007635 docs/s, 0.00553523243714107 MB/s).
Processed 151000 documents (5835.853810909222 docs/s, 0.005565503893765662 MB/s).
Processed 152000 documents (5867.981495247871 docs/s, 0.005596143241165038 MB/s).
Processed 153000 documents (5900.241798028406 docs/s, 0.005626909063366324 MB/s).
Processed 154000 documents (5932.08739163153 docs/s, 0.005657279388076334 MB/s).
Processed 155000 documents (5962.252497834625 docs/s, 0.005686047075113892 MB/s).
Processed 156000 documents (5993.643935400218 docs/s, 0.005715984282875269 MB/s).
Processed 157000 documents (6024.926546628422 docs/s, 0.005745817705753729 MB/s).
Processed 158000 documents (6056.13592684349 docs/s, 0.0057755812900957965 MB/s).
Processed 159000 documents (6087.429483709667 docs/s, 0.005805425151548068 MB/s).
Processed 160000 documents (6118.930702816631 docs/s, 0.005835467055145866 MB/s).
Processed 161000 documents (6150.168522334647 docs/s, 0.005865257761320731 MB/s).
Processed 162000 documents (6181.187056897754 docs/s, 0.005894839341066126 MB/s).
Processed 163000 documents (6211.337049430717 docs/s, 0.005923592614584653 MB/s).
Processed 164000 documents (6242.66610050616 docs/s, 0.005953470325952682 MB/s).
Processed 165000 documents (6272.769135619121 docs/s, 0.005982178817385789 MB/s).
Processed 166000 documents (6303.721979694078 docs/s, 0.006011697749799803 MB/s).
Processed 167000 documents (6334.683118959092 docs/s, 0.006041224593123524 MB/s).
Processed 168000 documents (6364.669532387336 docs/s, 0.00606982186545118 MB/s).
Processed 169000 documents (6395.270347873356 docs/s, 0.006099005077241283 MB/s).
Processed 170000 documents (6426.40091185586 docs/s, 0.006128693496566639 MB/s).
Processed 171000 documents (6455.066512181485 docs/s, 0.006156031143361555 MB/s).
Processed 172000 documents (6485.504267263585 docs/s, 0.006185058848632416 MB/s).
Processed 173000 documents (6515.849971225234 docs/s, 0.006213998767113909 MB/s).
Processed 174000 documents (6546.269659357197 docs/s, 0.00624300924239845 MB/s).
Processed 175000 documents (6575.28776478116 docs/s, 0.0062706830642520524 MB/s).
Processed 176000 documents (6605.430757997933 docs/s, 0.006299429662702497 MB/s).
Processed 177000 documents (6635.779038776421 docs/s, 0.006328372038628026 MB/s).
Processed 178000 documents (6665.6806228015 docs/s, 0.0063568884113326075 MB/s).
Processed 179000 documents (6694.571333222634 docs/s, 0.006384440739843973 MB/s).
Processed 180000 documents (6724.1460574040775 docs/s, 0.006412645394710615 MB/s).
Processed 181000 documents (6753.867024650459 docs/s, 0.00644098951783224 MB/s).
Processed 182000 documents (6782.71924280674 docs/s, 0.0064685051372592355 MB/s).
Processed 183000 documents (6812.701909883446 docs/s, 0.006497098836787649 MB/s).
Processed 184000 documents (6842.641157990979 docs/s, 0.006525651128760318 MB/s).
Processed 185000 documents (6871.579984254668 docs/s, 0.00655324934411494 MB/s).
Processed 186000 documents (6901.5545950106025 docs/s, 0.00658183536053715 MB/s).
Processed 187000 documents (6931.58822850325 docs/s, 0.006610477665427447 MB/s).
Processed 188000 documents (6959.856519808149 docs/s, 0.006637436408813618 MB/s).
Processed 189000 documents (6989.483822892055 docs/s, 0.006665691206829124 MB/s).
Processed 190000 documents (7019.213155021166 docs/s, 0.006694043307324568 MB/s).
Processed 191000 documents (7047.87731047093 docs/s, 0.006721379576178484 MB/s).
Processed 192000 documents (7076.418565099601 docs/s, 0.006748598637675859 MB/s).
Processed 193000 documents (7105.555177236625 docs/s, 0.006776385476338029 MB/s).
Processed 194000 documents (7134.993221670746 docs/s, 0.006804459783240076 MB/s).
Processed 195000 documents (7163.256244043314 docs/s, 0.006831413501780809 MB/s).
Processed 196000 documents (7191.674497315228 docs/s, 0.006858515260043362 MB/s).
Processed 197000 documents (7220.699260288033 docs/s, 0.006886195431030305 MB/s).
Processed 198000 documents (7248.524675087858 docs/s, 0.006912731814468248 MB/s).
Processed 199000 documents (7277.097983636343 docs/s, 0.00693998144496569 MB/s).
Processed 200000 documents (7305.5005517613245 docs/s, 0.006967068244706463 MB/s).
Processed 201000 documents (7333.62356230576 docs/s, 0.006993888437562714 MB/s).
Processed 202000 documents (7361.393534100158 docs/s, 0.007020371946430357 MB/s).
Processed 203000 documents (7389.377690906084 docs/s, 0.007047059718042454 MB/s).
Processed 204000 documents (7416.94912550895 docs/s, 0.007073353887089681 MB/s).
Processed 205000 documents (7444.529646097178 docs/s, 0.007099656721207788 MB/s).
Processed 206000 documents (7472.479347685108 docs/s, 0.0071263116337634165 MB/s).
Processed 207000 documents (7501.240007508317 docs/s, 0.007153739936359708 MB/s).
Processed 208000 documents (7528.561040181819 docs/s, 0.007179795303518123 MB/s).
Processed 209000 documents (7556.348194392054 docs/s, 0.007206295198814444 MB/s).
Processed 210000 documents (7584.413756692293 docs/s, 0.007233060604755681 MB/s).
Processed 211000 documents (7611.638034906942 docs/s, 0.00725902369967169 MB/s).
Processed 212000 documents (7638.8371123905845 docs/s, 0.007284962761297783 MB/s).
Processed 213000 documents (7666.415861138297 docs/s, 0.007311263905657098 MB/s).
Processed 214000 documents (7694.470078693819 docs/s, 0.007338018492406673 MB/s).
Processed 215000 documents (7722.03160094437 docs/s, 0.007364303208298083 MB/s).
Processed 216000 documents (7749.58530417974 docs/s, 0.0073905804673955345 MB/s).
Processed 217000 documents (7777.80825863489 docs/s, 0.0074174959741925145 MB/s).
Processed 218000 documents (7805.216075381478 docs/s, 0.007443634105092504 MB/s).
Processed 219000 documents (7832.567321965895 docs/s, 0.007469718286481757 MB/s).
Processed 220000 documents (7859.373105152184 docs/s, 0.007495282273437675 MB/s).
Processed 221000 documents (7886.380991060581 docs/s, 0.007521039000568944 MB/s).
Processed 222000 documents (7913.503628115166 docs/s, 0.00754690516292111 MB/s).
Processed 223000 documents (7940.487142241108 docs/s, 0.007572638647309406 MB/s).
Processed 224000 documents (7967.328194613354 docs/s, 0.007598236269582132 MB/s).
Processed 225000 documents (7993.852113180235 docs/s, 0.007623531449489818 MB/s).
Processed 226000 documents (8020.448680172857 docs/s, 0.00764889591233526 MB/s).
Processed 227000 documents (8047.52673202868 docs/s, 0.007674719554928475 MB/s).
Processed 228000 documents (8073.893304866348 docs/s, 0.0076998646782554135 MB/s).
Processed 229000 documents (8100.046154872409 docs/s, 0.007724805979607018 MB/s).
Processed 230000 documents (8126.898203828899 docs/s, 0.007750414089039706 MB/s).
Processed 231000 documents (8153.147706079297 docs/s, 0.007775447565154359 MB/s).
Processed 232000 documents (8179.876313775043 docs/s, 0.00780093795182709 MB/s).
Processed 233000 documents (8206.990746644118 docs/s, 0.007826796290058249 MB/s).
Processed 234000 documents (8232.925282807937 docs/s, 0.007851529391105592 MB/s).
Processed 235000 documents (8259.244888289364 docs/s, 0.007876629722871174 MB/s).
Processed 236000 documents (8284.655512656547 docs/s, 0.007900863182694003 MB/s).
Processed 237000 documents (8311.011139864591 docs/s, 0.007925997867455093 MB/s).
Processed 238000 documents (8338.058485398413 docs/s, 0.007951792226217664 MB/s).
Processed 239000 documents (8364.286335193927 docs/s, 0.007976805052942206 MB/s).
Processed 240000 documents (8390.879341113645 docs/s, 0.00800216611968388 MB/s).
Processed 241000 documents (8417.475610360234 docs/s, 0.008027530298576578 MB/s).
Processed 242000 documents (8443.491321618802 docs/s, 0.008052340814226915 MB/s).
Processed 243000 documents (8469.87825952895 docs/s, 0.00807750535920043 MB/s).
Processed 244000 documents (8495.298574692502 docs/s, 0.008101748060886862 MB/s).
Processed 245000 documents (8520.176283967183 docs/s, 0.008125473293273146 MB/s).
Processed 246000 documents (8546.367835773835 docs/s, 0.008150451503537975 MB/s).
Processed 247000 documents (8571.710565094285 docs/s, 0.008174620213598523 MB/s).
Processed 248000 documents (8597.665222067275 docs/s, 0.008199372503344798 MB/s).
Processed 249000 documents (8623.827074142317 docs/s, 0.008224322389738385 MB/s).
Processed 250000 documents (8649.070823885 docs/s, 0.008248396705517769 MB/s).
Processed 251000 documents (8674.57507885121 docs/s, 0.00827271945843812 MB/s).
Processed 252000 documents (8700.362209770748 docs/s, 0.00829731198288989 MB/s).
Processed 253000 documents (8724.635006810855 docs/s, 0.00832046032601438 MB/s).
Processed 254000 documents (8749.741524701612 docs/s, 0.00834440376730119 MB/s).
Processed 255000 documents (8775.09821950707 docs/s, 0.008368585795886107 MB/s).
Processed 256000 documents (8800.32833609116 docs/s, 0.008392647110072288 MB/s).
Processed 257000 documents (8825.506346967144 docs/s, 0.008416658732382912 MB/s).
Processed 258000 documents (8850.951735189654 docs/s, 0.008440925345601705 MB/s).
Processed 259000 documents (8875.79671187122 docs/s, 0.008464619361754628 MB/s).
Processed 260000 documents (8901.46690593196 docs/s, 0.00848910036652752 MB/s).
Processed 261000 documents (8925.673430671588 docs/s, 0.008512185507461155 MB/s).
Processed 262000 documents (8950.85682293108 docs/s, 0.008536202261859017 MB/s).
Processed 263000 documents (8975.406859167742 docs/s, 0.008559615000884764 MB/s).
Processed 264000 documents (9000.29461372853 docs/s, 0.00858334981320241 MB/s).
Processed 265000 documents (9025.301614703101 docs/s, 0.008607198347762204 MB/s).
Processed 266000 documents (9048.634372879565 docs/s, 0.008629450199966016 MB/s).
Processed 267000 documents (9073.772062816432 docs/s, 0.00865342336923259 MB/s).
Processed 268000 documents (9098.069115277814 docs/s, 0.008676594844129385 MB/s).
Processed 269000 documents (9120.301440432017 docs/s, 0.00869779724162294 MB/s).
Processed 270000 documents (9144.774722418128 docs/s, 0.008721136782091262 MB/s).
Processed 271000 documents (9169.469166829756 docs/s, 0.008744687239484555 MB/s).
Processed 272000 documents (9193.818289354 docs/s, 0.008767908372262954 MB/s).
Processed 273000 documents (9218.246987273233 docs/s, 0.008791205394051774 MB/s).
Processed 274000 documents (9242.415904852887 docs/s, 0.00881425467000283 MB/s).
Processed 275000 documents (9267.155504654549 docs/s, 0.008837848190931844 MB/s).
Processed 276000 documents (9291.725769960973 docs/s, 0.008861280221901868 MB/s).
Processed 277000 documents (9314.734077883686 docs/s, 0.008883222654231726 MB/s).
Processed 278000 documents (9339.279385159893 docs/s, 0.008906630883369343 MB/s).
Processed 279000 documents (9362.964685035084 docs/s, 0.008929218945536693 MB/s).
Processed 280000 documents (9387.484569649296 docs/s, 0.008952602929734512 MB/s).
Processed 281000 documents (9411.978144746792 docs/s, 0.008975961823221962 MB/s).
Processed 282000 documents (9436.066453523294 docs/s, 0.008998934224627775 MB/s).
Processed 283000 documents (9460.928490058528 docs/s, 0.009022644510324982 MB/s).
Processed 284000 documents (9484.588088152113 docs/s, 0.009045208061363328 MB/s).
Processed 285000 documents (9508.63241446204 docs/s, 0.009068138517820396 MB/s).
Processed 286000 documents (9531.926676857769 docs/s, 0.009090353657586831 MB/s).
Processed 287000 documents (9554.776153222267 docs/s, 0.009112144616338984 MB/s).
Processed 288000 documents (9578.860130764066 docs/s, 0.009135112887157503 MB/s).
Processed 289000 documents (9602.698731997038 docs/s, 0.009157847148892439 MB/s).
Processed 290000 documents (9626.547407412572 docs/s, 0.009180591018116543 MB/s).
Processed 291000 documents (9650.74610678884 docs/s, 0.009203668696202125 MB/s).
Processed 292000 documents (9674.314756873766 docs/s, 0.009226145512460485 MB/s).
Processed 293000 documents (9697.632726373198 docs/s, 0.009248383261082838 MB/s).
Processed 294000 documents (9720.187915877103 docs/s, 0.009269893566014388 MB/s).
Processed 295000 documents (9743.199550955336 docs/s, 0.009291839171367012 MB/s).
Processed 296000 documents (9766.283503324275 docs/s, 0.009313853743862415 MB/s).
Processed 297000 documents (9789.269386587024 docs/s, 0.00933577479037001 MB/s).
Processed 298000 documents (9812.084272275786 docs/s, 0.009357532760883127 MB/s).
Processed 299000 documents (9835.63566676191 docs/s, 0.009379993120920095 MB/s).
Processed 300000 documents (9859.134292847531 docs/s, 0.009402403157088787 MB/s).
Processed 301000 documents (9881.765792025773 docs/s, 0.009423986236596845 MB/s).
Processed 302000 documents (9902.718046657219 docs/s, 0.009443967863709659 MB/s).
Processed 303000 documents (9924.461137793887 docs/s, 0.00946470369128598 MB/s).
Processed 304000 documents (9947.94582469316 docs/s, 0.009487100434010659 MB/s).
Processed 305000 documents (9969.880000233803 docs/s, 0.009508018493875316 MB/s).
Processed 306000 documents (9992.259604965619 docs/s, 0.009529361348119372 MB/s).
Processed 307000 documents (10015.613560450849 docs/s, 0.009551633415652131 MB/s).
Processed 308000 documents (10037.682965333572 docs/s, 0.009572680440267154 MB/s).
Processed 309000 documents (10060.771521888862 docs/s, 0.009594699403656828 MB/s).
Processed 310000 documents (10083.062409542628 docs/s, 0.009615957650702122 MB/s).
Processed 311000 documents (10104.431976921003 docs/s, 0.009636337258263591 MB/s).
Processed 312000 documents (10127.459412434659 docs/s, 0.009658297932085665 MB/s).
Processed 313000 documents (10150.349562786441 docs/s, 0.009680127680574838 MB/s).
Processed 314000 documents (10173.22138664436 docs/s, 0.009701939951557503 MB/s).
Processed 315000 documents (10195.891768071051 docs/s, 0.009723560112067271 MB/s).
Processed 316000 documents (10218.249226355449 docs/s, 0.009744881845813225 MB/s).
Processed 317000 documents (10241.27610538025 docs/s, 0.009766841988926172 MB/s).
Processed 318000 documents (10261.859694197216 docs/s, 0.00978647202892038 MB/s).
Processed 319000 documents (10284.440703053619 docs/s, 0.009808006957105273 MB/s).
Processed 320000 documents (10307.299417878845 docs/s, 0.009829806726340146 MB/s).
Processed 321000 documents (10329.546287582525 docs/s, 0.009851022994596982 MB/s).
Processed 322000 documents (10351.218589780457 docs/s, 0.009871691312580545 MB/s).
Processed 323000 documents (10373.453952551785 docs/s, 0.009892896606971536 MB/s).
Processed 324000 documents (10395.981872778511 docs/s, 0.009914380905893814 MB/s).
Processed 325000 documents (10417.405791231382 docs/s, 0.009934812346679098 MB/s).
Processed 326000 documents (10437.91122216881 docs/s, 0.009954367849510965 MB/s).
Processed 327000 documents (10460.474442146635 docs/s, 0.009975885812899241 MB/s).
Processed 328000 documents (10482.059960663884 docs/s, 0.009996471367515454 MB/s).
Processed 329000 documents (10503.710809847857 docs/s, 0.010017119226310593 MB/s).
Processed 330000 documents (10525.531438189068 docs/s, 0.010037928999127452 MB/s).
Processed 331000 documents (10546.332109714427 docs/s, 0.01005776606532519 MB/s).
Processed 332000 documents (10568.006786066391 docs/s, 0.010078436647478477 MB/s).
Processed 333000 documents (10589.87725627477 docs/s, 0.010099293953203936 MB/s).
Processed 334000 documents (10610.33526332609 docs/s, 0.010118804229093637 MB/s).
Processed 335000 documents (10631.358035060002 docs/s, 0.010138853106555941 MB/s).
Processed 336000 documents (10653.769791066883 docs/s, 0.010160226622645267 MB/s).
Processed 337000 documents (10675.30519125861 docs/s, 0.010180764380701647 MB/s).
Processed 338000 documents (10696.976549141746 docs/s, 0.010201431798116441 MB/s).
Processed 339000 documents (10718.371909381523 docs/s, 0.010221836003667377 MB/s).
Processed 340000 documents (10739.666565189109 docs/s, 0.010242144169987782 MB/s).
Processed 341000 documents (10761.101479152403 docs/s, 0.010262586096908954 MB/s).
Processed 342000 documents (10780.589014140556 docs/s, 0.010281170858517224 MB/s).
Processed 343000 documents (10802.053495475557 docs/s, 0.010301640983081395 MB/s).
Processed 344000 documents (10823.48352017195 docs/s, 0.010322078247234297 MB/s).
Processed 345000 documents (10844.51551173874 docs/s, 0.010342135917414418 MB/s).
Processed 346000 documents (10865.328555589858 docs/s, 0.010361984782781466 MB/s).
Processed 347000 documents (10887.118730431937 docs/s, 0.010382765512878358 MB/s).
Processed 348000 documents (10905.83701585148 docs/s, 0.010400616660930138 MB/s).
Processed 349000 documents (10927.343745258564 docs/s, 0.010421127076395573 MB/s).
Processed 350000 documents (10949.27813767613 docs/s, 0.010442045343090182 MB/s).
Processed 351000 documents (10969.071101250924 docs/s, 0.010460921384097027 MB/s).
Processed 352000 documents (10989.85202386655 docs/s, 0.010480739616266775 MB/s).
Processed 353000 documents (11009.894773766147 docs/s, 0.010499853872076175 MB/s).
Processed 354000 documents (11030.868682842169 docs/s, 0.010519856150476617 MB/s).
Processed 355000 documents (11052.03736344714 docs/s, 0.010540044177481785 MB/s).
Processed 356000 documents (11072.359780733537 docs/s, 0.010559425144895112 MB/s).
Processed 357000 documents (11093.576595553724 docs/s, 0.010579659076265072 MB/s).
Processed 358000 documents (11113.171315114569 docs/s, 0.010598346057047433 MB/s).
Processed 359000 documents (11132.743661841789 docs/s, 0.01061701170143298 MB/s).
Processed 360000 documents (11154.16637096671 docs/s, 0.01063744198891326 MB/s).
Processed 361000 documents (11174.411674554593 docs/s, 0.01065674941497287 MB/s).
Processed 362000 documents (11194.285608961101 docs/s, 0.0106757026757823 MB/s).
Processed 363000 documents (11215.1046726017 docs/s, 0.010695557282067966 MB/s).
Processed 364000 documents (11235.24721413674 docs/s, 0.01071476670659708 MB/s).
Processed 365000 documents (11255.388841562188 docs/s, 0.010733975259363353 MB/s).
Processed 366000 documents (11275.446360302127 docs/s, 0.01075310359983647 MB/s).
Processed 367000 documents (11294.041134237219 docs/s, 0.010770836958157748 MB/s).
Processed 368000 documents (11314.868023299934 docs/s, 0.010790699027347502 MB/s).
Processed 369000 documents (11335.315808701069 docs/s, 0.01081019955511195 MB/s).
Processed 370000 documents (11355.155762153385 docs/s, 0.01082912040915812 MB/s).
Processed 371000 documents (11376.112852231892 docs/s, 0.010849106647712605 MB/s).
Processed 372000 documents (11397.075020616225 docs/s, 0.010869097729316926 MB/s).
Processed 373000 documents (11416.937264012044 docs/s, 0.010888039840709728 MB/s).
Processed 374000 documents (11436.851390245878 docs/s, 0.010907031431432608 MB/s).
Processed 375000 documents (11456.277977895965 docs/s, 0.01092555806912991 MB/s).
Processed 376000 documents (11476.562382143537 docs/s, 0.010944902784484421 MB/s).
Processed 377000 documents (11495.895410490612 docs/s, 0.01096334019707738 MB/s).
Processed 378000 documents (11516.25147125856 docs/s, 0.010982753249414978 MB/s).
Processed 379000 documents (11535.906519315586 docs/s, 0.011001497763934694 MB/s).
Processed 380000 documents (11556.105749337556 docs/s, 0.011020761250817829 MB/s).
Processed 381000 documents (11576.204930412152 docs/s, 0.01103992932358947 MB/s).
Processed 382000 documents (11596.22329823788 docs/s, 0.011059020326841239 MB/s).
Processed 383000 documents (11615.490070334152 docs/s, 0.011077394552549507 MB/s).
Processed 384000 documents (11634.786520114882 docs/s, 0.011095797081103212 MB/s).
Processed 385000 documents (11655.392317979427 docs/s, 0.011115448301295688 MB/s).
Processed 386000 documents (11675.42661154918 docs/s, 0.011134554492520503 MB/s).
Processed 387000 documents (11694.535689773224 docs/s, 0.011152778329632972 MB/s).
Processed 388000 documents (11712.294496775972 docs/s, 0.01116971444776151 MB/s).
Processed 389000 documents (11731.939844998122 docs/s, 0.01118844971179783 MB/s).
Processed 390000 documents (11750.935886526166 docs/s, 0.011206565748716512 MB/s).
Processed 391000 documents (11769.7383680227 docs/s, 0.01122449719240446 MB/s).
Processed 392000 documents (11789.113401819397 docs/s, 0.011242974664515874 MB/s).
Processed 393000 documents (11808.604411338953 docs/s, 0.011261562739695504 MB/s).
Processed 394000 documents (11827.109568442085 docs/s, 0.011279210632745824 MB/s).
Processed 395000 documents (11847.382692145695 docs/s, 0.011298544590135283 MB/s).
Processed 396000 documents (11865.19091609999 docs/s, 0.011315527835941305 MB/s).
Processed 397000 documents (11884.76577298959 docs/s, 0.011334195874204244 MB/s).
Processed 398000 documents (11905.254277598198 docs/s, 0.011353735234831045 MB/s).
Processed 399000 documents (11923.739358191668 docs/s, 0.011371363981429737 MB/s).
Processed 400000 documents (11942.199955395101 docs/s, 0.011388969378848172 MB/s).
Processed 401000 documents (11961.597228161636 docs/s, 0.011407468059693943 MB/s).
Processed 402000 documents (11980.415390127066 docs/s, 0.011425414457442346 MB/s).
Processed 403000 documents (11999.432422611286 docs/s, 0.01144355051289681 MB/s).
Processed 404000 documents (12019.409164019611 docs/s, 0.01146260181810342 MB/s).
Processed 405000 documents (12038.790846362883 docs/s, 0.011481085630762942 MB/s).
Processed 406000 documents (12057.132353058836 docs/s, 0.011498577454623066 MB/s).
Processed 407000 documents (12076.78520757316 docs/s, 0.011517319877217446 MB/s).
Processed 408000 documents (12095.238562396904 docs/s, 0.011534918367764381 MB/s).
Processed 409000 documents (12113.25144694955 docs/s, 0.011552096793126632 MB/s).
Processed 410000 documents (12132.705273779944 docs/s, 0.011570649408130592 MB/s).
Processed 411000 documents (12151.727464640178 docs/s, 0.011588790382995776 MB/s).
Processed 412000 documents (12167.86637334187 docs/s, 0.011604181645719405 MB/s).
Processed 413000 documents (12187.75317107176 docs/s, 0.011623147173949966 MB/s).
Processed 414000 documents (12205.699114332127 docs/s, 0.011640261759121062 MB/s).
Processed 415000 documents (12224.879279893577 docs/s, 0.011658553390401437 MB/s).
Processed 416000 documents (12242.83523171617 docs/s, 0.011675677520481272 MB/s).
Processed 417000 documents (12260.411146259306 docs/s, 0.011692439218768412 MB/s).
Processed 418000 documents (12279.312863514695 docs/s, 0.011710465301050849 MB/s).
Processed 419000 documents (12297.911137946643 docs/s, 0.011728201997706073 MB/s).
Processed 420000 documents (12316.204159070885 docs/s, 0.01174564758212174 MB/s).
Processed 421000 documents (12334.597422083212 docs/s, 0.011763188764651501 MB/s).
Processed 422000 documents (12353.566400440006 docs/s, 0.011781278992118841 MB/s).
Processed 423000 documents (12371.482314355551 docs/s, 0.011798364939075042 MB/s).
Processed 424000 documents (12388.619785759349 docs/s, 0.01181470850540099 MB/s).
Processed 425000 documents (12407.052942743205 docs/s, 0.011832287733786778 MB/s).
Processed 426000 documents (12426.062451570377 docs/s, 0.01185041661412275 MB/s).
Processed 427000 documents (12444.317076086847 docs/s, 0.011867825580679748 MB/s).
Processed 428000 documents (12463.047014657483 docs/s, 0.01188568784204243 MB/s).
Processed 429000 documents (12481.321981728175 docs/s, 0.011903116208770919 MB/s).
Processed 430000 documents (12499.969903192241 docs/s, 0.01192090025252556 MB/s).
Processed 431000 documents (12518.658142686392 docs/s, 0.01193872274654998 MB/s).
Processed 432000 documents (12536.981635965798 docs/s, 0.011956197391477392 MB/s).
Processed 433000 documents (12554.106703645099 docs/s, 0.01197252912868986 MB/s).
Processed 434000 documents (12572.659546555755 docs/s, 0.011990222498470073 MB/s).
Processed 435000 documents (12589.8938341593 docs/s, 0.012006658395919132 MB/s).
Processed 436000 documents (12608.26418287787 docs/s, 0.01202417772567546 MB/s).
Processed 437000 documents (12626.635177122074 docs/s, 0.012041697671053004 MB/s).
Processed 438000 documents (12644.122891747602 docs/s, 0.012058375255344011 MB/s).
Processed 439000 documents (12661.89360424893 docs/s, 0.012075322727440767 MB/s).
Processed 440000 documents (12680.233832135316 docs/s, 0.012092813331733052 MB/s).
Processed 441000 documents (12695.961766492803 docs/s, 0.01210781265877991 MB/s).
Processed 442000 documents (12712.897493977363 docs/s, 0.01212396382711159 MB/s).
Processed 443000 documents (12730.935390448836 docs/s, 0.01214116610569843 MB/s).
Processed 444000 documents (12749.621222930029 docs/s, 0.012158986304216413 MB/s).
Processed 445000 documents (12767.215593730107 docs/s, 0.012175765603761775 MB/s).
Processed 446000 documents (12784.716019160607 docs/s, 0.012192455310021026 MB/s).
Processed 447000 documents (12802.580655117794 docs/s, 0.012209492354505342 MB/s).
Processed 448000 documents (12820.039783131426 docs/s, 0.012226142676478792 MB/s).
Processed 449000 documents (12836.333266633437 docs/s, 0.01224168135321945 MB/s).
Processed 450000 documents (12854.255653301945 docs/s, 0.012258773473073907 MB/s).
Processed 451000 documents (12871.283605551696 docs/s, 0.012275012593795487 MB/s).
Processed 452000 documents (12888.896104434692 docs/s, 0.012291809181627934 MB/s).
Processed 453000 documents (12906.179312655267 docs/s, 0.012308291733412998 MB/s).
Processed 454000 documents (12923.706935187312 docs/s, 0.012325007376849472 MB/s).
Processed 455000 documents (12940.695466586425 docs/s, 0.012341208902918267 MB/s).
Processed 456000 documents (12957.705358430634 docs/s, 0.012357430799894938 MB/s).
Processed 457000 documents (12974.210966287994 docs/s, 0.012373171774185175 MB/s).
Processed 458000 documents (12991.280917132623 docs/s, 0.012389450947888014 MB/s).
Processed 459000 documents (13008.614224187299 docs/s, 0.012405981277644442 MB/s).
Processed 460000 documents (13026.07815147933 docs/s, 0.01242263617656644 MB/s).
Processed 461000 documents (13043.284985806502 docs/s, 0.01243904589253092 MB/s).
Processed 462000 documents (13060.366166517311 docs/s, 0.012455335775868713 MB/s).
Processed 463000 documents (13077.865630649976 docs/s, 0.012472024565362907 MB/s).
Processed 464000 documents (13093.540231173565 docs/s, 0.012486973029302182 MB/s).
Processed 465000 documents (13108.528559940944 docs/s, 0.012501267013493484 MB/s).
Processed 466000 documents (13126.00455072546 docs/s, 0.01251793341705843 MB/s).
Processed 467000 documents (13142.648301044255 docs/s, 0.012533806134266143 MB/s).
Processed 468000 documents (13159.331284882655 docs/s, 0.012549716267473846 MB/s).
Processed 469000 documents (13176.727607270173 docs/s, 0.012566306693334745 MB/s).
Processed 470000 documents (13193.732551159923 docs/s, 0.012582523871574328 MB/s).
Processed 471000 documents (13210.566459414487 docs/s, 0.012598577937521446 MB/s).
Processed 472000 documents (13227.76533592703 docs/s, 0.0126149800643225 MB/s).
Processed 473000 documents (13242.918125061658 docs/s, 0.012629430890142115 MB/s).
Processed 474000 documents (13259.795701113215 docs/s, 0.012645526600945678 MB/s).
Processed 475000 documents (13276.51938223008 docs/s, 0.0126614755461026 MB/s).
Processed 476000 documents (13293.848619449149 docs/s, 0.012678001994561337 MB/s).
Processed 477000 documents (13310.381880674136 docs/s, 0.012693769341158043 MB/s).
Processed 478000 documents (13327.435789287778 docs/s, 0.012710033215797212 MB/s).
Processed 479000 documents (13344.400993550553 docs/s, 0.012726212495375207 MB/s).
Processed 480000 documents (13361.48205176745 docs/s, 0.012742502261893702 MB/s).
Processed 481000 documents (13378.46781779108 docs/s, 0.012758701150694923 MB/s).
Processed 482000 documents (13393.382119898435 docs/s, 0.012772924537561832 MB/s).
Processed 483000 documents (13409.452849924568 docs/s, 0.012788250780033653 MB/s).
Processed 484000 documents (13426.639235457109 docs/s, 0.012804640994507894 MB/s).
Processed 485000 documents (13442.989329567532 docs/s, 0.012820233659331829 MB/s).
Processed 486000 documents (13459.54069213897 docs/s, 0.012836018268717737 MB/s).
Processed 487000 documents (13476.501631351086 docs/s, 0.01285219348082646 MB/s).
Processed 488000 documents (13492.443654083922 docs/s, 0.01286739697845833 MB/s).
Processed 489000 documents (13508.96782238233 docs/s, 0.012883155653364496 MB/s).
Processed 490000 documents (13524.524474903183 docs/s, 0.01289799163332289 MB/s).
Processed 491000 documents (13539.995280536075 docs/s, 0.012912745743309093 MB/s).
Processed 492000 documents (13556.52866267144 docs/s, 0.01292851320521492 MB/s).
Processed 493000 documents (13572.653486044204 docs/s, 0.012943891035122113 MB/s).
Processed 494000 documents (13588.999044244954 docs/s, 0.012959479374165491 MB/s).
Processed 495000 documents (13604.990809959203 docs/s, 0.012974730310401156 MB/s).
Processed 496000 documents (13621.2069546572 docs/s, 0.012990195231110764 MB/s).
Processed 497000 documents (13637.69189443087 docs/s, 0.013005916494780417 MB/s).
Processed 498000 documents (13651.706931825353 docs/s, 0.013019282275987008 MB/s).
Processed 499000 documents (13668.075486473324 docs/s, 0.01303489254615147 MB/s).
Processed 500000 documents (13684.322443685982 docs/s, 0.013050386851964933 MB/s).
Processed 501000 documents (13700.086898741012 docs/s, 0.013065421007863056 MB/s).
Processed 502000 documents (13716.142865709175 docs/s, 0.01308073317118566 MB/s).
Processed 503000 documents (13729.70067053611 docs/s, 0.013093662901435956 MB/s).
Processed 504000 documents (13742.924796197432 docs/s, 0.013106274410436089 MB/s).
Processed 505000 documents (13756.492216438937 docs/s, 0.013119213310660302 MB/s).
Processed 506000 documents (13769.44142121501 docs/s, 0.013131562634673128 MB/s).
Processed 507000 documents (13783.700074567674 docs/s, 0.013145160746162104 MB/s).
Processed 508000 documents (13798.7356570195 docs/s, 0.01315949979497862 MB/s).
Processed 509000 documents (13812.959369785061 docs/s, 0.013173064584527074 MB/s).
Processed 510000 documents (13827.171053336244 docs/s, 0.01318661790212273 MB/s).
Processed 511000 documents (13841.873788672603 docs/s, 0.013200639523193934 MB/s).
Processed 512000 documents (13855.534867333485 docs/s, 0.013213667743047223 MB/s).
Processed 513000 documents (13870.509176802147 docs/s, 0.013227948357393405 MB/s).
Processed 514000 documents (13881.350011402892 docs/s, 0.013238286982920544 MB/s).
Processed 515000 documents (13895.66105656932 docs/s, 0.013251935059136697 MB/s).
Processed 516000 documents (13910.106654520485 docs/s, 0.013265711454887853 MB/s).
Processed 517000 documents (13924.079647947297 docs/s, 0.013279037139842317 MB/s).
Processed 518000 documents (13937.599772877338 docs/s, 0.0132919309357427 MB/s).
Processed 519000 documents (13952.544049874958 docs/s, 0.013306182908892591 MB/s).
Processed 520000 documents (13965.992460813764 docs/s, 0.013319008313001408 MB/s).
Processed 521000 documents (13975.392417984875 docs/s, 0.013327972810730815 MB/s).
Processed 522000 documents (13990.105740689465 docs/s, 0.01334200452870318 MB/s).
Processed 523000 documents (14002.969078521593 docs/s, 0.013354271963616937 MB/s).
Processed 524000 documents (14015.207586876848 docs/s, 0.013365943514706467 MB/s).
Processed 525000 documents (14028.95325052647 docs/s, 0.01337905240109107 MB/s).
Processed 526000 documents (14042.182521992014 docs/s, 0.013391668817512525 MB/s).
Processed 527000 documents (14054.734102959937 docs/s, 0.013403638937911928 MB/s).
Processed 528000 documents (14069.42438820795 docs/s, 0.013417648685653639 MB/s).
Processed 529000 documents (14082.486120167036 docs/s, 0.013430105323950801 MB/s).
Processed 530000 documents (14094.017391949608 docs/s, 0.013441102401685341 MB/s).
Processed 531000 documents (14105.58379039763 docs/s, 0.01345213297881854 MB/s).
Processed 532000 documents (14120.551991091921 docs/s, 0.0134664077673835 MB/s).
Processed 533000 documents (14133.057454850046 docs/s, 0.013478333906984373 MB/s).
Processed 534000 documents (14146.669508685518 docs/s, 0.013491315373120802 MB/s).
Processed 535000 documents (14160.6619312683 docs/s, 0.013504659587162304 MB/s).
Processed 536000 documents (14173.993220646398 docs/s, 0.013517373295446776 MB/s).
Processed 537000 documents (14185.75829359141 docs/s, 0.01352859334334508 MB/s).
Processed 538000 documents (14199.67969072987 docs/s, 0.01354186982224452 MB/s).
Processed 539000 documents (14210.386101846385 docs/s, 0.013552080251547227 MB/s).
Processed 540000 documents (14224.48149023999 docs/s, 0.013565522661437979 MB/s).
Processed 541000 documents (14237.91747375883 docs/s, 0.013578336213835553 MB/s).
Processed 542000 documents (14249.813007122159 docs/s, 0.013589680678484114 MB/s).
Processed 543000 documents (14262.75126396391 docs/s, 0.01360201956173316 MB/s).
Processed 544000 documents (14276.148204060763 docs/s, 0.013614795879421961 MB/s).
Processed 545000 documents (14289.69843759584 docs/s, 0.013627718389125671 MB/s).
Processed 546000 documents (14301.394160655462 docs/s, 0.013638872299819433 MB/s).
Processed 547000 documents (14312.77517602922 docs/s, 0.01364972608187601 MB/s).
Processed 548000 documents (14325.883980874203 docs/s, 0.013662227612375453 MB/s).
Processed 549000 documents (14338.616871034992 docs/s, 0.01367437064269542 MB/s).
Processed 550000 documents (14352.171982539388 docs/s, 0.013687297804393185 MB/s).
Processed 551000 documents (14365.728766395547 docs/s, 0.013700226560969874 MB/s).
Processed 552000 documents (14378.66459322113 docs/s, 0.013712563126774912 MB/s).
Processed 553000 documents (14391.392076009131 docs/s, 0.013724701000222331 MB/s).
Processed 554000 documents (14403.580410225668 docs/s, 0.013736324701524418 MB/s).
Processed 555000 documents (14416.04998019235 docs/s, 0.013748216610138274 MB/s).
Processed 556000 documents (14427.323270669443 docs/s, 0.013758967657727664 MB/s).
Processed 557000 documents (14438.825814204869 docs/s, 0.013769937338070744 MB/s).
Processed 558000 documents (14451.234490112349 docs/s, 0.013781771173584317 MB/s).
Processed 559000 documents (14463.919801114127 docs/s, 0.013793868828882339 MB/s).
Processed 560000 documents (14475.57514953941 docs/s, 0.013804984235324298 MB/s).
Processed 561000 documents (14489.791407447128 docs/s, 0.013818541915366295 MB/s).
Processed 562000 documents (14504.534727594004 docs/s, 0.013832602241128925 MB/s).
Processed 563000 documents (14519.446593629511 docs/s, 0.013846823304776679 MB/s).
Processed 564000 documents (14531.618327084763 docs/s, 0.013858431174359096 MB/s).
Processed 565000 documents (14546.574539534577 docs/s, 0.013872694530043198 MB/s).
Processed 566000 documents (14561.554824650277 docs/s, 0.013886980843210484 MB/s).
Processed 567000 documents (14576.058067247495 docs/s, 0.01390081221318006 MB/s).
Processed 568000 documents (14590.994392177068 docs/s, 0.013915056602646893 MB/s).
Processed 569000 documents (14605.627037856133 docs/s, 0.01392901138101209 MB/s).
Processed 570000 documents (14618.143135720726 docs/s, 0.013940947662087179 MB/s).
Processed 571000 documents (14630.639789888419 docs/s, 0.013952865400207919 MB/s).
Opening /fsx/loubna/data/stack_march_no_pii_json/dockerfile
Input is not a jsonl file, will try to load from HF datasets
Vocab size: 49152
Output prefix: /fsx/loubna/data/tokenized_stack_no_pii/code/dockerfile/gpt2-preprocessed
Time to startup: 0.9249722957611084
END TIME: Wed Mar 29 01:07:17 UTC 2023
