START TIME: Wed Mar 29 01:06:11 UTC 2023
FULL_OUT_PATH is: /fsx/loubna/data/tokenized_stack_no_pii/code/elixir
/fsx/loubna/code/Megatron-LM/tools/preprocess_data.py --input /fsx/loubna/data/stack_march_no_pii_json/elixir --output-prefix /fsx/loubna/data/tokenized_stack_no_pii/code/elixir/gpt2-preprocessed --tokenizer-type TokenizerFromFile --tokenizer-file /fsx/loubna/data/tokenizer/tokenizer-the-stack-march-sample-v3-no-prefix-spaces/tokenizer.json --dataset-impl mmap --append-eod --json-keys content --workers 64 --chunk-size 100 --log-interval 1000
[H[2J[3J> building TokenizerFromFile tokenizer ...
 > padded vocab (size: 49152) with 0 dummy tokens (new size: 49152)
> building TokenizerFromFile tokenizer ...
> building TokenizerFromFile tokenizer ...
> building TokenizerFromFile tokenizer ...
> building TokenizerFromFile tokenizer ...
> building TokenizerFromFile tokenizer ...
> building TokenizerFromFile tokenizer ...
> building TokenizerFromFile tokenizer ...
> building TokenizerFromFile tokenizer ...
> building TokenizerFromFile tokenizer ...
> building TokenizerFromFile tokenizer ...
> building TokenizerFromFile tokenizer ...
> building TokenizerFromFile tokenizer ...
> building TokenizerFromFile tokenizer ...
> building TokenizerFromFile tokenizer ...
> building TokenizerFromFile tokenizer ...
> building TokenizerFromFile tokenizer ...
> building TokenizerFromFile tokenizer ...
> building TokenizerFromFile tokenizer ...
> building TokenizerFromFile tokenizer ...
 > padded vocab (size: 49152) with 0 dummy tokens (new size: 49152)
 > padded vocab (size: 49152) with 0 dummy tokens (new size: 49152)
> building TokenizerFromFile tokenizer ...
 > padded vocab (size: 49152) with 0 dummy tokens (new size: 49152)
 > padded vocab (size: 49152) with 0 dummy tokens (new size: 49152)
> building TokenizerFromFile tokenizer ...
 > padded vocab (size: 49152) with 0 dummy tokens (new size: 49152)
> building TokenizerFromFile tokenizer ...
 > padded vocab (size: 49152) with 0 dummy tokens (new size: 49152)
 > padded vocab (size: 49152) with 0 dummy tokens (new size: 49152)
> building TokenizerFromFile tokenizer ...
 > padded vocab (size: 49152) with 0 dummy tokens (new size: 49152)
 > padded vocab (size: 49152) with 0 dummy tokens (new size: 49152)
> building TokenizerFromFile tokenizer ...
 > padded vocab (size: 49152) with 0 dummy tokens (new size: 49152)
 > padded vocab (size: 49152) with 0 dummy tokens (new size: 49152)
> building TokenizerFromFile tokenizer ...
 > padded vocab (size: 49152) with 0 dummy tokens (new size: 49152)
> building TokenizerFromFile tokenizer ...
> building TokenizerFromFile tokenizer ...
> building TokenizerFromFile tokenizer ...
> building TokenizerFromFile tokenizer ...
> building TokenizerFromFile tokenizer ...
 > padded vocab (size: 49152) with 0 dummy tokens (new size: 49152)
> building TokenizerFromFile tokenizer ...
 > padded vocab (size: 49152) with 0 dummy tokens (new size: 49152)
> building TokenizerFromFile tokenizer ...
 > padded vocab (size: 49152) with 0 dummy tokens (new size: 49152)
> building TokenizerFromFile tokenizer ...
 > padded vocab (size: 49152) with 0 dummy tokens (new size: 49152)
> building TokenizerFromFile tokenizer ...
 > padded vocab (size: 49152) with 0 dummy tokens (new size: 49152)
> building TokenizerFromFile tokenizer ...
 > padded vocab (size: 49152) with 0 dummy tokens (new size: 49152)
> building TokenizerFromFile tokenizer ...
 > padded vocab (size: 49152) with 0 dummy tokens (new size: 49152)
> building TokenizerFromFile tokenizer ...
 > padded vocab (size: 49152) with 0 dummy tokens (new size: 49152)
 > padded vocab (size: 49152) with 0 dummy tokens (new size: 49152)
> building TokenizerFromFile tokenizer ...
 > padded vocab (size: 49152) with 0 dummy tokens (new size: 49152)
> building TokenizerFromFile tokenizer ...
 > padded vocab (size: 49152) with 0 dummy tokens (new size: 49152)
> building TokenizerFromFile tokenizer ...
> building TokenizerFromFile tokenizer ...
 > padded vocab (size: 49152) with 0 dummy tokens (new size: 49152)
> building TokenizerFromFile tokenizer ...
 > padded vocab (size: 49152) with 0 dummy tokens (new size: 49152)
> building TokenizerFromFile tokenizer ...
 > padded vocab (size: 49152) with 0 dummy tokens (new size: 49152)
> building TokenizerFromFile tokenizer ...
 > padded vocab (size: 49152) with 0 dummy tokens (new size: 49152)
 > padded vocab (size: 49152) with 0 dummy tokens (new size: 49152)
 > padded vocab (size: 49152) with 0 dummy tokens (new size: 49152)
 > padded vocab (size: 49152) with 0 dummy tokens (new size: 49152)
 > padded vocab (size: 49152) with 0 dummy tokens (new size: 49152)
> building TokenizerFromFile tokenizer ...
 > padded vocab (size: 49152) with 0 dummy tokens (new size: 49152)
> building TokenizerFromFile tokenizer ...
 > padded vocab (size: 49152) with 0 dummy tokens (new size: 49152)
> building TokenizerFromFile tokenizer ...
 > padded vocab (size: 49152) with 0 dummy tokens (new size: 49152)
> building TokenizerFromFile tokenizer ...
 > padded vocab (size: 49152) with 0 dummy tokens (new size: 49152)
> building TokenizerFromFile tokenizer ...
 > padded vocab (size: 49152) with 0 dummy tokens (new size: 49152)
> building TokenizerFromFile tokenizer ...
 > padded vocab (size: 49152) with 0 dummy tokens (new size: 49152)
> building TokenizerFromFile tokenizer ...
 > padded vocab (size: 49152) with 0 dummy tokens (new size: 49152)
> building TokenizerFromFile tokenizer ...
 > padded vocab (size: 49152) with 0 dummy tokens (new size: 49152)
> building TokenizerFromFile tokenizer ...
 > padded vocab (size: 49152) with 0 dummy tokens (new size: 49152)
 > padded vocab (size: 49152) with 0 dummy tokens (new size: 49152)
> building TokenizerFromFile tokenizer ...
> building TokenizerFromFile tokenizer ...
 > padded vocab (size: 49152) with 0 dummy tokens (new size: 49152)
> building TokenizerFromFile tokenizer ...
 > padded vocab (size: 49152) with 0 dummy tokens (new size: 49152)
 > padded vocab (size: 49152) with 0 dummy tokens (new size: 49152)
> building TokenizerFromFile tokenizer ...
> building TokenizerFromFile tokenizer ...
> building TokenizerFromFile tokenizer ...
> building TokenizerFromFile tokenizer ...
> building TokenizerFromFile tokenizer ...
 > padded vocab (size: 49152) with 0 dummy tokens (new size: 49152)
> building TokenizerFromFile tokenizer ...
 > padded vocab (size: 49152) with 0 dummy tokens (new size: 49152)
> building TokenizerFromFile tokenizer ...
 > padded vocab (size: 49152) with 0 dummy tokens (new size: 49152)
 > padded vocab (size: 49152) with 0 dummy tokens (new size: 49152)
> building TokenizerFromFile tokenizer ...
 > padded vocab (size: 49152) with 0 dummy tokens (new size: 49152)
 > padded vocab (size: 49152) with 0 dummy tokens (new size: 49152)
 > padded vocab (size: 49152) with 0 dummy tokens (new size: 49152)
 > padded vocab (size: 49152) with 0 dummy tokens (new size: 49152)
 > padded vocab (size: 49152) with 0 dummy tokens (new size: 49152)
 > padded vocab (size: 49152) with 0 dummy tokens (new size: 49152)
 > padded vocab (size: 49152) with 0 dummy tokens (new size: 49152)
 > padded vocab (size: 49152) with 0 dummy tokens (new size: 49152)
 > padded vocab (size: 49152) with 0 dummy tokens (new size: 49152)
 > padded vocab (size: 49152) with 0 dummy tokens (new size: 49152)
 > padded vocab (size: 49152) with 0 dummy tokens (new size: 49152)
 > padded vocab (size: 49152) with 0 dummy tokens (new size: 49152)
 > padded vocab (size: 49152) with 0 dummy tokens (new size: 49152)
 > padded vocab (size: 49152) with 0 dummy tokens (new size: 49152)
 > padded vocab (size: 49152) with 0 dummy tokens (new size: 49152)
 > padded vocab (size: 49152) with 0 dummy tokens (new size: 49152)
Processed 1000 documents (565.0625612561424 docs/s, 0.0005388856518327164 MB/s).
Processed 2000 documents (699.9109739054254 docs/s, 0.0006674871195844893 MB/s).
Processed 3000 documents (840.1762359267159 docs/s, 0.000801254497458187 MB/s).
Processed 4000 documents (712.4099260180925 docs/s, 0.0006794070491963315 MB/s).
Processed 5000 documents (795.815943276742 docs/s, 0.000758949225689642 MB/s).
Processed 6000 documents (878.5768059407652 docs/s, 0.0008378761348159458 MB/s).
Processed 7000 documents (957.2300335351821 docs/s, 0.0009128856978751965 MB/s).
Processed 8000 documents (884.9435728484009 docs/s, 0.0008439479568943032 MB/s).
Processed 9000 documents (937.5318616280817 docs/s, 0.0008941000572472398 MB/s).
Processed 10000 documents (984.2002028797854 docs/s, 0.0009386064556882719 MB/s).
Processed 11000 documents (1024.0413653072812 docs/s, 0.0009766019490311444 MB/s).
Processed 12000 documents (988.156178614778 docs/s, 0.0009423791681430607 MB/s).
Processed 13000 documents (1022.698982002294 docs/s, 0.0009753217525504055 MB/s).
Processed 14000 documents (1057.5955525851434 docs/s, 0.0010086017156459269 MB/s).
Processed 15000 documents (1089.821814143088 docs/s, 0.0010393350736075287 MB/s).
Processed 16000 documents (1128.588915905484 docs/s, 0.0010763062628798333 MB/s).
Processed 17000 documents (1058.8201157617632 docs/s, 0.001009769550096286 MB/s).
Processed 18000 documents (1094.590216283046 docs/s, 0.0010438825762587032 MB/s).
Processed 19000 documents (1121.8259027783906 docs/s, 0.001069856550959006 MB/s).
Processed 20000 documents (1147.558736165929 docs/s, 0.0010943972932490626 MB/s).
Processed 21000 documents (1171.5145406426122 docs/s, 0.0011172433287073252 MB/s).
Processed 22000 documents (1193.5872476358031 docs/s, 0.001138293502460292 MB/s).
Processed 23000 documents (1214.318427803855 docs/s, 0.0011580642965353537 MB/s).
Processed 24000 documents (1238.2379823104072 docs/s, 0.001180875761328132 MB/s).
Processed 25000 documents (1144.032829409487 docs/s, 0.0010910347265334006 MB/s).
Processed 26000 documents (1162.170723511272 docs/s, 0.0011083323702919692 MB/s).
Processed 27000 documents (1179.4578247117843 docs/s, 0.0011248186347120135 MB/s).
Processed 28000 documents (1198.394142523137 docs/s, 0.0011428777146560067 MB/s).
Processed 29000 documents (1213.1918835998702 docs/s, 0.001156989940261717 MB/s).
Processed 30000 documents (1230.0040706840766 docs/s, 0.0011730232912865416 MB/s).
Processed 31000 documents (1240.0291033899637 docs/s, 0.0011825839074992787 MB/s).
Processed 32000 documents (1265.468287574626 docs/s, 0.0012068446040865192 MB/s).
Processed 33000 documents (1294.7291993573351 docs/s, 0.001234749984128318 MB/s).
Processed 34000 documents (1329.6694641725153 docs/s, 0.0012680716172909882 MB/s).
Processed 35000 documents (1364.9299858589966 docs/s, 0.001301698671206471 MB/s).
Processed 36000 documents (1400.109725915264 docs/s, 0.0013352486857559815 MB/s).
Processed 37000 documents (1435.380598573351 docs/s, 0.0013688856111272346 MB/s).
Processed 38000 documents (1470.2448012811674 docs/s, 0.0014021347058116602 MB/s).
Processed 39000 documents (1504.9664405473561 docs/s, 0.0014352478414033471 MB/s).
Processed 40000 documents (1539.1672706775337 docs/s, 0.0014678642946982705 MB/s).
Processed 41000 documents (1573.490229922604 docs/s, 0.0015005972193933524 MB/s).
Processed 42000 documents (1607.204609949263 docs/s, 0.001532749757718337 MB/s).
Processed 43000 documents (1640.1641896867338 docs/s, 0.0015641824623935068 MB/s).
Processed 44000 documents (1673.9734668820668 docs/s, 0.0015964255017109554 MB/s).
Processed 45000 documents (1707.5592937815763 docs/s, 0.0016284554422202838 MB/s).
Processed 46000 documents (1741.32776049679 docs/s, 0.0016606595616310024 MB/s).
Processed 47000 documents (1772.8396048976067 docs/s, 0.0016907115982986514 MB/s).
Processed 48000 documents (1806.4165562113626 docs/s, 0.0017227330743898035 MB/s).
Processed 49000 documents (1838.3132379613212 docs/s, 0.001753152120553323 MB/s).
Processed 50000 documents (1870.5559565468077 docs/s, 0.001783901173159416 MB/s).
Processed 51000 documents (1902.7087462505228 docs/s, 0.0018145644629006604 MB/s).
Processed 52000 documents (1934.6982697348974 docs/s, 0.001845072049841783 MB/s).
Processed 53000 documents (1967.3067654041804 docs/s, 0.0018761699346582226 MB/s).
Processed 54000 documents (1998.4775767454762 docs/s, 0.001905896736855961 MB/s).
Processed 55000 documents (2029.8855957669582 docs/s, 0.0019358497579259474 MB/s).
Processed 56000 documents (2061.7678843429803 docs/s, 0.001966255077689152 MB/s).
Processed 57000 documents (2092.8431663693664 docs/s, 0.001995890776032797 MB/s).
Processed 58000 documents (2124.257062300938 docs/s, 0.0020258494017609957 MB/s).
Processed 59000 documents (2154.9324597122163 docs/s, 0.0020551037404176868 MB/s).
Processed 60000 documents (2186.3457228398293 docs/s, 0.0020850617626570027 MB/s).
Processed 61000 documents (2217.642708678234 docs/s, 0.0021149088942320196 MB/s).
Processed 62000 documents (2248.60864950836 docs/s, 0.0021444403166850663 MB/s).
Processed 63000 documents (2278.213526269979 docs/s, 0.0021726737272929945 MB/s).
Processed 64000 documents (2309.5022121145234 docs/s, 0.0022025129433770403 MB/s).
Processed 65000 documents (2340.21509224866 docs/s, 0.00223180302834383 MB/s).
Processed 66000 documents (2369.9996455583237 docs/s, 0.002260207791860889 MB/s).
Processed 67000 documents (2399.37670146099 docs/s, 0.0022882239355668924 MB/s).
Processed 68000 documents (2428.838301807187 docs/s, 0.002316320707137286 MB/s).
Processed 69000 documents (2456.857038586947 docs/s, 0.0023430414567822905 MB/s).
Processed 70000 documents (2485.6457757036346 docs/s, 0.0023704965359722468 MB/s).
Processed 71000 documents (2513.529551970556 docs/s, 0.002397088577242428 MB/s).
Processed 72000 documents (2542.248153497867 docs/s, 0.0024244767699221296 MB/s).
Processed 73000 documents (2571.5079426702173 docs/s, 0.002452381079359262 MB/s).
Processed 74000 documents (2598.3192163555836 docs/s, 0.0024779503024631344 MB/s).
Processed 75000 documents (2625.9515379226573 docs/s, 0.002504302537844331 MB/s).
Processed 76000 documents (2653.7947557618745 docs/s, 0.002530855899583697 MB/s).
Processed 77000 documents (2682.012757426033 docs/s, 0.002557766683031114 MB/s).
Processed 78000 documents (2709.059201610843 docs/s, 0.002583560182200282 MB/s).
Processed 79000 documents (2736.235265320132 docs/s, 0.002609477296180851 MB/s).
Processed 80000 documents (2763.7624066039643 docs/s, 0.002635729223827328 MB/s).
Processed 81000 documents (2791.886364390342 docs/s, 0.00266255032004389 MB/s).
Processed 82000 documents (2818.7623446323437 docs/s, 0.002688181252128929 MB/s).
Processed 83000 documents (2845.546058074891 docs/s, 0.002713724191737071 MB/s).
Processed 84000 documents (2873.0606884127405 docs/s, 0.0027399641880156904 MB/s).
Processed 85000 documents (2893.8456490175577 docs/s, 0.00275978627111202 MB/s).
Processed 86000 documents (2921.1009498834073 docs/s, 0.002785778951533706 MB/s).
Processed 87000 documents (2948.0108823820606 docs/s, 0.0028114422630138975 MB/s).
Processed 88000 documents (2975.3128726181867 docs/s, 0.002837479469888865 MB/s).
Processed 89000 documents (3000.4308467358087 docs/s, 0.0028614338366849982 MB/s).
Processed 90000 documents (3026.1478996219025 docs/s, 0.002885959529516127 MB/s).
Processed 91000 documents (3051.729719468282 docs/s, 0.002910356254070551 MB/s).
Processed 92000 documents (3072.6390513889837 docs/s, 0.0029302969468965375 MB/s).
Processed 93000 documents (3098.901277520704 docs/s, 0.002955342557450012 MB/s).
Processed 94000 documents (3124.911584321613 docs/s, 0.002980147919007886 MB/s).
Processed 95000 documents (3150.203228446382 docs/s, 0.0030042679104293653 MB/s).
Processed 96000 documents (3175.210524295385 docs/s, 0.003028116726203332 MB/s).
Processed 97000 documents (3202.0468040841324 docs/s, 0.0030537097969857525 MB/s).
Processed 98000 documents (3225.9454794987914 docs/s, 0.0030765013499248423 MB/s).
Processed 99000 documents (3251.2932809291087 docs/s, 0.0031006748971263015 MB/s).
Processed 100000 documents (3277.1997927715947 docs/s, 0.0031253812720981548 MB/s).
Processed 101000 documents (3302.1787816158844 docs/s, 0.003149203092208752 MB/s).
Processed 102000 documents (3326.677640223497 docs/s, 0.0031725670244441002 MB/s).
Processed 103000 documents (3350.3899012433208 docs/s, 0.0031951807987626274 MB/s).
Processed 104000 documents (3372.6377634491887 docs/s, 0.003216398013543309 MB/s).
Processed 105000 documents (3398.2546057086956 docs/s, 0.003240828138073631 MB/s).
Processed 106000 documents (3421.2055090125637 docs/s, 0.003262715825092853 MB/s).
Processed 107000 documents (3445.7847193651237 docs/s, 0.0032861563867236363 MB/s).
Processed 108000 documents (3470.4749455726264 docs/s, 0.003309702821323992 MB/s).
Processed 109000 documents (3494.4102133644988 docs/s, 0.0033325292714734066 MB/s).
Processed 110000 documents (3517.684327129501 docs/s, 0.0033547251960082064 MB/s).
Processed 111000 documents (3541.4088714224413 docs/s, 0.003377350684568826 MB/s).
Processed 112000 documents (3564.4457765868456 docs/s, 0.003399320389353605 MB/s).
Processed 113000 documents (3587.647343541897 docs/s, 0.0034214471278590174 MB/s).
Processed 114000 documents (3608.998247168225 docs/s, 0.0034418089362795116 MB/s).
Processed 115000 documents (3630.746614181437 docs/s, 0.0034625497953237887 MB/s).
Processed 116000 documents (3651.9066709831495 docs/s, 0.0034827295980292793 MB/s).
Processed 117000 documents (3675.8459151845977 docs/s, 0.0035055598403783777 MB/s).
Processed 118000 documents (3698.7632029404776 docs/s, 0.0035274154691128518 MB/s).
Processed 119000 documents (3720.5827409618996 docs/s, 0.0035482242021197315 MB/s).
Processed 120000 documents (3744.1349819048824 docs/s, 0.003570685369400866 MB/s).
Processed 121000 documents (3766.896260114848 docs/s, 0.003592392215838287 MB/s).
Processed 122000 documents (3790.295276917575 docs/s, 0.0036147072571922063 MB/s).
Processed 123000 documents (3812.853743022475 docs/s, 0.0036362206869339705 MB/s).
Processed 124000 documents (3835.0985557430736 docs/s, 0.0036574349934988724 MB/s).
Processed 125000 documents (3858.762384220679 docs/s, 0.0036800025789458075 MB/s).
Processed 126000 documents (3879.5581278315435 docs/s, 0.0036998349455180583 MB/s).
Processed 127000 documents (3901.2544522998405 docs/s, 0.0037205261729238897 MB/s).
Processed 128000 documents (3921.117306554062 docs/s, 0.0037394688668766613 MB/s).
Processed 129000 documents (3942.8464893978344 docs/s, 0.0037601914304712623 MB/s).
Processed 130000 documents (3964.6058962610796 docs/s, 0.003780942817936973 MB/s).
Processed 131000 documents (3985.8751636214124 docs/s, 0.0038012267719473004 MB/s).
Processed 132000 documents (4007.3270384682546 docs/s, 0.003821684874027495 MB/s).
Processed 133000 documents (4026.2764057593577 docs/s, 0.0038397563989251687 MB/s).
Processed 134000 documents (4048.701630956787 docs/s, 0.0038611427602355834 MB/s).
Processed 135000 documents (4068.953907092938 docs/s, 0.003880456835835398 MB/s).
Processed 136000 documents (4086.866236635291 docs/s, 0.0038975393644669447 MB/s).
Processed 137000 documents (4109.151316997677 docs/s, 0.0039187920732476015 MB/s).
Processed 138000 documents (4131.040792280838 docs/s, 0.003939667503624762 MB/s).
Processed 139000 documents (4150.185852371964 docs/s, 0.003957925655719723 MB/s).
Processed 140000 documents (4170.459102193274 docs/s, 0.0039772597333843935 MB/s).
Processed 141000 documents (4190.436197670145 docs/s, 0.003996311376257081 MB/s).
Processed 142000 documents (4209.903739010484 docs/s, 0.004014877070436939 MB/s).
Processed 143000 documents (4227.382261081093 docs/s, 0.004031545888024419 MB/s).
Processed 144000 documents (4247.7423390192935 docs/s, 0.00405096277143411 MB/s).
Processed 145000 documents (4269.208020228064 docs/s, 0.004071434040287079 MB/s).
Processed 146000 documents (4286.808392340895 docs/s, 0.0040882190631302785 MB/s).
Processed 147000 documents (4307.458623137081 docs/s, 0.004107912657868463 MB/s).
Processed 148000 documents (4328.937766999005 docs/s, 0.004128396765707975 MB/s).
Processed 149000 documents (4348.342909408943 docs/s, 0.004146902951630538 MB/s).
Processed 150000 documents (4363.172475149872 docs/s, 0.00416104552760112 MB/s).
Processed 151000 documents (4383.740463698396 docs/s, 0.004180660690019985 MB/s).
Processed 152000 documents (4402.558484678555 docs/s, 0.004198606953314357 MB/s).
Processed 153000 documents (4421.82547501608 docs/s, 0.004216981387153702 MB/s).
Processed 154000 documents (4442.866391844608 docs/s, 0.004237047569126709 MB/s).
Processed 155000 documents (4461.763613835353 docs/s, 0.00425506936439071 MB/s).
Processed 156000 documents (4481.290190163376 docs/s, 0.0042736913587220916 MB/s).
Processed 157000 documents (4499.448393607037 docs/s, 0.004291008370978391 MB/s).
Processed 158000 documents (4518.689447297144 docs/s, 0.00430935806970324 MB/s).
Processed 159000 documents (4538.250992753388 docs/s, 0.004328013413194073 MB/s).
Processed 160000 documents (4554.359199194776 docs/s, 0.004343375395960594 MB/s).
Processed 161000 documents (4573.268799650307 docs/s, 0.004361408996248538 MB/s).
Processed 162000 documents (4590.801462200646 docs/s, 0.004378129446221014 MB/s).
Processed 163000 documents (4605.703739552535 docs/s, 0.004392341365387473 MB/s).
Processed 164000 documents (4624.8573200364 docs/s, 0.004410607643162155 MB/s).
Processed 165000 documents (4642.091887130989 docs/s, 0.004427043807154645 MB/s).
Processed 166000 documents (4661.249092535099 docs/s, 0.004445313541922664 MB/s).
Processed 167000 documents (4679.2074679868365 docs/s, 0.004462439983355366 MB/s).
Processed 168000 documents (4697.662884236968 docs/s, 0.004480040439831703 MB/s).
Processed 169000 documents (4715.9622580577125 docs/s, 0.004497492082650864 MB/s).
Processed 170000 documents (4734.810498028205 docs/s, 0.004515467165020185 MB/s).
Processed 171000 documents (4752.842263366482 docs/s, 0.004532663596502764 MB/s).
Processed 172000 documents (4771.116602010287 docs/s, 0.004550091363916671 MB/s).
Processed 173000 documents (4790.0443017376765 docs/s, 0.004568142225015332 MB/s).
Processed 174000 documents (4809.080107333037 docs/s, 0.004586296183903729 MB/s).
Processed 175000 documents (4825.823159059878 docs/s, 0.004602263602313879 MB/s).
Processed 176000 documents (4844.569920965122 docs/s, 0.004620141907658693 MB/s).
Processed 177000 documents (4861.0709260402355 docs/s, 0.004635878492393718 MB/s).
Processed 178000 documents (4878.434718634833 docs/s, 0.004652437895426591 MB/s).
Processed 179000 documents (4892.217467527744 docs/s, 0.004665582149055237 MB/s).
Processed 180000 documents (4910.116782420855 docs/s, 0.004682652265950065 MB/s).
Processed 181000 documents (4928.044748264366 docs/s, 0.004699749706520429 MB/s).
Processed 182000 documents (4945.478263970813 docs/s, 0.004716375602694333 MB/s).
Processed 183000 documents (4961.701623006206 docs/s, 0.004731847403532225 MB/s).
Processed 184000 documents (4978.437957097513 docs/s, 0.004747808415505899 MB/s).
Processed 185000 documents (4995.275339533268 docs/s, 0.004763865794690388 MB/s).
Processed 186000 documents (5009.738390621348 docs/s, 0.004777658835049961 MB/s).
Processed 187000 documents (5025.848766017995 docs/s, 0.004793022886293407 MB/s).
Processed 188000 documents (5043.027889567336 docs/s, 0.004809406175200783 MB/s).
Processed 189000 documents (5058.550888722231 docs/s, 0.004824210060808402 MB/s).
Processed 190000 documents (5071.962730859536 docs/s, 0.004837000590190445 MB/s).
Processed 191000 documents (5090.083521033823 docs/s, 0.004854281922372649 MB/s).
Processed 192000 documents (5105.969705094063 docs/s, 0.0048694321680966025 MB/s).
Processed 193000 documents (5123.67877476087 docs/s, 0.004886320853005285 MB/s).
Processed 194000 documents (5138.510786976595 docs/s, 0.004900465762116046 MB/s).
Processed 195000 documents (5153.954917307336 docs/s, 0.004915194432551704 MB/s).
Processed 196000 documents (5170.939859825041 docs/s, 0.004931392535996476 MB/s).
Processed 197000 documents (5187.047880463916 docs/s, 0.004946754341567913 MB/s).
Processed 198000 documents (5203.24138520976 docs/s, 0.004962197671136627 MB/s).
Processed 199000 documents (5218.915311299598 docs/s, 0.004977145491885756 MB/s).
Processed 200000 documents (5235.286217341746 docs/s, 0.004992758004514452 MB/s).
Processed 201000 documents (5250.976659863038 docs/s, 0.005007721576560056 MB/s).
Processed 202000 documents (5264.9874084530065 docs/s, 0.005021083267643935 MB/s).
Processed 203000 documents (5280.616508173198 docs/s, 0.005035988338635633 MB/s).
Processed 204000 documents (5297.101251752304 docs/s, 0.00505170941519957 MB/s).
Processed 205000 documents (5312.665029807824 docs/s, 0.005066552190597366 MB/s).
Processed 206000 documents (5327.906961529029 docs/s, 0.005081088029412297 MB/s).
Processed 207000 documents (5342.940696227838 docs/s, 0.005095425316074217 MB/s).
Processed 208000 documents (5358.581104928731 docs/s, 0.005110341172150356 MB/s).
Processed 209000 documents (5373.966041575445 docs/s, 0.005125013391089864 MB/s).
Processed 210000 documents (5389.187853175961 docs/s, 0.005139530041862451 MB/s).
Processed 211000 documents (5403.6346082701675 docs/s, 0.0051533075411512065 MB/s).
Processed 212000 documents (5418.07686994139 docs/s, 0.00516708075517787 MB/s).
Processed 213000 documents (5433.688731080756 docs/s, 0.005181969386177784 MB/s).
Processed 214000 documents (5447.952185295853 docs/s, 0.005195572076125959 MB/s).
Processed 215000 documents (5463.104144016449 docs/s, 0.005210022110001039 MB/s).
Processed 216000 documents (5477.555234937883 docs/s, 0.005223803744256862 MB/s).
Processed 217000 documents (5493.599627617946 docs/s, 0.005239104869478174 MB/s).
Processed 218000 documents (5509.085054900562 docs/s, 0.0052538729237561815 MB/s).
Processed 219000 documents (5523.889828898691 docs/s, 0.0052679918564783965 MB/s).
Processed 220000 documents (5538.037479607845 docs/s, 0.005281484107597203 MB/s).
Processed 221000 documents (5551.697108168069 docs/s, 0.005294510944526738 MB/s).
Processed 222000 documents (5565.006683042778 docs/s, 0.005307203944247034 MB/s).
Processed 223000 documents (5577.644634562938 docs/s, 0.005319256434023798 MB/s).
Processed 224000 documents (5591.981075054865 docs/s, 0.005332928729109635 MB/s).
Processed 225000 documents (5604.606237290221 docs/s, 0.005344969022073956 MB/s).
Processed 226000 documents (5620.470781138854 docs/s, 0.005360098630083899 MB/s).
Processed 227000 documents (5635.0647094617 docs/s, 0.00537401648470087 MB/s).
Processed 228000 documents (5648.748360939321 docs/s, 0.005387066231669732 MB/s).
Processed 229000 documents (5664.218722283238 docs/s, 0.00540181991794895 MB/s).
Processed 230000 documents (5679.349523944319 docs/s, 0.00541624977487976 MB/s).
Processed 231000 documents (5694.207944141243 docs/s, 0.0054304198686039385 MB/s).
Processed 232000 documents (5707.847500335536 docs/s, 0.005443427563033615 MB/s).
Processed 233000 documents (5721.809950896981 docs/s, 0.005456743193528157 MB/s).
Processed 234000 documents (5736.212038396046 docs/s, 0.0054704780944786514 MB/s).
Processed 235000 documents (5750.094455573766 docs/s, 0.00548371739919068 MB/s).
Processed 236000 documents (5764.127416681633 docs/s, 0.00549710027378238 MB/s).
Processed 237000 documents (5776.874840748035 docs/s, 0.005509257164714847 MB/s).
Processed 238000 documents (5785.691913666057 docs/s, 0.0055176657807026455 MB/s).
Processed 239000 documents (5798.799001888396 docs/s, 0.0055301656741031605 MB/s).
Processed 240000 documents (5812.290414925399 docs/s, 0.005543032088208579 MB/s).
Processed 241000 documents (5825.329262697508 docs/s, 0.00555546690244437 MB/s).
Processed 242000 documents (5839.2968526824225 docs/s, 0.005568787434275076 MB/s).
Processed 243000 documents (5853.363300111132 docs/s, 0.005582202243910915 MB/s).
Processed 244000 documents (5866.966106362452 docs/s, 0.005595174890863849 MB/s).
Processed 245000 documents (5878.362811016722 docs/s, 0.0056060436353842944 MB/s).
Processed 246000 documents (5889.554657586094 docs/s, 0.005616717012010664 MB/s).
Processed 247000 documents (5903.409501575913 docs/s, 0.00562993002088157 MB/s).
Processed 248000 documents (5913.674070833257 docs/s, 0.005639719076951272 MB/s).
Processed 249000 documents (5926.990433644812 docs/s, 0.005652418550152599 MB/s).
Processed 250000 documents (5941.7095994193105 docs/s, 0.0056664558405106645 MB/s).
Processed 251000 documents (5955.267955868455 docs/s, 0.0056793860968288945 MB/s).
Processed 252000 documents (5969.340508333077 docs/s, 0.005692806728680684 MB/s).
Processed 253000 documents (5982.39820324465 docs/s, 0.00570525951694932 MB/s).
Processed 254000 documents (5994.907379959397 docs/s, 0.005717189197501561 MB/s).
Processed 255000 documents (6009.917119535992 docs/s, 0.0057315036006317065 MB/s).
Processed 256000 documents (6023.540393888968 docs/s, 0.005744495767487495 MB/s).
Processed 257000 documents (6037.026493290839 docs/s, 0.005757357114115562 MB/s).
Processed 258000 documents (6050.641759561013 docs/s, 0.0057703416438684586 MB/s).
Processed 259000 documents (6063.7230591550415 docs/s, 0.005782816943316499 MB/s).
Processed 260000 documents (6076.630314173966 docs/s, 0.0057951262609233535 MB/s).
Processed 261000 documents (6088.221474995965 docs/s, 0.005806180453296628 MB/s).
Processed 262000 documents (6100.498430957617 docs/s, 0.005817888670880906 MB/s).
Processed 263000 documents (6113.283492565493 docs/s, 0.005830081455770009 MB/s).
Processed 264000 documents (6127.639036491938 docs/s, 0.005843771969310701 MB/s).
Processed 265000 documents (6140.030498340156 docs/s, 0.0058555893882180745 MB/s).
Processed 266000 documents (6152.624932792814 docs/s, 0.005867600376885237 MB/s).
Processed 267000 documents (6166.82457918982 docs/s, 0.005881142214956112 MB/s).
Processed 268000 documents (6178.363273425009 docs/s, 0.005892146371293076 MB/s).
Processed 269000 documents (6191.440505811949 docs/s, 0.005904617791950177 MB/s).
Processed 270000 documents (6204.214201167444 docs/s, 0.005916799737136311 MB/s).
Processed 271000 documents (6215.866464962345 docs/s, 0.005927912201845498 MB/s).
Processed 272000 documents (6227.722438747452 docs/s, 0.00593921893954034 MB/s).
Processed 273000 documents (6238.545524299509 docs/s, 0.005949540638255605 MB/s).
Processed 274000 documents (6251.888958454702 docs/s, 0.0059622659287020706 MB/s).
Processed 275000 documents (6263.731074915142 docs/s, 0.005973559451022284 MB/s).
Processed 276000 documents (6276.833161978906 docs/s, 0.005986054574946314 MB/s).
Processed 277000 documents (6290.031534934288 docs/s, 0.005998641524252213 MB/s).
Processed 278000 documents (6294.711554623224 docs/s, 0.006003104738829827 MB/s).
Processed 279000 documents (6305.77607845395 docs/s, 0.006013656691030454 MB/s).
Processed 280000 documents (6317.005546305614 docs/s, 0.0060243659461074964 MB/s).
Processed 281000 documents (6328.702327573921 docs/s, 0.0060355208659877025 MB/s).
Opening /fsx/loubna/data/stack_march_no_pii_json/elixir
Input is not a jsonl file, will try to load from HF datasets
Vocab size: 49152
Output prefix: /fsx/loubna/data/tokenized_stack_no_pii/code/elixir/gpt2-preprocessed
Time to startup: 0.8332722187042236
END TIME: Wed Mar 29 01:07:19 UTC 2023
