START TIME: Wed Mar 29 01:06:14 UTC 2023
FULL_OUT_PATH is: /fsx/loubna/data/tokenized_stack_no_pii/code/groovy
/fsx/loubna/code/Megatron-LM/tools/preprocess_data.py --input /fsx/loubna/data/stack_march_no_pii_json/groovy --output-prefix /fsx/loubna/data/tokenized_stack_no_pii/code/groovy/gpt2-preprocessed --tokenizer-type TokenizerFromFile --tokenizer-file /fsx/loubna/data/tokenizer/tokenizer-the-stack-march-sample-v3-no-prefix-spaces/tokenizer.json --dataset-impl mmap --append-eod --json-keys content --workers 64 --chunk-size 100 --log-interval 1000
[H[2J[3J> building TokenizerFromFile tokenizer ...
 > padded vocab (size: 49152) with 0 dummy tokens (new size: 49152)
> building TokenizerFromFile tokenizer ...
> building TokenizerFromFile tokenizer ...
> building TokenizerFromFile tokenizer ...
> building TokenizerFromFile tokenizer ...
> building TokenizerFromFile tokenizer ...
> building TokenizerFromFile tokenizer ...
> building TokenizerFromFile tokenizer ...
> building TokenizerFromFile tokenizer ...
> building TokenizerFromFile tokenizer ...
> building TokenizerFromFile tokenizer ...
> building TokenizerFromFile tokenizer ...
> building TokenizerFromFile tokenizer ...
> building TokenizerFromFile tokenizer ...
> building TokenizerFromFile tokenizer ...
> building TokenizerFromFile tokenizer ...
> building TokenizerFromFile tokenizer ...
 > padded vocab (size: 49152) with 0 dummy tokens (new size: 49152)
 > padded vocab (size: 49152) with 0 dummy tokens (new size: 49152)
> building TokenizerFromFile tokenizer ...
 > padded vocab (size: 49152) with 0 dummy tokens (new size: 49152)
> building TokenizerFromFile tokenizer ...
 > padded vocab (size: 49152) with 0 dummy tokens (new size: 49152)
 > padded vocab (size: 49152) with 0 dummy tokens (new size: 49152)
> building TokenizerFromFile tokenizer ...
 > padded vocab (size: 49152) with 0 dummy tokens (new size: 49152)
> building TokenizerFromFile tokenizer ...
 > padded vocab (size: 49152) with 0 dummy tokens (new size: 49152)
 > padded vocab (size: 49152) with 0 dummy tokens (new size: 49152)
> building TokenizerFromFile tokenizer ...
 > padded vocab (size: 49152) with 0 dummy tokens (new size: 49152)
> building TokenizerFromFile tokenizer ...
 > padded vocab (size: 49152) with 0 dummy tokens (new size: 49152)
 > padded vocab (size: 49152) with 0 dummy tokens (new size: 49152)
> building TokenizerFromFile tokenizer ...
 > padded vocab (size: 49152) with 0 dummy tokens (new size: 49152)
> building TokenizerFromFile tokenizer ...
> building TokenizerFromFile tokenizer ...
> building TokenizerFromFile tokenizer ...
> building TokenizerFromFile tokenizer ...
> building TokenizerFromFile tokenizer ...
 > padded vocab (size: 49152) with 0 dummy tokens (new size: 49152)
 > padded vocab (size: 49152) with 0 dummy tokens (new size: 49152)
> building TokenizerFromFile tokenizer ...
 > padded vocab (size: 49152) with 0 dummy tokens (new size: 49152)
> building TokenizerFromFile tokenizer ...
 > padded vocab (size: 49152) with 0 dummy tokens (new size: 49152)
> building TokenizerFromFile tokenizer ...
> building TokenizerFromFile tokenizer ...
 > padded vocab (size: 49152) with 0 dummy tokens (new size: 49152)
 > padded vocab (size: 49152) with 0 dummy tokens (new size: 49152)
> building TokenizerFromFile tokenizer ...
 > padded vocab (size: 49152) with 0 dummy tokens (new size: 49152)
> building TokenizerFromFile tokenizer ...
 > padded vocab (size: 49152) with 0 dummy tokens (new size: 49152)
> building TokenizerFromFile tokenizer ...
 > padded vocab (size: 49152) with 0 dummy tokens (new size: 49152)
> building TokenizerFromFile tokenizer ...
 > padded vocab (size: 49152) with 0 dummy tokens (new size: 49152)
> building TokenizerFromFile tokenizer ...
 > padded vocab (size: 49152) with 0 dummy tokens (new size: 49152)
> building TokenizerFromFile tokenizer ...
 > padded vocab (size: 49152) with 0 dummy tokens (new size: 49152)
> building TokenizerFromFile tokenizer ...
 > padded vocab (size: 49152) with 0 dummy tokens (new size: 49152)
> building TokenizerFromFile tokenizer ...
 > padded vocab (size: 49152) with 0 dummy tokens (new size: 49152)
> building TokenizerFromFile tokenizer ...
 > padded vocab (size: 49152) with 0 dummy tokens (new size: 49152)
> building TokenizerFromFile tokenizer ...
 > padded vocab (size: 49152) with 0 dummy tokens (new size: 49152)
> building TokenizerFromFile tokenizer ...
 > padded vocab (size: 49152) with 0 dummy tokens (new size: 49152)
> building TokenizerFromFile tokenizer ...
 > padded vocab (size: 49152) with 0 dummy tokens (new size: 49152)
 > padded vocab (size: 49152) with 0 dummy tokens (new size: 49152)
 > padded vocab (size: 49152) with 0 dummy tokens (new size: 49152)
 > padded vocab (size: 49152) with 0 dummy tokens (new size: 49152)
> building TokenizerFromFile tokenizer ...
 > padded vocab (size: 49152) with 0 dummy tokens (new size: 49152)
> building TokenizerFromFile tokenizer ...
 > padded vocab (size: 49152) with 0 dummy tokens (new size: 49152)
> building TokenizerFromFile tokenizer ...
 > padded vocab (size: 49152) with 0 dummy tokens (new size: 49152)
> building TokenizerFromFile tokenizer ...
 > padded vocab (size: 49152) with 0 dummy tokens (new size: 49152)
> building TokenizerFromFile tokenizer ...
 > padded vocab (size: 49152) with 0 dummy tokens (new size: 49152)
> building TokenizerFromFile tokenizer ...
 > padded vocab (size: 49152) with 0 dummy tokens (new size: 49152)
> building TokenizerFromFile tokenizer ...
 > padded vocab (size: 49152) with 0 dummy tokens (new size: 49152)
> building TokenizerFromFile tokenizer ...
 > padded vocab (size: 49152) with 0 dummy tokens (new size: 49152)
 > padded vocab (size: 49152) with 0 dummy tokens (new size: 49152)
> building TokenizerFromFile tokenizer ...
 > padded vocab (size: 49152) with 0 dummy tokens (new size: 49152)
 > padded vocab (size: 49152) with 0 dummy tokens (new size: 49152)
> building TokenizerFromFile tokenizer ...
> building TokenizerFromFile tokenizer ...
> building TokenizerFromFile tokenizer ...
> building TokenizerFromFile tokenizer ...
> building TokenizerFromFile tokenizer ...
 > padded vocab (size: 49152) with 0 dummy tokens (new size: 49152)
> building TokenizerFromFile tokenizer ...
> building TokenizerFromFile tokenizer ...
 > padded vocab (size: 49152) with 0 dummy tokens (new size: 49152)
> building TokenizerFromFile tokenizer ...
 > padded vocab (size: 49152) with 0 dummy tokens (new size: 49152)
> building TokenizerFromFile tokenizer ...
 > padded vocab (size: 49152) with 0 dummy tokens (new size: 49152)
> building TokenizerFromFile tokenizer ...
 > padded vocab (size: 49152) with 0 dummy tokens (new size: 49152)
> building TokenizerFromFile tokenizer ...
 > padded vocab (size: 49152) with 0 dummy tokens (new size: 49152)
 > padded vocab (size: 49152) with 0 dummy tokens (new size: 49152)
 > padded vocab (size: 49152) with 0 dummy tokens (new size: 49152)
 > padded vocab (size: 49152) with 0 dummy tokens (new size: 49152)
 > padded vocab (size: 49152) with 0 dummy tokens (new size: 49152)
 > padded vocab (size: 49152) with 0 dummy tokens (new size: 49152)
 > padded vocab (size: 49152) with 0 dummy tokens (new size: 49152)
 > padded vocab (size: 49152) with 0 dummy tokens (new size: 49152)
 > padded vocab (size: 49152) with 0 dummy tokens (new size: 49152)
 > padded vocab (size: 49152) with 0 dummy tokens (new size: 49152)
 > padded vocab (size: 49152) with 0 dummy tokens (new size: 49152)
 > padded vocab (size: 49152) with 0 dummy tokens (new size: 49152)
 > padded vocab (size: 49152) with 0 dummy tokens (new size: 49152)
 > padded vocab (size: 49152) with 0 dummy tokens (new size: 49152)
 > padded vocab (size: 49152) with 0 dummy tokens (new size: 49152)
Processed 1000 documents (802.6732401746157 docs/s, 0.0007654888536211163 MB/s).
Processed 2000 documents (1182.3453731757288 docs/s, 0.0011275724155194557 MB/s).
Processed 3000 documents (1323.066414760406 docs/s, 0.0012617744586566981 MB/s).
Processed 4000 documents (1473.296935631004 docs/s, 0.0014050454479513207 MB/s).
Processed 5000 documents (1402.0899052230516 docs/s, 0.0013371371319036976 MB/s).
Processed 6000 documents (1412.828342008577 docs/s, 0.0013473781032644053 MB/s).
Processed 7000 documents (1465.6430505809383 docs/s, 0.0013977461343583472 MB/s).
Processed 8000 documents (1506.0534228701101 docs/s, 0.0014362844685269452 MB/s).
Processed 9000 documents (1355.3891070031332 docs/s, 0.0012925997800856907 MB/s).
Processed 10000 documents (1385.6168790657218 docs/s, 0.0013214272299439638 MB/s).
Processed 11000 documents (1414.3316027874544 docs/s, 0.0013488117244600814 MB/s).
Processed 12000 documents (1429.3798165796268 docs/s, 0.0013631628194614666 MB/s).
Processed 13000 documents (1192.765603152495 docs/s, 0.0011375099212193442 MB/s).
Processed 14000 documents (1210.0609950923708 docs/s, 0.0011540040923045834 MB/s).
Processed 15000 documents (1225.6524908894605 docs/s, 0.0011688733014006238 MB/s).
Processed 16000 documents (1237.0787098247004 docs/s, 0.0011797701929327968 MB/s).
Processed 17000 documents (1156.4841893009464 docs/s, 0.0011029092686662162 MB/s).
Processed 18000 documents (1181.053656845243 docs/s, 0.001126340538830989 MB/s).
Processed 19000 documents (1202.442468506713 docs/s, 0.0011467384991709834 MB/s).
Processed 20000 documents (1222.7584983281724 docs/s, 0.0011661133750230526 MB/s).
Processed 21000 documents (1239.725583265613 docs/s, 0.001182294448152173 MB/s).
Processed 22000 documents (1257.664940026455 docs/s, 0.001199402751947837 MB/s).
Processed 23000 documents (1118.158129634676 docs/s, 0.0010663586899134407 MB/s).
Processed 24000 documents (1141.5594799980117 docs/s, 0.001088675956724178 MB/s).
Processed 25000 documents (1150.7758635798725 docs/s, 0.001097465385036347 MB/s).
Processed 26000 documents (1157.3039984690956 docs/s, 0.0011036910996142346 MB/s).
Processed 27000 documents (1169.7241577228922 docs/s, 0.0011155358865002558 MB/s).
Processed 28000 documents (1185.0154281898463 docs/s, 0.0011301187784098113 MB/s).
Processed 29000 documents (1198.8963296655174 docs/s, 0.0011433566376357245 MB/s).
Processed 30000 documents (1074.4298258272433 docs/s, 0.0010246561296722826 MB/s).
Processed 31000 documents (1099.1654255520507 docs/s, 0.0010482458358307368 MB/s).
Processed 32000 documents (1121.8951994393472 docs/s, 0.001069922637404773 MB/s).
Processed 33000 documents (1142.419533279651 docs/s, 0.0010894961674496183 MB/s).
Processed 34000 documents (1166.3687078717098 docs/s, 0.001112335880157194 MB/s).
Processed 35000 documents (1185.4066898231786 docs/s, 0.0011304919145805154 MB/s).
Processed 36000 documents (1208.7197400188927 docs/s, 0.0011527249717892577 MB/s).
Processed 37000 documents (1232.902632546275 docs/s, 0.001175787575289035 MB/s).
Processed 38000 documents (1257.2120720179835 docs/s, 0.0011989708633594355 MB/s).
Processed 39000 documents (1284.2540251327835 docs/s, 0.0012247600795104823 MB/s).
Processed 40000 documents (1313.8433031993281 docs/s, 0.0012529786140435487 MB/s).
Processed 41000 documents (1342.9344487152448 docs/s, 0.0012807220923569153 MB/s).
Processed 42000 documents (1371.5374717764923 docs/s, 0.0013080000608220027 MB/s).
Processed 43000 documents (1400.6436535724056 docs/s, 0.0013357578788494163 MB/s).
Processed 44000 documents (1428.7232673592555 docs/s, 0.001362536685332542 MB/s).
Processed 45000 documents (1457.262161524378 docs/s, 0.0013897534957164554 MB/s).
Processed 46000 documents (1485.296675637432 docs/s, 0.0014164892917990035 MB/s).
Processed 47000 documents (1513.163893336486 docs/s, 0.001443065541588293 MB/s).
Processed 48000 documents (1540.7710274857525 docs/s, 0.0014693937563760304 MB/s).
Processed 49000 documents (1568.4873401407413 docs/s, 0.0014958260919005787 MB/s).
Processed 50000 documents (1596.0603956318787 docs/s, 0.0015221218067473208 MB/s).
Processed 51000 documents (1623.37762700861 docs/s, 0.0015481735487066365 MB/s).
Processed 52000 documents (1649.522068590105 docs/s, 0.0015731068311596917 MB/s).
Processed 53000 documents (1676.343493828285 docs/s, 0.0015986857355387545 MB/s).
Processed 54000 documents (1701.6815152303604 docs/s, 0.0016228499557784657 MB/s).
Processed 55000 documents (1727.9306786510713 docs/s, 0.001647883108759948 MB/s).
Processed 56000 documents (1754.139955381948 docs/s, 0.0016728782228297692 MB/s).
Processed 57000 documents (1780.4970633065764 docs/s, 0.0016980143197122348 MB/s).
Processed 58000 documents (1806.573109648445 docs/s, 0.0017228823753818942 MB/s).
Processed 59000 documents (1831.5198200582972 docs/s, 0.0017466734123785946 MB/s).
Processed 60000 documents (1856.8311899766597 docs/s, 0.0017708122157827947 MB/s).
Processed 61000 documents (1882.236202970624 docs/s, 0.0017950403241831054 MB/s).
Processed 62000 documents (1907.9175097592577 docs/s, 0.0018195319268791749 MB/s).
Processed 63000 documents (1934.0271266762045 docs/s, 0.0018444319979440732 MB/s).
Processed 64000 documents (1958.9716208630712 docs/s, 0.001868220921385833 MB/s).
Processed 65000 documents (1984.2212820543668 docs/s, 0.0018923008747619313 MB/s).
Processed 66000 documents (2008.8598256523658 docs/s, 0.0019157980209849985 MB/s).
Processed 67000 documents (2033.3571198859472 docs/s, 0.001939160461317012 MB/s).
Processed 68000 documents (2058.165755125686 docs/s, 0.0019628198195702417 MB/s).
Processed 69000 documents (2081.6117575919834 docs/s, 0.0019851796699447474 MB/s).
Processed 70000 documents (2106.3710444231715 docs/s, 0.002008791965888187 MB/s).
Processed 71000 documents (2130.421852889414 docs/s, 0.0020317286042112483 MB/s).
Processed 72000 documents (2154.624913831738 docs/s, 0.002054810441810358 MB/s).
Processed 73000 documents (2178.998295219426 docs/s, 0.00207805470964377 MB/s).
Processed 74000 documents (2203.003333125131 docs/s, 0.0021009476977587997 MB/s).
Processed 75000 documents (2226.7191303271456 docs/s, 0.00212356484444346 MB/s).
Processed 76000 documents (2250.674029229586 docs/s, 0.0021464100162788256 MB/s).
Processed 77000 documents (2274.0046332008706 docs/s, 0.0021686598140724855 MB/s).
Processed 78000 documents (2296.7208951274615 docs/s, 0.0021903237296366325 MB/s).
Processed 79000 documents (2320.126542573361 docs/s, 0.0022126450944646462 MB/s).
Processed 80000 documents (2342.8397962628396 docs/s, 0.0022343061411503216 MB/s).
Processed 81000 documents (2366.51675206903 docs/s, 0.0022568862457933714 MB/s).
Processed 82000 documents (2388.9201889973815 docs/s, 0.0022782518281911674 MB/s).
Processed 83000 documents (2412.108973399422 docs/s, 0.0023003663763040754 MB/s).
Processed 84000 documents (2435.272108468781 docs/s, 0.002322456463307172 MB/s).
Processed 85000 documents (2457.440384955511 docs/s, 0.002343597779231559 MB/s).
Processed 86000 documents (2479.781815035946 docs/s, 0.0023649042272910555 MB/s).
Processed 87000 documents (2501.7522713374706 docs/s, 0.0023858568871855455 MB/s).
Processed 88000 documents (2523.434378865261 docs/s, 0.0024065345562603578 MB/s).
Processed 89000 documents (2545.7250595798037 docs/s, 0.0024277926059530293 MB/s).
Processed 90000 documents (2567.8688874485515 docs/s, 0.002448910605858375 MB/s).
Processed 91000 documents (2590.190314503028 docs/s, 0.0024701979775457648 MB/s).
Processed 92000 documents (2611.798878013951 docs/s, 0.0024908055095805653 MB/s).
Processed 93000 documents (2632.955482064032 docs/s, 0.002510982019485504 MB/s).
Processed 94000 documents (2654.3438749628826 docs/s, 0.002531379580462344 MB/s).
Processed 95000 documents (2675.9355686951917 docs/s, 0.002551971024222557 MB/s).
Processed 96000 documents (2696.9263721814696 docs/s, 0.0025719894143881507 MB/s).
Processed 97000 documents (2718.590204786514 docs/s, 0.0025926496551385058 MB/s).
Processed 98000 documents (2739.3129507319413 docs/s, 0.0026124124057120717 MB/s).
Processed 99000 documents (2760.0126191802888 docs/s, 0.0026321531478693855 MB/s).
Processed 100000 documents (2780.7728993874057 docs/s, 0.00265195169390431 MB/s).
Processed 101000 documents (2801.5673815733735 docs/s, 0.0026717828574880347 MB/s).
Processed 102000 documents (2822.855775700224 docs/s, 0.0026920850522043458 MB/s).
Processed 103000 documents (2843.2369086269205 docs/s, 0.002711522015215798 MB/s).
Processed 104000 documents (2864.307715150635 docs/s, 0.0027316167022234297 MB/s).
Processed 105000 documents (2884.4633818871853 docs/s, 0.0027508386439201215 MB/s).
Processed 106000 documents (2905.372703833443 docs/s, 0.002770779327233737 MB/s).
Processed 107000 documents (2925.416909878042 docs/s, 0.002789894971731226 MB/s).
Processed 108000 documents (2945.8996100564855 docs/s, 0.0028094287968220572 MB/s).
Processed 109000 documents (2965.1294270285475 docs/s, 0.002827767779377506 MB/s).
Processed 110000 documents (2984.798788073465 docs/s, 0.002846525943826165 MB/s).
Processed 111000 documents (3005.2820329198007 docs/s, 0.0028660602883527763 MB/s).
Processed 112000 documents (3023.476164133492 docs/s, 0.002883411564000599 MB/s).
Processed 113000 documents (3042.743635499567 docs/s, 0.0029017864565845175 MB/s).
Processed 114000 documents (3063.2115302416687 docs/s, 0.0029213061621109664 MB/s).
Processed 115000 documents (3082.8470152868435 docs/s, 0.0029400320198887287 MB/s).
Processed 116000 documents (3102.863756129208 docs/s, 0.0029591214715282517 MB/s).
Processed 117000 documents (3121.6339286578154 docs/s, 0.0029770221029832987 MB/s).
Processed 118000 documents (3140.646527073964 docs/s, 0.002995153929780926 MB/s).
Processed 119000 documents (3159.125299539465 docs/s, 0.003012776660479989 MB/s).
Processed 120000 documents (3178.854605429081 docs/s, 0.0030315919927874383 MB/s).
Processed 121000 documents (3198.144014362065 docs/s, 0.0030499878066654823 MB/s).
Processed 122000 documents (3215.591172609433 docs/s, 0.003066626713380273 MB/s).
Processed 123000 documents (3234.6057351414174 docs/s, 0.003084760413304727 MB/s).
Processed 124000 documents (3254.0913342847794 docs/s, 0.003103343328747539 MB/s).
Processed 125000 documents (3272.473544538604 docs/s, 0.003120873970545391 MB/s).
Processed 126000 documents (3290.6790837869817 docs/s, 0.003138236125742895 MB/s).
Processed 127000 documents (3309.7622471691484 docs/s, 0.0031564352485362514 MB/s).
Processed 128000 documents (3328.689461775941 docs/s, 0.0031744856469878586 MB/s).
Processed 129000 documents (3346.337778587619 docs/s, 0.003191316393458957 MB/s).
Processed 130000 documents (3364.1767685120676 docs/s, 0.0032083289799805332 MB/s).
Processed 131000 documents (3381.5242408150884 docs/s, 0.003224872818770493 MB/s).
Processed 132000 documents (3399.7272643783003 docs/s, 0.003242232574823666 MB/s).
Processed 133000 documents (3416.2142925591425 docs/s, 0.003257955830153601 MB/s).
Processed 134000 documents (3434.426311451406 docs/s, 0.0032753241648210583 MB/s).
Processed 135000 documents (3451.977868487109 docs/s, 0.0032920626339789476 MB/s).
Processed 136000 documents (3470.5936595557782 docs/s, 0.0033098160358007223 MB/s).
Processed 137000 documents (3487.9403698891947 docs/s, 0.0033263591479198405 MB/s).
Processed 138000 documents (3505.1248740883275 docs/s, 0.003342747568214729 MB/s).
Processed 139000 documents (3522.2195135012557 docs/s, 0.0033590502867710645 MB/s).
Processed 140000 documents (3539.5357487513456 docs/s, 0.003375564335585924 MB/s).
Processed 141000 documents (3557.2179893569805 docs/s, 0.0033924274343080335 MB/s).
Processed 142000 documents (3574.200564870089 docs/s, 0.0034086232804013145 MB/s).
Processed 143000 documents (3591.7998241831883 docs/s, 0.003425407241995991 MB/s).
Processed 144000 documents (3608.4355909003966 docs/s, 0.0034412723454479185 MB/s).
Processed 145000 documents (3624.6401115955177 docs/s, 0.003456726180644529 MB/s).
Processed 146000 documents (3640.949740235682 docs/s, 0.0034722802545887775 MB/s).
Processed 147000 documents (3656.8417487280735 docs/s, 0.0034874360549240814 MB/s).
Processed 148000 documents (3673.4752533172186 docs/s, 0.0035032990010425745 MB/s).
Processed 149000 documents (3689.8875333232404 docs/s, 0.0035189509709579853 MB/s).
Processed 150000 documents (3706.6136046425754 docs/s, 0.0035349021955896143 MB/s).
Processed 151000 documents (3722.8934764649543 docs/s, 0.003550427891221003 MB/s).
Processed 152000 documents (3740.066457444202 docs/s, 0.0035668053221170446 MB/s).
Processed 153000 documents (3755.8814551797955 docs/s, 0.003581887679271503 MB/s).
Processed 154000 documents (3772.187917328078 docs/s, 0.003597438733413771 MB/s).
Processed 155000 documents (3788.49158475277 docs/s, 0.0036129871222999287 MB/s).
Processed 156000 documents (3803.665128657526 docs/s, 0.003627457741410757 MB/s).
Processed 157000 documents (3819.610545223636 docs/s, 0.003642664475654255 MB/s).
Processed 158000 documents (3835.993176065416 docs/s, 0.0036582881699232252 MB/s).
Processed 159000 documents (3852.615551011111 docs/s, 0.0036741405019866096 MB/s).
Processed 160000 documents (3868.797031130254 docs/s, 0.0036895723639776743 MB/s).
Processed 161000 documents (3883.7724395106143 docs/s, 0.003703854026327719 MB/s).
Processed 162000 documents (3899.155700371177 docs/s, 0.003718524647113015 MB/s).
Processed 163000 documents (3914.143130134192 docs/s, 0.003732817773946945 MB/s).
Processed 164000 documents (3930.028940309393 docs/s, 0.0037479676631063394 MB/s).
Processed 165000 documents (3945.5799486364353 docs/s, 0.0037627982603420595 MB/s).
Processed 166000 documents (3961.9692991087086 docs/s, 0.003778428362950047 MB/s).
Processed 167000 documents (3977.06702552712 docs/s, 0.0037928266768714144 MB/s).
Processed 168000 documents (3991.57752716755 docs/s, 0.0038066649696040632 MB/s).
Processed 169000 documents (4007.0506579648004 docs/s, 0.0038214212970397953 MB/s).
Processed 170000 documents (4021.4317788432163 docs/s, 0.0038351362026626742 MB/s).
Processed 171000 documents (4036.400621412091 docs/s, 0.0038494116033669385 MB/s).
Processed 172000 documents (4051.2504143865053 docs/s, 0.0038635734695305875 MB/s).
Processed 173000 documents (4066.319439708315 docs/s, 0.0038779444119532726 MB/s).
Processed 174000 documents (4080.617686383617 docs/s, 0.0038915802825771496 MB/s).
Processed 175000 documents (4096.917942814296 docs/s, 0.003907125418485924 MB/s).
Processed 176000 documents (4112.688239343799 docs/s, 0.0039221651452482215 MB/s).
Processed 177000 documents (4126.460604750591 docs/s, 0.003935299496412841 MB/s).
Processed 178000 documents (4141.204108277362 docs/s, 0.0039493599970601674 MB/s).
Processed 179000 documents (4156.7119971218945 docs/s, 0.003964149472352881 MB/s).
Processed 180000 documents (4170.996840411058 docs/s, 0.003977772560511644 MB/s).
Processed 181000 documents (4185.142976370431 docs/s, 0.003991263367052489 MB/s).
Processed 182000 documents (4198.807035983145 docs/s, 0.004004294429762979 MB/s).
Processed 183000 documents (4212.801166801771 docs/s, 0.004017640272905131 MB/s).
Processed 184000 documents (4227.282454840604 docs/s, 0.004031450705376248 MB/s).
Processed 185000 documents (4242.362050601381 docs/s, 0.004045831728555089 MB/s).
Processed 186000 documents (4255.761520762649 docs/s, 0.004058610459101342 MB/s).
Processed 187000 documents (4270.527480306681 docs/s, 0.00407269237547558 MB/s).
Processed 188000 documents (4284.951906874662 docs/s, 0.004086448580622351 MB/s).
Processed 189000 documents (4298.379572947831 docs/s, 0.004099254200885611 MB/s).
Processed 190000 documents (4312.938221072401 docs/s, 0.00411313840968361 MB/s).
Processed 191000 documents (4326.2866380358755 docs/s, 0.004125868452106357 MB/s).
Processed 192000 documents (4339.190240115947 docs/s, 0.004138174285999247 MB/s).
Processed 193000 documents (4352.299905785554 docs/s, 0.0041506766374450246 MB/s).
Processed 194000 documents (4366.116256104686 docs/s, 0.004163852935890852 MB/s).
Processed 195000 documents (4380.405341212475 docs/s, 0.004177480069363093 MB/s).
Processed 196000 documents (4393.664744446722 docs/s, 0.004190125221678468 MB/s).
Processed 197000 documents (4405.454316996644 docs/s, 0.004201368634220737 MB/s).
Processed 198000 documents (4418.98703890317 docs/s, 0.00421427444353406 MB/s).
Processed 199000 documents (4433.015773369104 docs/s, 0.004227653287285904 MB/s).
Processed 200000 documents (4446.255137946463 docs/s, 0.00424027932924887 MB/s).
Processed 201000 documents (4459.203918358974 docs/s, 0.004252628248557066 MB/s).
Processed 202000 documents (4472.270606971818 docs/s, 0.004265089613887613 MB/s).
Processed 203000 documents (4486.183141474196 docs/s, 0.004278357640718647 MB/s).
Processed 204000 documents (4499.585124184793 docs/s, 0.004291138767418664 MB/s).
Processed 205000 documents (4514.073762841685 docs/s, 0.004304956209985432 MB/s).
Processed 206000 documents (4527.425246403684 docs/s, 0.004317689176944431 MB/s).
Processed 207000 documents (4539.982856618039 docs/s, 0.004329665047281302 MB/s).
Processed 208000 documents (4552.638095256236 docs/s, 0.004341734023338543 MB/s).
Processed 209000 documents (4564.830054230852 docs/s, 0.0043533611814793125 MB/s).
Processed 210000 documents (4578.586748012121 docs/s, 0.004366480587017174 MB/s).
Processed 211000 documents (4591.218875504279 docs/s, 0.004378527522568015 MB/s).
Processed 212000 documents (4604.012820617371 docs/s, 0.0043907287794278825 MB/s).
Processed 213000 documents (4617.133236518183 docs/s, 0.004403241383093055 MB/s).
Processed 214000 documents (4629.8230372178 docs/s, 0.004415343320100594 MB/s).
Processed 215000 documents (4641.9417267307 docs/s, 0.004426900603037548 MB/s).
Processed 216000 documents (4654.185538240058 docs/s, 0.004438577211608942 MB/s).
Processed 217000 documents (4666.393600227195 docs/s, 0.00445021972677917 MB/s).
Processed 218000 documents (4678.340303094255 docs/s, 0.0044616129904692225 MB/s).
Processed 219000 documents (4692.066862247995 docs/s, 0.004474703657386775 MB/s).
Processed 220000 documents (4705.394640628406 docs/s, 0.004487414017322927 MB/s).
Processed 221000 documents (4716.553235183554 docs/s, 0.004498055682357362 MB/s).
Processed 222000 documents (4729.018126974909 docs/s, 0.004509943129515561 MB/s).
Processed 223000 documents (4740.248446788197 docs/s, 0.004520653197086522 MB/s).
Processed 224000 documents (4752.5739700323475 docs/s, 0.004532407732040737 MB/s).
Processed 225000 documents (4764.681935711209 docs/s, 0.004543954787932595 MB/s).
Processed 226000 documents (4776.091930783177 docs/s, 0.004554836207183053 MB/s).
Processed 227000 documents (4788.491883704306 docs/s, 0.00456666172380858 MB/s).
Processed 228000 documents (4799.878382501728 docs/s, 0.0045775207352654725 MB/s).
Processed 229000 documents (4812.659815295136 docs/s, 0.004589710059447418 MB/s).
Processed 230000 documents (4824.308761147273 docs/s, 0.004600819359919808 MB/s).
Processed 231000 documents (4836.736754481318 docs/s, 0.004612671617966955 MB/s).
Processed 232000 documents (4847.91037225066 docs/s, 0.004623327610254917 MB/s).
Processed 233000 documents (4859.471359549119 docs/s, 0.004634353026913757 MB/s).
Processed 234000 documents (4871.06026099851 docs/s, 0.004645405064581404 MB/s).
Processed 235000 documents (4882.426089959563 docs/s, 0.004656244363746226 MB/s).
Processed 236000 documents (4892.216856567286 docs/s, 0.00466558156639794 MB/s).
Processed 237000 documents (4903.035821231234 docs/s, 0.004675899335128054 MB/s).
Processed 238000 documents (4914.696471084207 docs/s, 0.00468701979740544 MB/s).
Processed 239000 documents (4925.8706721741455 docs/s, 0.004697676345991273 MB/s).
Processed 240000 documents (4937.26114371799 docs/s, 0.0047085391461543944 MB/s).
Processed 241000 documents (4948.659866059135 docs/s, 0.0047194098148909906 MB/s).
Processed 242000 documents (4960.3314498304335 docs/s, 0.004730540704565462 MB/s).
Processed 243000 documents (4972.142857020897 docs/s, 0.004741804940243623 MB/s).
Processed 244000 documents (4982.147721674428 docs/s, 0.004751346322702816 MB/s).
Processed 245000 documents (4993.350626532788 docs/s, 0.004762030245335377 MB/s).
Processed 246000 documents (5004.565611705289 docs/s, 0.0047727256886532675 MB/s).
Processed 247000 documents (5015.104074221247 docs/s, 0.004782775949689147 MB/s).
Processed 248000 documents (5026.5519250388115 docs/s, 0.004793693470991909 MB/s).
Processed 249000 documents (5038.125885049226 docs/s, 0.004804731259392954 MB/s).
Processed 250000 documents (5047.66858515839 docs/s, 0.0048138318873962305 MB/s).
Opening /fsx/loubna/data/stack_march_no_pii_json/groovy
Input is not a jsonl file, will try to load from HF datasets
Vocab size: 49152
Output prefix: /fsx/loubna/data/tokenized_stack_no_pii/code/groovy/gpt2-preprocessed
Time to startup: 0.9171159267425537
END TIME: Wed Mar 29 01:07:26 UTC 2023
