START TIME: Wed Mar 29 01:06:11 UTC 2023
FULL_OUT_PATH is: /fsx/loubna/data/tokenized_stack_no_pii/code/haskell
/fsx/loubna/code/Megatron-LM/tools/preprocess_data.py --input /fsx/loubna/data/stack_march_no_pii_json/haskell --output-prefix /fsx/loubna/data/tokenized_stack_no_pii/code/haskell/gpt2-preprocessed --tokenizer-type TokenizerFromFile --tokenizer-file /fsx/loubna/data/tokenizer/tokenizer-the-stack-march-sample-v3-no-prefix-spaces/tokenizer.json --dataset-impl mmap --append-eod --json-keys content --workers 64 --chunk-size 100 --log-interval 1000
[H[2J[3J> building TokenizerFromFile tokenizer ...
 > padded vocab (size: 49152) with 0 dummy tokens (new size: 49152)
> building TokenizerFromFile tokenizer ...
> building TokenizerFromFile tokenizer ...
> building TokenizerFromFile tokenizer ...
> building TokenizerFromFile tokenizer ...
> building TokenizerFromFile tokenizer ...
> building TokenizerFromFile tokenizer ...
> building TokenizerFromFile tokenizer ...
> building TokenizerFromFile tokenizer ...
> building TokenizerFromFile tokenizer ...
> building TokenizerFromFile tokenizer ...
> building TokenizerFromFile tokenizer ...
> building TokenizerFromFile tokenizer ...
> building TokenizerFromFile tokenizer ...
> building TokenizerFromFile tokenizer ...
> building TokenizerFromFile tokenizer ...
> building TokenizerFromFile tokenizer ...
 > padded vocab (size: 49152) with 0 dummy tokens (new size: 49152)
> building TokenizerFromFile tokenizer ...
 > padded vocab (size: 49152) with 0 dummy tokens (new size: 49152)
> building TokenizerFromFile tokenizer ...
 > padded vocab (size: 49152) with 0 dummy tokens (new size: 49152)
 > padded vocab (size: 49152) with 0 dummy tokens (new size: 49152)
> building TokenizerFromFile tokenizer ...
 > padded vocab (size: 49152) with 0 dummy tokens (new size: 49152)
> building TokenizerFromFile tokenizer ...
 > padded vocab (size: 49152) with 0 dummy tokens (new size: 49152)
 > padded vocab (size: 49152) with 0 dummy tokens (new size: 49152)
> building TokenizerFromFile tokenizer ...
 > padded vocab (size: 49152) with 0 dummy tokens (new size: 49152)
> building TokenizerFromFile tokenizer ...
 > padded vocab (size: 49152) with 0 dummy tokens (new size: 49152)
> building TokenizerFromFile tokenizer ...
 > padded vocab (size: 49152) with 0 dummy tokens (new size: 49152)
 > padded vocab (size: 49152) with 0 dummy tokens (new size: 49152)
> building TokenizerFromFile tokenizer ...
 > padded vocab (size: 49152) with 0 dummy tokens (new size: 49152)
> building TokenizerFromFile tokenizer ...
> building TokenizerFromFile tokenizer ...
> building TokenizerFromFile tokenizer ...
> building TokenizerFromFile tokenizer ...
 > padded vocab (size: 49152) with 0 dummy tokens (new size: 49152)
> building TokenizerFromFile tokenizer ...
 > padded vocab (size: 49152) with 0 dummy tokens (new size: 49152)
> building TokenizerFromFile tokenizer ...
 > padded vocab (size: 49152) with 0 dummy tokens (new size: 49152)
> building TokenizerFromFile tokenizer ...
 > padded vocab (size: 49152) with 0 dummy tokens (new size: 49152)
> building TokenizerFromFile tokenizer ...
 > padded vocab (size: 49152) with 0 dummy tokens (new size: 49152)
> building TokenizerFromFile tokenizer ...
> building TokenizerFromFile tokenizer ...
 > padded vocab (size: 49152) with 0 dummy tokens (new size: 49152)
 > padded vocab (size: 49152) with 0 dummy tokens (new size: 49152)
> building TokenizerFromFile tokenizer ...
 > padded vocab (size: 49152) with 0 dummy tokens (new size: 49152)
> building TokenizerFromFile tokenizer ...
 > padded vocab (size: 49152) with 0 dummy tokens (new size: 49152)
> building TokenizerFromFile tokenizer ...
 > padded vocab (size: 49152) with 0 dummy tokens (new size: 49152)
> building TokenizerFromFile tokenizer ...
 > padded vocab (size: 49152) with 0 dummy tokens (new size: 49152)
> building TokenizerFromFile tokenizer ...
 > padded vocab (size: 49152) with 0 dummy tokens (new size: 49152)
> building TokenizerFromFile tokenizer ...
 > padded vocab (size: 49152) with 0 dummy tokens (new size: 49152)
> building TokenizerFromFile tokenizer ...
 > padded vocab (size: 49152) with 0 dummy tokens (new size: 49152)
> building TokenizerFromFile tokenizer ...
 > padded vocab (size: 49152) with 0 dummy tokens (new size: 49152)
> building TokenizerFromFile tokenizer ...
 > padded vocab (size: 49152) with 0 dummy tokens (new size: 49152)
> building TokenizerFromFile tokenizer ...
 > padded vocab (size: 49152) with 0 dummy tokens (new size: 49152)
 > padded vocab (size: 49152) with 0 dummy tokens (new size: 49152)
 > padded vocab (size: 49152) with 0 dummy tokens (new size: 49152)
 > padded vocab (size: 49152) with 0 dummy tokens (new size: 49152)
> building TokenizerFromFile tokenizer ...
 > padded vocab (size: 49152) with 0 dummy tokens (new size: 49152)
> building TokenizerFromFile tokenizer ...
 > padded vocab (size: 49152) with 0 dummy tokens (new size: 49152)
> building TokenizerFromFile tokenizer ...
 > padded vocab (size: 49152) with 0 dummy tokens (new size: 49152)
> building TokenizerFromFile tokenizer ...
 > padded vocab (size: 49152) with 0 dummy tokens (new size: 49152)
> building TokenizerFromFile tokenizer ...
 > padded vocab (size: 49152) with 0 dummy tokens (new size: 49152)
> building TokenizerFromFile tokenizer ...
 > padded vocab (size: 49152) with 0 dummy tokens (new size: 49152)
> building TokenizerFromFile tokenizer ...
 > padded vocab (size: 49152) with 0 dummy tokens (new size: 49152)
> building TokenizerFromFile tokenizer ...
 > padded vocab (size: 49152) with 0 dummy tokens (new size: 49152)
> building TokenizerFromFile tokenizer ...
 > padded vocab (size: 49152) with 0 dummy tokens (new size: 49152)
> building TokenizerFromFile tokenizer ...
 > padded vocab (size: 49152) with 0 dummy tokens (new size: 49152)
> building TokenizerFromFile tokenizer ...
 > padded vocab (size: 49152) with 0 dummy tokens (new size: 49152)
> building TokenizerFromFile tokenizer ...
 > padded vocab (size: 49152) with 0 dummy tokens (new size: 49152)
> building TokenizerFromFile tokenizer ...
> building TokenizerFromFile tokenizer ...
 > padded vocab (size: 49152) with 0 dummy tokens (new size: 49152)
> building TokenizerFromFile tokenizer ...
 > padded vocab (size: 49152) with 0 dummy tokens (new size: 49152)
> building TokenizerFromFile tokenizer ...
 > padded vocab (size: 49152) with 0 dummy tokens (new size: 49152)
> building TokenizerFromFile tokenizer ...
> building TokenizerFromFile tokenizer ...
> building TokenizerFromFile tokenizer ...
 > padded vocab (size: 49152) with 0 dummy tokens (new size: 49152)
> building TokenizerFromFile tokenizer ...
 > padded vocab (size: 49152) with 0 dummy tokens (new size: 49152)
 > padded vocab (size: 49152) with 0 dummy tokens (new size: 49152)
 > padded vocab (size: 49152) with 0 dummy tokens (new size: 49152)
 > padded vocab (size: 49152) with 0 dummy tokens (new size: 49152)
 > padded vocab (size: 49152) with 0 dummy tokens (new size: 49152)
 > padded vocab (size: 49152) with 0 dummy tokens (new size: 49152)
 > padded vocab (size: 49152) with 0 dummy tokens (new size: 49152)
 > padded vocab (size: 49152) with 0 dummy tokens (new size: 49152)
 > padded vocab (size: 49152) with 0 dummy tokens (new size: 49152)
 > padded vocab (size: 49152) with 0 dummy tokens (new size: 49152)
 > padded vocab (size: 49152) with 0 dummy tokens (new size: 49152)
 > padded vocab (size: 49152) with 0 dummy tokens (new size: 49152)
 > padded vocab (size: 49152) with 0 dummy tokens (new size: 49152)
 > padded vocab (size: 49152) with 0 dummy tokens (new size: 49152)
 > padded vocab (size: 49152) with 0 dummy tokens (new size: 49152)
 > padded vocab (size: 49152) with 0 dummy tokens (new size: 49152)
Processed 1000 documents (596.1934796171049 docs/s, 0.0005685744091197061 MB/s).
Processed 2000 documents (854.4337958057349 docs/s, 0.0008148515661294316 MB/s).
Processed 3000 documents (1025.8313527331468 docs/s, 0.0009783090140658825 MB/s).
Processed 4000 documents (1156.2263853432326 docs/s, 0.0011026634076530767 MB/s).
Processed 5000 documents (1099.54450593711 docs/s, 0.0010486073550578213 MB/s).
Processed 6000 documents (1150.0951373796559 docs/s, 0.0010968161939426955 MB/s).
Processed 7000 documents (1191.0967689693707 docs/s, 0.0011359183969205577 MB/s).
Processed 8000 documents (1242.1412827377605 docs/s, 0.0011845982386949163 MB/s).
Processed 9000 documents (1274.5607556186799 docs/s, 0.001215515857332878 MB/s).
Processed 10000 documents (1149.6569424543293 docs/s, 0.001096398298696832 MB/s).
Processed 11000 documents (1190.7271751249123 docs/s, 0.0011355659247635958 MB/s).
Processed 12000 documents (1230.9588060271521 docs/s, 0.001173933797862198 MB/s).
Processed 13000 documents (1268.3899549549728 docs/s, 0.001209630923228238 MB/s).
Processed 14000 documents (1301.3369538946217 docs/s, 0.001241051629919645 MB/s).
Processed 15000 documents (1319.0228918689486 docs/s, 0.0012579182547273146 MB/s).
Processed 16000 documents (1256.5816520768908 docs/s, 0.0011983696480530651 MB/s).
Processed 17000 documents (1284.757831025851 docs/s, 0.0012252405462511548 MB/s).
Processed 18000 documents (1290.7606719306161 docs/s, 0.0012309653014475023 MB/s).
Processed 19000 documents (1300.777184396767 docs/s, 0.0012405177921264335 MB/s).
Processed 20000 documents (1317.5342459470933 docs/s, 0.0012564985713454182 MB/s).
Processed 21000 documents (1326.8257693748255 docs/s, 0.0012653596585987335 MB/s).
Processed 22000 documents (1122.0042961571207 docs/s, 0.0010700266801425178 MB/s).
Processed 23000 documents (1152.3616343781246 docs/s, 0.001098977693918347 MB/s).
Processed 24000 documents (1180.5347199185712 docs/s, 0.0011258456420121872 MB/s).
Processed 25000 documents (1194.785021168552 docs/s, 0.0011394357883153458 MB/s).
Processed 26000 documents (1211.0565388170883 docs/s, 0.0011549535167857058 MB/s).
Processed 27000 documents (1236.339686647211 docs/s, 0.0011790654055091963 MB/s).
Processed 28000 documents (1245.2053679186768 docs/s, 0.001187520378035237 MB/s).
Processed 29000 documents (1254.1347250711567 docs/s, 0.0011960360766135757 MB/s).
Processed 30000 documents (1266.2357657923035 docs/s, 0.0012075765283511195 MB/s).
Processed 31000 documents (1278.2163498303248 docs/s, 0.0012190021036437271 MB/s).
Processed 32000 documents (1044.4867365059476 docs/s, 0.0009961001744327046 MB/s).
Processed 33000 documents (1063.2438026724676 docs/s, 0.0010139883066868473 MB/s).
Processed 34000 documents (1079.9302174949464 docs/s, 0.001029901711935946 MB/s).
Processed 35000 documents (1097.2329356020803 docs/s, 0.0010464028697987368 MB/s).
Processed 36000 documents (1118.5122938728564 docs/s, 0.001066696447251183 MB/s).
Processed 37000 documents (1134.906895206728 docs/s, 0.001082331557471016 MB/s).
Processed 38000 documents (1148.0791597129517 docs/s, 0.001094893607819511 MB/s).
Processed 39000 documents (1156.4884895506664 docs/s, 0.0011029133697039283 MB/s).
Processed 40000 documents (1168.9546259141132 docs/s, 0.0011148020037785656 MB/s).
Processed 41000 documents (1180.0766628477795 docs/s, 0.0011254088047483249 MB/s).
Processed 42000 documents (1189.7835804178956 docs/s, 0.0011346660427264171 MB/s).
Processed 43000 documents (1200.8330264365195 docs/s, 0.001145203615604896 MB/s).
Processed 44000 documents (1079.9849886553206 docs/s, 0.0010299539457848746 MB/s).
Processed 45000 documents (1093.6623519783464 docs/s, 0.001042997695902201 MB/s).
Processed 46000 documents (1104.582460947959 docs/s, 0.001053411923358878 MB/s).
Processed 47000 documents (1115.9265351286856 docs/s, 0.0010642304755484444 MB/s).
Processed 48000 documents (1127.9263027269303 docs/s, 0.0010756743457097343 MB/s).
Processed 49000 documents (1140.4013050923807 docs/s, 0.0010875714350627715 MB/s).
Processed 50000 documents (1150.8326480146952 docs/s, 0.001097519538893409 MB/s).
Processed 51000 documents (1166.5950770511631 docs/s, 0.0011125517626296645 MB/s).
Processed 52000 documents (1179.8404416189546 docs/s, 0.0011251835266294047 MB/s).
Processed 53000 documents (1187.803210316841 docs/s, 0.0011327774146240625 MB/s).
Processed 54000 documents (1198.2399218312992 docs/s, 0.0011427306383431427 MB/s).
Processed 55000 documents (1210.4087756886142 docs/s, 0.0011543357617269652 MB/s).
Processed 56000 documents (1222.8483681610533 docs/s, 0.0011661990815744908 MB/s).
Processed 57000 documents (1234.2635510942616 docs/s, 0.0011770854483549706 MB/s).
Processed 58000 documents (1241.5462157384948 docs/s, 0.0011840307385811756 MB/s).
Processed 59000 documents (1249.7123525672448 docs/s, 0.0011918185735390137 MB/s).
Processed 60000 documents (1138.8045883819364 docs/s, 0.001086048687345444 MB/s).
Processed 61000 documents (1151.4413535188364 docs/s, 0.0010981000456989636 MB/s).
Processed 62000 documents (1162.817320561955 docs/s, 0.0011089490132922698 MB/s).
Processed 63000 documents (1174.0095674787049 docs/s, 0.001119622771719651 MB/s).
Processed 64000 documents (1182.5770690160296 docs/s, 0.0011277933778915687 MB/s).
Processed 65000 documents (1187.0969661174631 docs/s, 0.001132103887670005 MB/s).
Processed 66000 documents (1193.1350134595955 docs/s, 0.0011378622183414416 MB/s).
Processed 67000 documents (1198.2843991586035 docs/s, 0.0011427730552278552 MB/s).
Processed 68000 documents (1205.3122325726652 docs/s, 0.0011494753194548275 MB/s).
Processed 69000 documents (1214.4347406239317 docs/s, 0.0011581752210845296 MB/s).
Processed 70000 documents (1226.0673254770404 docs/s, 0.0011692689184923557 MB/s).
Processed 71000 documents (1235.1121324250958 docs/s, 0.001177894718575569 MB/s).
Processed 72000 documents (1242.6137327750996 docs/s, 0.0011850488021613117 MB/s).
Processed 73000 documents (1249.5598441023828 docs/s, 0.0011916731301330403 MB/s).
Processed 74000 documents (1255.6062506192754 docs/s, 0.0011974394327347521 MB/s).
Processed 75000 documents (1264.4794562425768 docs/s, 0.0012059015810418862 MB/s).
Processed 76000 documents (1273.1841035267803 docs/s, 0.0012142029795902064 MB/s).
Processed 77000 documents (1279.53138104383 docs/s, 0.0012202562151373195 MB/s).
Processed 78000 documents (1184.3033126982657 docs/s, 0.0011294396521551759 MB/s).
Processed 79000 documents (1193.1855371371914 docs/s, 0.0011379104014751353 MB/s).
Processed 80000 documents (1199.132478810858 docs/s, 0.001143581847010477 MB/s).
Processed 81000 documents (1205.2425517533848 docs/s, 0.0011494088666471336 MB/s).
Processed 82000 documents (1214.3471473675518 docs/s, 0.0011580916856456297 MB/s).
Processed 83000 documents (1219.7315402545003 docs/s, 0.001163226642851353 MB/s).
Processed 84000 documents (1226.9139749318595 docs/s, 0.001170076346332416 MB/s).
Processed 85000 documents (1229.330709581158 docs/s, 0.0011723811240970212 MB/s).
Processed 86000 documents (1234.4544909589429 docs/s, 0.0011772675427998952 MB/s).
Processed 87000 documents (1241.8852027291791 docs/s, 0.001184354021767787 MB/s).
Processed 88000 documents (1246.874659755942 docs/s, 0.0011891123387870236 MB/s).
Processed 89000 documents (1253.548664829648 docs/s, 0.001195477166013382 MB/s).
Processed 90000 documents (1261.6583390083122 docs/s, 0.001203211153991997 MB/s).
Processed 91000 documents (1266.730793914455 docs/s, 0.0012080486239571143 MB/s).
Processed 92000 documents (1270.9696765000888 docs/s, 0.0012120911374092949 MB/s).
Processed 93000 documents (1277.6840283148497 docs/s, 0.001218494442286348 MB/s).
Processed 94000 documents (1283.4476630515862 docs/s, 0.0012239910727039206 MB/s).
Processed 95000 documents (1287.2702093373252 docs/s, 0.001227636536919904 MB/s).
Processed 96000 documents (1292.3882841391567 docs/s, 0.0012325175134078566 MB/s).
Processed 97000 documents (1296.7524429798716 docs/s, 0.0012366794996069637 MB/s).
Processed 98000 documents (1305.0884061933555 docs/s, 0.0012446292936261706 MB/s).
Processed 99000 documents (1190.0029356299196 docs/s, 0.0011348752361582943 MB/s).
Processed 100000 documents (1194.5113442243721 docs/s, 0.0011391747896426889 MB/s).
Processed 101000 documents (1199.0869321324474 docs/s, 0.0011435384103130792 MB/s).
Processed 102000 documents (1204.2880884929446 docs/s, 0.0011484986195496984 MB/s).
Processed 103000 documents (1208.5356556435684 docs/s, 0.0011525494152484592 MB/s).
Processed 104000 documents (1215.9829069128289 docs/s, 0.0011596516675117768 MB/s).
Processed 105000 documents (1220.0531110850245 docs/s, 0.0011635333166933293 MB/s).
Processed 106000 documents (1226.1245150665313 docs/s, 0.001169323458735019 MB/s).
Processed 107000 documents (1230.8108156020432 docs/s, 0.0011737926631946976 MB/s).
Processed 108000 documents (1233.3237226154884 docs/s, 0.0011761891580729373 MB/s).
Processed 109000 documents (1240.9441442705204 docs/s, 0.0011834565584855274 MB/s).
Processed 110000 documents (1245.2173976503677 docs/s, 0.001187531850481384 MB/s).
Processed 111000 documents (1251.001623682061 docs/s, 0.0011930481182880984 MB/s).
Processed 112000 documents (1257.2187609664265 docs/s, 0.0011989772424377695 MB/s).
Processed 113000 documents (1263.457409141642 docs/s, 0.0012049268809715672 MB/s).
Processed 114000 documents (1269.401637835152 docs/s, 0.0012105957392074128 MB/s).
Processed 115000 documents (1274.6621257161057 docs/s, 0.0012156125313912446 MB/s).
Processed 116000 documents (1279.5627302487908 docs/s, 0.0012202861120689304 MB/s).
Processed 117000 documents (1285.379458083581 docs/s, 0.0012258333760104953 MB/s).
Processed 118000 documents (1291.2617556937334 docs/s, 0.0012314431721627554 MB/s).
Processed 119000 documents (1297.6095939706238 docs/s, 0.0012374969424921263 MB/s).
Processed 120000 documents (1302.1918236663257 docs/s, 0.0012418668972647912 MB/s).
Processed 121000 documents (1305.5855924614193 docs/s, 0.001245103447400493 MB/s).
Processed 122000 documents (1311.8928469908874 docs/s, 0.0012511185140522837 MB/s).
Processed 123000 documents (1319.4086073735964 docs/s, 0.0012582861016975368 MB/s).
Processed 124000 documents (1327.8631482801059 docs/s, 0.001266348980217081 MB/s).
Processed 125000 documents (1336.7317232657135 docs/s, 0.001274806712403978 MB/s).
Processed 126000 documents (1345.7738130929852 docs/s, 0.001283429921238885 MB/s).
Processed 127000 documents (1354.6544229079716 docs/s, 0.001291899130733463 MB/s).
Processed 128000 documents (1363.5627712656558 docs/s, 0.0013003947937637861 MB/s).
Processed 129000 documents (1372.704815137253 docs/s, 0.0013091133262035876 MB/s).
Processed 130000 documents (1381.1543953724586 docs/s, 0.001317171473858317 MB/s).
Processed 131000 documents (1389.9245205534332 docs/s, 0.0013255353169950802 MB/s).
Processed 132000 documents (1399.058907897317 docs/s, 0.0013342465476010486 MB/s).
Processed 133000 documents (1408.0636163316585 docs/s, 0.0013428341067616067 MB/s).
Processed 134000 documents (1416.7171839110458 docs/s, 0.0013510867919073542 MB/s).
Processed 135000 documents (1425.7363349492791 docs/s, 0.001359688124608306 MB/s).
Processed 136000 documents (1434.6041033769623 docs/s, 0.0013681450876016257 MB/s).
Processed 137000 documents (1443.3051121573367 docs/s, 0.001376443016202294 MB/s).
Processed 138000 documents (1452.3310484335636 docs/s, 0.0013850508198104512 MB/s).
Processed 139000 documents (1461.0385066006154 docs/s, 0.0013933548990255503 MB/s).
Processed 140000 documents (1470.0602652984564 docs/s, 0.001401958718584496 MB/s).
Processed 141000 documents (1478.9757333006387 docs/s, 0.001410461171436919 MB/s).
Processed 142000 documents (1487.2708862494212 docs/s, 0.0014183720457548344 MB/s).
Processed 143000 documents (1495.9209278645615 docs/s, 0.0014266213682790389 MB/s).
Processed 144000 documents (1504.6268488531518 docs/s, 0.0014349239815265196 MB/s).
Processed 145000 documents (1513.208038962493 docs/s, 0.0014431076421379976 MB/s).
Processed 146000 documents (1521.9392204709982 docs/s, 0.0014514343456945402 MB/s).
Processed 147000 documents (1530.7579069479475 docs/s, 0.0014598445004920459 MB/s).
Processed 148000 documents (1539.1300139245377 docs/s, 0.0014678287638898255 MB/s).
Processed 149000 documents (1547.9545734296719 docs/s, 0.0014762445196434707 MB/s).
Processed 150000 documents (1556.5273543046621 docs/s, 0.0014844201605841276 MB/s).
Processed 151000 documents (1564.7038067052565 docs/s, 0.0014922178332378926 MB/s).
Processed 152000 documents (1573.364622368009 docs/s, 0.0015004774306945886 MB/s).
Processed 153000 documents (1582.1065930400073 docs/s, 0.0015088144235992501 MB/s).
Processed 154000 documents (1590.254245959341 docs/s, 0.001516584630927411 MB/s).
Processed 155000 documents (1598.747040271756 docs/s, 0.0015246839907376824 MB/s).
Processed 156000 documents (1607.2330285842963 docs/s, 0.0015327768598406757 MB/s).
Processed 157000 documents (1615.5842776326983 docs/s, 0.0015407412315680488 MB/s).
Processed 158000 documents (1624.1835034833969 docs/s, 0.0015489420924028367 MB/s).
Processed 159000 documents (1632.5206076204693 docs/s, 0.001556892974491567 MB/s).
Processed 160000 documents (1641.0888696235993 docs/s, 0.0015650643059001916 MB/s).
Processed 161000 documents (1649.7754087862788 docs/s, 0.0015733484351980961 MB/s).
Processed 162000 documents (1657.6953912853853 docs/s, 0.001580901519093881 MB/s).
Processed 163000 documents (1666.099474732304 docs/s, 0.0015889162776301423 MB/s).
Processed 164000 documents (1674.670472935176 docs/s, 0.0015970902184821853 MB/s).
Processed 165000 documents (1682.8015147476367 docs/s, 0.0016048445842243545 MB/s).
Processed 166000 documents (1690.8418030891216 docs/s, 0.0016125124007121292 MB/s).
Processed 167000 documents (1699.1839126374425 docs/s, 0.0016204680563330102 MB/s).
Processed 168000 documents (1707.0631294455939 docs/s, 0.0016279822630363406 MB/s).
Processed 169000 documents (1715.5594264830982 docs/s, 0.001636084963305567 MB/s).
Processed 170000 documents (1723.5942790215809 docs/s, 0.0016437475958076295 MB/s).
Processed 171000 documents (1731.3176334663624 docs/s, 0.0016511131605781197 MB/s).
Processed 172000 documents (1739.5771232982293 docs/s, 0.0016589900238973897 MB/s).
Processed 173000 documents (1747.6882861484125 docs/s, 0.001666725431583798 MB/s).
Processed 174000 documents (1755.8192410407703 docs/s, 0.0016744797144324973 MB/s).
Processed 175000 documents (1763.922017655182 docs/s, 0.0016822071243812388 MB/s).
Processed 176000 documents (1771.813017544654 docs/s, 0.001689732568306593 MB/s).
Processed 177000 documents (1779.795515349122 docs/s, 0.0016973452714434834 MB/s).
Processed 178000 documents (1788.0737144586196 docs/s, 0.0017052399773203083 MB/s).
Processed 179000 documents (1795.7227299349292 docs/s, 0.0017125346469258587 MB/s).
Processed 180000 documents (1803.7835251202494 docs/s, 0.0017202220202639097 MB/s).
Processed 181000 documents (1812.0261295377393 docs/s, 0.0017280827803971665 MB/s).
Processed 182000 documents (1819.9872167531478 docs/s, 0.0017356750648051718 MB/s).
Processed 183000 documents (1827.9375786492956 docs/s, 0.0017432571207516628 MB/s).
Processed 184000 documents (1835.546754170919 docs/s, 0.0017505137960156622 MB/s).
Processed 185000 documents (1843.4240503662904 docs/s, 0.0017580261710799126 MB/s).
Processed 186000 documents (1851.512450419318 docs/s, 0.0017657398704713039 MB/s).
Processed 187000 documents (1859.147822801858 docs/s, 0.00177302152900873 MB/s).
Processed 188000 documents (1867.0305488724107 docs/s, 0.001780539082405482 MB/s).
Processed 189000 documents (1875.2042666132854 docs/s, 0.0017883341470845083 MB/s).
Processed 190000 documents (1882.6831380374438 docs/s, 0.0017954665546774328 MB/s).
Processed 191000 documents (1890.3376141217811 docs/s, 0.0018027664319246112 MB/s).
Processed 192000 documents (1897.5472549503925 docs/s, 0.0018096420812133717 MB/s).
Processed 193000 documents (1904.9643602996382 docs/s, 0.0018167155840870268 MB/s).
Processed 194000 documents (1912.9818154921245 docs/s, 0.001824361625187039 MB/s).
Processed 195000 documents (1920.7358362868156 docs/s, 0.0018317564356678158 MB/s).
Processed 196000 documents (1928.032083601103 docs/s, 0.0018387146793375998 MB/s).
Processed 197000 documents (1936.027234125444 docs/s, 0.0018463394490484657 MB/s).
Processed 198000 documents (1943.3291184416694 docs/s, 0.0018533030685822195 MB/s).
Processed 199000 documents (1950.723307549892 docs/s, 0.0018603547168253823 MB/s).
Processed 200000 documents (1958.4983194486692 docs/s, 0.001867769545982999 MB/s).
Processed 201000 documents (1966.3040889650642 docs/s, 0.0018752137078905718 MB/s).
Processed 202000 documents (1973.830026489924 docs/s, 0.0018823910012149086 MB/s).
Processed 203000 documents (1981.754558943132 docs/s, 0.0018899484242850609 MB/s).
Processed 204000 documents (1989.0140402879583 docs/s, 0.001896871605194052 MB/s).
Processed 205000 documents (1996.6486682838881 docs/s, 0.0019041525538290864 MB/s).
Processed 206000 documents (2004.4151636869587 docs/s, 0.001911559261023482 MB/s).
Processed 207000 documents (2011.9027666520792 docs/s, 0.0019186999956627647 MB/s).
Processed 208000 documents (2019.0470200578172 docs/s, 0.001925513286645715 MB/s).
Processed 209000 documents (2026.7295999359517 docs/s, 0.0019328399657592313 MB/s).
Processed 210000 documents (2033.7200958903156 docs/s, 0.00193950662220985 MB/s).
Processed 211000 documents (2041.0665103650788 docs/s, 0.0019465127090121067 MB/s).
Processed 212000 documents (2048.7294625597606 docs/s, 0.0019538206697080236 MB/s).
Processed 213000 documents (2055.8363112873017 docs/s, 0.001960598288810064 MB/s).
Processed 214000 documents (2063.2840124640984 docs/s, 0.0019677009701386436 MB/s).
Processed 215000 documents (2070.5222334977716 docs/s, 0.0019746038756349293 MB/s).
Processed 216000 documents (2077.932509574773 docs/s, 0.0019816708656070453 MB/s).
Processed 217000 documents (2085.519214090991 docs/s, 0.001988906110850326 MB/s).
Processed 218000 documents (2092.890016689065 docs/s, 0.001995935455979409 MB/s).
Processed 219000 documents (2099.9154551787224 docs/s, 0.0020026354362284874 MB/s).
Processed 220000 documents (2107.3357430830433 docs/s, 0.0020097119742231782 MB/s).
Processed 221000 documents (2114.8788523379776 docs/s, 0.0020169056437854553 MB/s).
Processed 222000 documents (2122.0490504098984 docs/s, 0.002023743677530192 MB/s).
Processed 223000 documents (2129.7068711367874 docs/s, 0.0020310467444770693 MB/s).
Processed 224000 documents (2137.101175740812 docs/s, 0.002038098502865612 MB/s).
Processed 225000 documents (2144.158247853399 docs/s, 0.0020448286512884132 MB/s).
Processed 226000 documents (2151.2350046501706 docs/s, 0.0020515775724889475 MB/s).
Processed 227000 documents (2158.1885626409257 docs/s, 0.002058209002152372 MB/s).
Processed 228000 documents (2165.372394439084 docs/s, 0.002065060038031658 MB/s).
Processed 229000 documents (2172.8252900011103 docs/s, 0.0020721676731120207 MB/s).
Processed 230000 documents (2179.779321508386 docs/s, 0.0020787995543559896 MB/s).
Processed 231000 documents (2186.6604512650506 docs/s, 0.0020853619110727793 MB/s).
Processed 232000 documents (2194.106249834793 docs/s, 0.002092462777933877 MB/s).
Processed 233000 documents (2200.2658638062903 docs/s, 0.002098337043577471 MB/s).
Processed 234000 documents (2207.4007979363228 docs/s, 0.0021051414470065334 MB/s).
Processed 235000 documents (2214.978806113471 docs/s, 0.002112368398774596 MB/s).
Processed 236000 documents (2221.6406650518206 docs/s, 0.0021187216425436217 MB/s).
Processed 237000 documents (2228.8037461210483 docs/s, 0.00212555288898568 MB/s).
Processed 238000 documents (2235.3180062224574 docs/s, 0.0021317653715347837 MB/s).
Processed 239000 documents (2242.3103130074696 docs/s, 0.002138433754928083 MB/s).
Processed 240000 documents (2249.5280620744475 docs/s, 0.002145317136835525 MB/s).
Processed 241000 documents (2256.394051600322 docs/s, 0.002151865054703066 MB/s).
Processed 242000 documents (2263.3322914347264 docs/s, 0.002158481875834204 MB/s).
Processed 243000 documents (2270.693902378187 docs/s, 0.0021655024551183576 MB/s).
Processed 244000 documents (2277.1186503770773 docs/s, 0.002171629572274282 MB/s).
Processed 245000 documents (2283.9542299701443 docs/s, 0.0021781484889699405 MB/s).
Processed 246000 documents (2290.9771103495523 docs/s, 0.0021848460296149752 MB/s).
Processed 247000 documents (2297.383612538932 docs/s, 0.002190955746210987 MB/s).
Processed 248000 documents (2304.310110786689 docs/s, 0.002197561369692506 MB/s).
Processed 249000 documents (2310.911299879211 docs/s, 0.0022038567541877853 MB/s).
Processed 250000 documents (2317.5181598092117 docs/s, 0.0022101575468151204 MB/s).
Processed 251000 documents (2324.4368420419537 docs/s, 0.0022167557163638627 MB/s).
Processed 252000 documents (2331.466250142708 docs/s, 0.00222345948232909 MB/s).
Processed 253000 documents (2338.0338210876944 docs/s, 0.0022297228060604996 MB/s).
Processed 254000 documents (2344.8511600672314 docs/s, 0.002236224327151519 MB/s).
Processed 255000 documents (2351.5485121922206 docs/s, 0.0022426114198610503 MB/s).
Processed 256000 documents (2358.6327750365126 docs/s, 0.0022493674993863226 MB/s).
Processed 257000 documents (2365.5917382180965 docs/s, 0.002256004083841416 MB/s).
Processed 258000 documents (2372.067606764794 docs/s, 0.0022621799533508245 MB/s).
Processed 259000 documents (2378.7590582770613 docs/s, 0.0022685614187975514 MB/s).
Processed 260000 documents (2385.5918716899055 docs/s, 0.002275077697458177 MB/s).
Processed 261000 documents (2392.4696960592146 docs/s, 0.00228163690191194 MB/s).
Processed 262000 documents (2398.930094665917 docs/s, 0.002287798018136899 MB/s).
Processed 263000 documents (2405.7166600783094 docs/s, 0.0022942701912673086 MB/s).
Processed 264000 documents (2412.3788669572173 docs/s, 0.002300623766858308 MB/s).
Processed 265000 documents (2419.2139043396432 docs/s, 0.0023071421664616044 MB/s).
Processed 266000 documents (2426.1484357799736 docs/s, 0.002313755450992559 MB/s).
Processed 267000 documents (2432.3261467433827 docs/s, 0.0023196469752725436 MB/s).
Processed 268000 documents (2439.1542709003247 docs/s, 0.0023261587819102523 MB/s).
Processed 269000 documents (2445.678215443656 docs/s, 0.002332380500262886 MB/s).
Processed 270000 documents (2452.070368465779 docs/s, 0.0023384765324266235 MB/s).
Processed 271000 documents (2458.9243212200413 docs/s, 0.002345012971134225 MB/s).
Processed 272000 documents (2465.890009371544 docs/s, 0.0023516559690204084 MB/s).
Processed 273000 documents (2471.368170727129 docs/s, 0.0023568803508063592 MB/s).
Processed 274000 documents (2478.038201564161 docs/s, 0.0023632413879052746 MB/s).
Processed 275000 documents (2484.686754418447 docs/s, 0.0023695819420036764 MB/s).
Processed 276000 documents (2491.157478888116 docs/s, 0.0023757529057389414 MB/s).
Processed 277000 documents (2497.7320003625146 docs/s, 0.0023820228580117364 MB/s).
Processed 278000 documents (2504.0851218653 docs/s, 0.0023880816668179513 MB/s).
Processed 279000 documents (2510.6671494117336 docs/s, 0.0023943587774388634 MB/s).
Processed 280000 documents (2517.1445808686517 docs/s, 0.002400536137455608 MB/s).
Processed 281000 documents (2523.5889336267414 docs/s, 0.00240668195116686 MB/s).
Processed 282000 documents (2529.9890001150457 docs/s, 0.002412785530200048 MB/s).
Processed 283000 documents (2536.6720882114623 docs/s, 0.002419159019671881 MB/s).
Processed 284000 documents (2542.250269230259 docs/s, 0.0024244787876417724 MB/s).
Processed 285000 documents (2548.663804908028 docs/s, 0.0024305952118950157 MB/s).
Processed 286000 documents (2554.078495976691 docs/s, 0.002435759063698474 MB/s).
Processed 287000 documents (2560.106515755735 docs/s, 0.002441507831340537 MB/s).
Processed 288000 documents (2566.774897036741 docs/s, 0.002447867295300237 MB/s).
Processed 289000 documents (2573.3010611574964 docs/s, 0.002454091130406853 MB/s).
Processed 290000 documents (2579.2532228828713 docs/s, 0.0024597675541714395 MB/s).
Processed 291000 documents (2585.9157600880785 docs/s, 0.0024661214447861467 MB/s).
Processed 292000 documents (2592.5317724842776 docs/s, 0.002472430965885427 MB/s).
Processed 293000 documents (2598.38472851299 docs/s, 0.0024780127797250653 MB/s).
Processed 294000 documents (2605.117735620714 docs/s, 0.0024844338756758824 MB/s).
Processed 295000 documents (2611.2385438189353 docs/s, 0.002490271133250175 MB/s).
Processed 296000 documents (2617.378018323856 docs/s, 0.0024961261924017486 MB/s).
Processed 297000 documents (2624.0905633962266 docs/s, 0.002502527774234988 MB/s).
Processed 298000 documents (2629.806286354264 docs/s, 0.0025079787124197618 MB/s).
Processed 299000 documents (2636.0476935587076 docs/s, 0.0025139309821688724 MB/s).
Processed 300000 documents (2642.2193320997753 docs/s, 0.0025198167153356317 MB/s).
Processed 301000 documents (2647.9552581912285 docs/s, 0.002525286920729855 MB/s).
Processed 302000 documents (2654.2482051725037 docs/s, 0.0025312883426404035 MB/s).
Processed 303000 documents (2660.27743304654 docs/s, 0.0025370382624116325 MB/s).
Processed 304000 documents (2666.2620243899405 docs/s, 0.0025427456134700208 MB/s).
Processed 305000 documents (2672.839050963425 docs/s, 0.0025490179547914744 MB/s).
Processed 306000 documents (2679.3960032093705 docs/s, 0.002555271151742335 MB/s).
Processed 307000 documents (2685.675843929876 docs/s, 0.002561260074548603 MB/s).
Processed 308000 documents (2692.0191314320577 docs/s, 0.0025673095049210145 MB/s).
Processed 309000 documents (2698.145897518758 docs/s, 0.0025731524443805293 MB/s).
Processed 310000 documents (2704.277988562998 docs/s, 0.002579000462115286 MB/s).
Processed 311000 documents (2710.576868184275 docs/s, 0.0025850075418322326 MB/s).
Processed 312000 documents (2716.4848643618398 docs/s, 0.0025906418460482023 MB/s).
Processed 313000 documents (2722.8160243154084 docs/s, 0.0025966797106889805 MB/s).
Processed 314000 documents (2729.070035305819 docs/s, 0.0026026440003450576 MB/s).
Processed 315000 documents (2734.8976863338403 docs/s, 0.00260820168145546 MB/s).
Processed 316000 documents (2740.9215462117977 docs/s, 0.002613946481906698 MB/s).
Processed 317000 documents (2747.475078098901 docs/s, 0.002620196416949178 MB/s).
Processed 318000 documents (2753.3919701118725 docs/s, 0.002625839204894898 MB/s).
Processed 319000 documents (2759.7980067825147 docs/s, 0.002631948477537646 MB/s).
Processed 320000 documents (2765.6757428091087 docs/s, 0.0026375539234248244 MB/s).
Processed 321000 documents (2771.8516420081096 docs/s, 0.0026434437198716255 MB/s).
Processed 322000 documents (2777.356822817014 docs/s, 0.00264869386941625 MB/s).
Processed 323000 documents (2783.2583896530173 docs/s, 0.0026543220421343014 MB/s).
Processed 324000 documents (2789.4430369053885 docs/s, 0.0026602201813749203 MB/s).
Processed 325000 documents (2795.623436429087 docs/s, 0.0026661142696658012 MB/s).
Processed 326000 documents (2801.360148291009 docs/s, 0.002671585224429139 MB/s).
Processed 327000 documents (2807.296564696715 docs/s, 0.0026772466322867536 MB/s).
Processed 328000 documents (2813.456111933813 docs/s, 0.0026831208342874653 MB/s).
Processed 329000 documents (2819.2580563264637 docs/s, 0.0026886539996399533 MB/s).
Processed 330000 documents (2825.3556624235084 docs/s, 0.002694469129966267 MB/s).
Processed 331000 documents (2830.6048863689566 docs/s, 0.0026994751800241057 MB/s).
Processed 332000 documents (2836.202548127834 docs/s, 0.0027048135262754762 MB/s).
Processed 333000 documents (2842.1199566869004 docs/s, 0.0027104568068379406 MB/s).
Processed 334000 documents (2848.0172991261747 docs/s, 0.002716080950857329 MB/s).
Processed 335000 documents (2853.463954059658 docs/s, 0.0027212752857777196 MB/s).
Processed 336000 documents (2859.256523262211 docs/s, 0.0027267995102522 MB/s).
Processed 337000 documents (2864.8989014269064 docs/s, 0.0027321805013913215 MB/s).
Processed 338000 documents (2870.169743185283 docs/s, 0.002737207167802127 MB/s).
Processed 339000 documents (2875.777180072514 docs/s, 0.002742554836342348 MB/s).
Processed 340000 documents (2880.6939628451914 docs/s, 0.0027472438457919993 MB/s).
Processed 341000 documents (2886.204400104152 docs/s, 0.002752499008278038 MB/s).
Processed 342000 documents (2892.1022575066613 docs/s, 0.0027581236434046376 MB/s).
Processed 343000 documents (2896.9128830384093 docs/s, 0.002762711413420114 MB/s).
Processed 344000 documents (2902.4404935564658 docs/s, 0.0027679829536022813 MB/s).
Processed 345000 documents (2908.375605898822 docs/s, 0.002773643117808172 MB/s).
Processed 346000 documents (2913.6948573958557 docs/s, 0.0027787159513433988 MB/s).
Processed 347000 documents (2919.4224583348882 docs/s, 0.0027841782172535784 MB/s).
Processed 348000 documents (2925.287735197652 docs/s, 0.002789771781156208 MB/s).
Processed 349000 documents (2930.767639585655 docs/s, 0.0027949978252274086 MB/s).
Processed 350000 documents (2936.3966398959737 docs/s, 0.002800366058250402 MB/s).
Processed 351000 documents (2942.200400839739 docs/s, 0.0028059009560010327 MB/s).
Processed 352000 documents (2947.6952078120366 docs/s, 0.002811141212284123 MB/s).
Processed 353000 documents (2953.5630094582625 docs/s, 0.002816737184007895 MB/s).
Processed 354000 documents (2959.449082747522 docs/s, 0.0028223505809283466 MB/s).
Processed 355000 documents (2964.869221532294 docs/s, 0.002827519628078741 MB/s).
Processed 356000 documents (2970.202726830498 docs/s, 0.0028326060550980547 MB/s).
Processed 357000 documents (2975.8388244258895 docs/s, 0.0028379810566195388 MB/s).
Processed 358000 documents (2980.547841126892 docs/s, 0.002842471924902813 MB/s).
Processed 359000 documents (2985.810226967263 docs/s, 0.002847490527121795 MB/s).
Processed 360000 documents (2991.2966814435927 docs/s, 0.0028527228178440024 MB/s).
Processed 361000 documents (2996.687958870915 docs/s, 0.0028578643406590603 MB/s).
Processed 362000 documents (3002.197348541881 docs/s, 0.002863118504087335 MB/s).
Processed 363000 documents (3007.916721929994 docs/s, 0.0028685729235935153 MB/s).
Processed 364000 documents (3012.873116813518 docs/s, 0.0028732997100958998 MB/s).
Processed 365000 documents (3018.0831310695953 docs/s, 0.002878268366880031 MB/s).
Processed 366000 documents (3023.6496152375676 docs/s, 0.002883576979863708 MB/s).
Processed 367000 documents (3028.8797034234194 docs/s, 0.0028885647806390947 MB/s).
Processed 368000 documents (3034.345554199021 docs/s, 0.0028937774221410952 MB/s).
Processed 369000 documents (3039.569264188171 docs/s, 0.0028987591401941023 MB/s).
Processed 370000 documents (3044.2483275639784 docs/s, 0.002903221442760447 MB/s).
Processed 371000 documents (3050.15163818193 docs/s, 0.002908851278478556 MB/s).
Processed 372000 documents (3055.343946810029 docs/s, 0.0029138030498600284 MB/s).
Processed 373000 documents (3060.771247447165 docs/s, 0.00291897892708508 MB/s).
Processed 374000 documents (3066.350633516624 docs/s, 0.002924299844280838 MB/s).
Processed 375000 documents (3071.5482964277744 docs/s, 0.0029292567219045395 MB/s).
Processed 376000 documents (3076.9877439563293 docs/s, 0.0029344441833079617 MB/s).
Processed 377000 documents (3082.355070008906 docs/s, 0.002939562864312082 MB/s).
Processed 378000 documents (3087.534559076587 docs/s, 0.0029445024100080365 MB/s).
Processed 379000 documents (3093.122857617749 docs/s, 0.0029498318267991534 MB/s).
Processed 380000 documents (3097.8419925841245 docs/s, 0.0029543323446122403 MB/s).
Processed 381000 documents (3103.311414226607 docs/s, 0.0029595483915582726 MB/s).
Processed 382000 documents (3108.1705955450348 docs/s, 0.002964182467980418 MB/s).
Processed 383000 documents (3113.2095568568557 docs/s, 0.0029689879959648663 MB/s).
Processed 384000 documents (3118.9325318028 docs/s, 0.00297444585018425 MB/s).
Processed 385000 documents (3124.302938413451 docs/s, 0.002979567469037486 MB/s).
Processed 386000 documents (3129.3682646698026 docs/s, 0.0029843981405923868 MB/s).
Processed 387000 documents (3134.861700575991 docs/s, 0.0029896370893249427 MB/s).
Processed 388000 documents (3140.1034151997987 docs/s, 0.002994635977935599 MB/s).
Processed 389000 documents (3145.4202339718627 docs/s, 0.002999706491443503 MB/s).
Processed 390000 documents (3150.935520837832 docs/s, 0.0030049662788751907 MB/s).
Processed 391000 documents (3156.100429216169 docs/s, 0.003009891919342202 MB/s).
Processed 392000 documents (3161.309414665298 docs/s, 0.0030148595949795703 MB/s).
Processed 393000 documents (3166.856121800748 docs/s, 0.0030201493471152764 MB/s).
Processed 394000 documents (3171.9268904146497 docs/s, 0.0030249852089067933 MB/s).
Processed 395000 documents (3177.362431710732 docs/s, 0.0030301689450366325 MB/s).
Processed 396000 documents (3182.5509584474457 docs/s, 0.0030351171097254236 MB/s).
Processed 397000 documents (3187.5184951602187 docs/s, 0.0030398545219042002 MB/s).
Processed 398000 documents (3193.058255248713 docs/s, 0.0030451376488196498 MB/s).
Processed 399000 documents (3198.3400872312914 docs/s, 0.003050174796325008 MB/s).
Processed 400000 documents (3203.3426848656345 docs/s, 0.0030549456452041955 MB/s).
Processed 401000 documents (3208.361990824137 docs/s, 0.0030597324283830043 MB/s).
Processed 402000 documents (3213.8992767357986 docs/s, 0.003065013195739554 MB/s).
Processed 403000 documents (3218.8190745532343 docs/s, 0.003069705080559954 MB/s).
Processed 404000 documents (3224.4157521076113 docs/s, 0.0030750424882007707 MB/s).
Processed 405000 documents (3229.703238788881 docs/s, 0.003080085028447038 MB/s).
Processed 406000 documents (3234.674981089482 docs/s, 0.0030848264513869115 MB/s).
Processed 407000 documents (3240.003938988078 docs/s, 0.0030899085416680127 MB/s).
Processed 408000 documents (3245.300193144813 docs/s, 0.0030949594432304506 MB/s).
Processed 409000 documents (3250.183454761409 docs/s, 0.0030996164844144906 MB/s).
Processed 410000 documents (3255.6243657618656 docs/s, 0.0031048053414934784 MB/s).
Processed 411000 documents (3260.678853680604 docs/s, 0.0031096256768041648 MB/s).
Processed 412000 documents (3265.201871196275 docs/s, 0.003113939162441516 MB/s).
Processed 413000 documents (3270.435450755537 docs/s, 0.003118930292850053 MB/s).
Processed 414000 documents (3275.429137224378 docs/s, 0.003123692643379572 MB/s).
Processed 415000 documents (3280.941237135395 docs/s, 0.003128949391494174 MB/s).
Processed 416000 documents (3286.3843701986934 docs/s, 0.0031341403676974234 MB/s).
Processed 417000 documents (3290.5934469258077 docs/s, 0.0031381544560678556 MB/s).
Processed 418000 documents (3295.7788791785533 docs/s, 0.0031430996696267637 MB/s).
Processed 419000 documents (3300.499862289598 docs/s, 0.0031476019499679544 MB/s).
Processed 420000 documents (3305.234546702736 docs/s, 0.0031521172968890536 MB/s).
Processed 421000 documents (3309.86331599459 docs/s, 0.0031565316352792643 MB/s).
Processed 422000 documents (3315.0389646376675 docs/s, 0.0031614675184609103 MB/s).
Processed 423000 documents (3319.7710654124126 docs/s, 0.003165980401432431 MB/s).
Processed 424000 documents (3324.016145106335 docs/s, 0.0031700288249076223 MB/s).
Processed 425000 documents (3329.0160077301903 docs/s, 0.0031747970654775527 MB/s).
Processed 426000 documents (3333.6820131340737 docs/s, 0.003179246914991449 MB/s).
Processed 427000 documents (3338.336002698751 docs/s, 0.0031836853053081047 MB/s).
Processed 428000 documents (3343.412981405268 docs/s, 0.0031885270895054513 MB/s).
Processed 429000 documents (3348.151310429671 docs/s, 0.0031930459121987066 MB/s).
Processed 430000 documents (3353.1811408831218 docs/s, 0.0031978427323180406 MB/s).
Processed 431000 documents (3358.259737378703 docs/s, 0.0032026860593592672 MB/s).
Processed 432000 documents (3362.717161992901 docs/s, 0.0032069369907311448 MB/s).
Processed 433000 documents (3367.4323104729706 docs/s, 0.0032114337067346292 MB/s).
Processed 434000 documents (3372.1478632597114 docs/s, 0.003215930808315002 MB/s).
Processed 435000 documents (3376.651458780319 docs/s, 0.0032202257716944876 MB/s).
Processed 436000 documents (3381.2953621089855 docs/s, 0.0032246545430269103 MB/s).
Processed 437000 documents (3385.9939150933014 docs/s, 0.0032291354323323264 MB/s).
Processed 438000 documents (3390.3597878435394 docs/s, 0.003233299053042926 MB/s).
Processed 439000 documents (3395.5474838226864 docs/s, 0.0032382464254595627 MB/s).
Processed 440000 documents (3399.563839734554 docs/s, 0.0032420767209382574 MB/s).
Processed 441000 documents (3404.358335997141 docs/s, 0.003246649108883992 MB/s).
Processed 442000 documents (3409.150863984674 docs/s, 0.0032512196197363604 MB/s).
Processed 443000 documents (3413.3866135730714 docs/s, 0.0032552591453295435 MB/s).
Processed 444000 documents (3418.232641483681 docs/s, 0.00325988067768448 MB/s).
Processed 445000 documents (3423.1691728148558 docs/s, 0.003264588520827156 MB/s).
Processed 446000 documents (3427.1635719439537 docs/s, 0.003268397876686052 MB/s).
Processed 447000 documents (3432.1232963532066 docs/s, 0.0032731278384716097 MB/s).
Processed 448000 documents (3436.838389797387 docs/s, 0.0032776245019887802 MB/s).
Processed 449000 documents (3441.7090973567338 docs/s, 0.003282269570690855 MB/s).
Processed 450000 documents (3446.89773062625 docs/s, 0.0032872178369772434 MB/s).
Processed 451000 documents (3451.3596403720494 docs/s, 0.003291473045703935 MB/s).
Processed 452000 documents (3456.45897834546 docs/s, 0.0032963361533598517 MB/s).
Processed 453000 documents (3460.9342609862138 docs/s, 0.0033006041154729974 MB/s).
Processed 454000 documents (3465.117786551604 docs/s, 0.003304593836356739 MB/s).
Processed 455000 documents (3469.6151901548824 docs/s, 0.0033088828946636986 MB/s).
Processed 456000 documents (3474.369218697562 docs/s, 0.003313416689584314 MB/s).
Processed 457000 documents (3478.7539345504174 docs/s, 0.003317598280477922 MB/s).
Processed 458000 documents (3483.743724841704 docs/s, 0.0033223569153229752 MB/s).
Processed 459000 documents (3488.631305608475 docs/s, 0.003327018075569606 MB/s).
Processed 460000 documents (3492.8701265319455 docs/s, 0.003331060530216165 MB/s).
Processed 461000 documents (3497.700598317039 docs/s, 0.0033356672270937336 MB/s).
Processed 462000 documents (3502.3642382813114 docs/s, 0.003340114820748626 MB/s).
Processed 463000 documents (3507.024241072486 docs/s, 0.0033445589457249507 MB/s).
Processed 464000 documents (3511.48549033979 docs/s, 0.003348813524570265 MB/s).
Processed 465000 documents (3515.7473365282954 docs/s, 0.0033528779378207163 MB/s).
Processed 466000 documents (3520.5385881397992 docs/s, 0.0033574472314260475 MB/s).
Processed 467000 documents (3525.0988557960923 docs/s, 0.0033617962415657923 MB/s).
Processed 468000 documents (3529.44783818001 docs/s, 0.003365943754367838 MB/s).
Processed 469000 documents (3534.359139505166 docs/s, 0.003370627536301771 MB/s).
Processed 470000 documents (3538.749807574971 docs/s, 0.003374814803671809 MB/s).
Processed 471000 documents (3543.444434689021 docs/s, 0.003379291948975583 MB/s).
Processed 472000 documents (3548.219155519457 docs/s, 0.00338384547759958 MB/s).
Processed 473000 documents (3552.9967733550156 docs/s, 0.0033884017690229565 MB/s).
Processed 474000 documents (3556.579366317875 docs/s, 0.0033918183959177734 MB/s).
Processed 475000 documents (3561.472351094982 docs/s, 0.003396484709830267 MB/s).
Processed 476000 documents (3566.1090164068933 docs/s, 0.0034009065784520085 MB/s).
Processed 477000 documents (3570.565301047006 docs/s, 0.0034051564226598796 MB/s).
Processed 478000 documents (3574.8290976008802 docs/s, 0.003409222695923691 MB/s).
Processed 479000 documents (3579.199631162819 docs/s, 0.0034133907615307036 MB/s).
Processed 480000 documents (3583.571644822384 docs/s, 0.003417560238668808 MB/s).
Processed 481000 documents (3588.577033311248 docs/s, 0.0034223337491142733 MB/s).
Processed 482000 documents (3593.11210172908 docs/s, 0.003426658727387505 MB/s).
Processed 483000 documents (3597.4778001742907 docs/s, 0.0034308221818678767 MB/s).
Processed 484000 documents (3602.2773020918876 docs/s, 0.0034353993435782314 MB/s).
Processed 485000 documents (3606.512752120998 docs/s, 0.003439438583489416 MB/s).
Processed 486000 documents (3610.523231078268 docs/s, 0.0034432632742674523 MB/s).
Processed 487000 documents (3615.28962201498 docs/s, 0.003447808858885746 MB/s).
Processed 488000 documents (3619.6128146027977 docs/s, 0.0034519317766216256 MB/s).
Processed 489000 documents (3624.124424819473 docs/s, 0.003456234383410905 MB/s).
Processed 490000 documents (3628.8719534735724 docs/s, 0.003460761979554722 MB/s).
Processed 491000 documents (3633.2502774530158 docs/s, 0.003464937474682823 MB/s).
Processed 492000 documents (3637.354792196086 docs/s, 0.0034688518449745996 MB/s).
Processed 493000 documents (3642.1799049911147 docs/s, 0.003473453431120982 MB/s).
Processed 494000 documents (3646.279858506222 docs/s, 0.003477363451486799 MB/s).
Processed 495000 documents (3650.2502406147078 docs/s, 0.003481149902929981 MB/s).
Processed 496000 documents (3655.2485040291617 docs/s, 0.0034859166183749788 MB/s).
Processed 497000 documents (3659.4466097720137 docs/s, 0.0034899202439994943 MB/s).
Processed 498000 documents (3664.1542076851883 docs/s, 0.0034944097592212566 MB/s).
Processed 499000 documents (3668.171051468712 docs/s, 0.003498240519970619 MB/s).
Processed 500000 documents (3671.8124792351687 docs/s, 0.0035017132561065375 MB/s).
Processed 501000 documents (3675.9245736701064 docs/s, 0.0035056348549557747 MB/s).
Processed 502000 documents (3680.0719082844003 docs/s, 0.0035095900614589694 MB/s).
Processed 503000 documents (3683.9627956053796 docs/s, 0.003513300700765018 MB/s).
Processed 504000 documents (3688.6256543507743 docs/s, 0.0035177475493915313 MB/s).
Processed 505000 documents (3692.764730520065 docs/s, 0.003521694880027833 MB/s).
Processed 506000 documents (3697.427796190042 docs/s, 0.003526141925993006 MB/s).
Processed 507000 documents (3702.190045059426 docs/s, 0.003530683560428072 MB/s).
Processed 508000 documents (3705.986988165381 docs/s, 0.003534304607549077 MB/s).
Processed 509000 documents (3710.0891429722406 docs/s, 0.0035382167272303014 MB/s).
Processed 510000 documents (3714.0179284504516 docs/s, 0.003541963509035541 MB/s).
Processed 511000 documents (3718.223848184573 docs/s, 0.003545974586662839 MB/s).
Processed 512000 documents (3722.708018178492 docs/s, 0.003550251024416439 MB/s).
Processed 513000 documents (3727.2402090375244 docs/s, 0.0035545732584357495 MB/s).
Processed 514000 documents (3730.9551033281577 docs/s, 0.0035581160577088907 MB/s).
Processed 515000 documents (3735.5381949423268 docs/s, 0.0035624868344710605 MB/s).
Processed 516000 documents (3739.7084151414742 docs/s, 0.003566463866368746 MB/s).
Processed 517000 documents (3744.0600717877455 docs/s, 0.0035706139295461135 MB/s).
Processed 518000 documents (3748.5644128359786 docs/s, 0.003574909603916148 MB/s).
Processed 519000 documents (3752.6265892643582 docs/s, 0.0035787835972446043 MB/s).
Processed 520000 documents (3756.5286867936697 docs/s, 0.003582504927438421 MB/s).
Processed 521000 documents (3760.9613549427 docs/s, 0.003586732249205303 MB/s).
Processed 522000 documents (3765.2193115232 docs/s, 0.003590792953036499 MB/s).
Processed 523000 documents (3769.1803985862225 docs/s, 0.0035945705400335527 MB/s).
Processed 524000 documents (3773.2292828449263 docs/s, 0.00359843185696118 MB/s).
Processed 525000 documents (3776.6377408634335 docs/s, 0.0036016824158319792 MB/s).
Processed 526000 documents (3781.18846437092 docs/s, 0.0036060223239621353 MB/s).
Processed 527000 documents (3784.596890819296 docs/s, 0.003609272852725311 MB/s).
Processed 528000 documents (3788.524841068955 docs/s, 0.0036130188379945327 MB/s).
Processed 529000 documents (3793.0024545613837 docs/s, 0.003617289022981056 MB/s).
Processed 530000 documents (3796.945176401183 docs/s, 0.0036210490955364064 MB/s).
Processed 531000 documents (3801.2359833337996 docs/s, 0.003625141127904701 MB/s).
Processed 532000 documents (3805.6401194243604 docs/s, 0.0036293412393802265 MB/s).
Processed 533000 documents (3809.972826698914 docs/s, 0.003633473231028475 MB/s).
Processed 534000 documents (3813.2705393342767 docs/s, 0.0036366181748717086 MB/s).
Processed 535000 documents (3817.5946425971656 docs/s, 0.003640741961095014 MB/s).
Processed 536000 documents (3821.200708135071 docs/s, 0.0036441809731817924 MB/s).
Processed 537000 documents (3825.4472651990586 docs/s, 0.003648230805586871 MB/s).
Processed 538000 documents (3829.9770358093187 docs/s, 0.0036525507314770877 MB/s).
Processed 539000 documents (3833.7843836607553 docs/s, 0.0036561817013366273 MB/s).
Processed 540000 documents (3838.047002900659 docs/s, 0.0036602468518263428 MB/s).
Processed 541000 documents (3842.101684685146 docs/s, 0.0036641136977054083 MB/s).
Opening /fsx/loubna/data/stack_march_no_pii_json/haskell
Input is not a jsonl file, will try to load from HF datasets
Vocab size: 49152
Output prefix: /fsx/loubna/data/tokenized_stack_no_pii/code/haskell/gpt2-preprocessed
Time to startup: 0.9007716178894043
END TIME: Wed Mar 29 01:08:56 UTC 2023
