START TIME: Wed Mar 29 01:06:11 UTC 2023
FULL_OUT_PATH is: /fsx/loubna/data/tokenized_stack_no_pii/code/isabelle
/fsx/loubna/code/Megatron-LM/tools/preprocess_data.py --input /fsx/loubna/data/stack_march_no_pii_json/isabelle --output-prefix /fsx/loubna/data/tokenized_stack_no_pii/code/isabelle/gpt2-preprocessed --tokenizer-type TokenizerFromFile --tokenizer-file /fsx/loubna/data/tokenizer/tokenizer-the-stack-march-sample-v3-no-prefix-spaces/tokenizer.json --dataset-impl mmap --append-eod --json-keys content --workers 64 --chunk-size 100 --log-interval 1000
[H[2J[3J> building TokenizerFromFile tokenizer ...
 > padded vocab (size: 49152) with 0 dummy tokens (new size: 49152)
> building TokenizerFromFile tokenizer ...
> building TokenizerFromFile tokenizer ...
> building TokenizerFromFile tokenizer ...
> building TokenizerFromFile tokenizer ...
> building TokenizerFromFile tokenizer ...
> building TokenizerFromFile tokenizer ...
> building TokenizerFromFile tokenizer ...
> building TokenizerFromFile tokenizer ...
> building TokenizerFromFile tokenizer ...
> building TokenizerFromFile tokenizer ...
> building TokenizerFromFile tokenizer ...
> building TokenizerFromFile tokenizer ...
> building TokenizerFromFile tokenizer ...
> building TokenizerFromFile tokenizer ...
> building TokenizerFromFile tokenizer ...
> building TokenizerFromFile tokenizer ...
> building TokenizerFromFile tokenizer ...
> building TokenizerFromFile tokenizer ...
> building TokenizerFromFile tokenizer ...
 > padded vocab (size: 49152) with 0 dummy tokens (new size: 49152)
 > padded vocab (size: 49152) with 0 dummy tokens (new size: 49152)
> building TokenizerFromFile tokenizer ...
 > padded vocab (size: 49152) with 0 dummy tokens (new size: 49152)
 > padded vocab (size: 49152) with 0 dummy tokens (new size: 49152)
> building TokenizerFromFile tokenizer ...
 > padded vocab (size: 49152) with 0 dummy tokens (new size: 49152)
 > padded vocab (size: 49152) with 0 dummy tokens (new size: 49152)
> building TokenizerFromFile tokenizer ...
 > padded vocab (size: 49152) with 0 dummy tokens (new size: 49152)
> building TokenizerFromFile tokenizer ...
 > padded vocab (size: 49152) with 0 dummy tokens (new size: 49152)
 > padded vocab (size: 49152) with 0 dummy tokens (new size: 49152)
> building TokenizerFromFile tokenizer ...
 > padded vocab (size: 49152) with 0 dummy tokens (new size: 49152)
 > padded vocab (size: 49152) with 0 dummy tokens (new size: 49152)
> building TokenizerFromFile tokenizer ...
 > padded vocab (size: 49152) with 0 dummy tokens (new size: 49152)
> building TokenizerFromFile tokenizer ...
> building TokenizerFromFile tokenizer ...
> building TokenizerFromFile tokenizer ...
> building TokenizerFromFile tokenizer ...
> building TokenizerFromFile tokenizer ...
 > padded vocab (size: 49152) with 0 dummy tokens (new size: 49152)
> building TokenizerFromFile tokenizer ...
 > padded vocab (size: 49152) with 0 dummy tokens (new size: 49152)
> building TokenizerFromFile tokenizer ...
 > padded vocab (size: 49152) with 0 dummy tokens (new size: 49152)
> building TokenizerFromFile tokenizer ...
> building TokenizerFromFile tokenizer ...
 > padded vocab (size: 49152) with 0 dummy tokens (new size: 49152)
 > padded vocab (size: 49152) with 0 dummy tokens (new size: 49152)
> building TokenizerFromFile tokenizer ...
 > padded vocab (size: 49152) with 0 dummy tokens (new size: 49152)
> building TokenizerFromFile tokenizer ...
 > padded vocab (size: 49152) with 0 dummy tokens (new size: 49152)
> building TokenizerFromFile tokenizer ...
 > padded vocab (size: 49152) with 0 dummy tokens (new size: 49152)
> building TokenizerFromFile tokenizer ...
 > padded vocab (size: 49152) with 0 dummy tokens (new size: 49152)
> building TokenizerFromFile tokenizer ...
 > padded vocab (size: 49152) with 0 dummy tokens (new size: 49152)
> building TokenizerFromFile tokenizer ...
 > padded vocab (size: 49152) with 0 dummy tokens (new size: 49152)
> building TokenizerFromFile tokenizer ...
 > padded vocab (size: 49152) with 0 dummy tokens (new size: 49152)
> building TokenizerFromFile tokenizer ...
 > padded vocab (size: 49152) with 0 dummy tokens (new size: 49152)
> building TokenizerFromFile tokenizer ...
 > padded vocab (size: 49152) with 0 dummy tokens (new size: 49152)
> building TokenizerFromFile tokenizer ...
 > padded vocab (size: 49152) with 0 dummy tokens (new size: 49152)
 > padded vocab (size: 49152) with 0 dummy tokens (new size: 49152)
 > padded vocab (size: 49152) with 0 dummy tokens (new size: 49152)
 > padded vocab (size: 49152) with 0 dummy tokens (new size: 49152)
 > padded vocab (size: 49152) with 0 dummy tokens (new size: 49152)
 > padded vocab (size: 49152) with 0 dummy tokens (new size: 49152)
 > padded vocab (size: 49152) with 0 dummy tokens (new size: 49152)
 > padded vocab (size: 49152) with 0 dummy tokens (new size: 49152)
> building TokenizerFromFile tokenizer ...
> building TokenizerFromFile tokenizer ...
> building TokenizerFromFile tokenizer ...
 > padded vocab (size: 49152) with 0 dummy tokens (new size: 49152)
> building TokenizerFromFile tokenizer ...
 > padded vocab (size: 49152) with 0 dummy tokens (new size: 49152)
 > padded vocab (size: 49152) with 0 dummy tokens (new size: 49152)
 > padded vocab (size: 49152) with 0 dummy tokens (new size: 49152)
> building TokenizerFromFile tokenizer ...
 > padded vocab (size: 49152) with 0 dummy tokens (new size: 49152)
> building TokenizerFromFile tokenizer ...
 > padded vocab (size: 49152) with 0 dummy tokens (new size: 49152)
> building TokenizerFromFile tokenizer ...
 > padded vocab (size: 49152) with 0 dummy tokens (new size: 49152)
> building TokenizerFromFile tokenizer ...
 > padded vocab (size: 49152) with 0 dummy tokens (new size: 49152)
 > padded vocab (size: 49152) with 0 dummy tokens (new size: 49152)
> building TokenizerFromFile tokenizer ...
> building TokenizerFromFile tokenizer ...
 > padded vocab (size: 49152) with 0 dummy tokens (new size: 49152)
> building TokenizerFromFile tokenizer ...
> building TokenizerFromFile tokenizer ...
> building TokenizerFromFile tokenizer ...
> building TokenizerFromFile tokenizer ...
> building TokenizerFromFile tokenizer ...
> building TokenizerFromFile tokenizer ...
> building TokenizerFromFile tokenizer ...
 > padded vocab (size: 49152) with 0 dummy tokens (new size: 49152)
> building TokenizerFromFile tokenizer ...
 > padded vocab (size: 49152) with 0 dummy tokens (new size: 49152)
 > padded vocab (size: 49152) with 0 dummy tokens (new size: 49152)
> building TokenizerFromFile tokenizer ...
 > padded vocab (size: 49152) with 0 dummy tokens (new size: 49152)
> building TokenizerFromFile tokenizer ...
 > padded vocab (size: 49152) with 0 dummy tokens (new size: 49152)
 > padded vocab (size: 49152) with 0 dummy tokens (new size: 49152)
 > padded vocab (size: 49152) with 0 dummy tokens (new size: 49152)
 > padded vocab (size: 49152) with 0 dummy tokens (new size: 49152)
 > padded vocab (size: 49152) with 0 dummy tokens (new size: 49152)
 > padded vocab (size: 49152) with 0 dummy tokens (new size: 49152)
 > padded vocab (size: 49152) with 0 dummy tokens (new size: 49152)
 > padded vocab (size: 49152) with 0 dummy tokens (new size: 49152)
 > padded vocab (size: 49152) with 0 dummy tokens (new size: 49152)
 > padded vocab (size: 49152) with 0 dummy tokens (new size: 49152)
 > padded vocab (size: 49152) with 0 dummy tokens (new size: 49152)
 > padded vocab (size: 49152) with 0 dummy tokens (new size: 49152)
 > padded vocab (size: 49152) with 0 dummy tokens (new size: 49152)
 > padded vocab (size: 49152) with 0 dummy tokens (new size: 49152)
 > padded vocab (size: 49152) with 0 dummy tokens (new size: 49152)
 > padded vocab (size: 49152) with 0 dummy tokens (new size: 49152)
Processed 1000 documents (248.65523077789535 docs/s, 0.0002371361072329477 MB/s).
Processed 2000 documents (437.6102162580966 docs/s, 0.0004173376238423315 MB/s).
Processed 3000 documents (585.6447021450161 docs/s, 0.0005585143109750902 MB/s).
Processed 4000 documents (703.148322109453 docs/s, 0.0006705744954199343 MB/s).
Processed 5000 documents (803.7118140484391 docs/s, 0.0007664793148502723 MB/s).
Opening /fsx/loubna/data/stack_march_no_pii_json/isabelle
Input is not a jsonl file, will try to load from HF datasets
Vocab size: 49152
Output prefix: /fsx/loubna/data/tokenized_stack_no_pii/code/isabelle/gpt2-preprocessed
Time to startup: 0.8516497611999512
END TIME: Wed Mar 29 01:06:39 UTC 2023
