START TIME: Wed Mar 29 01:06:11 UTC 2023
FULL_OUT_PATH is: /fsx/loubna/data/tokenized_stack_no_pii/code/julia
/fsx/loubna/code/Megatron-LM/tools/preprocess_data.py --input /fsx/loubna/data/stack_march_no_pii_json/julia --output-prefix /fsx/loubna/data/tokenized_stack_no_pii/code/julia/gpt2-preprocessed --tokenizer-type TokenizerFromFile --tokenizer-file /fsx/loubna/data/tokenizer/tokenizer-the-stack-march-sample-v3-no-prefix-spaces/tokenizer.json --dataset-impl mmap --append-eod --json-keys content --workers 64 --chunk-size 100 --log-interval 1000
[H[2J[3J> building TokenizerFromFile tokenizer ...
 > padded vocab (size: 49152) with 0 dummy tokens (new size: 49152)
> building TokenizerFromFile tokenizer ...
> building TokenizerFromFile tokenizer ...
> building TokenizerFromFile tokenizer ...
> building TokenizerFromFile tokenizer ...
> building TokenizerFromFile tokenizer ...
> building TokenizerFromFile tokenizer ...
> building TokenizerFromFile tokenizer ...
> building TokenizerFromFile tokenizer ...
> building TokenizerFromFile tokenizer ...
> building TokenizerFromFile tokenizer ...
> building TokenizerFromFile tokenizer ...
> building TokenizerFromFile tokenizer ...
> building TokenizerFromFile tokenizer ...
> building TokenizerFromFile tokenizer ...
> building TokenizerFromFile tokenizer ...
 > padded vocab (size: 49152) with 0 dummy tokens (new size: 49152)
> building TokenizerFromFile tokenizer ...
 > padded vocab (size: 49152) with 0 dummy tokens (new size: 49152)
 > padded vocab (size: 49152) with 0 dummy tokens (new size: 49152)
> building TokenizerFromFile tokenizer ...
 > padded vocab (size: 49152) with 0 dummy tokens (new size: 49152)
 > padded vocab (size: 49152) with 0 dummy tokens (new size: 49152)
> building TokenizerFromFile tokenizer ...
 > padded vocab (size: 49152) with 0 dummy tokens (new size: 49152)
 > padded vocab (size: 49152) with 0 dummy tokens (new size: 49152)
> building TokenizerFromFile tokenizer ...
 > padded vocab (size: 49152) with 0 dummy tokens (new size: 49152)
> building TokenizerFromFile tokenizer ...
 > padded vocab (size: 49152) with 0 dummy tokens (new size: 49152)
 > padded vocab (size: 49152) with 0 dummy tokens (new size: 49152)
> building TokenizerFromFile tokenizer ...
 > padded vocab (size: 49152) with 0 dummy tokens (new size: 49152)
> building TokenizerFromFile tokenizer ...
 > padded vocab (size: 49152) with 0 dummy tokens (new size: 49152)
> building TokenizerFromFile tokenizer ...
> building TokenizerFromFile tokenizer ...
> building TokenizerFromFile tokenizer ...
> building TokenizerFromFile tokenizer ...
> building TokenizerFromFile tokenizer ...
> building TokenizerFromFile tokenizer ...
> building TokenizerFromFile tokenizer ...
> building TokenizerFromFile tokenizer ...
> building TokenizerFromFile tokenizer ...
 > padded vocab (size: 49152) with 0 dummy tokens (new size: 49152)
 > padded vocab (size: 49152) with 0 dummy tokens (new size: 49152)
> building TokenizerFromFile tokenizer ...
 > padded vocab (size: 49152) with 0 dummy tokens (new size: 49152)
> building TokenizerFromFile tokenizer ...
 > padded vocab (size: 49152) with 0 dummy tokens (new size: 49152)
> building TokenizerFromFile tokenizer ...
> building TokenizerFromFile tokenizer ...
 > padded vocab (size: 49152) with 0 dummy tokens (new size: 49152)
> building TokenizerFromFile tokenizer ...
 > padded vocab (size: 49152) with 0 dummy tokens (new size: 49152)
> building TokenizerFromFile tokenizer ...
 > padded vocab (size: 49152) with 0 dummy tokens (new size: 49152)
> building TokenizerFromFile tokenizer ...
 > padded vocab (size: 49152) with 0 dummy tokens (new size: 49152)
> building TokenizerFromFile tokenizer ...
 > padded vocab (size: 49152) with 0 dummy tokens (new size: 49152)
> building TokenizerFromFile tokenizer ...
 > padded vocab (size: 49152) with 0 dummy tokens (new size: 49152)
> building TokenizerFromFile tokenizer ...
 > padded vocab (size: 49152) with 0 dummy tokens (new size: 49152)
 > padded vocab (size: 49152) with 0 dummy tokens (new size: 49152)
> building TokenizerFromFile tokenizer ...
> building TokenizerFromFile tokenizer ...
 > padded vocab (size: 49152) with 0 dummy tokens (new size: 49152)
 > padded vocab (size: 49152) with 0 dummy tokens (new size: 49152)
> building TokenizerFromFile tokenizer ...
 > padded vocab (size: 49152) with 0 dummy tokens (new size: 49152)
 > padded vocab (size: 49152) with 0 dummy tokens (new size: 49152)
 > padded vocab (size: 49152) with 0 dummy tokens (new size: 49152)
 > padded vocab (size: 49152) with 0 dummy tokens (new size: 49152)
 > padded vocab (size: 49152) with 0 dummy tokens (new size: 49152)
 > padded vocab (size: 49152) with 0 dummy tokens (new size: 49152)
 > padded vocab (size: 49152) with 0 dummy tokens (new size: 49152)
> building TokenizerFromFile tokenizer ...
 > padded vocab (size: 49152) with 0 dummy tokens (new size: 49152)
> building TokenizerFromFile tokenizer ...
 > padded vocab (size: 49152) with 0 dummy tokens (new size: 49152)
> building TokenizerFromFile tokenizer ...
 > padded vocab (size: 49152) with 0 dummy tokens (new size: 49152)
> building TokenizerFromFile tokenizer ...
 > padded vocab (size: 49152) with 0 dummy tokens (new size: 49152)
> building TokenizerFromFile tokenizer ...
 > padded vocab (size: 49152) with 0 dummy tokens (new size: 49152)
> building TokenizerFromFile tokenizer ...
 > padded vocab (size: 49152) with 0 dummy tokens (new size: 49152)
 > padded vocab (size: 49152) with 0 dummy tokens (new size: 49152)
> building TokenizerFromFile tokenizer ...
> building TokenizerFromFile tokenizer ...
 > padded vocab (size: 49152) with 0 dummy tokens (new size: 49152)
> building TokenizerFromFile tokenizer ...
 > padded vocab (size: 49152) with 0 dummy tokens (new size: 49152)
 > padded vocab (size: 49152) with 0 dummy tokens (new size: 49152)
> building TokenizerFromFile tokenizer ...
> building TokenizerFromFile tokenizer ...
 > padded vocab (size: 49152) with 0 dummy tokens (new size: 49152)
> building TokenizerFromFile tokenizer ...
> building TokenizerFromFile tokenizer ...
> building TokenizerFromFile tokenizer ...
> building TokenizerFromFile tokenizer ...
> building TokenizerFromFile tokenizer ...
 > padded vocab (size: 49152) with 0 dummy tokens (new size: 49152)
> building TokenizerFromFile tokenizer ...
 > padded vocab (size: 49152) with 0 dummy tokens (new size: 49152)
> building TokenizerFromFile tokenizer ...
 > padded vocab (size: 49152) with 0 dummy tokens (new size: 49152)
> building TokenizerFromFile tokenizer ...
> building TokenizerFromFile tokenizer ...
 > padded vocab (size: 49152) with 0 dummy tokens (new size: 49152)
 > padded vocab (size: 49152) with 0 dummy tokens (new size: 49152)
 > padded vocab (size: 49152) with 0 dummy tokens (new size: 49152)
 > padded vocab (size: 49152) with 0 dummy tokens (new size: 49152)
 > padded vocab (size: 49152) with 0 dummy tokens (new size: 49152)
 > padded vocab (size: 49152) with 0 dummy tokens (new size: 49152)
 > padded vocab (size: 49152) with 0 dummy tokens (new size: 49152)
 > padded vocab (size: 49152) with 0 dummy tokens (new size: 49152)
 > padded vocab (size: 49152) with 0 dummy tokens (new size: 49152)
 > padded vocab (size: 49152) with 0 dummy tokens (new size: 49152)
 > padded vocab (size: 49152) with 0 dummy tokens (new size: 49152)
 > padded vocab (size: 49152) with 0 dummy tokens (new size: 49152)
 > padded vocab (size: 49152) with 0 dummy tokens (new size: 49152)
 > padded vocab (size: 49152) with 0 dummy tokens (new size: 49152)
 > padded vocab (size: 49152) with 0 dummy tokens (new size: 49152)
 > padded vocab (size: 49152) with 0 dummy tokens (new size: 49152)
 > padded vocab (size: 49152) with 0 dummy tokens (new size: 49152)
Processed 1000 documents (560.2893202355716 docs/s, 0.0005343335344653812 MB/s).
Processed 2000 documents (883.0382313735649 docs/s, 0.0008421308816657686 MB/s).
Processed 3000 documents (1034.853072123834 docs/s, 0.000986912796138605 MB/s).
Processed 4000 documents (1159.6997330865534 docs/s, 0.0011059758501878294 MB/s).
Processed 5000 documents (1258.4829676346083 docs/s, 0.0012001828838678439 MB/s).
Processed 6000 documents (1297.996792069734 docs/s, 0.001237866203374609 MB/s).
Processed 7000 documents (1337.0055286941265 docs/s, 0.001275067833608748 MB/s).
Processed 8000 documents (1276.4559338117008 docs/s, 0.0012173232401005752 MB/s).
Processed 9000 documents (1301.8717922011992 docs/s, 0.0012415616914760582 MB/s).
Processed 10000 documents (1357.9487356144032 docs/s, 0.0012950408321517975 MB/s).
Processed 11000 documents (1405.1789642893746 docs/s, 0.0013400830881971117 MB/s).
Processed 12000 documents (1421.7170808417848 docs/s, 0.0013558550651948784 MB/s).
Processed 13000 documents (1442.128556751932 docs/s, 0.0013753209655303306 MB/s).
Processed 14000 documents (1462.4454147492804 docs/s, 0.0013946966311924748 MB/s).
Processed 15000 documents (1492.7106619410808 docs/s, 0.0014235598201189812 MB/s).
Processed 16000 documents (1499.43522774798 docs/s, 0.0014299728658180046 MB/s).
Processed 17000 documents (1415.4596141557063 docs/s, 0.0013498874799305976 MB/s).
Processed 18000 documents (1438.9067022821023 docs/s, 0.0013722483656712554 MB/s).
Processed 19000 documents (1467.0465500487912 docs/s, 0.0013990846157539284 MB/s).
Processed 20000 documents (1477.6884771922685 docs/s, 0.0014092335483477292 MB/s).
Processed 21000 documents (1496.9742997758185 docs/s, 0.0014276259420164285 MB/s).
Processed 22000 documents (1530.5145916793863 docs/s, 0.0014596124569696296 MB/s).
Processed 23000 documents (1562.09517901495 docs/s, 0.0014897300520085811 MB/s).
Processed 24000 documents (1566.9011820345984 docs/s, 0.0014943134136529907 MB/s).
Processed 25000 documents (1594.877584944157 docs/s, 0.0015209937905732698 MB/s).
Processed 26000 documents (1604.5898974517954 docs/s, 0.0015302561735647158 MB/s).
Processed 27000 documents (1595.7733657084905 docs/s, 0.0015218480736813454 MB/s).
Processed 28000 documents (1340.8725267480581 docs/s, 0.0012787556903343755 MB/s).
Processed 29000 documents (1345.8523591255805 docs/s, 0.0012835048285728269 MB/s).
Processed 30000 documents (1350.8816988346705 docs/s, 0.001288301180681868 MB/s).
Processed 31000 documents (1353.5999026249913 docs/s, 0.0012908934618234551 MB/s).
Processed 32000 documents (1360.8636526389348 docs/s, 0.0012978207136525486 MB/s).
Processed 33000 documents (1372.017289007784 docs/s, 0.0013084576501920548 MB/s).
Processed 34000 documents (1392.767212419314 docs/s, 0.0013282463192170278 MB/s).
Processed 35000 documents (1413.3874687899556 docs/s, 0.001347911328115421 MB/s).
Processed 36000 documents (1431.4895411919551 docs/s, 0.0013651748096389343 MB/s).
Processed 37000 documents (1447.8296108908512 docs/s, 0.0013807579144390594 MB/s).
Processed 38000 documents (1459.4516761348368 docs/s, 0.0013918415795658463 MB/s).
Processed 39000 documents (1314.943465652962 docs/s, 0.0012540278107194538 MB/s).
Processed 40000 documents (1324.033665361851 docs/s, 0.0012626969007128249 MB/s).
Processed 41000 documents (1334.1950707472704 docs/s, 0.0012723875720474914 MB/s).
Processed 42000 documents (1345.2353047677395 docs/s, 0.0012829163596799274 MB/s).
Processed 43000 documents (1362.3401782348592 docs/s, 0.0012992288381908981 MB/s).
Processed 44000 documents (1371.0399035176902 docs/s, 0.0013075255427529241 MB/s).
Processed 45000 documents (1384.6413984050848 docs/s, 0.0013204969390917633 MB/s).
Processed 46000 documents (1395.7867042873722 docs/s, 0.0013311259310601923 MB/s).
Processed 47000 documents (1406.2627036023691 docs/s, 0.0013411166225455943 MB/s).
Processed 48000 documents (1413.7491010923065 docs/s, 0.0013482562075541559 MB/s).
Processed 49000 documents (1418.1698158071656 docs/s, 0.0013524721296378761 MB/s).
Processed 50000 documents (1423.9058294091626 docs/s, 0.0013579424184886576 MB/s).
Processed 51000 documents (1433.5829037332942 docs/s, 0.0013671711957295362 MB/s).
Processed 52000 documents (1319.1639334563154 docs/s, 0.0012580527624667314 MB/s).
Processed 53000 documents (1326.7311653677612 docs/s, 0.001265269437186967 MB/s).
Processed 54000 documents (1334.44598628688 docs/s, 0.0012726268637532044 MB/s).
Processed 55000 documents (1346.5777668706678 docs/s, 0.0012841966313082388 MB/s).
Processed 56000 documents (1353.3571624487824 docs/s, 0.0012906619667518448 MB/s).
Processed 57000 documents (1360.296606443139 docs/s, 0.0012972799362594022 MB/s).
Processed 58000 documents (1367.5088863478043 docs/s, 0.0013041581023672145 MB/s).
Processed 59000 documents (1372.1184563747654 docs/s, 0.0013085541309116034 MB/s).
Processed 60000 documents (1380.2683505933992 docs/s, 0.0013163264757093422 MB/s).
Processed 61000 documents (1391.637761483742 docs/s, 0.0013271691908681316 MB/s).
Processed 62000 documents (1403.283069234471 docs/s, 0.0013382750217766485 MB/s).
Processed 63000 documents (1413.346171207411 docs/s, 0.0013478719436716185 MB/s).
Processed 64000 documents (1419.6847563184947 docs/s, 0.001353916889494414 MB/s).
Processed 65000 documents (1429.9460710074195 docs/s, 0.0013637028417658038 MB/s).
Processed 66000 documents (1434.1335252998717 docs/s, 0.0013676963093756406 MB/s).
Processed 67000 documents (1347.2492753794807 docs/s, 0.0012848370317263419 MB/s).
Processed 68000 documents (1359.175784768694 docs/s, 0.0012962110374152127 MB/s).
Processed 69000 documents (1367.1992873954928 docs/s, 0.0013038628457980087 MB/s).
Processed 70000 documents (1373.33816282245 docs/s, 0.0013097173336243152 MB/s).
Processed 71000 documents (1378.4315870069593 docs/s, 0.0013145748014516442 MB/s).
Processed 72000 documents (1389.5007035181004 docs/s, 0.0013251311335736279 MB/s).
Processed 73000 documents (1394.6800049659003 docs/s, 0.0013300705003413203 MB/s).
Processed 74000 documents (1402.874633230666 docs/s, 0.001337885506849924 MB/s).
Processed 75000 documents (1408.1522736539475 docs/s, 0.001342918656972835 MB/s).
Processed 76000 documents (1411.3719124962718 docs/s, 0.0013459891438448637 MB/s).
Processed 77000 documents (1417.0700178851657 docs/s, 0.0013514232806064279 MB/s).
Processed 78000 documents (1429.1111395807154 docs/s, 0.0013629065891081957 MB/s).
Processed 79000 documents (1439.0400993683306 docs/s, 0.0013723755830462748 MB/s).
Processed 80000 documents (1445.9545733583116 docs/s, 0.0013789697393019786 MB/s).
Processed 81000 documents (1455.270434603279 docs/s, 0.0013878540369065084 MB/s).
Processed 82000 documents (1457.413680098984 docs/s, 0.0013898979950895157 MB/s).
Processed 83000 documents (1466.3316778574138 docs/s, 0.0013984028605054986 MB/s).
Processed 84000 documents (1468.2216718850498 docs/s, 0.0014002052992678163 MB/s).
Processed 85000 documents (1471.0210950566918 docs/s, 0.0014028750372473639 MB/s).
Processed 86000 documents (1475.782020041489 docs/s, 0.0014074154091277017 MB/s).
Processed 87000 documents (1405.2123755641653 docs/s, 0.001340114951671758 MB/s).
Processed 88000 documents (1414.7004043638308 docs/s, 0.0013491634410513218 MB/s).
Processed 89000 documents (1423.3325034028212 docs/s, 0.001357395652201482 MB/s).
Processed 90000 documents (1425.781686055347 docs/s, 0.0013597313747933837 MB/s).
Processed 91000 documents (1433.8789181012978 docs/s, 0.0013674534970295885 MB/s).
Processed 92000 documents (1442.3546770614573 docs/s, 0.0013755366106619428 MB/s).
Processed 93000 documents (1455.1480879715511 docs/s, 0.0013877373580661308 MB/s).
Processed 94000 documents (1467.5201356418634 docs/s, 0.0013995362621706613 MB/s).
Processed 95000 documents (1480.1000607806288 docs/s, 0.0014115334136778153 MB/s).
Processed 96000 documents (1492.614519095434 docs/s, 0.0014234681311563815 MB/s).
Processed 97000 documents (1505.1553080703463 docs/s, 0.0014354279595092262 MB/s).
Processed 98000 documents (1517.6117570772435 docs/s, 0.0014473073550007281 MB/s).
Processed 99000 documents (1529.878121977883 docs/s, 0.0014590054721621351 MB/s).
Processed 100000 documents (1541.9047007119989 docs/s, 0.001470474911415099 MB/s).
Processed 101000 documents (1553.0995397359488 docs/s, 0.0014811511418685425 MB/s).
Processed 102000 documents (1564.7156569270858 docs/s, 0.001492229134490095 MB/s).
Processed 103000 documents (1577.1360749991543 docs/s, 0.0015040741682044547 MB/s).
Processed 104000 documents (1588.7986883992855 docs/s, 0.0015151965030663352 MB/s).
Processed 105000 documents (1600.6497301145134 docs/s, 0.0015264985371728072 MB/s).
Processed 106000 documents (1612.595758026116 docs/s, 0.0015378911571751748 MB/s).
Processed 107000 documents (1624.308307114569 docs/s, 0.0015490611144204798 MB/s).
Processed 108000 documents (1635.7628884827711 docs/s, 0.0015599850544765197 MB/s).
Processed 109000 documents (1647.3688916479853 docs/s, 0.001571053401611314 MB/s).
Processed 110000 documents (1658.960601566983 docs/s, 0.0015821081176442939 MB/s).
Processed 111000 documents (1670.363968751783 docs/s, 0.0015929832160489874 MB/s).
Processed 112000 documents (1681.587142438011 docs/s, 0.0016036864685421094 MB/s).
Processed 113000 documents (1692.8426336862362 docs/s, 0.0016144205414640772 MB/s).
Processed 114000 documents (1704.3869673358704 docs/s, 0.0016254300759657577 MB/s).
Processed 115000 documents (1715.8687950515869 docs/s, 0.001636380000163638 MB/s).
Processed 116000 documents (1727.2618462237547 docs/s, 0.0016472452604520365 MB/s).
Processed 117000 documents (1738.7718903165312 docs/s, 0.001658222093884021 MB/s).
Processed 118000 documents (1749.3669779525653 docs/s, 0.0016683263568425801 MB/s).
Processed 119000 documents (1760.691285756597 docs/s, 0.001679126058346364 MB/s).
Processed 120000 documents (1771.8048510097497 docs/s, 0.0016897247800920006 MB/s).
Processed 121000 documents (1783.0397831217626 docs/s, 0.0017004392462937952 MB/s).
Processed 122000 documents (1794.0118352557188 docs/s, 0.0017109030106122196 MB/s).
Processed 123000 documents (1805.220375957549 docs/s, 0.0017215923080039493 MB/s).
Processed 124000 documents (1816.216370849939 docs/s, 0.0017320789059161559 MB/s).
Processed 125000 documents (1826.735499505636 docs/s, 0.001742110728746067 MB/s).
Processed 126000 documents (1837.2032154336857 docs/s, 0.0017520935205780847 MB/s).
Processed 127000 documents (1847.8456548816346 docs/s, 0.0017622429417435022 MB/s).
Processed 128000 documents (1858.0053900441653 docs/s, 0.0017719320202294973 MB/s).
Processed 129000 documents (1868.5994704661318 docs/s, 0.001782035322633869 MB/s).
Processed 130000 documents (1878.9411739858501 docs/s, 0.0017918979396685125 MB/s).
Processed 131000 documents (1889.2515032253025 docs/s, 0.0018017306358578706 MB/s).
Processed 132000 documents (1899.600909534667 docs/s, 0.0018116005988451642 MB/s).
Processed 133000 documents (1909.8719850750167 docs/s, 0.0018213958597898643 MB/s).
Processed 134000 documents (1920.5657209470348 docs/s, 0.0018315942010374401 MB/s).
Processed 135000 documents (1931.0527745287543 docs/s, 0.0018415954346931022 MB/s).
Processed 136000 documents (1940.460836183148 docs/s, 0.001850567661460064 MB/s).
Processed 137000 documents (1951.0769812661217 docs/s, 0.0018606920063649385 MB/s).
Processed 138000 documents (1960.8722789017604 docs/s, 0.001870033530141602 MB/s).
Processed 139000 documents (1970.7727586339372 docs/s, 0.0018794753633822796 MB/s).
Processed 140000 documents (1979.940878858948 docs/s, 0.0018882187641705971 MB/s).
Processed 141000 documents (1990.310528690497 docs/s, 0.0018981080328850717 MB/s).
Processed 142000 documents (1999.7425410813846 docs/s, 0.0019071031008542868 MB/s).
Processed 143000 documents (2009.950366595443 docs/s, 0.0019168380418734007 MB/s).
Processed 144000 documents (2019.7554278522798 docs/s, 0.001926188876964836 MB/s).
Processed 145000 documents (2029.4291785290056 docs/s, 0.001935414484528547 MB/s).
Processed 146000 documents (2037.8544959198177 docs/s, 0.0019434494933317354 MB/s).
Processed 147000 documents (2047.4626920241305 docs/s, 0.001952612583183413 MB/s).
Processed 148000 documents (2057.4967733792514 docs/s, 0.0019621818288605227 MB/s).
Processed 149000 documents (2066.9002651037595 docs/s, 0.0019711496974027247 MB/s).
Processed 150000 documents (2076.356959752158 docs/s, 0.001980168304206999 MB/s).
Processed 151000 documents (2086.0832835428846 docs/s, 0.001989444049399266 MB/s).
Processed 152000 documents (2095.998242598953 docs/s, 0.0019988996911992577 MB/s).
Processed 153000 documents (2106.132915539588 docs/s, 0.0020085648684879187 MB/s).
Processed 154000 documents (2115.356053657787 docs/s, 0.0020173607384279127 MB/s).
Processed 155000 documents (2124.46389539278 docs/s, 0.0020260466531684686 MB/s).
Processed 156000 documents (2134.0713105530695 docs/s, 0.0020352089982538886 MB/s).
Processed 157000 documents (2143.3561231678827 docs/s, 0.0020440636855772808 MB/s).
Processed 158000 documents (2152.34778747882 docs/s, 0.0020526388048923683 MB/s).
Processed 159000 documents (2161.8396818720053 docs/s, 0.0020616909807891896 MB/s).
Processed 160000 documents (2170.844034663354 docs/s, 0.0020702782007821596 MB/s).
Processed 161000 documents (2180.2489241412154 docs/s, 0.0020792474023258356 MB/s).
Processed 162000 documents (2189.181987804949 docs/s, 0.0020877666357087604 MB/s).
Processed 163000 documents (2198.542784311782 docs/s, 0.002096693786918432 MB/s).
Processed 164000 documents (2207.458605569455 docs/s, 0.0021051965766615438 MB/s).
Processed 165000 documents (2216.3406125370802 docs/s, 0.0021136671185847094 MB/s).
Processed 166000 documents (2225.6966401802206 docs/s, 0.0021225897218515592 MB/s).
Processed 167000 documents (2234.5587436411665 docs/s, 0.0021310412823115983 MB/s).
Processed 168000 documents (2243.2382225039078 docs/s, 0.0021393186783827856 MB/s).
Processed 169000 documents (2252.7237777861233 docs/s, 0.002148364808832286 MB/s).
Processed 170000 documents (2261.9257320897004 docs/s, 0.0021571404763123516 MB/s).
Processed 171000 documents (2271.4285438759885 docs/s, 0.002166203063846577 MB/s).
Processed 172000 documents (2278.4246507926837 docs/s, 0.0021728750713278615 MB/s).
Processed 173000 documents (2287.531505415521 docs/s, 0.002181560044684907 MB/s).
Processed 174000 documents (2296.6092679950234 docs/s, 0.002190217273707412 MB/s).
Processed 175000 documents (2305.547087872243 docs/s, 0.002198741042968982 MB/s).
Processed 176000 documents (2314.794241816027 docs/s, 0.002207559816185023 MB/s).
Processed 177000 documents (2323.519037206213 docs/s, 0.0022158804294645433 MB/s).
Processed 178000 documents (2331.318809708895 docs/s, 0.002223318872174163 MB/s).
Processed 179000 documents (2338.6293924272677 docs/s, 0.0022302907871506383 MB/s).
Processed 180000 documents (2347.943860194425 docs/s, 0.00223917375583117 MB/s).
Processed 181000 documents (2355.8285327748094 docs/s, 0.0022466931655643553 MB/s).
Processed 182000 documents (2364.621379073912 docs/s, 0.0022550786772479172 MB/s).
Processed 183000 documents (2373.124891715949 docs/s, 0.002263188258853864 MB/s).
Processed 184000 documents (2381.5699125058927 docs/s, 0.00227124205828275 MB/s).
Processed 185000 documents (2390.486351187175 docs/s, 0.0022797454368469 MB/s).
Processed 186000 documents (2398.6262848648084 docs/s, 0.0022875082825325093 MB/s).
Processed 187000 documents (2407.6229045325726 docs/s, 0.0022960881276441313 MB/s).
Processed 188000 documents (2415.951094893528 docs/s, 0.0023040305088935166 MB/s).
Processed 189000 documents (2424.2194911638926 docs/s, 0.0023119158660544325 MB/s).
Processed 190000 documents (2432.1668923113207 docs/s, 0.002319495098410912 MB/s).
Processed 191000 documents (2440.218840623096 docs/s, 0.002327174034712883 MB/s).
Processed 192000 documents (2448.1784354286247 docs/s, 0.0023347648958479163 MB/s).
Processed 193000 documents (2456.3516371351593 docs/s, 0.002342559468398246 MB/s).
Processed 194000 documents (2463.3471942500514 docs/s, 0.0023492309515476717 MB/s).
Processed 195000 documents (2471.837710941051 docs/s, 0.0023573281392488964 MB/s).
Processed 196000 documents (2480.0237922926863 docs/s, 0.0023651349947859633 MB/s).
Processed 197000 documents (2488.041694829018 docs/s, 0.0023727814625063115 MB/s).
Processed 198000 documents (2496.5847561036103 docs/s, 0.002380928760627375 MB/s).
Processed 199000 documents (2503.9048804579966 docs/s, 0.002387909775217053 MB/s).
Processed 200000 documents (2511.801008442558 docs/s, 0.002395440109674986 MB/s).
Processed 201000 documents (2517.9251455924914 docs/s, 0.0024012805419850267 MB/s).
Processed 202000 documents (2525.990313368212 docs/s, 0.0024089720853502387 MB/s).
Processed 203000 documents (2534.558623441799 docs/s, 0.002417143462602424 MB/s).
Processed 204000 documents (2542.3816212920838 docs/s, 0.0024246040547295416 MB/s).
Processed 205000 documents (2550.1823310345194 docs/s, 0.0024320433912606424 MB/s).
Processed 206000 documents (2557.7591991637473 docs/s, 0.002439269255794284 MB/s).
Processed 207000 documents (2565.618645282464 docs/s, 0.002446764607698883 MB/s).
Processed 208000 documents (2573.573087196585 docs/s, 0.002454350554653726 MB/s).
Processed 209000 documents (2582.0436961635314 docs/s, 0.002462428756869823 MB/s).
Processed 210000 documents (2589.7697138766503 docs/s, 0.002469796861530924 MB/s).
Processed 211000 documents (2596.3551181460234 docs/s, 0.0024760771924457773 MB/s).
Processed 212000 documents (2603.9970810268483 docs/s, 0.00248336513617215 MB/s).
Processed 213000 documents (2612.1619273542783 docs/s, 0.002491151740412024 MB/s).
Processed 214000 documents (2619.681347621946 docs/s, 0.002498322818395563 MB/s).
Processed 215000 documents (2627.516184643888 docs/s, 0.0025057947012366182 MB/s).
Processed 216000 documents (2634.9871658885454 docs/s, 0.0025129195841680006 MB/s).
Processed 217000 documents (2639.561371867471 docs/s, 0.0025172818869280537 MB/s).
Processed 218000 documents (2647.1991603710885 docs/s, 0.002524565849658097 MB/s).
Processed 219000 documents (2654.8632508789833 docs/s, 0.002531874895934089 MB/s).
Processed 220000 documents (2661.75781961539 docs/s, 0.0025384500690606975 MB/s).
Processed 221000 documents (2668.95874226492 docs/s, 0.0025453174040459825 MB/s).
Processed 222000 documents (2676.0394314139617 docs/s, 0.00255207007542988 MB/s).
Processed 223000 documents (2682.749156708407 docs/s, 0.002558468968113334 MB/s).
Processed 224000 documents (2689.6961967437314 docs/s, 0.0025650941817700686 MB/s).
Processed 225000 documents (2696.0395260199525 docs/s, 0.0025711436519813085 MB/s).
Processed 226000 documents (2702.8474171523926 docs/s, 0.0025776361629032065 MB/s).
Processed 227000 documents (2709.9241107861194 docs/s, 0.0025843850238667673 MB/s).
Processed 228000 documents (2717.0006286198363 docs/s, 0.002591133717174374 MB/s).
Processed 229000 documents (2723.8671046823774 docs/s, 0.0025976820990394377 MB/s).
Processed 230000 documents (2731.19871233974 docs/s, 0.0026046740649602316 MB/s).
Processed 231000 documents (2738.2980471643327 docs/s, 0.0026114445182460143 MB/s).
Processed 232000 documents (2745.3518786062405 docs/s, 0.0026181715761244206 MB/s).
Processed 233000 documents (2751.060990958309 docs/s, 0.002623616209944066 MB/s).
Processed 234000 documents (2758.708819316261 docs/s, 0.002630909747425328 MB/s).
Processed 235000 documents (2765.461614913818 docs/s, 0.0026373497151506594 MB/s).
Processed 236000 documents (2771.5104036187786 docs/s, 0.0026431182895839487 MB/s).
Processed 237000 documents (2778.7974208445034 docs/s, 0.0026500677307553324 MB/s).
Processed 238000 documents (2785.8485027561233 docs/s, 0.002656792166477321 MB/s).
Processed 239000 documents (2793.445251793797 docs/s, 0.0026640369909227343 MB/s).
Processed 240000 documents (2801.072268559507 docs/s, 0.0026713106809229917 MB/s).
Processed 241000 documents (2807.833068526465 docs/s, 0.00267775828220984 MB/s).
Processed 242000 documents (2814.8270590780185 docs/s, 0.0026844282713680443 MB/s).
Processed 243000 documents (2821.791133154479 docs/s, 0.0026910697299523155 MB/s).
Processed 244000 documents (2828.2885180448898 docs/s, 0.002697266119046106 MB/s).
Processed 245000 documents (2835.182241069744 docs/s, 0.002703840485639328 MB/s).
Processed 246000 documents (2842.265985150826 docs/s, 0.0027105960704334508 MB/s).
Processed 247000 documents (2849.417425156987 docs/s, 0.0027174162150926467 MB/s).
Processed 248000 documents (2853.416599610198 docs/s, 0.002721230125055502 MB/s).
Processed 249000 documents (2860.365661652749 docs/s, 0.0027278572670485965 MB/s).
Processed 250000 documents (2867.23982551317 docs/s, 0.002734412980569048 MB/s).
Processed 251000 documents (2873.0645061019686 docs/s, 0.002739967828847855 MB/s).
Processed 252000 documents (2878.979394487215 docs/s, 0.0027456087059852742 MB/s).
Processed 253000 documents (2885.710972868758 docs/s, 0.0027520284393966273 MB/s).
Processed 254000 documents (2892.0438773432015 docs/s, 0.0027580679677421584 MB/s).
Processed 255000 documents (2898.5387249601163 docs/s, 0.0027642619371033824 MB/s).
Processed 256000 documents (2905.059985028147 docs/s, 0.002770481095340869 MB/s).
Processed 257000 documents (2911.950414423327 docs/s, 0.0027770523208840627 MB/s).
Processed 258000 documents (2918.2711513067125 docs/s, 0.002783080245310509 MB/s).
Processed 259000 documents (2925.364024287406 docs/s, 0.0027898445361017286 MB/s).
Processed 260000 documents (2931.5805771513346 docs/s, 0.002795773102904639 MB/s).
Processed 261000 documents (2938.038056047453 docs/s, 0.0028019314346766026 MB/s).
Processed 262000 documents (2944.2931108085186 docs/s, 0.0028078967197499452 MB/s).
Processed 263000 documents (2950.609410904317 docs/s, 0.0028139204129260225 MB/s).
Processed 264000 documents (2956.8762455012097 docs/s, 0.0028198969321262452 MB/s).
Processed 265000 documents (2962.2279258157055 docs/s, 0.0028250006921917968 MB/s).
Processed 266000 documents (2968.7884036663004 docs/s, 0.002831257251421261 MB/s).
Processed 267000 documents (2974.461940529596 docs/s, 0.0028366679578109705 MB/s).
Processed 268000 documents (2981.1909806196268 docs/s, 0.0028430852705189007 MB/s).
Processed 269000 documents (2987.7941640254644 docs/s, 0.002849382556939568 MB/s).
Processed 270000 documents (2993.96913526097 docs/s, 0.002855271468411417 MB/s).
Processed 271000 documents (2999.89288438061 docs/s, 0.002860920795803652 MB/s).
Processed 272000 documents (3005.8856303851226 docs/s, 0.0028666359237529016 MB/s).
Processed 273000 documents (3012.538730122906 docs/s, 0.002872980814097315 MB/s).
Processed 274000 documents (3019.0406817662347 docs/s, 0.002879181558386073 MB/s).
Processed 275000 documents (3025.568919378085 docs/s, 0.0028854073709278917 MB/s).
Processed 276000 documents (3031.643506487308 docs/s, 0.0028912005486367303 MB/s).
Processed 277000 documents (3037.3972029128663 docs/s, 0.0028966877011421836 MB/s).
Processed 278000 documents (3043.163134430762 docs/s, 0.002902186521940958 MB/s).
Processed 279000 documents (3049.5283413265965 docs/s, 0.0029082568562761274 MB/s).
Processed 280000 documents (3055.310594980589 docs/s, 0.002913771243076886 MB/s).
Processed 281000 documents (3061.39412018581 docs/s, 0.0029195729448183157 MB/s).
Processed 282000 documents (3067.654488118377 docs/s, 0.0029255432969268577 MB/s).
Processed 283000 documents (3072.7172522310043 docs/s, 0.002930371525031094 MB/s).
Processed 284000 documents (3078.60276854334 docs/s, 0.0029359843907769585 MB/s).
Processed 285000 documents (3084.4369106404856 docs/s, 0.0029415482622532707 MB/s).
Processed 286000 documents (3089.889608238074 docs/s, 0.0029467483599072207 MB/s).
Processed 287000 documents (3095.7091787194395 docs/s, 0.002952298334807815 MB/s).
Processed 288000 documents (3101.3450308551414 docs/s, 0.0029576731022406973 MB/s).
Processed 289000 documents (3107.6921731926222 docs/s, 0.0029637262088705275 MB/s).
Processed 290000 documents (3114.2574007238027 docs/s, 0.0029699872977483775 MB/s).
Processed 291000 documents (3120.316592029484 docs/s, 0.002975765792874798 MB/s).
Processed 292000 documents (3125.8848774454336 docs/s, 0.0029810761236624085 MB/s).
Processed 293000 documents (3131.4606165526725 docs/s, 0.002986393562843964 MB/s).
Processed 294000 documents (3137.264804020149 docs/s, 0.0029919288673593033 MB/s).
Processed 295000 documents (3143.4407259704712 docs/s, 0.0029978186855034554 MB/s).
Opening /fsx/loubna/data/stack_march_no_pii_json/julia
Input is not a jsonl file, will try to load from HF datasets
Vocab size: 49152
Output prefix: /fsx/loubna/data/tokenized_stack_no_pii/code/julia/gpt2-preprocessed
Time to startup: 0.8606936931610107
END TIME: Wed Mar 29 01:08:08 UTC 2023
