START TIME: Wed Mar 29 01:35:52 UTC 2023
FULL_OUT_PATH is: /fsx/loubna/data/tokenized_stack_no_pii/jupyter-scripts-dedup-filtered
/fsx/loubna/code/Megatron-LM/tools/preprocess_data.py --input /fsx/loubna/data/stack_march_no_pii_json/jupyter-scripts-dedup-filtered --output-prefix /fsx/loubna/data/tokenized_stack_no_pii/jupyter-scripts-dedup-filtered/gpt2-preprocessed --tokenizer-type TokenizerFromFile --tokenizer-file /fsx/loubna/data/tokenizer/tokenizer-the-stack-march-sample-v3-no-prefix-spaces/tokenizer.json --dataset-impl mmap --append-eod --json-keys content --workers 64 --chunk-size 100 --log-interval 1000
[H[2J[3J> building TokenizerFromFile tokenizer ...
 > padded vocab (size: 49152) with 0 dummy tokens (new size: 49152)
> building TokenizerFromFile tokenizer ...
> building TokenizerFromFile tokenizer ...
> building TokenizerFromFile tokenizer ...
> building TokenizerFromFile tokenizer ...
> building TokenizerFromFile tokenizer ...
> building TokenizerFromFile tokenizer ...
> building TokenizerFromFile tokenizer ...
> building TokenizerFromFile tokenizer ...
> building TokenizerFromFile tokenizer ...
> building TokenizerFromFile tokenizer ...
> building TokenizerFromFile tokenizer ...
> building TokenizerFromFile tokenizer ...
> building TokenizerFromFile tokenizer ...
> building TokenizerFromFile tokenizer ...
> building TokenizerFromFile tokenizer ...
> building TokenizerFromFile tokenizer ...
> building TokenizerFromFile tokenizer ...
> building TokenizerFromFile tokenizer ...
 > padded vocab (size: 49152) with 0 dummy tokens (new size: 49152)
> building TokenizerFromFile tokenizer ...
 > padded vocab (size: 49152) with 0 dummy tokens (new size: 49152)
> building TokenizerFromFile tokenizer ...
 > padded vocab (size: 49152) with 0 dummy tokens (new size: 49152)
 > padded vocab (size: 49152) with 0 dummy tokens (new size: 49152)
> building TokenizerFromFile tokenizer ...
 > padded vocab (size: 49152) with 0 dummy tokens (new size: 49152)
 > padded vocab (size: 49152) with 0 dummy tokens (new size: 49152)
> building TokenizerFromFile tokenizer ...
 > padded vocab (size: 49152) with 0 dummy tokens (new size: 49152)
> building TokenizerFromFile tokenizer ...
 > padded vocab (size: 49152) with 0 dummy tokens (new size: 49152)
 > padded vocab (size: 49152) with 0 dummy tokens (new size: 49152)
> building TokenizerFromFile tokenizer ...
 > padded vocab (size: 49152) with 0 dummy tokens (new size: 49152)
> building TokenizerFromFile tokenizer ...
 > padded vocab (size: 49152) with 0 dummy tokens (new size: 49152)
> building TokenizerFromFile tokenizer ...
 > padded vocab (size: 49152) with 0 dummy tokens (new size: 49152)
> building TokenizerFromFile tokenizer ...
> building TokenizerFromFile tokenizer ...
> building TokenizerFromFile tokenizer ...
> building TokenizerFromFile tokenizer ...
 > padded vocab (size: 49152) with 0 dummy tokens (new size: 49152)
> building TokenizerFromFile tokenizer ...
 > padded vocab (size: 49152) with 0 dummy tokens (new size: 49152)
> building TokenizerFromFile tokenizer ...
 > padded vocab (size: 49152) with 0 dummy tokens (new size: 49152)
> building TokenizerFromFile tokenizer ...
 > padded vocab (size: 49152) with 0 dummy tokens (new size: 49152)
> building TokenizerFromFile tokenizer ...
 > padded vocab (size: 49152) with 0 dummy tokens (new size: 49152)
> building TokenizerFromFile tokenizer ...
 > padded vocab (size: 49152) with 0 dummy tokens (new size: 49152)
> building TokenizerFromFile tokenizer ...
 > padded vocab (size: 49152) with 0 dummy tokens (new size: 49152)
> building TokenizerFromFile tokenizer ...
 > padded vocab (size: 49152) with 0 dummy tokens (new size: 49152)
> building TokenizerFromFile tokenizer ...
 > padded vocab (size: 49152) with 0 dummy tokens (new size: 49152)
> building TokenizerFromFile tokenizer ...
 > padded vocab (size: 49152) with 0 dummy tokens (new size: 49152)
> building TokenizerFromFile tokenizer ...
 > padded vocab (size: 49152) with 0 dummy tokens (new size: 49152)
> building TokenizerFromFile tokenizer ...
 > padded vocab (size: 49152) with 0 dummy tokens (new size: 49152)
> building TokenizerFromFile tokenizer ...
 > padded vocab (size: 49152) with 0 dummy tokens (new size: 49152)
> building TokenizerFromFile tokenizer ...
 > padded vocab (size: 49152) with 0 dummy tokens (new size: 49152)
> building TokenizerFromFile tokenizer ...
 > padded vocab (size: 49152) with 0 dummy tokens (new size: 49152)
 > padded vocab (size: 49152) with 0 dummy tokens (new size: 49152)
 > padded vocab (size: 49152) with 0 dummy tokens (new size: 49152)
 > padded vocab (size: 49152) with 0 dummy tokens (new size: 49152)
> building TokenizerFromFile tokenizer ...
 > padded vocab (size: 49152) with 0 dummy tokens (new size: 49152)
> building TokenizerFromFile tokenizer ...
 > padded vocab (size: 49152) with 0 dummy tokens (new size: 49152)
> building TokenizerFromFile tokenizer ...
 > padded vocab (size: 49152) with 0 dummy tokens (new size: 49152)
> building TokenizerFromFile tokenizer ...
 > padded vocab (size: 49152) with 0 dummy tokens (new size: 49152)
 > padded vocab (size: 49152) with 0 dummy tokens (new size: 49152)
> building TokenizerFromFile tokenizer ...
> building TokenizerFromFile tokenizer ...
 > padded vocab (size: 49152) with 0 dummy tokens (new size: 49152)
> building TokenizerFromFile tokenizer ...
 > padded vocab (size: 49152) with 0 dummy tokens (new size: 49152)
 > padded vocab (size: 49152) with 0 dummy tokens (new size: 49152)
> building TokenizerFromFile tokenizer ...
> building TokenizerFromFile tokenizer ...
 > padded vocab (size: 49152) with 0 dummy tokens (new size: 49152)
 > padded vocab (size: 49152) with 0 dummy tokens (new size: 49152)
> building TokenizerFromFile tokenizer ...
 > padded vocab (size: 49152) with 0 dummy tokens (new size: 49152)
> building TokenizerFromFile tokenizer ...
 > padded vocab (size: 49152) with 0 dummy tokens (new size: 49152)
> building TokenizerFromFile tokenizer ...
 > padded vocab (size: 49152) with 0 dummy tokens (new size: 49152)
> building TokenizerFromFile tokenizer ...
 > padded vocab (size: 49152) with 0 dummy tokens (new size: 49152)
> building TokenizerFromFile tokenizer ...
> building TokenizerFromFile tokenizer ...
> building TokenizerFromFile tokenizer ...
> building TokenizerFromFile tokenizer ...
 > padded vocab (size: 49152) with 0 dummy tokens (new size: 49152)
> building TokenizerFromFile tokenizer ...
 > padded vocab (size: 49152) with 0 dummy tokens (new size: 49152)
> building TokenizerFromFile tokenizer ...
 > padded vocab (size: 49152) with 0 dummy tokens (new size: 49152)
> building TokenizerFromFile tokenizer ...
 > padded vocab (size: 49152) with 0 dummy tokens (new size: 49152)
 > padded vocab (size: 49152) with 0 dummy tokens (new size: 49152)
 > padded vocab (size: 49152) with 0 dummy tokens (new size: 49152)
 > padded vocab (size: 49152) with 0 dummy tokens (new size: 49152)
 > padded vocab (size: 49152) with 0 dummy tokens (new size: 49152)
 > padded vocab (size: 49152) with 0 dummy tokens (new size: 49152)
 > padded vocab (size: 49152) with 0 dummy tokens (new size: 49152)
 > padded vocab (size: 49152) with 0 dummy tokens (new size: 49152)
 > padded vocab (size: 49152) with 0 dummy tokens (new size: 49152)
 > padded vocab (size: 49152) with 0 dummy tokens (new size: 49152)
 > padded vocab (size: 49152) with 0 dummy tokens (new size: 49152)
 > padded vocab (size: 49152) with 0 dummy tokens (new size: 49152)
 > padded vocab (size: 49152) with 0 dummy tokens (new size: 49152)
 > padded vocab (size: 49152) with 0 dummy tokens (new size: 49152)
 > padded vocab (size: 49152) with 0 dummy tokens (new size: 49152)
 > padded vocab (size: 49152) with 0 dummy tokens (new size: 49152)
 > padded vocab (size: 49152) with 0 dummy tokens (new size: 49152)
Processed 1000 documents (310.50957264794016 docs/s, 0.00029612500443262116 MB/s).
Processed 2000 documents (517.2499097899654 docs/s, 0.0004932879541301397 MB/s).
Processed 3000 documents (671.851002769863 docs/s, 0.0006407270457934027 MB/s).
Processed 4000 documents (762.4075609207013 docs/s, 0.0007270885094840062 MB/s).
Processed 5000 documents (856.278952441296 docs/s, 0.0008166112446225129 MB/s).
Processed 6000 documents (899.924807870646 docs/s, 0.0008582351759630642 MB/s).
Processed 7000 documents (958.3776695320598 docs/s, 0.0009139801688500021 MB/s).
Processed 8000 documents (1020.607899015321 docs/s, 0.0009733275404122553 MB/s).
Processed 9000 documents (1046.6541685042648 docs/s, 0.0009981671986620567 MB/s).
Processed 10000 documents (1077.102964299167 docs/s, 0.0010272054331771537 MB/s).
Processed 11000 documents (1098.4453698624188 docs/s, 0.0010475591372131527 MB/s).
Processed 12000 documents (1106.7293715082435 docs/s, 0.0010554593768198428 MB/s).
Processed 13000 documents (1131.3862030852265 docs/s, 0.0010789739638187661 MB/s).
Processed 14000 documents (1138.4249711032865 docs/s, 0.0010856866560967316 MB/s).
Processed 15000 documents (1168.8675709205118 docs/s, 0.001114718981667053 MB/s).
Processed 16000 documents (1177.6016342600806 docs/s, 0.0011230484335518652 MB/s).
Processed 17000 documents (1198.5160307759863 docs/s, 0.0011429939563522209 MB/s).
Processed 18000 documents (1207.9642292374956 docs/s, 0.0011520044605612713 MB/s).
Processed 19000 documents (1218.0565297998937 docs/s, 0.0011616292284010827 MB/s).
Processed 20000 documents (1192.6999032643755 docs/s, 0.0011374472649234538 MB/s).
Processed 21000 documents (1210.5891785949084 docs/s, 0.001154507807345303 MB/s).
Processed 22000 documents (1219.0444463852928 docs/s, 0.0011625713790753296 MB/s).
Processed 23000 documents (1227.3340726422189 docs/s, 0.0011704769827291669 MB/s).
Processed 24000 documents (1234.2553120530783 docs/s, 0.0011770775909930023 MB/s).
Processed 25000 documents (1244.3070551605779 docs/s, 0.0011866636802297381 MB/s).
Processed 26000 documents (1247.7896772969016 docs/s, 0.001189984967514898 MB/s).
Processed 27000 documents (1251.4442841277437 docs/s, 0.0011934702721860349 MB/s).
Processed 28000 documents (1258.0229355948625 docs/s, 0.0011997441631268143 MB/s).
Processed 29000 documents (1272.8875863013543 docs/s, 0.0012139201987279456 MB/s).
Processed 30000 documents (1271.963998931555 docs/s, 0.0012130393971744107 MB/s).
Processed 31000 documents (1281.105881538977 docs/s, 0.0012217577758207102 MB/s).
Processed 32000 documents (1283.305965332961 docs/s, 0.0012238559392289744 MB/s).
Processed 33000 documents (1295.7051454615726 docs/s, 0.001235680718862126 MB/s).
Processed 34000 documents (1301.1238290770775 docs/s, 0.0012408483782549644 MB/s).
Processed 35000 documents (1309.128905767502 docs/s, 0.0012484826142954845 MB/s).
Processed 36000 documents (1313.1360449364288 docs/s, 0.0012523041200031555 MB/s).
Processed 37000 documents (1315.3061637627081 docs/s, 0.0012543737065913278 MB/s).
Processed 38000 documents (1321.912489551957 docs/s, 0.0012606739898223466 MB/s).
Processed 39000 documents (1323.0225299584456 docs/s, 0.001261732606848188 MB/s).
Processed 40000 documents (1327.2335539372204 docs/s, 0.0012657485522625165 MB/s).
Processed 41000 documents (1331.837439845551 docs/s, 0.001270139160008956 MB/s).
Processed 42000 documents (1336.3245348903895 docs/s, 0.0012744183873084922 MB/s).
Processed 43000 documents (1304.4536266107189 docs/s, 0.001244023920641631 MB/s).
Processed 44000 documents (1315.0330468815177 docs/s, 0.0012541132420363595 MB/s).
Processed 45000 documents (1320.0272647385596 docs/s, 0.0012588760993371578 MB/s).
Processed 46000 documents (1319.5241844829256 docs/s, 0.0012583963246182686 MB/s).
Processed 47000 documents (1322.4692600743913 docs/s, 0.0012612049675697244 MB/s).
Processed 48000 documents (1329.8309082096964 docs/s, 0.0012682255823227848 MB/s).
Processed 49000 documents (1334.6950037788486 docs/s, 0.0012728643453396307 MB/s).
Processed 50000 documents (1335.2535736216566 docs/s, 0.0012733970390526358 MB/s).
Processed 51000 documents (1338.2053689129086 docs/s, 0.0012762120904091917 MB/s).
Processed 52000 documents (1341.331168299037 docs/s, 0.0012791930850019808 MB/s).
Processed 53000 documents (1342.0563835094824 docs/s, 0.0012798847041220497 MB/s).
Processed 54000 documents (1350.0374258999102 docs/s, 0.0012874960192679503 MB/s).
Processed 55000 documents (1349.0046760585487 docs/s, 0.0012865111122689712 MB/s).
Processed 56000 documents (1352.439856390031 docs/s, 0.0012897871555233298 MB/s).
Processed 57000 documents (1353.0000115959144 docs/s, 0.001290321361156382 MB/s).
Processed 58000 documents (1356.4365526497877 docs/s, 0.0012935987020967366 MB/s).
Processed 59000 documents (1358.6296569521817 docs/s, 0.0012956902093431298 MB/s).
Processed 60000 documents (1362.0305643939416 docs/s, 0.0012989335674228112 MB/s).
Processed 61000 documents (1367.5880378517666 docs/s, 0.0013042335871236482 MB/s).
Processed 62000 documents (1373.3461995506407 docs/s, 0.0013097249980455786 MB/s).
Processed 63000 documents (1373.2791599310071 docs/s, 0.0013096610640821525 MB/s).
Processed 64000 documents (1376.8492563100644 docs/s, 0.0013130657733059544 MB/s).
Processed 65000 documents (1346.80759955444 docs/s, 0.001284415816835823 MB/s).
Processed 66000 documents (1351.9922058954758 docs/s, 0.0012893602427439458 MB/s).
Processed 67000 documents (1352.7939031744295 docs/s, 0.0012901248008484168 MB/s).
Processed 68000 documents (1354.551197618444 docs/s, 0.0012918006874260367 MB/s).
Processed 69000 documents (1354.9160483072203 docs/s, 0.001292148636157246 MB/s).
Processed 70000 documents (1359.9131271272142 docs/s, 0.0012969142218849318 MB/s).
Processed 71000 documents (1360.6757612634576 docs/s, 0.0012976415264734818 MB/s).
Processed 72000 documents (1359.9542514084262 docs/s, 0.0012969534410557043 MB/s).
Processed 73000 documents (1362.8940279649757 docs/s, 0.0012997570304536588 MB/s).
Processed 74000 documents (1361.9694076528158 docs/s, 0.0012988752438095243 MB/s).
Processed 75000 documents (1364.0686569706909 docs/s, 0.0013008772439677152 MB/s).
Processed 76000 documents (1367.0542834196324 docs/s, 0.0013037245592304539 MB/s).
Processed 77000 documents (1366.5075833562607 docs/s, 0.0013032031854212386 MB/s).
Processed 78000 documents (1367.7762778002573 docs/s, 0.0013044131067278455 MB/s).
Processed 79000 documents (1371.7827323624613 docs/s, 0.001308233959543668 MB/s).
Processed 80000 documents (1371.591207053477 docs/s, 0.001308051306775548 MB/s).
Processed 81000 documents (1373.2658320630721 docs/s, 0.0013096483536368104 MB/s).
Processed 82000 documents (1376.4414547659696 docs/s, 0.0013126768634471604 MB/s).
Processed 83000 documents (1348.3012317052187 docs/s, 0.0012858402554561793 MB/s).
Processed 84000 documents (1349.6251697898404 docs/s, 0.001287102861203995 MB/s).
Processed 85000 documents (1351.3236540583362 docs/s, 0.0012887226620276796 MB/s).
Processed 86000 documents (1351.5301958369132 docs/s, 0.0012889196356171734 MB/s).
Processed 87000 documents (1354.6852087411555 docs/s, 0.0012919284903918796 MB/s).
Processed 88000 documents (1355.2796455692705 docs/s, 0.0012924953895275789 MB/s).
Processed 89000 documents (1359.7614089765227 docs/s, 0.0012967695321812846 MB/s).
Processed 90000 documents (1361.5317748965278 docs/s, 0.0012984578846898345 MB/s).
Processed 91000 documents (1364.2067472046242 docs/s, 0.001301008937077164 MB/s).
Processed 92000 documents (1364.4689292507442 docs/s, 0.0013012589733607713 MB/s).
Processed 93000 documents (1369.591465760504 docs/s, 0.0013061442048649826 MB/s).
Processed 94000 documents (1370.9755847577144 docs/s, 0.0013074642036034721 MB/s).
Processed 95000 documents (1375.0418477732187 docs/s, 0.0013113420942051112 MB/s).
Processed 96000 documents (1377.5378453763099 docs/s, 0.0013137224630129908 MB/s).
Processed 97000 documents (1378.7532136780524 docs/s, 0.001314881528547337 MB/s).
Processed 98000 documents (1382.7572337577715 docs/s, 0.00131870005965974 MB/s).
Processed 99000 documents (1382.4296822282179 docs/s, 0.001318387682178705 MB/s).
Processed 100000 documents (1382.5454572160124 docs/s, 0.001318498093811047 MB/s).
Processed 101000 documents (1385.394263959127 docs/s, 0.0013212149276343604 MB/s).
Processed 102000 documents (1386.7428264749105 docs/s, 0.0013225010170697313 MB/s).
Processed 103000 documents (1387.2533087653205 docs/s, 0.0013229878509190755 MB/s).
Processed 104000 documents (1390.861804027671 docs/s, 0.0013264291801716528 MB/s).
Processed 105000 documents (1359.6093803710066 docs/s, 0.0012966245464048449 MB/s).
Processed 106000 documents (1363.3772592623375 docs/s, 0.0013002178757308364 MB/s).
Processed 107000 documents (1366.0212893554153 docs/s, 0.00130273941932241 MB/s).
Processed 108000 documents (1367.9854792267047 docs/s, 0.001304612616755204 MB/s).
Processed 109000 documents (1371.3607794743252 docs/s, 0.0013078315539115193 MB/s).
Processed 110000 documents (1371.4138280298464 docs/s, 0.0013078821449564423 MB/s).
Processed 111000 documents (1373.6368162603462 docs/s, 0.0013100021517375433 MB/s).
Processed 112000 documents (1375.4284272809277 docs/s, 0.0013117107651528623 MB/s).
Processed 113000 documents (1377.5069702313617 docs/s, 0.0013136930181802385 MB/s).
Processed 114000 documents (1380.588104952363 docs/s, 0.001316631417229045 MB/s).
Processed 115000 documents (1379.9912995124043 docs/s, 0.0013160622592090648 MB/s).
Processed 116000 documents (1383.9083392436241 docs/s, 0.001319797839397072 MB/s).
Processed 117000 documents (1386.1334492344467 docs/s, 0.0013219198696464984 MB/s).
Processed 118000 documents (1387.3833579470452 docs/s, 0.001323111875483556 MB/s).
Processed 119000 documents (1386.4217437447353 docs/s, 0.0013221948087165215 MB/s).
Processed 120000 documents (1388.784656037366 docs/s, 0.001324448257481924 MB/s).
Processed 121000 documents (1387.7594934452425 docs/s, 0.0013234705862476754 MB/s).
Processed 122000 documents (1388.1169306282075 docs/s, 0.0013238114649087977 MB/s).
Processed 123000 documents (1390.1693210443837 docs/s, 0.0013257687769359433 MB/s).
Processed 124000 documents (1392.6566560314625 docs/s, 0.001328140884429419 MB/s).
Processed 125000 documents (1392.713267380825 docs/s, 0.0013281948732193232 MB/s).
Processed 126000 documents (1394.0251521578625 docs/s, 0.0013294459840372682 MB/s).
Processed 127000 documents (1393.8895770748597 docs/s, 0.0013293166895626638 MB/s).
Processed 128000 documents (1396.173973337057 docs/s, 0.0013314952596064158 MB/s).
Processed 129000 documents (1396.4883964524251 docs/s, 0.0013317951168560268 MB/s).
Processed 130000 documents (1398.3119298662168 docs/s, 0.0013335341738378685 MB/s).
Processed 131000 documents (1367.2455105999247 docs/s, 0.0013039069276808975 MB/s).
Processed 132000 documents (1371.7712578992946 docs/s, 0.0013082230166428514 MB/s).
Processed 133000 documents (1374.0832839174325 docs/s, 0.0013104279364752126 MB/s).
Processed 134000 documents (1375.6444947428568 docs/s, 0.001311916823141915 MB/s).
Processed 135000 documents (1377.6572065344087 docs/s, 0.0013138362946838462 MB/s).
Processed 136000 documents (1379.7614828317041 docs/s, 0.0013158430889431993 MB/s).
Processed 137000 documents (1379.5381339413989 docs/s, 0.0013156300868429173 MB/s).
Processed 138000 documents (1380.157976160711 docs/s, 0.0013162212144476996 MB/s).
Processed 139000 documents (1381.8579804882424 docs/s, 0.0013178424649126458 MB/s).
Processed 140000 documents (1382.1563531242407 docs/s, 0.0013181270152323157 MB/s).
Processed 141000 documents (1384.050977868093 docs/s, 0.0013199338701897555 MB/s).
Processed 142000 documents (1384.5351155078217 docs/s, 0.0013203955798223703 MB/s).
Processed 143000 documents (1386.3688524459055 docs/s, 0.0013221443676432662 MB/s).
Processed 144000 documents (1387.5729692543416 docs/s, 0.0013232927029174248 MB/s).
Processed 145000 documents (1388.8226602235125 docs/s, 0.0013244845010981679 MB/s).
Processed 146000 documents (1389.9509434339907 docs/s, 0.0013255605158176333 MB/s).
Processed 147000 documents (1391.9088633629804 docs/s, 0.0013274277337674907 MB/s).
Processed 148000 documents (1392.9414015192838 docs/s, 0.0013284124388878668 MB/s).
Processed 149000 documents (1393.2425666349397 docs/s, 0.0013286996523236654 MB/s).
Processed 150000 documents (1395.0066382070756 docs/s, 0.0013303820020743138 MB/s).
Processed 151000 documents (1395.8195781332486 docs/s, 0.001331157282002686 MB/s).
Processed 152000 documents (1397.2208482647043 docs/s, 0.0013324936373374026 MB/s).
Processed 153000 documents (1398.0497791055313 docs/s, 0.0013332841673903764 MB/s).
Processed 154000 documents (1399.7877867513741 docs/s, 0.0013349416606439344 MB/s).
Processed 155000 documents (1400.1210485946067 docs/s, 0.0013352594839044635 MB/s).
Processed 156000 documents (1401.6345395382214 docs/s, 0.0013367028613455022 MB/s).
Processed 157000 documents (1401.9772169251069 docs/s, 0.0013370296639681882 MB/s).
Processed 158000 documents (1403.9895767581572 docs/s, 0.0013389487998563359 MB/s).
Processed 159000 documents (1371.4621502824589 docs/s, 0.0013079282286476697 MB/s).
Processed 160000 documents (1372.9602908775782 docs/s, 0.0013093569668556006 MB/s).
Processed 161000 documents (1374.7525334587906 docs/s, 0.0013110661825740725 MB/s).
Processed 162000 documents (1376.3610562535048 docs/s, 0.0013126001894507454 MB/s).
Processed 163000 documents (1377.369536065049 docs/s, 0.0013135619507456293 MB/s).
Processed 164000 documents (1379.8067421650653 docs/s, 0.0013158862516070035 MB/s).
Processed 165000 documents (1380.1716158828403 docs/s, 0.0013162342223003772 MB/s).
Processed 166000 documents (1381.582144033709 docs/s, 0.0013175794067704287 MB/s).
Processed 167000 documents (1381.216561872842 docs/s, 0.0013172307604530735 MB/s).
Processed 168000 documents (1382.6346472215837 docs/s, 0.0013185831520286405 MB/s).
Processed 169000 documents (1383.6635384428027 docs/s, 0.001319564379160693 MB/s).
Processed 170000 documents (1385.659407849934 docs/s, 0.001321467788553175 MB/s).
Processed 171000 documents (1388.5279904159572 docs/s, 0.001324203482070882 MB/s).
Processed 172000 documents (1389.054823065713 docs/s, 0.0013247059088379984 MB/s).
Processed 173000 documents (1390.4047998046574 docs/s, 0.0013259933469816755 MB/s).
Processed 174000 documents (1390.6307795362682 docs/s, 0.001326208858047741 MB/s).
Processed 175000 documents (1393.1537005493328 docs/s, 0.0013286149030202225 MB/s).
Processed 176000 documents (1393.729249551349 docs/s, 0.0013291637893212787 MB/s).
Processed 177000 documents (1395.4255063778548 docs/s, 0.001330781465890746 MB/s).
Processed 178000 documents (1396.3279236545957 docs/s, 0.001331642078070255 MB/s).
Processed 179000 documents (1397.0769845207703 docs/s, 0.0013323564381797508 MB/s).
Processed 180000 documents (1398.0100432775073 docs/s, 0.0013332462723517487 MB/s).
Processed 181000 documents (1398.5142581896105 docs/s, 0.0013337271291633706 MB/s).
Processed 182000 documents (1400.4623152958263 docs/s, 0.0013355849411924613 MB/s).
Processed 183000 documents (1400.4557519936359 docs/s, 0.0013355786819397315 MB/s).
Processed 184000 documents (1402.4595908428223 docs/s, 0.0013374896915844176 MB/s).
Processed 185000 documents (1402.1281620449438 docs/s, 0.0013371736164521635 MB/s).
Processed 186000 documents (1403.860307960209 docs/s, 0.0013388255195238199 MB/s).
Processed 187000 documents (1403.687489099669 docs/s, 0.0013386607066151323 MB/s).
Processed 188000 documents (1404.9376578444114 docs/s, 0.001339852960438167 MB/s).
Processed 189000 documents (1375.6166558887187 docs/s, 0.0013118902739417254 MB/s).
Processed 190000 documents (1377.3996354343458 docs/s, 0.0013135906557410677 MB/s).
Processed 191000 documents (1378.941656166818 docs/s, 0.0013150612413089923 MB/s).
Processed 192000 documents (1379.5710830414196 docs/s, 0.0013156615095533558 MB/s).
Processed 193000 documents (1380.9846181164785 docs/s, 0.0013170095616497788 MB/s).
Processed 194000 documents (1381.9340629858898 docs/s, 0.00131791502283658 MB/s).
Processed 195000 documents (1383.1539620354047 docs/s, 0.0013190784092287108 MB/s).
Processed 196000 documents (1383.7487966501926 docs/s, 0.0013196456877233435 MB/s).
Processed 197000 documents (1380.5968048455763 docs/s, 0.001316639714093758 MB/s).
Processed 198000 documents (1380.6017000991048 docs/s, 0.0013166443825713204 MB/s).
Processed 199000 documents (1381.3705526713554 docs/s, 0.0013173776175225786 MB/s).
Processed 200000 documents (1382.1631630013421 docs/s, 0.0013181335096372052 MB/s).
Processed 201000 documents (1382.0844211529825 docs/s, 0.0013180584155587983 MB/s).
Processed 202000 documents (1383.110639305038 docs/s, 0.0013190370934534435 MB/s).
Processed 203000 documents (1383.793584793804 docs/s, 0.0013196884010255852 MB/s).
Processed 204000 documents (1383.713335111823 docs/s, 0.00131961186896498 MB/s).
Processed 205000 documents (1385.087488215963 docs/s, 0.0013209223634872084 MB/s).
Processed 206000 documents (1386.0704859837372 docs/s, 0.0013218598232114193 MB/s).
Processed 207000 documents (1387.2361047650159 docs/s, 0.0013229714439058455 MB/s).
Processed 208000 documents (1387.794161630583 docs/s, 0.001323503648405631 MB/s).
Processed 209000 documents (1389.1792487390205 docs/s, 0.0013248245704069333 MB/s).
Processed 210000 documents (1389.3943978174275 docs/s, 0.0013250297525572085 MB/s).
Processed 211000 documents (1389.9585280895085 docs/s, 0.0013255677491087994 MB/s).
Processed 212000 documents (1390.2355749955527 docs/s, 0.0013258319616275336 MB/s).
Processed 213000 documents (1392.3329046461586 docs/s, 0.0013278321310483537 MB/s).
Processed 214000 documents (1393.1215357748279 docs/s, 0.0013285842283008841 MB/s).
Processed 215000 documents (1392.616376631428 docs/s, 0.001328102471000126 MB/s).
Processed 216000 documents (1393.8393168602308 docs/s, 0.0013292687576868351 MB/s).
Processed 217000 documents (1395.1292152021579 docs/s, 0.001330498900606306 MB/s).
Processed 218000 documents (1395.844811464847 docs/s, 0.0013311813463829489 MB/s).
Processed 219000 documents (1395.8001899465157 docs/s, 0.0013311387919869573 MB/s).
Processed 220000 documents (1397.634210098277 docs/s, 0.0013328878499014635 MB/s).
Processed 221000 documents (1398.434107919717 docs/s, 0.0013336506919095202 MB/s).
Processed 222000 documents (1365.8438865407697 docs/s, 0.0013025702348144243 MB/s).
Processed 223000 documents (1367.2860913705429 docs/s, 0.001303945628519576 MB/s).
Processed 224000 documents (1367.4599759569878 docs/s, 0.0013041114577836874 MB/s).
Processed 225000 documents (1367.5490239159533 docs/s, 0.0013041963805350812 MB/s).
Processed 226000 documents (1368.0211037092527 docs/s, 0.0013046465909092452 MB/s).
Processed 227000 documents (1368.4058237928618 docs/s, 0.001305013488571989 MB/s).
Processed 228000 documents (1369.4853797203693 docs/s, 0.001306043033333177 MB/s).
Processed 229000 documents (1369.790981820044 docs/s, 0.0013063344782066764 MB/s).
Processed 230000 documents (1370.7261248508253 docs/s, 0.0013072263000972989 MB/s).
Processed 231000 documents (1372.5910687636142 docs/s, 0.0013090048492084639 MB/s).
Processed 232000 documents (1372.4323427651434 docs/s, 0.0013088534763003763 MB/s).
Processed 233000 documents (1372.2365222067144 docs/s, 0.0013086667272631783 MB/s).
Processed 234000 documents (1373.8385115229632 docs/s, 0.001310194503329242 MB/s).
Processed 235000 documents (1375.1745615361597 docs/s, 0.0013114686599122617 MB/s).
Processed 236000 documents (1375.1897017234528 docs/s, 0.0013114830987200287 MB/s).
Processed 237000 documents (1377.2437839755967 docs/s, 0.0013134420242076842 MB/s).
Processed 238000 documents (1379.215476962919 docs/s, 0.0013153223771695318 MB/s).
Processed 239000 documents (1379.9210638501415 docs/s, 0.001315995277261869 MB/s).
Processed 240000 documents (1381.0083361359823 docs/s, 0.0013170321809158156 MB/s).
Processed 241000 documents (1380.6858301392165 docs/s, 0.001316724615229813 MB/s).
Processed 242000 documents (1381.040080220097 docs/s, 0.0013170624544335337 MB/s).
Processed 243000 documents (1382.302930566505 docs/s, 0.0013182668023743677 MB/s).
Processed 244000 documents (1382.778272368384 docs/s, 0.001318720123642334 MB/s).
Processed 245000 documents (1382.1260993308554 docs/s, 0.0013180981629665903 MB/s).
Processed 246000 documents (1382.1261258927823 docs/s, 0.0013180981882980178 MB/s).
Processed 247000 documents (1383.0494161580139 docs/s, 0.001318978706510557 MB/s).
Processed 248000 documents (1383.8148787442658 docs/s, 0.0013197087085192354 MB/s).
Processed 249000 documents (1384.451624444573 docs/s, 0.0013203159565397006 MB/s).
Processed 250000 documents (1384.7649739033773 docs/s, 0.001320614789870622 MB/s).
Processed 251000 documents (1385.567602881586 docs/s, 0.001321380236512743 MB/s).
Processed 252000 documents (1386.0146385120067 docs/s, 0.0013218065629119937 MB/s).
Processed 253000 documents (1386.7441490607582 docs/s, 0.0013225022783858854 MB/s).
Processed 254000 documents (1387.5986483309973 docs/s, 0.0013233171923933004 MB/s).
Processed 255000 documents (1387.7502331420608 docs/s, 0.0013234617549343689 MB/s).
Processed 256000 documents (1388.8060041142444 docs/s, 0.0013244686165945476 MB/s).
Processed 257000 documents (1389.643549940828 docs/s, 0.0013252673625381737 MB/s).
Processed 258000 documents (1390.8922078377702 docs/s, 0.0013264581755044653 MB/s).
Processed 259000 documents (1392.9910354636877 docs/s, 0.0013284597735058667 MB/s).
Processed 260000 documents (1359.163513413555 docs/s, 0.001296199334538989 MB/s).
Processed 261000 documents (1360.5862433282823 docs/s, 0.0012975561555178474 MB/s).
Processed 262000 documents (1361.089016327501 docs/s, 0.0012980356372141847 MB/s).
Processed 263000 documents (1361.976948948247 docs/s, 0.0012988824357492894 MB/s).
Processed 264000 documents (1362.9832188355242 docs/s, 0.0012998420894961588 MB/s).
Processed 265000 documents (1363.958717013383 docs/s, 0.0013007723970540838 MB/s).
Processed 266000 documents (1364.493464322129 docs/s, 0.0013012823718282023 MB/s).
Processed 267000 documents (1365.3292134955775 docs/s, 0.0013020794043498778 MB/s).
Processed 268000 documents (1365.6559186531554 docs/s, 0.0013023909746676973 MB/s).
Processed 269000 documents (1366.444487201907 docs/s, 0.0013031430122393674 MB/s).
Processed 270000 documents (1366.3473500700647 docs/s, 0.0013030503750515602 MB/s).
Processed 271000 documents (1367.0658677031695 docs/s, 0.0013037356068641372 MB/s).
Processed 272000 documents (1367.3519539442245 docs/s, 0.0013040084399645086 MB/s).
Processed 273000 documents (1368.2373529004283 docs/s, 0.001304852822208813 MB/s).
Processed 274000 documents (1368.0014894660405 docs/s, 0.001304627885309258 MB/s).
Processed 275000 documents (1368.2021883627206 docs/s, 0.0013048192866923528 MB/s).
Processed 276000 documents (1369.1109383390053 docs/s, 0.0013056859382047704 MB/s).
Processed 277000 documents (1369.755110105173 docs/s, 0.0013063002682735185 MB/s).
Processed 278000 documents (1370.4289790381106 docs/s, 0.0013069429197674852 MB/s).
Processed 279000 documents (1370.9087618522808 docs/s, 0.0013074004763148125 MB/s).
Processed 280000 documents (1371.5145178733371 docs/s, 0.0013079781702741023 MB/s).
Processed 281000 documents (1372.5207938719584 docs/s, 0.0013089378298492035 MB/s).
Processed 282000 documents (1373.4367646626233 docs/s, 0.001309811367666839 MB/s).
Processed 283000 documents (1374.1618604784185 docs/s, 0.0013105028729232964 MB/s).
Processed 284000 documents (1375.2820387436157 docs/s, 0.0013115711581646115 MB/s).
Processed 285000 documents (1375.3477190091153 docs/s, 0.0013116337957469132 MB/s).
Processed 286000 documents (1376.047838032521 docs/s, 0.0013123014812779627 MB/s).
Processed 287000 documents (1377.9500194056404 docs/s, 0.001314115542798653 MB/s).
Processed 288000 documents (1378.8077262904615 docs/s, 0.0013149335158257117 MB/s).
Processed 289000 documents (1378.9692075796033 docs/s, 0.0013150875163837465 MB/s).
Processed 290000 documents (1380.1519762091145 docs/s, 0.0013162154924479623 MB/s).
Processed 291000 documents (1381.5057916622004 docs/s, 0.0013175065914747242 MB/s).
Processed 292000 documents (1381.594851859462 docs/s, 0.0013175915258974668 MB/s).
Processed 293000 documents (1381.568528694779 docs/s, 0.0013175664221713819 MB/s).
Processed 294000 documents (1382.4828973814635 docs/s, 0.0013184384321035991 MB/s).
Processed 295000 documents (1383.6586496275575 docs/s, 0.0013195597168231558 MB/s).
Processed 296000 documents (1384.5102649306439 docs/s, 0.0013203718804651679 MB/s).
Processed 297000 documents (1384.8580384932989 docs/s, 0.001320703543179797 MB/s).
Processed 298000 documents (1384.6939305759308 docs/s, 0.0013205470376738842 MB/s).
Processed 299000 documents (1384.9575351211981 docs/s, 0.0013207984305583936 MB/s).
Processed 300000 documents (1385.5702940953915 docs/s, 0.0013213828030542293 MB/s).
Processed 301000 documents (1387.1295655155309 docs/s, 0.0013228698401599225 MB/s).
Processed 302000 documents (1355.0949163106056 docs/s, 0.0012923192179781014 MB/s).
Processed 303000 documents (1356.9168962791784 docs/s, 0.001294056793479136 MB/s).
Processed 304000 documents (1357.329379321747 docs/s, 0.0012944501679627866 MB/s).
Processed 305000 documents (1357.5791275472602 docs/s, 0.0012946883464310267 MB/s).
Processed 306000 documents (1358.1032041573803 docs/s, 0.0012951881448339275 MB/s).
Processed 307000 documents (1359.9053829155348 docs/s, 0.0012969068364291523 MB/s).
Processed 308000 documents (1360.8190890964447 docs/s, 0.0012977782145466277 MB/s).
Processed 309000 documents (1360.5548011106903 docs/s, 0.001297526169882479 MB/s).
Processed 310000 documents (1360.8341953083532 docs/s, 0.001297792620952943 MB/s).
Processed 311000 documents (1361.5608859648569 docs/s, 0.001298485647168023 MB/s).
Processed 312000 documents (1361.7371240039256 docs/s, 0.0012986537208594566 MB/s).
Processed 313000 documents (1362.0337442045134 docs/s, 0.0012989365999264845 MB/s).
Processed 314000 documents (1363.2674773182187 docs/s, 0.001300113179510325 MB/s).
Processed 315000 documents (1364.0348868055753 docs/s, 0.0013008450382285836 MB/s).
Processed 316000 documents (1364.4885651982574 docs/s, 0.001301277699659593 MB/s).
Processed 317000 documents (1365.0161368002382 docs/s, 0.0013017808311464674 MB/s).
Processed 318000 documents (1366.0564680531684 docs/s, 0.0013027729683429416 MB/s).
Processed 319000 documents (1367.5549444599076 docs/s, 0.0013042020268057895 MB/s).
Processed 320000 documents (1369.3541004250897 docs/s, 0.0013059178356409928 MB/s).
Processed 321000 documents (1370.8103483960847 docs/s, 0.0013073066219292495 MB/s).
Processed 322000 documents (1371.7915110507504 docs/s, 0.0013082423315532211 MB/s).
Processed 323000 documents (1372.408581338302 docs/s, 0.0013088308156378764 MB/s).
Processed 324000 documents (1373.0065036009742 docs/s, 0.0013094010387429945 MB/s).
Processed 325000 documents (1373.3981310224824 docs/s, 0.0013097745237564873 MB/s).
Processed 326000 documents (1373.4009379388863 docs/s, 0.00130977720064057 MB/s).
Processed 327000 documents (1374.3592630542921 docs/s, 0.0013106911306898996 MB/s).
Processed 328000 documents (1374.9559384852557 docs/s, 0.0013112601647236402 MB/s).
Processed 329000 documents (1374.9338237766026 docs/s, 0.0013112390744939829 MB/s).
Processed 330000 documents (1375.5456252533183 docs/s, 0.0013118225338490661 MB/s).
Processed 331000 documents (1376.4583731685425 docs/s, 0.0013126929980931687 MB/s).
Processed 332000 documents (1376.3483045321686 docs/s, 0.0013125880284616171 MB/s).
Processed 333000 documents (1376.7454915494332 docs/s, 0.0013129668155187923 MB/s).
Processed 334000 documents (1376.648328608855 docs/s, 0.0013128741537178565 MB/s).
Processed 335000 documents (1376.7999934560712 docs/s, 0.0013130187925873482 MB/s).
Processed 336000 documents (1377.684567409538 docs/s, 0.0013138623880477314 MB/s).
Processed 337000 documents (1378.1313082797951 docs/s, 0.0013142884333417846 MB/s).
Processed 338000 documents (1379.1406371934474 docs/s, 0.001315251004403541 MB/s).
Processed 339000 documents (1379.7422027510443 docs/s, 0.0013158247020254557 MB/s).
Processed 340000 documents (1380.0991241671354 docs/s, 0.0013161650888129572 MB/s).
Processed 341000 documents (1380.787201250852 docs/s, 0.0013168212902554054 MB/s).
Processed 342000 documents (1381.5572206265524 docs/s, 0.001317555637957146 MB/s).
Processed 343000 documents (1381.5811737894708 docs/s, 0.001317578481473418 MB/s).
Processed 344000 documents (1381.9888776701393 docs/s, 0.0013179672981931108 MB/s).
Processed 345000 documents (1382.3219862887072 docs/s, 0.0013182849753272125 MB/s).
Processed 346000 documents (1383.2620327343768 docs/s, 0.0013191814734786766 MB/s).
Processed 347000 documents (1383.595742154635 docs/s, 0.0013194997235819197 MB/s).
Processed 348000 documents (1350.1477403078607 docs/s, 0.0012876012232855422 MB/s).
Processed 349000 documents (1350.7084904382887 docs/s, 0.0012881359962828528 MB/s).
Processed 350000 documents (1351.6385023597636 docs/s, 0.001289022924766315 MB/s).
Processed 351000 documents (1353.1911064348556 docs/s, 0.001290503603396278 MB/s).
Processed 352000 documents (1353.894576613877 docs/s, 0.0012911744848383684 MB/s).
Processed 353000 documents (1354.7415606537982 docs/s, 0.0012919822317636472 MB/s).
Processed 354000 documents (1355.055764281185 docs/s, 0.0012922818796932078 MB/s).
Processed 355000 documents (1355.7185000595387 docs/s, 0.0012929139137835871 MB/s).
Processed 356000 documents (1356.4095014906502 docs/s, 0.0012935729041010382 MB/s).
Processed 357000 documents (1356.7205557776417 docs/s, 0.00129386954858555 MB/s).
Processed 358000 documents (1357.853890381403 docs/s, 0.0012949503806890517 MB/s).
Processed 359000 documents (1358.1371943076535 docs/s, 0.0012952205603672538 MB/s).
Processed 360000 documents (1359.3767281992912 docs/s, 0.0012964026720040237 MB/s).
Processed 361000 documents (1359.721336678759 docs/s, 0.001296731316260108 MB/s).
Processed 362000 documents (1360.2376979059413 docs/s, 0.0012972237567004598 MB/s).
Processed 363000 documents (1360.6180611824457 docs/s, 0.0012975864993881661 MB/s).
Processed 364000 documents (1361.2679894972969 docs/s, 0.001298206319329545 MB/s).
Processed 365000 documents (1362.404024949684 docs/s, 0.0012992897271630135 MB/s).
Processed 366000 documents (1363.326869206926 docs/s, 0.001300169820029188 MB/s).
Processed 367000 documents (1363.3516856765877 docs/s, 0.0013001934868589284 MB/s).
Processed 368000 documents (1364.0162078370822 docs/s, 0.0013008272245760748 MB/s).
Processed 369000 documents (1364.2142453178747 docs/s, 0.0013010160878351924 MB/s).
Processed 370000 documents (1364.5680892057944 docs/s, 0.0013013535396631188 MB/s).
Processed 371000 documents (1364.7522845207527 docs/s, 0.0013015292020041968 MB/s).
Processed 372000 documents (1365.4249559688433 docs/s, 0.0013021707114876206 MB/s).
Processed 373000 documents (1366.5401220127878 docs/s, 0.001303234216702259 MB/s).
Processed 374000 documents (1366.656093107608 docs/s, 0.0013033448153568345 MB/s).
Processed 375000 documents (1366.9290901502 docs/s, 0.0013036051656248092 MB/s).
Processed 376000 documents (1367.694800723429 docs/s, 0.0013043354041322984 MB/s).
Processed 377000 documents (1367.6193968987354 docs/s, 0.0013042634934413294 MB/s).
Processed 378000 documents (1368.2329350494388 docs/s, 0.0013048486090177906 MB/s).
Processed 379000 documents (1368.2971639347277 docs/s, 0.001304909862456062 MB/s).
Processed 380000 documents (1369.6923649702894 docs/s, 0.0013062404298499006 MB/s).
Processed 381000 documents (1370.000385247549 docs/s, 0.0013065341808772555 MB/s).
Processed 382000 documents (1370.7448356139462 docs/s, 0.0013072441440715277 MB/s).
Processed 383000 documents (1371.231700871531 docs/s, 0.0013077084549632369 MB/s).
Processed 384000 documents (1370.9886498921235 docs/s, 0.0013074766634865985 MB/s).
Processed 385000 documents (1371.5690252310437 docs/s, 0.0013080301525412023 MB/s).
Processed 386000 documents (1372.2963690353208 docs/s, 0.0013087238016465386 MB/s).
Processed 387000 documents (1372.7762494836863 docs/s, 0.0013091814513050903 MB/s).
Processed 388000 documents (1373.4129923525986 docs/s, 0.0013097886966253267 MB/s).
Processed 389000 documents (1374.461248806853 docs/s, 0.0013107883918827563 MB/s).
Processed 390000 documents (1374.5323585602664 docs/s, 0.0013108562074282326 MB/s).
Processed 391000 documents (1374.9252429667456 docs/s, 0.0013112308911960083 MB/s).
Processed 392000 documents (1375.4434901464726 docs/s, 0.001311725130220864 MB/s).
Processed 393000 documents (1375.5535247984756 docs/s, 0.0013118300674423938 MB/s).
Processed 394000 documents (1375.8358546169545 docs/s, 0.0013120993181390329 MB/s).
Processed 395000 documents (1376.2112555504827 docs/s, 0.0013124573283676937 MB/s).
Processed 396000 documents (1376.9961983733554 docs/s, 0.0013132059081777147 MB/s).
Processed 397000 documents (1377.4065664404527 docs/s, 0.0013135972656635787 MB/s).
Processed 398000 documents (1377.910152305159 docs/s, 0.0013140775225688544 MB/s).
Processed 399000 documents (1340.7616636462753 docs/s, 0.0012786499630415681 MB/s).
Processed 400000 documents (1341.3447266435364 docs/s, 0.0012792060152469029 MB/s).
Processed 401000 documents (1341.7758613505493 docs/s, 0.0012796171773438924 MB/s).
Processed 402000 documents (1342.0795584466705 docs/s, 0.0012799068054644303 MB/s).
Processed 403000 documents (1342.433403768502 docs/s, 0.0012802442586598416 MB/s).
Processed 404000 documents (1342.9229623069896 docs/s, 0.0012807111380643745 MB/s).
Processed 405000 documents (1343.080814039115 docs/s, 0.0012808616772071028 MB/s).
Processed 406000 documents (1343.8801326271832 docs/s, 0.0012816239668151696 MB/s).
Processed 407000 documents (1344.4489910337084 docs/s, 0.0012821664724671443 MB/s).
Processed 408000 documents (1345.001804888333 docs/s, 0.0012826936768420534 MB/s).
Processed 409000 documents (1345.4435838479615 docs/s, 0.0012831149900893798 MB/s).
Processed 410000 documents (1346.6477975376513 docs/s, 0.0012842634177567017 MB/s).
Processed 411000 documents (1347.4299777567537 docs/s, 0.0012850093629424607 MB/s).
Processed 412000 documents (1347.8795369877873 docs/s, 0.0012854380960348008 MB/s).
Processed 413000 documents (1348.0737559140084 docs/s, 0.001285623317636498 MB/s).
Processed 414000 documents (1348.0125693133486 docs/s, 0.0012855649655469405 MB/s).
Processed 415000 documents (1348.6570045563592 docs/s, 0.0012861795468867866 MB/s).
Processed 416000 documents (1349.492025049748 docs/s, 0.0012869758844850044 MB/s).
Processed 417000 documents (1350.16788046121 docs/s, 0.0012876204304325199 MB/s).
Processed 418000 documents (1350.4916582712349 docs/s, 0.001287929209014163 MB/s).
Processed 419000 documents (1350.9244943052815 docs/s, 0.0012883419936230483 MB/s).
Processed 420000 documents (1351.4793792212142 docs/s, 0.0012888711731159346 MB/s).
Processed 421000 documents (1352.2219272526495 docs/s, 0.0012895793221022124 MB/s).
Processed 422000 documents (1352.4228013421377 docs/s, 0.0012897708905621889 MB/s).
Processed 423000 documents (1353.4506384116794 docs/s, 0.001290751112376861 MB/s).
Processed 424000 documents (1354.1629197925477 docs/s, 0.0012914303968358494 MB/s).
Processed 425000 documents (1354.5198628457638 docs/s, 0.0012917708042581213 MB/s).
Processed 426000 documents (1354.9914440098823 docs/s, 0.0012922205391024421 MB/s).
Processed 427000 documents (1355.3014499512387 docs/s, 0.001292516183806647 MB/s).
Processed 428000 documents (1355.9808016137913 docs/s, 0.0012931640640390313 MB/s).
Processed 429000 documents (1356.8715452595522 docs/s, 0.0012940135433764956 MB/s).
Processed 430000 documents (1357.6536843201775 docs/s, 0.001294759449310472 MB/s).
Processed 431000 documents (1357.9697551768013 docs/s, 0.0012950608779685987 MB/s).
Processed 432000 documents (1358.7701890146366 docs/s, 0.0012958242311617246 MB/s).
Processed 433000 documents (1359.632639978122 docs/s, 0.0012966467284947604 MB/s).
Processed 434000 documents (1359.9564222350523 docs/s, 0.001296955511317303 MB/s).
Processed 435000 documents (1360.2781804083356 docs/s, 0.001297262363823257 MB/s).
Processed 436000 documents (1361.123236339052 docs/s, 0.001298068271960308 MB/s).
Processed 437000 documents (1361.9709594110416 docs/s, 0.0012988767236814895 MB/s).
Processed 438000 documents (1362.067982418819 docs/s, 0.0012989692520321073 MB/s).
Processed 439000 documents (1362.7456426439435 docs/s, 0.0012996155191840587 MB/s).
Processed 440000 documents (1363.1958676678667 docs/s, 0.0013000448872259776 MB/s).
Processed 441000 documents (1364.5053570359782 docs/s, 0.0013012937136039526 MB/s).
Processed 442000 documents (1364.7094807587328 docs/s, 0.0013014883811557128 MB/s).
Processed 443000 documents (1365.5023063370706 docs/s, 0.0013022444785471636 MB/s).
Processed 444000 documents (1366.194100883236 docs/s, 0.0013029042252380714 MB/s).
Processed 445000 documents (1366.6319205722036 docs/s, 0.0013033217626306568 MB/s).
Processed 446000 documents (1366.99611624337 docs/s, 0.0013036690866883944 MB/s).
Processed 447000 documents (1366.9474949487426 docs/s, 0.001303622717808478 MB/s).
Processed 448000 documents (1367.4073690391558 docs/s, 0.0013040612879172857 MB/s).
Processed 449000 documents (1367.8763625084325 docs/s, 0.0013045085549434972 MB/s).
Processed 450000 documents (1368.1839907989486 docs/s, 0.0013048019321431623 MB/s).
Processed 451000 documents (1368.467992378644 docs/s, 0.0013050727771555368 MB/s).
Processed 452000 documents (1368.7897417383601 docs/s, 0.001305379621256218 MB/s).
Processed 453000 documents (1369.3618944061564 docs/s, 0.0013059252685605587 MB/s).
Processed 454000 documents (1369.5922302904123 docs/s, 0.0013061449339775203 MB/s).
Processed 455000 documents (1369.7768586522297 docs/s, 0.0013063210093042657 MB/s).
Processed 456000 documents (1333.6128659044641 docs/s, 0.0012718323382420198 MB/s).
Processed 457000 documents (1334.3347580006423 docs/s, 0.0012725207881933616 MB/s).
Processed 458000 documents (1334.5539191863695 docs/s, 0.0012727297965873428 MB/s).
Processed 459000 documents (1335.093397065969 docs/s, 0.001273244282785386 MB/s).
Processed 460000 documents (1335.401990037199 docs/s, 0.0012735385799762717 MB/s).
Processed 461000 documents (1335.570857027338 docs/s, 0.001273699624087656 MB/s).
Processed 462000 documents (1335.7569028052442 docs/s, 0.001273877051167721 MB/s).
Processed 463000 documents (1336.2113538504168 docs/s, 0.001274310449457566 MB/s).
Processed 464000 documents (1336.6439161834783 docs/s, 0.0012747229730448516 MB/s).
Processed 465000 documents (1337.467600172569 docs/s, 0.0012755084993100825 MB/s).
Processed 466000 documents (1337.8715138244397 docs/s, 0.0012758937013859174 MB/s).
Processed 467000 documents (1338.79684262687 docs/s, 0.0012767761636990262 MB/s).
Processed 468000 documents (1339.6057681875384 docs/s, 0.00127754761523012 MB/s).
Processed 469000 documents (1339.8660623516002 docs/s, 0.0012777958510890963 MB/s).
Processed 470000 documents (1340.2844178752523 docs/s, 0.00127819482600713 MB/s).
Processed 471000 documents (1340.401090439065 docs/s, 0.0012783060936346674 MB/s).
Processed 472000 documents (1340.5992229361275 docs/s, 0.0012784950475083613 MB/s).
Processed 473000 documents (1341.158398845424 docs/s, 0.0012790283192114105 MB/s).
Processed 474000 documents (1341.3406311759707 docs/s, 0.0012792021095046717 MB/s).
Processed 475000 documents (1341.980758416586 docs/s, 0.0012798125824132786 MB/s).
Processed 476000 documents (1342.2367968098447 docs/s, 0.0012800567596529433 MB/s).
Processed 477000 documents (1343.2052761669515 docs/s, 0.0012809803735417858 MB/s).
Processed 478000 documents (1344.5931612786028 docs/s, 0.0012823039639268902 MB/s).
Processed 479000 documents (1346.1246827736422 docs/s, 0.0012837645366417334 MB/s).
Processed 480000 documents (1347.736067726819 docs/s, 0.0012853012730854217 MB/s).
Processed 481000 documents (1349.477196374044 docs/s, 0.0012869617427578393 MB/s).
Processed 482000 documents (1351.4126948414098 docs/s, 0.0012888075779356096 MB/s).
Processed 483000 documents (1353.35560230818 docs/s, 0.0012906604788858224 MB/s).
Processed 484000 documents (1355.328388442888 docs/s, 0.0012925418743542556 MB/s).
Processed 485000 documents (1357.3022222170089 docs/s, 0.00129442426892949 MB/s).
Processed 486000 documents (1359.2379859236135 docs/s, 0.0012962703570591101 MB/s).
Processed 487000 documents (1361.1925353153288 docs/s, 0.0012981343606141365 MB/s).
Processed 488000 documents (1363.1584426699674 docs/s, 0.0013000091959666895 MB/s).
Processed 489000 documents (1365.1048771333822 docs/s, 0.0013018654605230161 MB/s).
Processed 490000 documents (1367.1015959835784 docs/s, 0.0013037696800075325 MB/s).
Processed 491000 documents (1369.030425796765 docs/s, 0.0013056091554610873 MB/s).
Processed 492000 documents (1370.9713175414888 docs/s, 0.0013074601340689552 MB/s).
Processed 493000 documents (1372.9271371252535 docs/s, 0.001309325348973516 MB/s).
Processed 494000 documents (1374.7953443901172 docs/s, 0.00131110701025974 MB/s).
Processed 495000 documents (1376.7803642722415 docs/s, 0.0013130000727388778 MB/s).
Processed 496000 documents (1378.737883550314 docs/s, 0.0013148669085982457 MB/s).
Processed 497000 documents (1380.7191104109058 docs/s, 0.0013167563537701662 MB/s).
Processed 498000 documents (1382.6320425423266 docs/s, 0.0013185806680129305 MB/s).
Processed 499000 documents (1384.6150770413217 docs/s, 0.0013204718370831696 MB/s).
Processed 500000 documents (1386.5076136342018 docs/s, 0.0013222767006246584 MB/s).
Processed 501000 documents (1388.461442307382 docs/s, 0.0013241400168489284 MB/s).
Processed 502000 documents (1390.3698604436515 docs/s, 0.0013259600262104526 MB/s).
Processed 503000 documents (1392.3728126234257 docs/s, 0.0013278701902612931 MB/s).
Processed 504000 documents (1394.2393815359621 docs/s, 0.0013296502890929815 MB/s).
Processed 505000 documents (1396.1717935030492 docs/s, 0.0013314931807547085 MB/s).
Processed 506000 documents (1398.0587220139055 docs/s, 0.0013332926960124068 MB/s).
Processed 507000 documents (1400.0098818473912 docs/s, 0.0013351534670328056 MB/s).
Processed 508000 documents (1401.962427090056 docs/s, 0.0013370155592823563 MB/s).
Processed 509000 documents (1403.882248297477 docs/s, 0.0013388464434599657 MB/s).
Processed 510000 documents (1405.7758930165407 docs/s, 0.0013406523637929351 MB/s).
Processed 511000 documents (1407.619080591974 docs/s, 0.0013424101644439448 MB/s).
Processed 512000 documents (1409.5356683731334 docs/s, 0.0013442379649859747 MB/s).
Processed 513000 documents (1411.4123753676877 docs/s, 0.001346027732246101 MB/s).
Processed 514000 documents (1413.2689610875366 docs/s, 0.0013477983103633276 MB/s).
Processed 515000 documents (1415.205438479494 docs/s, 0.0013496450791163387 MB/s).
Processed 516000 documents (1417.1002981633467 docs/s, 0.0013514521581300227 MB/s).
Processed 517000 documents (1419.0056692336418 docs/s, 0.0013532692615829867 MB/s).
Processed 518000 documents (1420.8506350243524 docs/s, 0.0013550287580722355 MB/s).
Processed 519000 documents (1422.7267802776817 docs/s, 0.001356817989614183 MB/s).
Processed 520000 documents (1424.5980814245158 docs/s, 0.0013586026014561804 MB/s).
Processed 521000 documents (1426.5218980775458 docs/s, 0.0013604372959876497 MB/s).
Processed 522000 documents (1428.4695916320893 docs/s, 0.0013622947613068479 MB/s).
Processed 523000 documents (1430.2967591299596 docs/s, 0.001364037284021339 MB/s).
Processed 524000 documents (1432.1302764905827 docs/s, 0.0013657858624368502 MB/s).
Processed 525000 documents (1433.9590881885676 docs/s, 0.0013675299531827618 MB/s).
Processed 526000 documents (1435.8260598066431 docs/s, 0.0013693104360643798 MB/s).
Processed 527000 documents (1437.727750051156 docs/s, 0.001371124029208332 MB/s).
Processed 528000 documents (1439.6153643648026 docs/s, 0.0013729241984985377 MB/s).
Processed 529000 documents (1441.5289030071838 docs/s, 0.0013747490911552274 MB/s).
Processed 530000 documents (1443.3397026946882 docs/s, 0.0013764760043093569 MB/s).
Processed 531000 documents (1445.1902381186262 docs/s, 0.0013782408124147665 MB/s).
Processed 532000 documents (1447.07726909572 docs/s, 0.001380040425391884 MB/s).
Processed 533000 documents (1448.9604532813214 docs/s, 0.0013818363697827543 MB/s).
Processed 534000 documents (1450.809706401411 docs/s, 0.0013835999549879179 MB/s).
Processed 535000 documents (1452.6695592828244 docs/s, 0.001385373648913216 MB/s).
Processed 536000 documents (1454.5129887002474 docs/s, 0.00138713168020272 MB/s).
Processed 537000 documents (1456.399358845552 docs/s, 0.0013889306629615325 MB/s).
Processed 538000 documents (1458.165885668134 docs/s, 0.0013906153542214718 MB/s).
Processed 539000 documents (1459.9409345030253 docs/s, 0.0013923081727056745 MB/s).
Processed 540000 documents (1461.7476090052044 docs/s, 0.0013940311517765087 MB/s).
Processed 541000 documents (1463.6416942590595 docs/s, 0.0013958374922361941 MB/s).
Processed 542000 documents (1465.5200080827813 docs/s, 0.0013976287918880284 MB/s).
Processed 543000 documents (1467.3712836054444 docs/s, 0.0013993943058065838 MB/s).
Processed 544000 documents (1469.1973704140128 docs/s, 0.0014011357978954437 MB/s).
Processed 545000 documents (1471.0403830017478 docs/s, 0.00140289343166518 MB/s).
Processed 546000 documents (1472.8699478041383 docs/s, 0.0014046382406274207 MB/s).
Processed 547000 documents (1474.6918665102944 docs/s, 0.001406375757704062 MB/s).
Processed 548000 documents (1476.4999843467704 docs/s, 0.001408100113245745 MB/s).
Processed 549000 documents (1478.3135750549634 docs/s, 0.0014098296881246218 MB/s).
Processed 550000 documents (1480.04390587748 docs/s, 0.001411479860188942 MB/s).
Processed 551000 documents (1481.8632444351708 docs/s, 0.0014132149166442593 MB/s).
Processed 552000 documents (1483.7162592297943 docs/s, 0.0014149820892618125 MB/s).
Processed 553000 documents (1485.4823828781962 docs/s, 0.001416666396024891 MB/s).
Processed 554000 documents (1487.252672403267 docs/s, 0.0014183546756775542 MB/s).
Processed 555000 documents (1489.010675686108 docs/s, 0.0014200312382565575 MB/s).
Processed 556000 documents (1490.8274594630943 docs/s, 0.0014217638582831329 MB/s).
Processed 557000 documents (1492.590705280393 docs/s, 0.0014234454205326013 MB/s).
Processed 558000 documents (1494.3106251406682 docs/s, 0.0014250856639296228 MB/s).
Processed 559000 documents (1496.0754050417165 docs/s, 0.0014267686891953626 MB/s).
Processed 560000 documents (1497.8591026356564 docs/s, 0.0014284697557789387 MB/s).
Processed 561000 documents (1499.606981046416 docs/s, 0.001430136662527481 MB/s).
Processed 562000 documents (1501.3431065815405 docs/s, 0.0014317923608603864 MB/s).
Processed 563000 documents (1503.0737479442596 docs/s, 0.0014334428290789219 MB/s).
Processed 564000 documents (1504.8721301474773 docs/s, 0.0014351578999972127 MB/s).
Processed 565000 documents (1506.6652163879792 docs/s, 0.0014368679202918808 MB/s).
Processed 566000 documents (1508.4649520716903 docs/s, 0.001438584281989756 MB/s).
Processed 567000 documents (1510.2131663677953 docs/s, 0.0014402515090635255 MB/s).
Processed 568000 documents (1511.948800313507 docs/s, 0.0014419067385802336 MB/s).
Processed 569000 documents (1513.692663729863 docs/s, 0.0014435698163317327 MB/s).
Processed 570000 documents (1515.4792495813708 docs/s, 0.0014452736373723706 MB/s).
Processed 571000 documents (1517.2532534449765 docs/s, 0.0014469654592942967 MB/s).
Processed 572000 documents (1518.966836335548 docs/s, 0.0014485996592860679 MB/s).
Processed 573000 documents (1520.6744065957569 docs/s, 0.0014502281251866883 MB/s).
Processed 574000 documents (1522.41313246945 docs/s, 0.0014518863033957004 MB/s).
Processed 575000 documents (1524.0591277724445 docs/s, 0.0014534560468410917 MB/s).
Processed 576000 documents (1525.83622746137 docs/s, 0.0014551508211721135 MB/s).
Processed 577000 documents (1527.5826051592035 docs/s, 0.0014568162967292819 MB/s).
Processed 578000 documents (1529.272741297998 docs/s, 0.0014584281361560802 MB/s).
Processed 579000 documents (1530.9797553075891 docs/s, 0.001460056071574773 MB/s).
Processed 580000 documents (1532.74300659743 docs/s, 0.0014617376390432643 MB/s).
Processed 581000 documents (1534.4520129109185 docs/s, 0.0014633674744710145 MB/s).
Processed 582000 documents (1536.1212940491785 docs/s, 0.0014649594250194344 MB/s).
Processed 583000 documents (1537.7663837276796 docs/s, 0.001466528304794006 MB/s).
Processed 584000 documents (1539.4231759199556 docs/s, 0.001468108344955402 MB/s).
Processed 585000 documents (1541.1562832302047 docs/s, 0.0014697611648847625 MB/s).
Processed 586000 documents (1542.8780683124678 docs/s, 0.0014714031870960882 MB/s).
Processed 587000 documents (1544.559934916823 docs/s, 0.0014730071400802832 MB/s).
Processed 588000 documents (1546.2838635984501 docs/s, 0.001474651206587267 MB/s).
Processed 589000 documents (1547.9893059650608 docs/s, 0.0014762776431704147 MB/s).
Processed 590000 documents (1549.6275318186194 docs/s, 0.0014778399770914263 MB/s).
Processed 591000 documents (1551.308680073004 docs/s, 0.0014794432450037042 MB/s).
Processed 592000 documents (1553.0551009311948 docs/s, 0.0014811087617217968 MB/s).
Processed 593000 documents (1554.8144578606323 docs/s, 0.0014827866152387927 MB/s).
Processed 594000 documents (1556.506952420916 docs/s, 0.0014844007038315925 MB/s).
Processed 595000 documents (1558.2398213951756 docs/s, 0.0014860532964660412 MB/s).
Processed 596000 documents (1559.8758277268946 docs/s, 0.0014876135136860796 MB/s).
Processed 597000 documents (1561.6164603868085 docs/s, 0.0014892735103481374 MB/s).
Processed 598000 documents (1563.3453372814467 docs/s, 0.001490922295838782 MB/s).
Processed 599000 documents (1564.9709270670764 docs/s, 0.0014924725790663495 MB/s).
Processed 600000 documents (1566.6413553689222 docs/s, 0.0014940656236352178 MB/s).
Processed 601000 documents (1568.3008587088354 docs/s, 0.0014956482493484835 MB/s).
Processed 602000 documents (1569.9554192889625 docs/s, 0.001497226161278689 MB/s).
Processed 603000 documents (1571.656836578105 docs/s, 0.0014988487592488336 MB/s).
Processed 604000 documents (1573.242182415479 docs/s, 0.0015003606628565588 MB/s).
Processed 605000 documents (1574.963398876627 docs/s, 0.0015020021427885313 MB/s).
Processed 606000 documents (1576.5626227421228 docs/s, 0.0015035272815152386 MB/s).
Processed 607000 documents (1578.230165867453 docs/s, 0.0015051175745653658 MB/s).
Processed 608000 documents (1579.8473745998676 docs/s, 0.0015066598649977375 MB/s).
Processed 609000 documents (1581.5333033505897 docs/s, 0.001508267691946592 MB/s).
Processed 610000 documents (1583.2110599855391 docs/s, 0.0015098677253585235 MB/s).
Processed 611000 documents (1584.8775553888113 docs/s, 0.0015114570192230332 MB/s).
Processed 612000 documents (1586.4824018778736 docs/s, 0.0015129875201014267 MB/s).
Processed 613000 documents (1588.160457476488 docs/s, 0.001514587838627327 MB/s).
Processed 614000 documents (1589.8086040945552 docs/s, 0.0015161596337266495 MB/s).
Processed 615000 documents (1591.3949195412144 docs/s, 0.001517672462025847 MB/s).
Processed 616000 documents (1593.072173864947 docs/s, 0.001519272016396472 MB/s).
Processed 617000 documents (1594.756803302877 docs/s, 0.0015208786042240877 MB/s).
Processed 618000 documents (1596.2669186940097 docs/s, 0.0015223187624874208 MB/s).
Processed 619000 documents (1597.8631986268822 docs/s, 0.001523841093661196 MB/s).
Processed 620000 documents (1599.523238006106 docs/s, 0.0015254242305813848 MB/s).
Processed 621000 documents (1601.124136875752 docs/s, 0.0015269509667165298 MB/s).
Processed 622000 documents (1602.7409169665734 docs/s, 0.0015284928483644232 MB/s).
Processed 623000 documents (1604.366465957861 docs/s, 0.0015300430926874743 MB/s).
Processed 624000 documents (1606.0087625135793 docs/s, 0.0015316093087325853 MB/s).
Processed 625000 documents (1607.6406319831667 docs/s, 0.0015331655807334582 MB/s).
Processed 626000 documents (1609.2465441310446 docs/s, 0.0015346970979032942 MB/s).
Processed 627000 documents (1610.8548003994613 docs/s, 0.0015362308506006825 MB/s).
Processed 628000 documents (1612.4628537763845 docs/s, 0.0015377644098056645 MB/s).
Processed 629000 documents (1614.1597352958302 docs/s, 0.0015393826821287443 MB/s).
Processed 630000 documents (1615.7841128217096 docs/s, 0.001540931809255323 MB/s).
Processed 631000 documents (1617.4442255583992 docs/s, 0.0015425150161346428 MB/s).
Processed 632000 documents (1619.0511014726053 docs/s, 0.001544047452423673 MB/s).
Processed 633000 documents (1620.684685630618 docs/s, 0.001545605359678858 MB/s).
Processed 634000 documents (1622.2917496158755 docs/s, 0.0015471379753264193 MB/s).
Processed 635000 documents (1623.915851381109 docs/s, 0.0015486868394671525 MB/s).
Processed 636000 documents (1625.5097434759618 docs/s, 0.0015502068934211367 MB/s).
Processed 637000 documents (1627.1430323245083 docs/s, 0.0015517645190472682 MB/s).
Processed 638000 documents (1628.7214765944036 docs/s, 0.001553269840807346 MB/s).
Processed 639000 documents (1630.3165791748659 docs/s, 0.0015547910491703662 MB/s).
Processed 640000 documents (1631.8672352593471 docs/s, 0.001556269870051715 MB/s).
Processed 641000 documents (1633.4740915239574 docs/s, 0.0015578022876014304 MB/s).
Processed 642000 documents (1635.0281801669942 docs/s, 0.0015592843820257131 MB/s).
Processed 643000 documents (1636.6038946353287 docs/s, 0.0015607871004441535 MB/s).
Processed 644000 documents (1638.1445118960953 docs/s, 0.0015622563475571588 MB/s).
Processed 645000 documents (1639.7662931573714 docs/s, 0.0015638029986928667 MB/s).
Processed 646000 documents (1641.3629998495112 docs/s, 0.0015653257368559944 MB/s).
Processed 647000 documents (1642.9983698592248 docs/s, 0.0015668853472320793 MB/s).
Processed 648000 documents (1644.5426415704833 docs/s, 0.0015683580795006593 MB/s).
Processed 649000 documents (1646.0789358446666 docs/s, 0.0015698232038923899 MB/s).
Processed 650000 documents (1647.6498488211791 docs/s, 0.0015713213432513992 MB/s).
Processed 651000 documents (1649.104590264137 docs/s, 0.0015727086928025598 MB/s).
Processed 652000 documents (1650.6512456508965 docs/s, 0.0015741836983212438 MB/s).
Processed 653000 documents (1652.1846287794442 docs/s, 0.0015756460464281504 MB/s).
Processed 654000 documents (1653.715726448009 docs/s, 0.0015771062149505701 MB/s).
Processed 655000 documents (1655.2550281979295 docs/s, 0.0015785742074946685 MB/s).
Processed 656000 documents (1656.7762298008647 docs/s, 0.0015800249383934638 MB/s).
Processed 657000 documents (1658.2809310396194 docs/s, 0.0015814599333187288 MB/s).
Processed 658000 documents (1659.863837353169 docs/s, 0.0015829695104152383 MB/s).
Processed 659000 documents (1661.405493808605 docs/s, 0.0015844397485815095 MB/s).
Processed 660000 documents (1662.9649089807344 docs/s, 0.0015859269227797837 MB/s).
Processed 661000 documents (1664.5064272405893 docs/s, 0.0015873970291524785 MB/s).
Processed 662000 documents (1666.002568493373 docs/s, 0.0015888238606389742 MB/s).
Processed 663000 documents (1667.5683222809944 docs/s, 0.0015903170798120445 MB/s).
Processed 664000 documents (1669.0948080735618 docs/s, 0.001591772850106775 MB/s).
Processed 665000 documents (1670.690759470959 docs/s, 0.0015932948679647054 MB/s).
Processed 666000 documents (1672.1745120622347 docs/s, 0.0015947098847029063 MB/s).
Processed 667000 documents (1673.7102960711097 docs/s, 0.0015961745224677179 MB/s).
Processed 668000 documents (1675.2209986184885 docs/s, 0.0015976152406868825 MB/s).
Processed 669000 documents (1676.7096884096266 docs/s, 0.001599034965905787 MB/s).
Processed 670000 documents (1678.2823015924673 docs/s, 0.0016005347267079042 MB/s).
Processed 671000 documents (1679.7723060854523 docs/s, 0.0016019557057241939 MB/s).
Processed 672000 documents (1681.3529380369168 docs/s, 0.0016034631138199967 MB/s).
Processed 673000 documents (1682.8586026509502 docs/s, 0.001604899027491522 MB/s).
Processed 674000 documents (1684.3775132081616 docs/s, 0.0016063475734788529 MB/s).
Processed 675000 documents (1685.8826948784458 docs/s, 0.0016077830265793284 MB/s).
Processed 676000 documents (1687.3668354465653 docs/s, 0.0016091984133210805 MB/s).
Processed 677000 documents (1688.8958387940693 docs/s, 0.0016106565845432942 MB/s).
Processed 678000 documents (1690.434909171933 docs/s, 0.0016121243564338045 MB/s).
Processed 679000 documents (1691.984984579199 docs/s, 0.001613602623538207 MB/s).
Processed 680000 documents (1693.423699922902 docs/s, 0.0016149746894101162 MB/s).
Processed 681000 documents (1694.867978544322 docs/s, 0.0016163520608370992 MB/s).
Processed 682000 documents (1696.3590129382135 docs/s, 0.0016177740220434317 MB/s).
Processed 683000 documents (1697.8029799818073 docs/s, 0.0016191510963266442 MB/s).
Processed 684000 documents (1699.2793927432836 docs/s, 0.0016205591132576786 MB/s).
Processed 685000 documents (1700.6969129443462 docs/s, 0.001621910965866419 MB/s).
Processed 686000 documents (1702.2393332672905 docs/s, 0.001623381932513514 MB/s).
Processed 687000 documents (1703.7694906324807 docs/s, 0.0016248412042927558 MB/s).
Processed 688000 documents (1705.27150643117 docs/s, 0.0016262736381828023 MB/s).
Processed 689000 documents (1706.685792828434 docs/s, 0.0016276224067959155 MB/s).
Processed 690000 documents (1708.2470649763136 docs/s, 0.0016291113519442688 MB/s).
Processed 691000 documents (1709.690132320679 docs/s, 0.0016304875682074346 MB/s).
Processed 692000 documents (1711.1827822713365 docs/s, 0.0016319110701287617 MB/s).
Processed 693000 documents (1712.6268631019857 docs/s, 0.0016332882529277665 MB/s).
Processed 694000 documents (1714.106074063035 docs/s, 0.001634698938429866 MB/s).
Processed 695000 documents (1715.5574297089709 docs/s, 0.001636083059033366 MB/s).
Processed 696000 documents (1716.9982921609892 docs/s, 0.00163745717254733 MB/s).
Processed 697000 documents (1718.5404446372668 docs/s, 0.0016389278837559383 MB/s).
Processed 698000 documents (1720.027740394147 docs/s, 0.001640346279520175 MB/s).
Processed 699000 documents (1721.393786905119 docs/s, 0.0016416490429927053 MB/s).
Processed 700000 documents (1722.8703791551845 docs/s, 0.0016430572310973974 MB/s).
Processed 701000 documents (1724.368797681465 docs/s, 0.0016444862343611383 MB/s).
Processed 702000 documents (1725.827998322119 docs/s, 0.0016458778365346135 MB/s).
Processed 703000 documents (1727.2213441389838 docs/s, 0.0016472066346540297 MB/s).
Processed 704000 documents (1728.6797523736566 docs/s, 0.0016485974811302725 MB/s).
Processed 705000 documents (1730.160274337587 docs/s, 0.0016500094169021482 MB/s).
Processed 706000 documents (1731.4464366459918 docs/s, 0.0016512359968624036 MB/s).
Processed 707000 documents (1732.8848838293206 docs/s, 0.0016526078069966513 MB/s).
Processed 708000 documents (1734.2398151943387 docs/s, 0.0016538999702399623 MB/s).
Processed 709000 documents (1735.7309494630692 docs/s, 0.0016553220266943638 MB/s).
Processed 710000 documents (1737.101244012996 docs/s, 0.0016566288414125404 MB/s).
Processed 711000 documents (1738.5723076114277 docs/s, 0.001658031756984165 MB/s).
Processed 712000 documents (1740.02855318545 docs/s, 0.0016594205409864902 MB/s).
Processed 713000 documents (1741.4860902346584 docs/s, 0.0016608105566355308 MB/s).
Processed 714000 documents (1742.9098172973906 docs/s, 0.001662168328568831 MB/s).
Processed 715000 documents (1744.3750154221552 docs/s, 0.0016635656503888657 MB/s).
Processed 716000 documents (1745.7985958896238 docs/s, 0.001664923282518028 MB/s).
Processed 717000 documents (1747.2417850829102 docs/s, 0.0016662996149853803 MB/s).
Processed 718000 documents (1748.657802437816 docs/s, 0.0016676500343683395 MB/s).
Processed 719000 documents (1750.1032016423653 docs/s, 0.0016690284744666722 MB/s).
Processed 720000 documents (1751.4591471361548 docs/s, 0.001670321604858546 MB/s).
Processed 721000 documents (1752.8820286312377 docs/s, 0.0016716785703956964 MB/s).
Processed 722000 documents (1754.3182853646404 docs/s, 0.001673048291554108 MB/s).
Processed 723000 documents (1755.7352687497128 docs/s, 0.001674399632215226 MB/s).
Processed 724000 documents (1757.2121324382538 docs/s, 0.0016758080791838205 MB/s).
Processed 725000 documents (1758.6393979693494 docs/s, 0.0016771692256635183 MB/s).
Processed 726000 documents (1760.052776647656 docs/s, 0.0016785171286083755 MB/s).
Processed 727000 documents (1761.471707080378 docs/s, 0.0016798703261188298 MB/s).
Processed 728000 documents (1762.919505018166 docs/s, 0.0016812510538274442 MB/s).
Processed 729000 documents (1764.3588624904773 docs/s, 0.0016826237320809148 MB/s).
Processed 730000 documents (1765.7721912094696 docs/s, 0.001683971587380857 MB/s).
Processed 731000 documents (1767.2054373951814 docs/s, 0.0016853384374572577 MB/s).
Processed 732000 documents (1768.6161894358258 docs/s, 0.001686683835445238 MB/s).
Processed 733000 documents (1770.0572706892372 docs/s, 0.0016880581576244709 MB/s).
Processed 734000 documents (1771.5326805959787 docs/s, 0.0016894652181587016 MB/s).
Processed 735000 documents (1772.9412658019783 docs/s, 0.0016908085496921332 MB/s).
Processed 736000 documents (1774.3609635046932 docs/s, 0.0016921624789282734 MB/s).
Processed 737000 documents (1775.7740405318893 docs/s, 0.001693510094196214 MB/s).
Processed 738000 documents (1777.2221260281574 docs/s, 0.0016948910961419653 MB/s).
Processed 739000 documents (1778.5328219513137 docs/s, 0.0016961410731804979 MB/s).
Processed 740000 documents (1779.9808442784138 docs/s, 0.001697522014883436 MB/s).
Processed 741000 documents (1781.4157255357277 docs/s, 0.001698890424285629 MB/s).
Processed 742000 documents (1782.785452299037 docs/s, 0.0017001966975202913 MB/s).
Processed 743000 documents (1784.2137955820683 docs/s, 0.0017015588718243297 MB/s).
Processed 744000 documents (1785.5473259996943 docs/s, 0.001702830625533766 MB/s).
Processed 745000 documents (1786.970873109985 docs/s, 0.0017041882258510446 MB/s).
Processed 746000 documents (1788.407047103333 docs/s, 0.0017055578681023913 MB/s).
Processed 747000 documents (1789.8394551679826 docs/s, 0.0017069239188842607 MB/s).
Processed 748000 documents (1791.1698950671826 docs/s, 0.0017081927252456499 MB/s).
Processed 749000 documents (1792.5202219474904 docs/s, 0.0017094804973101525 MB/s).
Processed 750000 documents (1793.879826933544 docs/s, 0.0017107771176658097 MB/s).
Processed 751000 documents (1795.0946408892096 docs/s, 0.0017119356545345398 MB/s).
Processed 752000 documents (1796.4812690463225 docs/s, 0.001713258046194384 MB/s).
Processed 753000 documents (1797.888938091244 docs/s, 0.0017146005040085258 MB/s).
Processed 754000 documents (1799.2667611741472 docs/s, 0.0017159144984952423 MB/s).
Processed 755000 documents (1800.7158933718822 docs/s, 0.0017172964986532995 MB/s).
Processed 756000 documents (1802.1274709503864 docs/s, 0.001718642683935534 MB/s).
Processed 757000 documents (1803.5429886138481 docs/s, 0.0017199926267755968 MB/s).
Processed 758000 documents (1804.956304552793 docs/s, 0.001721340469887536 MB/s).
Processed 759000 documents (1806.2833884753854 docs/s, 0.0017226060757402281 MB/s).
Processed 760000 documents (1807.6975565499258 docs/s, 0.001723954731511999 MB/s).
Processed 761000 documents (1809.1262453026934 docs/s, 0.0017253172352816519 MB/s).
Processed 762000 documents (1810.4949463806352 docs/s, 0.0017266225303465225 MB/s).
Processed 763000 documents (1811.8110783710433 docs/s, 0.0017278776916227754 MB/s).
Processed 764000 documents (1813.1965593063937 docs/s, 0.0017291989892066896 MB/s).
Processed 765000 documents (1814.511456480872 docs/s, 0.0017304529728707047 MB/s).
Processed 766000 documents (1815.8498411371454 docs/s, 0.0017317293559428648 MB/s).
Processed 767000 documents (1817.1639773302354 docs/s, 0.0017329826138784746 MB/s).
Processed 768000 documents (1818.4636278291362 docs/s, 0.0017342220571795808 MB/s).
Processed 769000 documents (1819.8797974676124 docs/s, 0.00173557262179147 MB/s).
Processed 770000 documents (1821.1850995484724 docs/s, 0.0017368174548611378 MB/s).
Processed 771000 documents (1822.6080486627175 docs/s, 0.0017381744848849463 MB/s).
Processed 772000 documents (1823.9840854625265 docs/s, 0.001739486775839354 MB/s).
Processed 773000 documents (1825.3473576695394 docs/s, 0.0017407868935294527 MB/s).
Processed 774000 documents (1826.6788797447603 docs/s, 0.0017420567319343188 MB/s).
Processed 775000 documents (1828.0207304160301 docs/s, 0.0017433364204559613 MB/s).
Processed 776000 documents (1829.3691562551862 docs/s, 0.001744622379546343 MB/s).
Processed 777000 documents (1830.755287413665 docs/s, 0.0017459442972313547 MB/s).
Processed 778000 documents (1832.0786660488998 docs/s, 0.0017472063694466589 MB/s).
Processed 779000 documents (1833.4423551130787 docs/s, 0.0017485068846827304 MB/s).
Processed 780000 documents (1834.7809709948672 docs/s, 0.0017497834882687256 MB/s).
Processed 781000 documents (1836.08706187178 docs/s, 0.0017510290735929298 MB/s).
Processed 782000 documents (1837.4897696064322 docs/s, 0.001752366799932892 MB/s).
Processed 783000 documents (1838.843676580497 docs/s, 0.001753657986240861 MB/s).
Processed 784000 documents (1840.195739761064 docs/s, 0.0017549474141703263 MB/s).
Processed 785000 documents (1841.498235614505 docs/s, 0.0017561895710129785 MB/s).
Processed 786000 documents (1842.8199602829477 docs/s, 0.001757450065882633 MB/s).
Processed 787000 documents (1844.176765181966 docs/s, 0.0017587440158672008 MB/s).
Processed 788000 documents (1845.5650346911211 docs/s, 0.001760067972842332 MB/s).
Processed 789000 documents (1846.9193075467579 docs/s, 0.001761359508082159 MB/s).
Processed 790000 documents (1848.2125834615335 docs/s, 0.0017625928721061073 MB/s).
Processed 791000 documents (1849.499124341508 docs/s, 0.0017638198131003455 MB/s).
Processed 792000 documents (1850.896545525354 docs/s, 0.0017651524977925815 MB/s).
Processed 793000 documents (1852.2402438246424 docs/s, 0.0017664339483496117 MB/s).
Processed 794000 documents (1853.5447532131768 docs/s, 0.0017676780254489678 MB/s).
Processed 795000 documents (1854.865764889042 docs/s, 0.0017689378403559133 MB/s).
Processed 796000 documents (1856.1711203082446 docs/s, 0.0017701827242929884 MB/s).
Processed 797000 documents (1857.495395545719 docs/s, 0.0017714456515748205 MB/s).
Processed 798000 documents (1858.9031926160478 docs/s, 0.001772788231483505 MB/s).
Processed 799000 documents (1860.2626036649197 docs/s, 0.001774084666886253 MB/s).
Processed 800000 documents (1861.6150273351489 docs/s, 0.0017753744386054505 MB/s).
Processed 801000 documents (1862.910919447181 docs/s, 0.001776610297629529 MB/s).
Processed 802000 documents (1864.2342858956736 docs/s, 0.0017778723582226501 MB/s).
Processed 803000 documents (1865.5449767863531 docs/s, 0.0017791223304618388 MB/s).
Processed 804000 documents (1866.834851513939 docs/s, 0.001780352450860919 MB/s).
Processed 805000 documents (1868.0524560453127 docs/s, 0.00178151364903003 MB/s).
Processed 806000 documents (1869.3751970822912 docs/s, 0.0017827751131842529 MB/s).
Processed 807000 documents (1870.7416112860064 docs/s, 0.0017840782273159089 MB/s).
Processed 808000 documents (1872.0830934312044 docs/s, 0.0017853575643837017 MB/s).
Processed 809000 documents (1873.4378175033153 docs/s, 0.0017866495299370911 MB/s).
Processed 810000 documents (1874.7242366266805 docs/s, 0.0017878763548151784 MB/s).
Processed 811000 documents (1876.0462482592575 docs/s, 0.0017891371233551574 MB/s).
Processed 812000 documents (1877.401410061247 docs/s, 0.0017904295063602895 MB/s).
Processed 813000 documents (1878.694036295345 docs/s, 0.0017916622508004619 MB/s).
Processed 814000 documents (1880.0082201654002 docs/s, 0.0017929155542043688 MB/s).
Processed 815000 documents (1881.2617766982667 docs/s, 0.0017941110388739268 MB/s).
Processed 816000 documents (1882.543577841946 docs/s, 0.001795333459703394 MB/s).
Processed 817000 documents (1883.856996591746 docs/s, 0.0017965860334317647 MB/s).
Processed 818000 documents (1885.1414745558627 docs/s, 0.0017978110070761325 MB/s).
Processed 819000 documents (1886.3936688697565 docs/s, 0.001799005192632443 MB/s).
Processed 820000 documents (1887.653307964282 docs/s, 0.0018002064780848332 MB/s).
Processed 821000 documents (1888.9017217402018 docs/s, 0.0018013970582391756 MB/s).
Processed 822000 documents (1890.1259639534153 docs/s, 0.0018025645865949777 MB/s).
Processed 823000 documents (1891.3598882110807 docs/s, 0.0018037413484679038 MB/s).
Processed 824000 documents (1892.6081357116632 docs/s, 0.0018049317700497276 MB/s).
Processed 825000 documents (1893.8900858431768 docs/s, 0.0018061543329650658 MB/s).
Processed 826000 documents (1895.1750384142458 docs/s, 0.0018073797592298945 MB/s).
Processed 827000 documents (1896.4401587114496 docs/s, 0.001808586271964502 MB/s).
Processed 828000 documents (1897.710520014082 docs/s, 0.0018097977829113789 MB/s).
Processed 829000 documents (1898.9436382979695 docs/s, 0.0018109737761478133 MB/s).
Processed 830000 documents (1900.2417475190216 docs/s, 0.0018122117495718208 MB/s).
Processed 831000 documents (1901.5403590590265 docs/s, 0.0018134502020445123 MB/s).
Processed 832000 documents (1902.8249572072384 docs/s, 0.001814675290305365 MB/s).
Processed 833000 documents (1904.0956287651343 docs/s, 0.0018158870971347182 MB/s).
Processed 834000 documents (1905.3761207650505 docs/s, 0.001817108269467402 MB/s).
Processed 835000 documents (1906.6327915035165 docs/s, 0.0018183067240748563 MB/s).
Processed 836000 documents (1907.9239892047935 docs/s, 0.001819538106159967 MB/s).
Processed 837000 documents (1909.1664220786195 docs/s, 0.0018207229824815936 MB/s).
Processed 838000 documents (1910.4350034459696 docs/s, 0.001821932795949907 MB/s).
Processed 839000 documents (1911.7239254308658 docs/s, 0.0018231620077427538 MB/s).
Processed 840000 documents (1912.9929915907987 docs/s, 0.0018243722835453021 MB/s).
Processed 841000 documents (1914.2460068645464 docs/s, 0.00182556725202994 MB/s).
Processed 842000 documents (1915.473997032276 docs/s, 0.0018267383547137031 MB/s).
Processed 843000 documents (1916.7176556113247 docs/s, 0.0018279243999589202 MB/s).
Processed 844000 documents (1917.9286258052127 docs/s, 0.0018290792711307647 MB/s).
Processed 845000 documents (1919.145004035989 docs/s, 0.0018302392998084916 MB/s).
Processed 846000 documents (1920.4295446305857 docs/s, 0.0018314643331819398 MB/s).
Processed 847000 documents (1921.604947295699 docs/s, 0.0018325852845150938 MB/s).
Processed 848000 documents (1922.843511294893 docs/s, 0.0018337664711903505 MB/s).
Processed 849000 documents (1924.089056287345 docs/s, 0.0018349543154595805 MB/s).
Processed 850000 documents (1925.3815089930038 docs/s, 0.001836186894410137 MB/s).
Processed 851000 documents (1926.6222655513163 docs/s, 0.0018373701720727123 MB/s).
Processed 852000 documents (1927.882023652932 docs/s, 0.0018385715710191079 MB/s).
Processed 853000 documents (1929.1487997118952 docs/s, 0.0018397796628111794 MB/s).
Processed 854000 documents (1930.3464566935074 docs/s, 0.0018409218375144076 MB/s).
Processed 855000 documents (1931.5145797786272 docs/s, 0.0018420358464990875 MB/s).
Processed 856000 documents (1932.7205674150239 docs/s, 0.0018431859659338225 MB/s).
Processed 857000 documents (1934.022579952614 docs/s, 0.0018444276618505612 MB/s).
Processed 858000 documents (1935.323355708525 docs/s, 0.0018456681782803774 MB/s).
Processed 859000 documents (1936.5851674902478 docs/s, 0.0018468715357687453 MB/s).
Processed 860000 documents (1937.8515977915279 docs/s, 0.0018480792978205947 MB/s).
Processed 861000 documents (1939.0843220662812 docs/s, 0.0018492549153006374 MB/s).
Processed 862000 documents (1940.4318124595889 docs/s, 0.001850539982280339 MB/s).
Processed 863000 documents (1941.6777247345985 docs/s, 0.0018517281768175111 MB/s).
Processed 864000 documents (1942.8697831463726 docs/s, 0.001852865012308476 MB/s).
Processed 865000 documents (1944.1673970816887 docs/s, 0.0018541025133911979 MB/s).
Processed 866000 documents (1945.3265603117707 docs/s, 0.0018552079775922495 MB/s).
Processed 867000 documents (1946.6297014275988 docs/s, 0.0018564507498050678 MB/s).
Processed 868000 documents (1947.8667901686358 docs/s, 0.0018576305295645102 MB/s).
Processed 869000 documents (1949.1164289103829 docs/s, 0.0018588222779373006 MB/s).
Processed 870000 documents (1950.3549260894752 docs/s, 0.0018600034008879425 MB/s).
Processed 871000 documents (1951.6042165930573 docs/s, 0.001861194817154939 MB/s).
Processed 872000 documents (1952.8233332647194 docs/s, 0.0018623574574134058 MB/s).
Processed 873000 documents (1954.0589241185316 docs/s, 0.001863535808676273 MB/s).
Processed 874000 documents (1955.316313333131 docs/s, 0.0018647349484759625 MB/s).
Processed 875000 documents (1956.6515902485048 docs/s, 0.0018660083677754448 MB/s).
Processed 876000 documents (1957.9173255384321 docs/s, 0.0018672154670128175 MB/s).
Processed 877000 documents (1959.1147380243647 docs/s, 0.0018683574085467955 MB/s).
Processed 878000 documents (1960.3155124331179 docs/s, 0.0018695025562602214 MB/s).
Processed 879000 documents (1961.5389536389234 docs/s, 0.0018706693207158312 MB/s).
Processed 880000 documents (1962.8052163258124 docs/s, 0.0018718769229181407 MB/s).
Processed 881000 documents (1963.9650700928853 docs/s, 0.0018729830456665853 MB/s).
Processed 882000 documents (1965.2006124143072 docs/s, 0.0018741613506453583 MB/s).
Processed 883000 documents (1966.3890354070552 docs/s, 0.0018752947191305687 MB/s).
Processed 884000 documents (1967.6643485453606 docs/s, 0.001876510952515946 MB/s).
Processed 885000 documents (1968.828544087815 docs/s, 0.0018776212159040595 MB/s).
Processed 886000 documents (1969.9856194757456 docs/s, 0.0018787246889836746 MB/s).
Processed 887000 documents (1971.138307986692 docs/s, 0.0018798239784113809 MB/s).
Processed 888000 documents (1972.2682498277354 docs/s, 0.0018809015749242167 MB/s).
Processed 889000 documents (1973.4671757333654 docs/s, 0.00188204495976769 MB/s).
Processed 890000 documents (1974.6665615889644 docs/s, 0.0018831887832536358 MB/s).
Processed 891000 documents (1975.9134052064908 docs/s, 0.0018843778659882458 MB/s).
Processed 892000 documents (1977.024149500252 docs/s, 0.0018854371542933006 MB/s).
Processed 893000 documents (1978.244372864773 docs/s, 0.001886600849976323 MB/s).
Processed 894000 documents (1979.4136947302977 docs/s, 0.0018877160022070863 MB/s).
Processed 895000 documents (1980.6108911510773 docs/s, 0.0018888577376852773 MB/s).
Processed 896000 documents (1981.7263968837167 docs/s, 0.0018899215668522994 MB/s).
Processed 897000 documents (1982.882992548805 docs/s, 0.001891024582432561 MB/s).
Processed 898000 documents (1984.0171252380794 docs/s, 0.0018921061756497187 MB/s).
Processed 899000 documents (1985.166003423031 docs/s, 0.0018932018312673865 MB/s).
Processed 900000 documents (1986.371936669789 docs/s, 0.00189435189883212 MB/s).
Processed 901000 documents (1987.3961892932364 docs/s, 0.0018953287022526134 MB/s).
Processed 902000 documents (1988.5568174034352 docs/s, 0.0018964355634722091 MB/s).
Processed 903000 documents (1989.754458822223 docs/s, 0.0018975777233335713 MB/s).
Processed 904000 documents (1990.9363475200178 docs/s, 0.0018987048602295091 MB/s).
Processed 905000 documents (1992.0587075929582 docs/s, 0.0018997752262048322 MB/s).
Processed 906000 documents (1993.2571370370124 docs/s, 0.0019009181375856518 MB/s).
Processed 907000 documents (1994.4649040839047 docs/s, 0.0019020699539984748 MB/s).
Processed 908000 documents (1995.631931105818 docs/s, 0.0019031829176958256 MB/s).
Processed 909000 documents (1996.8370215650966 docs/s, 0.0019043321815157858 MB/s).
Processed 910000 documents (1998.0152102443067 docs/s, 0.001905455789799029 MB/s).
Processed 911000 documents (1999.1871195558724 docs/s, 0.0019065734096106266 MB/s).
Processed 912000 documents (2000.342808461511 docs/s, 0.0019076755604376897 MB/s).
Processed 913000 documents (2001.4404435561325 docs/s, 0.0019087223468362165 MB/s).
Processed 914000 documents (2002.6050320420532 docs/s, 0.0019098329849644214 MB/s).
Opening /fsx/loubna/data/stack_march_no_pii_json/jupyter-scripts-dedup-filtered
Input is not a jsonl file, will try to load from HF datasets
Vocab size: 49152
Output prefix: /fsx/loubna/data/tokenized_stack_no_pii/jupyter-scripts-dedup-filtered/gpt2-preprocessed
Time to startup: 0.8328337669372559
END TIME: Wed Mar 29 01:43:49 UTC 2023
