START TIME: Wed Mar 29 01:06:14 UTC 2023
FULL_OUT_PATH is: /fsx/loubna/data/tokenized_stack_no_pii/code/lua
/fsx/loubna/code/Megatron-LM/tools/preprocess_data.py --input /fsx/loubna/data/stack_march_no_pii_json/lua --output-prefix /fsx/loubna/data/tokenized_stack_no_pii/code/lua/gpt2-preprocessed --tokenizer-type TokenizerFromFile --tokenizer-file /fsx/loubna/data/tokenizer/tokenizer-the-stack-march-sample-v3-no-prefix-spaces/tokenizer.json --dataset-impl mmap --append-eod --json-keys content --workers 64 --chunk-size 100 --log-interval 1000
[H[2J[3J> building TokenizerFromFile tokenizer ...
 > padded vocab (size: 49152) with 0 dummy tokens (new size: 49152)
> building TokenizerFromFile tokenizer ...
> building TokenizerFromFile tokenizer ...
> building TokenizerFromFile tokenizer ...
> building TokenizerFromFile tokenizer ...
> building TokenizerFromFile tokenizer ...
> building TokenizerFromFile tokenizer ...
> building TokenizerFromFile tokenizer ...
> building TokenizerFromFile tokenizer ...
> building TokenizerFromFile tokenizer ...
> building TokenizerFromFile tokenizer ...
> building TokenizerFromFile tokenizer ...
> building TokenizerFromFile tokenizer ...
> building TokenizerFromFile tokenizer ...
> building TokenizerFromFile tokenizer ...
> building TokenizerFromFile tokenizer ...
> building TokenizerFromFile tokenizer ...
> building TokenizerFromFile tokenizer ...
 > padded vocab (size: 49152) with 0 dummy tokens (new size: 49152)
> building TokenizerFromFile tokenizer ...
 > padded vocab (size: 49152) with 0 dummy tokens (new size: 49152)
> building TokenizerFromFile tokenizer ...
 > padded vocab (size: 49152) with 0 dummy tokens (new size: 49152)
> building TokenizerFromFile tokenizer ...
 > padded vocab (size: 49152) with 0 dummy tokens (new size: 49152)
 > padded vocab (size: 49152) with 0 dummy tokens (new size: 49152)
> building TokenizerFromFile tokenizer ...
 > padded vocab (size: 49152) with 0 dummy tokens (new size: 49152)
 > padded vocab (size: 49152) with 0 dummy tokens (new size: 49152)
> building TokenizerFromFile tokenizer ...
 > padded vocab (size: 49152) with 0 dummy tokens (new size: 49152)
> building TokenizerFromFile tokenizer ...
 > padded vocab (size: 49152) with 0 dummy tokens (new size: 49152)
 > padded vocab (size: 49152) with 0 dummy tokens (new size: 49152)
> building TokenizerFromFile tokenizer ...
 > padded vocab (size: 49152) with 0 dummy tokens (new size: 49152)
> building TokenizerFromFile tokenizer ...
 > padded vocab (size: 49152) with 0 dummy tokens (new size: 49152)
> building TokenizerFromFile tokenizer ...
> building TokenizerFromFile tokenizer ...
> building TokenizerFromFile tokenizer ...
> building TokenizerFromFile tokenizer ...
 > padded vocab (size: 49152) with 0 dummy tokens (new size: 49152)
> building TokenizerFromFile tokenizer ...
 > padded vocab (size: 49152) with 0 dummy tokens (new size: 49152)
> building TokenizerFromFile tokenizer ...
 > padded vocab (size: 49152) with 0 dummy tokens (new size: 49152)
> building TokenizerFromFile tokenizer ...
> building TokenizerFromFile tokenizer ...
 > padded vocab (size: 49152) with 0 dummy tokens (new size: 49152)
 > padded vocab (size: 49152) with 0 dummy tokens (new size: 49152)
> building TokenizerFromFile tokenizer ...
 > padded vocab (size: 49152) with 0 dummy tokens (new size: 49152)
> building TokenizerFromFile tokenizer ...
 > padded vocab (size: 49152) with 0 dummy tokens (new size: 49152)
> building TokenizerFromFile tokenizer ...
 > padded vocab (size: 49152) with 0 dummy tokens (new size: 49152)
> building TokenizerFromFile tokenizer ...
 > padded vocab (size: 49152) with 0 dummy tokens (new size: 49152)
> building TokenizerFromFile tokenizer ...
 > padded vocab (size: 49152) with 0 dummy tokens (new size: 49152)
> building TokenizerFromFile tokenizer ...
 > padded vocab (size: 49152) with 0 dummy tokens (new size: 49152)
> building TokenizerFromFile tokenizer ...
 > padded vocab (size: 49152) with 0 dummy tokens (new size: 49152)
> building TokenizerFromFile tokenizer ...
 > padded vocab (size: 49152) with 0 dummy tokens (new size: 49152)
> building TokenizerFromFile tokenizer ...
 > padded vocab (size: 49152) with 0 dummy tokens (new size: 49152)
> building TokenizerFromFile tokenizer ...
 > padded vocab (size: 49152) with 0 dummy tokens (new size: 49152)
> building TokenizerFromFile tokenizer ...
 > padded vocab (size: 49152) with 0 dummy tokens (new size: 49152)
 > padded vocab (size: 49152) with 0 dummy tokens (new size: 49152)
 > padded vocab (size: 49152) with 0 dummy tokens (new size: 49152)
 > padded vocab (size: 49152) with 0 dummy tokens (new size: 49152)
> building TokenizerFromFile tokenizer ...
 > padded vocab (size: 49152) with 0 dummy tokens (new size: 49152)
> building TokenizerFromFile tokenizer ...
 > padded vocab (size: 49152) with 0 dummy tokens (new size: 49152)
> building TokenizerFromFile tokenizer ...
 > padded vocab (size: 49152) with 0 dummy tokens (new size: 49152)
> building TokenizerFromFile tokenizer ...
 > padded vocab (size: 49152) with 0 dummy tokens (new size: 49152)
> building TokenizerFromFile tokenizer ...
 > padded vocab (size: 49152) with 0 dummy tokens (new size: 49152)
> building TokenizerFromFile tokenizer ...
 > padded vocab (size: 49152) with 0 dummy tokens (new size: 49152)
> building TokenizerFromFile tokenizer ...
 > padded vocab (size: 49152) with 0 dummy tokens (new size: 49152)
> building TokenizerFromFile tokenizer ...
 > padded vocab (size: 49152) with 0 dummy tokens (new size: 49152)
 > padded vocab (size: 49152) with 0 dummy tokens (new size: 49152)
> building TokenizerFromFile tokenizer ...
 > padded vocab (size: 49152) with 0 dummy tokens (new size: 49152)
> building TokenizerFromFile tokenizer ...
> building TokenizerFromFile tokenizer ...
 > padded vocab (size: 49152) with 0 dummy tokens (new size: 49152)
> building TokenizerFromFile tokenizer ...
 > padded vocab (size: 49152) with 0 dummy tokens (new size: 49152)
> building TokenizerFromFile tokenizer ...
 > padded vocab (size: 49152) with 0 dummy tokens (new size: 49152)
> building TokenizerFromFile tokenizer ...
> building TokenizerFromFile tokenizer ...
> building TokenizerFromFile tokenizer ...
 > padded vocab (size: 49152) with 0 dummy tokens (new size: 49152)
> building TokenizerFromFile tokenizer ...
 > padded vocab (size: 49152) with 0 dummy tokens (new size: 49152)
> building TokenizerFromFile tokenizer ...
 > padded vocab (size: 49152) with 0 dummy tokens (new size: 49152)
 > padded vocab (size: 49152) with 0 dummy tokens (new size: 49152)
> building TokenizerFromFile tokenizer ...
 > padded vocab (size: 49152) with 0 dummy tokens (new size: 49152)
> building TokenizerFromFile tokenizer ...
 > padded vocab (size: 49152) with 0 dummy tokens (new size: 49152)
 > padded vocab (size: 49152) with 0 dummy tokens (new size: 49152)
 > padded vocab (size: 49152) with 0 dummy tokens (new size: 49152)
 > padded vocab (size: 49152) with 0 dummy tokens (new size: 49152)
 > padded vocab (size: 49152) with 0 dummy tokens (new size: 49152)
 > padded vocab (size: 49152) with 0 dummy tokens (new size: 49152)
 > padded vocab (size: 49152) with 0 dummy tokens (new size: 49152)
 > padded vocab (size: 49152) with 0 dummy tokens (new size: 49152)
 > padded vocab (size: 49152) with 0 dummy tokens (new size: 49152)
 > padded vocab (size: 49152) with 0 dummy tokens (new size: 49152)
 > padded vocab (size: 49152) with 0 dummy tokens (new size: 49152)
 > padded vocab (size: 49152) with 0 dummy tokens (new size: 49152)
 > padded vocab (size: 49152) with 0 dummy tokens (new size: 49152)
 > padded vocab (size: 49152) with 0 dummy tokens (new size: 49152)
 > padded vocab (size: 49152) with 0 dummy tokens (new size: 49152)
Processed 1000 documents (386.5880446219675 docs/s, 0.00036867908918568375 MB/s).
Processed 2000 documents (623.5682496827749 docs/s, 0.0005946810242488621 MB/s).
Processed 3000 documents (785.1676837372621 docs/s, 0.0007487942540524121 MB/s).
Processed 4000 documents (898.6328711783488 docs/s, 0.0008570030891211975 MB/s).
Processed 5000 documents (982.8131697917032 docs/s, 0.0009372836778561623 MB/s).
Processed 6000 documents (963.1818244795334 docs/s, 0.0009185617680354437 MB/s).
Processed 7000 documents (1042.23829780225 docs/s, 0.0009939558961889743 MB/s).
Processed 8000 documents (1120.5163351873564 docs/s, 0.0010686076499818386 MB/s).
Processed 9000 documents (1189.6301494077381 docs/s, 0.0011345197195126897 MB/s).
Processed 10000 documents (1238.9119289916841 docs/s, 0.001181518486968693 MB/s).
Processed 11000 documents (1270.631853792804 docs/s, 0.0012117689645698585 MB/s).
Processed 12000 documents (1304.878561601655 docs/s, 0.0012444291702286292 MB/s).
Processed 13000 documents (1329.6038586100656 docs/s, 0.0012680090509510666 MB/s).
Processed 14000 documents (1348.8437436572233 docs/s, 0.0012863576351711495 MB/s).
Processed 15000 documents (1365.2492496230375 docs/s, 0.001302003144858396 MB/s).
Processed 16000 documents (1383.28496804065 docs/s, 0.0013192033462912083 MB/s).
Processed 17000 documents (1287.406163003512 docs/s, 0.0012277661924395675 MB/s).
Processed 18000 documents (1309.1602582860264 docs/s, 0.001248512514387156 MB/s).
Processed 19000 documents (1318.8768192862262 docs/s, 0.0012577789490568411 MB/s).
Processed 20000 documents (1350.9391470825824 docs/s, 0.0012883559676004242 MB/s).
Processed 21000 documents (1361.9516769034228 docs/s, 0.0012988583344492176 MB/s).
Processed 22000 documents (1369.0002055695581 docs/s, 0.001305580335206564 MB/s).
Processed 23000 documents (1379.8892549703103 docs/s, 0.0013159649419501403 MB/s).
Processed 24000 documents (1394.5142553036214 docs/s, 0.001329912429145452 MB/s).
Processed 25000 documents (1405.3750298143077 docs/s, 0.0013402700708525731 MB/s).
Processed 26000 documents (1419.9078595495157 docs/s, 0.001354129657315746 MB/s).
Processed 27000 documents (1430.321876393545 docs/s, 0.0013640612377105188 MB/s).
Processed 28000 documents (1314.3191368049734 docs/s, 0.0012534324043321356 MB/s).
Processed 29000 documents (1319.070498029221 docs/s, 0.001257963655499669 MB/s).
Processed 30000 documents (1331.0287112929664 docs/s, 0.0012693678963594116 MB/s).
Processed 31000 documents (1337.5794584807834 docs/s, 0.0012756151757057032 MB/s).
Processed 32000 documents (1351.566354668273 docs/s, 0.0012889541193659526 MB/s).
Processed 33000 documents (1352.505834250845 docs/s, 0.0012898500769146395 MB/s).
Processed 34000 documents (1367.4359913528954 docs/s, 0.0013040885842827753 MB/s).
Processed 35000 documents (1376.691938106526 docs/s, 0.0013129157429757367 MB/s).
Processed 36000 documents (1392.3002883983827 docs/s, 0.0013278010257705523 MB/s).
Processed 37000 documents (1395.558161177614 docs/s, 0.0013309079753662243 MB/s).
Processed 38000 documents (1402.90140973134 docs/s, 0.0013379110429109 MB/s).
Processed 39000 documents (1264.2525104123085 docs/s, 0.0012056851486323438 MB/s).
Processed 40000 documents (1276.349930552912 docs/s, 0.001217222147515213 MB/s).
Processed 41000 documents (1284.6792097075486 docs/s, 0.0012251655671191679 MB/s).
Processed 42000 documents (1291.755595773804 docs/s, 0.0012319141347635308 MB/s).
Processed 43000 documents (1298.4288423338187 docs/s, 0.001238278238614863 MB/s).
Processed 44000 documents (1300.9572582318024 docs/s, 0.0012406895239179634 MB/s).
Processed 45000 documents (1315.521819079869 docs/s, 0.0012545793715285005 MB/s).
Processed 46000 documents (1327.948773100925 docs/s, 0.0012664306384095431 MB/s).
Processed 47000 documents (1339.1528687788757 docs/s, 0.0012771156966961629 MB/s).
Processed 48000 documents (1342.877716064181 docs/s, 0.001280667987884694 MB/s).
Processed 49000 documents (1347.1264179161474 docs/s, 0.001284719865718982 MB/s).
Processed 50000 documents (1350.961921784871 docs/s, 0.0012883776872490607 MB/s).
Processed 51000 documents (1228.3608087942316 docs/s, 0.0011714561546270672 MB/s).
Processed 52000 documents (1238.5434910161905 docs/s, 0.001181167117134276 MB/s).
Processed 53000 documents (1246.003231329157 docs/s, 0.0011882812798778123 MB/s).
Processed 54000 documents (1257.7291138716269 docs/s, 0.0011994639528957623 MB/s).
Processed 55000 documents (1263.4464566573265 docs/s, 0.0012049164358685746 MB/s).
Processed 56000 documents (1275.9786404670917 docs/s, 0.00121686805769643 MB/s).
Processed 57000 documents (1284.9914696462884 docs/s, 0.0012254633614027866 MB/s).
Processed 58000 documents (1292.2203547817678 docs/s, 0.0012323573634927443 MB/s).
Processed 59000 documents (1303.0248240236256 docs/s, 0.0012426613083111053 MB/s).
Processed 60000 documents (1315.0956107742106 docs/s, 0.0012541729076139551 MB/s).
Processed 61000 documents (1321.7314312244443 docs/s, 0.0012605013191456264 MB/s).
Processed 62000 documents (1329.9068829900348 docs/s, 0.0012682980375194881 MB/s).
Processed 63000 documents (1340.0055283608012 docs/s, 0.001277928856240083 MB/s).
Processed 64000 documents (1345.9576578139254 docs/s, 0.0012836052492274526 MB/s).
Processed 65000 documents (1353.4499505851081 docs/s, 0.0012907504564143258 MB/s).
Processed 66000 documents (1364.105959565885 docs/s, 0.0013009128184946872 MB/s).
Processed 67000 documents (1371.7091912571486 docs/s, 0.0013081638252803313 MB/s).
Processed 68000 documents (1377.3337931260353 docs/s, 0.001313527863622699 MB/s).
Processed 69000 documents (1384.309060910479 docs/s, 0.001320179997358779 MB/s).
Processed 70000 documents (1304.8298698147228 docs/s, 0.001244382734122012 MB/s).
Processed 71000 documents (1315.9243650252624 docs/s, 0.0012549632692577957 MB/s).
Processed 72000 documents (1322.6407069560341 docs/s, 0.001261368472057375 MB/s).
Processed 73000 documents (1327.8662606748103 docs/s, 0.001266351948427973 MB/s).
Processed 74000 documents (1337.09203422936 docs/s, 0.0012751503317159271 MB/s).
Processed 75000 documents (1342.5665111546302 docs/s, 0.001280371199755316 MB/s).
Processed 76000 documents (1346.2321425500525 docs/s, 0.0012838670182705426 MB/s).
Processed 77000 documents (1351.6557558062884 docs/s, 0.0012890393789351353 MB/s).
Processed 78000 documents (1358.429096587302 docs/s, 0.001295498940074255 MB/s).
Processed 79000 documents (1366.6534270188959 docs/s, 0.0013033422727765044 MB/s).
Processed 80000 documents (1371.1364664617306 docs/s, 0.001307617632352572 MB/s).
Processed 81000 documents (1376.6651165107762 docs/s, 0.001312890163908745 MB/s).
Processed 82000 documents (1379.3990817153824 docs/s, 0.0013154974763063263 MB/s).
Processed 83000 documents (1388.6344213374987 docs/s, 0.0013243049825072276 MB/s).
Processed 84000 documents (1393.846401478496 docs/s, 0.0013292755141053162 MB/s).
Processed 85000 documents (1402.3929472296059 docs/s, 0.0013374261352821406 MB/s).
Processed 86000 documents (1409.215400076018 docs/s, 0.0013439325333366567 MB/s).
Processed 87000 documents (1413.0298201380565 docs/s, 0.0013475702477818074 MB/s).
Processed 88000 documents (1416.9552703867873 docs/s, 0.0013513138488643525 MB/s).
Processed 89000 documents (1423.4719702230207 docs/s, 0.001357528658125897 MB/s).
Processed 90000 documents (1426.2966561745022 docs/s, 0.0013602224885697386 MB/s).
Processed 91000 documents (1326.6170774906823 docs/s, 0.0012651606345087836 MB/s).
Processed 92000 documents (1334.3936019923465 docs/s, 0.0012725769061969247 MB/s).
Processed 93000 documents (1341.7027615712752 docs/s, 0.0012795474639618637 MB/s).
Processed 94000 documents (1347.0044302969204 docs/s, 0.0012846035292596058 MB/s).
Processed 95000 documents (1348.7587684713974 docs/s, 0.0012862765965188955 MB/s).
Processed 96000 documents (1350.674068917015 docs/s, 0.0012881031693620824 MB/s).
Processed 97000 documents (1353.2168509716048 docs/s, 0.0012905281552997635 MB/s).
Processed 98000 documents (1355.9360170019595 docs/s, 0.001293121354104957 MB/s).
Processed 99000 documents (1359.066531020139 docs/s, 0.0012961068449212447 MB/s).
Processed 100000 documents (1361.548322072564 docs/s, 0.001298473665306629 MB/s).
Processed 101000 documents (1363.5787549450063 docs/s, 0.0013004100369882643 MB/s).
Processed 102000 documents (1367.1178369439676 docs/s, 0.0013037851685943295 MB/s).
Processed 103000 documents (1368.2098187464153 docs/s, 0.0013048265635933068 MB/s).
Processed 104000 documents (1369.5140014977737 docs/s, 0.0013060703291871774 MB/s).
Processed 105000 documents (1374.6780800616702 docs/s, 0.0013109951782814696 MB/s).
Processed 106000 documents (1381.870881767954 docs/s, 0.0013178547685317554 MB/s).
Processed 107000 documents (1386.4794779359609 docs/s, 0.0013222498683318719 MB/s).
Processed 108000 documents (1391.684157414494 docs/s, 0.0013272134374756755 MB/s).
Processed 109000 documents (1394.1349596852933 docs/s, 0.001329550704655927 MB/s).
Processed 110000 documents (1398.083425155642 docs/s, 0.0013333162547642156 MB/s).
Processed 111000 documents (1401.937763387996 docs/s, 0.0013369920381431542 MB/s).
Processed 112000 documents (1312.5774729158018 docs/s, 0.0012517714242132204 MB/s).
Processed 113000 documents (1312.467897997143 docs/s, 0.0012516669254275731 MB/s).
Processed 114000 documents (1318.126228975626 docs/s, 0.0012570631303554783 MB/s).
Processed 115000 documents (1322.580622694738 docs/s, 0.0012613111712405567 MB/s).
Processed 116000 documents (1328.1142355764136 docs/s, 0.0012665884357227456 MB/s).
Processed 117000 documents (1331.5942225441238 docs/s, 0.0012699072099152792 MB/s).
Processed 118000 documents (1336.964860988175 docs/s, 0.0012750290498620748 MB/s).
Processed 119000 documents (1336.7760218801577 docs/s, 0.0012748489588548257 MB/s).
Processed 120000 documents (1340.4277179977303 docs/s, 0.001278331487653475 MB/s).
Processed 121000 documents (1344.4074479617823 docs/s, 0.0012821268539064238 MB/s).
Processed 122000 documents (1348.3861730325532 docs/s, 0.0012859212618184597 MB/s).
Processed 123000 documents (1352.8598343332415 docs/s, 0.0012901876777012267 MB/s).
Processed 124000 documents (1356.06768249474 docs/s, 0.0012932469201037788 MB/s).
Processed 125000 documents (1359.3411874613553 docs/s, 0.0012963687777150681 MB/s).
Processed 126000 documents (1361.9867415622095 docs/s, 0.001298891774713716 MB/s).
Processed 127000 documents (1365.5650261875319 docs/s, 0.0013023042928576773 MB/s).
Processed 128000 documents (1367.507961593273 docs/s, 0.001304157220452569 MB/s).
Processed 129000 documents (1370.5727527433787 docs/s, 0.001307080033057574 MB/s).
Processed 130000 documents (1374.9200959058926 docs/s, 0.0013112259825762678 MB/s).
Processed 131000 documents (1378.2466591534749 docs/s, 0.001314398440507388 MB/s).
Processed 132000 documents (1381.3253152772484 docs/s, 0.0013173344757816776 MB/s).
Processed 133000 documents (1385.431131602519 docs/s, 0.0013212500873589696 MB/s).
Processed 134000 documents (1389.7851390923388 docs/s, 0.0013254023924754513 MB/s).
Processed 135000 documents (1393.713825854021 docs/s, 0.0013291490801372729 MB/s).
Processed 136000 documents (1394.9208556607246 docs/s, 0.0013303001934630628 MB/s).
Processed 137000 documents (1397.744925381557 docs/s, 0.0013329934362235614 MB/s).
Processed 138000 documents (1402.6191594821182 docs/s, 0.001337641868097418 MB/s).
Processed 139000 documents (1316.3417885932056 docs/s, 0.0012553613553936058 MB/s).
Processed 140000 documents (1321.0498609243375 docs/s, 0.0012598513230555892 MB/s).
Processed 141000 documents (1324.265454058828 docs/s, 0.001262917951639965 MB/s).
Processed 142000 documents (1327.6178048902336 docs/s, 0.0012661150025274597 MB/s).
Processed 143000 documents (1330.0668837383373 docs/s, 0.00126845062612375 MB/s).
Processed 144000 documents (1334.2775415621213 docs/s, 0.0012724662223454679 MB/s).
Processed 145000 documents (1337.0088177379062 docs/s, 0.0012750709702853262 MB/s).
Processed 146000 documents (1340.2267411726175 docs/s, 0.0012781398212171721 MB/s).
Processed 147000 documents (1342.6006021525254 docs/s, 0.0012804037114644293 MB/s).
Processed 148000 documents (1345.8227953198814 docs/s, 0.0012834766343306364 MB/s).
Processed 149000 documents (1348.9528518072264 docs/s, 0.001286461688811518 MB/s).
Processed 150000 documents (1351.9262298624892 docs/s, 0.0012892973230957882 MB/s).
Processed 151000 documents (1354.3144574606351 docs/s, 0.0012915749144178726 MB/s).
Processed 152000 documents (1356.7951712312067 docs/s, 0.001293940707427222 MB/s).
Processed 153000 documents (1358.767644667706 docs/s, 0.001295821804683405 MB/s).
Processed 154000 documents (1364.02252086139 docs/s, 0.001300833245145216 MB/s).
Processed 155000 documents (1366.4166380630854 docs/s, 0.0013031164532309393 MB/s).
Processed 156000 documents (1370.314763994346 docs/s, 0.0013068339958136998 MB/s).
Processed 157000 documents (1375.1995254101373 docs/s, 0.0013114924673177121 MB/s).
Processed 158000 documents (1377.3948375979753 docs/s, 0.0013135860801677468 MB/s).
Processed 159000 documents (1382.1530632099445 docs/s, 0.0013181238777255483 MB/s).
Processed 160000 documents (1386.3669043468485 docs/s, 0.0013221425097912297 MB/s).
Processed 161000 documents (1389.820234776883 docs/s, 0.0013254358623284177 MB/s).
Processed 162000 documents (1394.8188825231105 docs/s, 0.001330202944300757 MB/s).
Processed 163000 documents (1398.1083353114789 docs/s, 0.0013333400109400548 MB/s).
Processed 164000 documents (1400.8767549158695 docs/s, 0.0013359801816137976 MB/s).
Processed 165000 documents (1405.5935444669508 docs/s, 0.0013404784626645573 MB/s).
Processed 166000 documents (1408.001181900465 docs/s, 0.0013427745646481181 MB/s).
Processed 167000 documents (1411.8623327776438 docs/s, 0.001346456845071453 MB/s).
Processed 168000 documents (1413.4482232146281 docs/s, 0.0013479692680498391 MB/s).
Processed 169000 documents (1415.029735966639 docs/s, 0.0013494775161425009 MB/s).
Processed 170000 documents (1337.208164120175 docs/s, 0.0012752610818101645 MB/s).
Processed 171000 documents (1341.4313851582497 docs/s, 0.0012792886592466828 MB/s).
Processed 172000 documents (1343.9075077850462 docs/s, 0.001281650073800131 MB/s).
Processed 173000 documents (1346.4454691755582 docs/s, 0.001284070462394293 MB/s).
Processed 174000 documents (1348.4406510501035 docs/s, 0.0012859732161046061 MB/s).
Processed 175000 documents (1350.8409283987403 docs/s, 0.0012882622989642527 MB/s).
Processed 176000 documents (1352.981340295303 docs/s, 0.001290303554816535 MB/s).
Processed 177000 documents (1354.301624742977 docs/s, 0.0012915626761846324 MB/s).
Processed 178000 documents (1356.7854727029476 docs/s, 0.0012939314581899143 MB/s).
Processed 179000 documents (1357.9134768643598 docs/s, 0.0012950072067874525 MB/s).
Processed 180000 documents (1361.7140984041753 docs/s, 0.001298631761936355 MB/s).
Processed 181000 documents (1362.0581565760967 docs/s, 0.001298959881378266 MB/s).
Processed 182000 documents (1365.9767523995624 docs/s, 0.0013026969455714821 MB/s).
Processed 183000 documents (1370.5520047898972 docs/s, 0.0013070602462672207 MB/s).
Processed 184000 documents (1375.2033480514262 docs/s, 0.0013114961128725302 MB/s).
Processed 185000 documents (1381.1353644861656 docs/s, 0.001317153324590841 MB/s).
Processed 186000 documents (1386.2110952426433 docs/s, 0.001321993918650287 MB/s).
Processed 187000 documents (1391.7058545111888 docs/s, 0.001327234129439534 MB/s).
Processed 188000 documents (1397.8285659246808 docs/s, 0.0013330732020613487 MB/s).
Processed 189000 documents (1402.8005419636595 docs/s, 0.00133781484791151 MB/s).
Processed 190000 documents (1408.88302323697 docs/s, 0.0013436155540818883 MB/s).
Processed 191000 documents (1414.3793812008075 docs/s, 0.001348857289505775 MB/s).
Processed 192000 documents (1420.557726909979 docs/s, 0.0013547494191264906 MB/s).
Processed 193000 documents (1426.5103987939997 docs/s, 0.0013604263294162747 MB/s).
Processed 194000 documents (1431.9692690915701 docs/s, 0.0013656323138156606 MB/s).
Processed 195000 documents (1437.690359030933 docs/s, 0.0013710883703526812 MB/s).
Processed 196000 documents (1443.0421724076668 docs/s, 0.0013761922573162716 MB/s).
Processed 197000 documents (1448.4844762064238 docs/s, 0.0013813824426712263 MB/s).
Processed 198000 documents (1454.0551044196836 docs/s, 0.0013866950077244602 MB/s).
Processed 199000 documents (1459.775365639962 docs/s, 0.0013921502739333744 MB/s).
Processed 200000 documents (1465.4730137199822 docs/s, 0.001397583974571211 MB/s).
Processed 201000 documents (1470.9527259942479 docs/s, 0.0014028098354284743 MB/s).
Processed 202000 documents (1476.1510028699897 docs/s, 0.0014077672985744378 MB/s).
Processed 203000 documents (1482.024532767102 docs/s, 0.0014133687331839581 MB/s).
Processed 204000 documents (1486.9423561574527 docs/s, 0.0014180587350439574 MB/s).
Processed 205000 documents (1492.7410555763427 docs/s, 0.0014235888057483126 MB/s).
Processed 206000 documents (1498.135605148982 docs/s, 0.001428733449124319 MB/s).
Processed 207000 documents (1503.0877425068961 docs/s, 0.0014334561753338777 MB/s).
Processed 208000 documents (1508.6022903575672 docs/s, 0.001438715257985656 MB/s).
Processed 209000 documents (1514.0550955235917 docs/s, 0.0014439154582248609 MB/s).
Processed 210000 documents (1519.452011262154 docs/s, 0.0014490623581525364 MB/s).
Processed 211000 documents (1524.227824306475 docs/s, 0.0014536169283928633 MB/s).
Processed 212000 documents (1529.990687556537 docs/s, 0.001459112823063409 MB/s).
Processed 213000 documents (1535.33480580552 docs/s, 0.001464209371381302 MB/s).
Processed 214000 documents (1540.0903096721647 docs/s, 0.0014687445732804916 MB/s).
Processed 215000 documents (1545.6063734335194 docs/s, 0.0014740051016173547 MB/s).
Processed 216000 documents (1550.8324010452948 docs/s, 0.0014789890299275348 MB/s).
Processed 217000 documents (1555.991133309961 docs/s, 0.0014839087803935633 MB/s).
Processed 218000 documents (1561.2167296835494 docs/s, 0.0014888922974429601 MB/s).
Processed 219000 documents (1565.976113058961 docs/s, 0.001493431199130021 MB/s).
Processed 220000 documents (1571.617453757263 docs/s, 0.001498811200864089 MB/s).
Processed 221000 documents (1576.4921084428784 docs/s, 0.0015034600338391098 MB/s).
Processed 222000 documents (1581.9107256518437 docs/s, 0.001508627629901737 MB/s).
Processed 223000 documents (1587.2574031634294 docs/s, 0.0015137266189226431 MB/s).
Processed 224000 documents (1592.1727399432132 docs/s, 0.0015184142493660099 MB/s).
Processed 225000 documents (1597.544889014633 docs/s, 0.0015235375299593287 MB/s).
Processed 226000 documents (1602.0099193691615 docs/s, 0.0015277957147304168 MB/s).
Processed 227000 documents (1607.5241314213517 docs/s, 0.0015330544771398084 MB/s).
Processed 228000 documents (1612.8516484425925 docs/s, 0.0015381351932931828 MB/s).
Processed 229000 documents (1618.0565245197774 docs/s, 0.0015430989499280714 MB/s).
Processed 230000 documents (1623.3466415269172 docs/s, 0.0015481439986485645 MB/s).
Processed 231000 documents (1627.863700645894 docs/s, 0.0015524518019160213 MB/s).
Processed 232000 documents (1632.4932068262706 docs/s, 0.0015568668430578905 MB/s).
Processed 233000 documents (1637.5646300952678 docs/s, 0.0015617033291771582 MB/s).
Processed 234000 documents (1642.5169831859923 docs/s, 0.0015664262611255573 MB/s).
Processed 235000 documents (1647.4070584348115 docs/s, 0.00157108980029565 MB/s).
Processed 236000 documents (1651.857377140389 docs/s, 0.0015753339549449815 MB/s).
Processed 237000 documents (1657.3293525175075 docs/s, 0.0015805524373221469 MB/s).
Processed 238000 documents (1662.1253996882656 docs/s, 0.0015851263043291717 MB/s).
Processed 239000 documents (1667.2365433087377 docs/s, 0.0015900006707274797 MB/s).
Processed 240000 documents (1672.2089430450744 docs/s, 0.0015947427206469292 MB/s).
Processed 241000 documents (1677.7224743649078 docs/s, 0.0016000008338593558 MB/s).
Processed 242000 documents (1683.097471746323 docs/s, 0.0016051268308127622 MB/s).
Processed 243000 documents (1687.5536430915092 docs/s, 0.0016093765669741719 MB/s).
Processed 244000 documents (1692.8817501532924 docs/s, 0.0016144578458340572 MB/s).
Processed 245000 documents (1696.5113789455127 docs/s, 0.0016179193295912863 MB/s).
Processed 246000 documents (1701.5503883127922 docs/s, 0.0016227249034049913 MB/s).
Processed 247000 documents (1706.9281552177729 docs/s, 0.001627853541581891 MB/s).
Processed 248000 documents (1711.1493215031394 docs/s, 0.001631879159453525 MB/s).
Processed 249000 documents (1716.1067394837123 docs/s, 0.001636606921657288 MB/s).
Processed 250000 documents (1720.7430985984454 docs/s, 0.0016410284982666448 MB/s).
Processed 251000 documents (1726.0177722675394 docs/s, 0.0016460588190722841 MB/s).
Processed 252000 documents (1730.7727207088344 docs/s, 0.0016505934912765831 MB/s).
Processed 253000 documents (1735.163928903814 docs/s, 0.0016547812737501277 MB/s).
Processed 254000 documents (1739.7989754456257 docs/s, 0.0016592015985924012 MB/s).
Processed 255000 documents (1744.6234570241472 docs/s, 0.0016638025827638123 MB/s).
Processed 256000 documents (1749.2115508387574 docs/s, 0.0016681781299960684 MB/s).
Processed 257000 documents (1753.5407786108863 docs/s, 0.0016723068033322203 MB/s).
Processed 258000 documents (1757.9605276002421 docs/s, 0.0016765218044283315 MB/s).
Processed 259000 documents (1763.1544754070887 docs/s, 0.0016814751390524757 MB/s).
Processed 260000 documents (1768.1017754209242 docs/s, 0.0016861932520112269 MB/s).
Processed 261000 documents (1773.3811837701758 docs/s, 0.0016912280881597288 MB/s).
Processed 262000 documents (1777.942572443634 docs/s, 0.0016955781673847522 MB/s).
Processed 263000 documents (1782.7073910654221 docs/s, 0.0017001222525266859 MB/s).
Processed 264000 documents (1787.9705717940988 docs/s, 0.001705141612810229 MB/s).
Processed 265000 documents (1792.5730659269414 docs/s, 0.0017095308932561315 MB/s).
Processed 266000 documents (1797.0939782709884 docs/s, 0.0017138423712453731 MB/s).
Processed 267000 documents (1801.962836962015 docs/s, 0.0017184856767292166 MB/s).
Processed 268000 documents (1806.5648448269624 docs/s, 0.0017228744934339164 MB/s).
Processed 269000 documents (1811.366769428183 docs/s, 0.00172745396559542 MB/s).
Processed 270000 documents (1815.8242825999632 docs/s, 0.0017317049814223892 MB/s).
Processed 271000 documents (1820.6661987554921 docs/s, 0.0017363225925021097 MB/s).
Processed 272000 documents (1825.0567893708949 docs/s, 0.0017405097860058736 MB/s).
Processed 273000 documents (1829.9708819762434 docs/s, 0.0017451962299120363 MB/s).
Processed 274000 documents (1834.8614400239421 docs/s, 0.0017498602295150205 MB/s).
Processed 275000 documents (1839.8290881425687 docs/s, 0.0017545977479386985 MB/s).
Processed 276000 documents (1844.8475331702516 docs/s, 0.0017593837100698963 MB/s).
Processed 277000 documents (1849.4974449716217 docs/s, 0.0017638182115284173 MB/s).
Processed 278000 documents (1854.4786230087484 docs/s, 0.001768568633087872 MB/s).
Processed 279000 documents (1859.3965570951711 docs/s, 0.0017732587405158721 MB/s).
Processed 280000 documents (1863.379945331933 docs/s, 0.0017770575955695467 MB/s).
Processed 281000 documents (1868.248289095234 docs/s, 0.0017817004099800434 MB/s).
Processed 282000 documents (1872.7937138436814 docs/s, 0.001786035264819795 MB/s).
Processed 283000 documents (1876.965264511617 docs/s, 0.0017900135655513926 MB/s).
Processed 284000 documents (1881.5920064439226 docs/s, 0.0017944259705008723 MB/s).
Processed 285000 documents (1886.110029797192 docs/s, 0.001798734693333809 MB/s).
Processed 286000 documents (1890.819218735021 docs/s, 0.0018032257258749208 MB/s).
Processed 287000 documents (1895.7901444801835 docs/s, 0.001807966370086845 MB/s).
Processed 288000 documents (1900.1174206495132 docs/s, 0.0018120931822295315 MB/s).
Processed 289000 documents (1902.1549841731605 docs/s, 0.0018140363542300802 MB/s).
Processed 290000 documents (1906.704547496833 docs/s, 0.0018183751559227304 MB/s).
Processed 291000 documents (1911.398003596783 docs/s, 0.001822851184460433 MB/s).
Processed 292000 documents (1915.742109785602 docs/s, 0.0018269940469604511 MB/s).
Processed 293000 documents (1920.1649805787154 docs/s, 0.0018312120252406267 MB/s).
Processed 294000 documents (1924.7806187424387 docs/s, 0.0018356138408111942 MB/s).
Processed 295000 documents (1929.5480306565983 docs/s, 0.0018401603991094573 MB/s).
Processed 296000 documents (1934.299285081377 docs/s, 0.0018446915484250804 MB/s).
Processed 297000 documents (1938.8502678530983 docs/s, 0.0018490317038088783 MB/s).
Processed 298000 documents (1943.5100892773353 docs/s, 0.0018534756558202126 MB/s).
Processed 299000 documents (1947.7871144519543 docs/s, 0.0018575545448798697 MB/s).
Processed 300000 documents (1952.0654783592713 docs/s, 0.0018616347106545175 MB/s).
Processed 301000 documents (1956.6555295448172 docs/s, 0.0018660121245811627 MB/s).
Processed 302000 documents (1960.7962091395511 docs/s, 0.0018699609843631278 MB/s).
Processed 303000 documents (1964.8385588255505 docs/s, 0.0018738160694365983 MB/s).
Processed 304000 documents (1969.1565398971838 docs/s, 0.0018779340170833434 MB/s).
Processed 305000 documents (1973.6607155433808 docs/s, 0.001882229533713704 MB/s).
Processed 306000 documents (1978.292742352224 docs/s, 0.0018866469787142029 MB/s).
Processed 307000 documents (1982.8759767969764 docs/s, 0.0018910178916902317 MB/s).
Processed 308000 documents (1987.1229964351446 docs/s, 0.0018950681652404257 MB/s).
Processed 309000 documents (1991.5067099530463 docs/s, 0.0018992488002329314 MB/s).
Processed 310000 documents (1995.8258008128016 docs/s, 0.001903367806256105 MB/s).
Processed 311000 documents (1999.8135234626445 docs/s, 0.0019071707949282117 MB/s).
Processed 312000 documents (2003.9605262135115 docs/s, 0.0019111256849417796 MB/s).
Processed 313000 documents (2008.3296955907458 docs/s, 0.0019152924495608767 MB/s).
Processed 314000 documents (2012.2150413354952 docs/s, 0.0019189978040080025 MB/s).
Processed 315000 documents (2016.7602517752698 docs/s, 0.001923332454467077 MB/s).
Processed 316000 documents (2021.2305785832032 docs/s, 0.0019275956903297455 MB/s).
Processed 317000 documents (2025.1946862200082 docs/s, 0.0019313761579704363 MB/s).
Processed 318000 documents (2029.1450937080642 docs/s, 0.0019351435601311342 MB/s).
Processed 319000 documents (2033.5889763508437 docs/s, 0.0019393815768726766 MB/s).
Processed 320000 documents (2037.6774270057226 docs/s, 0.001943280627256129 MB/s).
Processed 321000 documents (2041.2081132457781 docs/s, 0.0019466477520425588 MB/s).
Processed 322000 documents (2045.4951976796585 docs/s, 0.0019507362343594156 MB/s).
Processed 323000 documents (2049.742112231078 docs/s, 0.0019547864076910762 MB/s).
Processed 324000 documents (2053.9786897155036 docs/s, 0.001958826722827438 MB/s).
Processed 325000 documents (2058.5161692272272 docs/s, 0.0019631540004989884 MB/s).
Processed 326000 documents (2062.5601364663703 docs/s, 0.0019670106281913474 MB/s).
Processed 327000 documents (2067.137570218571 docs/s, 0.0019713760091958723 MB/s).
Processed 328000 documents (2071.3183221216573 docs/s, 0.0019753630849091122 MB/s).
Processed 329000 documents (2075.683445864021 docs/s, 0.0019795259913101397 MB/s).
Processed 330000 documents (2079.78209168261 docs/s, 0.0019834347645593738 MB/s).
Processed 331000 documents (2083.7652936937857 docs/s, 0.00198723344201449 MB/s).
Processed 332000 documents (2087.393041429625 docs/s, 0.001990693131856561 MB/s).
Processed 333000 documents (2091.2026321297394 docs/s, 0.00199432624066328 MB/s).
Processed 334000 documents (2094.52280008698 docs/s, 0.0019974925995702554 MB/s).
Processed 335000 documents (2098.756314386494 docs/s, 0.0020015299934258404 MB/s).
Processed 336000 documents (2102.6619003514243 docs/s, 0.002005254650451111 MB/s).
Processed 337000 documents (2106.9725867224247 docs/s, 0.0020093656413292167 MB/s).
Processed 338000 documents (2111.055998783538 docs/s, 0.002013259886535204 MB/s).
Processed 339000 documents (2114.8623784747774 docs/s, 0.0020168899330852293 MB/s).
Processed 340000 documents (2118.6043835625865 docs/s, 0.0020204585872293343 MB/s).
Processed 341000 documents (2122.1674911609807 docs/s, 0.002023856631432515 MB/s).
Processed 342000 documents (2126.639305936689 docs/s, 0.002028121286331834 MB/s).
Processed 343000 documents (2130.842985190358 docs/s, 0.0020321302272704677 MB/s).
Processed 344000 documents (2134.333109606939 docs/s, 0.0020354586692876236 MB/s).
Processed 345000 documents (2138.3183343547757 docs/s, 0.002039259275774742 MB/s).
Processed 346000 documents (2142.56604033205 docs/s, 0.0020433102038689135 MB/s).
Processed 347000 documents (2146.0697014053194 docs/s, 0.002046651555447883 MB/s).
Processed 348000 documents (2149.5549025732967 docs/s, 0.002049975302289292 MB/s).
Processed 349000 documents (2153.7842796054783 docs/s, 0.002054008750539282 MB/s).
Processed 350000 documents (2157.678396024266 docs/s, 0.002057722469352976 MB/s).
Processed 351000 documents (2161.3311998049808 docs/s, 0.002061206054501515 MB/s).
Processed 352000 documents (2165.0789057272345 docs/s, 0.002064780145385012 MB/s).
Processed 353000 documents (2168.2192493826756 docs/s, 0.0020677750104738956 MB/s).
Processed 354000 documents (2171.879527602565 docs/s, 0.002071265723803105 MB/s).
Processed 355000 documents (2175.782827035555 docs/s, 0.002074988200221591 MB/s).
Processed 356000 documents (2179.878410158532 docs/s, 0.002078894052656681 MB/s).
Processed 357000 documents (2183.4857386445256 docs/s, 0.0020823342691846138 MB/s).
Processed 358000 documents (2187.8733924954627 docs/s, 0.0020865186619715335 MB/s).
Processed 359000 documents (2191.9797902816676 docs/s, 0.0020904348280731846 MB/s).
Processed 360000 documents (2195.926343738467 docs/s, 0.0020941985547432585 MB/s).
Processed 361000 documents (2199.4594000901366 docs/s, 0.0020975679398442617 MB/s).
Processed 362000 documents (2203.0675487911335 docs/s, 0.002101008938590177 MB/s).
Processed 363000 documents (2206.9593858379244 docs/s, 0.00210472048362534 MB/s).
Processed 364000 documents (2211.4610389396407 docs/s, 0.0021090135945698173 MB/s).
Processed 365000 documents (2215.3469217979164 docs/s, 0.002112719461248318 MB/s).
Processed 366000 documents (2219.0018893447423 docs/s, 0.0021162051099250243 MB/s).
Processed 367000 documents (2222.2973573726713 docs/s, 0.002119347913143798 MB/s).
Processed 368000 documents (2226.0098904536917 docs/s, 0.002122888460591976 MB/s).
Processed 369000 documents (2229.838385050851 docs/s, 0.0021265395975597866 MB/s).
Processed 370000 documents (2234.1487032828823 docs/s, 0.0021306502373532126 MB/s).
Processed 371000 documents (2238.3348435593043 docs/s, 0.00213464245181971 MB/s).
Processed 372000 documents (2242.0473732146 docs/s, 0.0021381829960008623 MB/s).
Processed 373000 documents (2245.8998852063683 docs/s, 0.0021418570377410586 MB/s).
Processed 374000 documents (2249.029245629735 docs/s, 0.002144841428403602 MB/s).
Processed 375000 documents (2252.93138843576 docs/s, 0.002148562801776657 MB/s).
Processed 376000 documents (2256.7207122852774 docs/s, 0.0021521765826084875 MB/s).
Processed 377000 documents (2260.2143553027377 docs/s, 0.0021555083802249314 MB/s).
Processed 378000 documents (2264.0582741474213 docs/s, 0.002159174226901456 MB/s).
Processed 379000 documents (2267.8189079309595 docs/s, 0.0021627606467542262 MB/s).
Processed 380000 documents (2271.5259786832144 docs/s, 0.0021662959849197525 MB/s).
Processed 381000 documents (2274.507498255117 docs/s, 0.0021691393835593384 MB/s).
Processed 382000 documents (2278.112717849619 docs/s, 0.0021725775888916197 MB/s).
Processed 383000 documents (2282.1045559720023 docs/s, 0.002176384502384188 MB/s).
Processed 384000 documents (2286.2265592887566 docs/s, 0.002180315551079518 MB/s).
Processed 385000 documents (2290.102917085576 docs/s, 0.0021840123339515456 MB/s).
Processed 386000 documents (2293.4668829748375 docs/s, 0.002187220461821401 MB/s).
Processed 387000 documents (2297.103352406744 docs/s, 0.0021906884693210066 MB/s).
Processed 388000 documents (2300.8434465716578 docs/s, 0.002194255301067026 MB/s).
Processed 389000 documents (2304.596074480744 docs/s, 0.0021978340859229507 MB/s).
Processed 390000 documents (2308.3163115587527 docs/s, 0.00220138198047519 MB/s).
Processed 391000 documents (2311.5480979044096 docs/s, 0.0022044640521091553 MB/s).
Processed 392000 documents (2315.1289013744195 docs/s, 0.002207878972410602 MB/s).
Processed 393000 documents (2318.2563415525215 docs/s, 0.002210861531784555 MB/s).
Processed 394000 documents (2320.407524677238 docs/s, 0.0022129130598804838 MB/s).
Processed 395000 documents (2324.4676562796635 docs/s, 0.002216785103110946 MB/s).
Processed 396000 documents (2328.269918234618 docs/s, 0.002220411222681635 MB/s).
Processed 397000 documents (2331.316391787105 docs/s, 0.002223316566264253 MB/s).
Processed 398000 documents (2334.869080730823 docs/s, 0.002226704674464057 MB/s).
Processed 399000 documents (2339.018478345718 docs/s, 0.0022306618483979397 MB/s).
Processed 400000 documents (2342.6093876215846 docs/s, 0.0022340864063468786 MB/s).
Processed 401000 documents (2345.948077572939 docs/s, 0.002237270429203929 MB/s).
Processed 402000 documents (2349.6593030662843 docs/s, 0.0022408097296393245 MB/s).
Processed 403000 documents (2353.435387819394 docs/s, 0.0022444108846849382 MB/s).
Processed 404000 documents (2356.037067856721 docs/s, 0.002246892040116044 MB/s).
Processed 405000 documents (2359.8189522674543 docs/s, 0.0022504987261461776 MB/s).
Processed 406000 documents (2363.430794524044 docs/s, 0.002253943247341198 MB/s).
Processed 407000 documents (2366.574512572831 docs/s, 0.0022569413305023487 MB/s).
Processed 408000 documents (2370.1830196114706 docs/s, 0.0022603826709856707 MB/s).
Processed 409000 documents (2373.0887716203556 docs/s, 0.00226315381204639 MB/s).
Processed 410000 documents (2376.815197939489 docs/s, 0.002266707609118928 MB/s).
Processed 411000 documents (2380.486369652398 docs/s, 0.0022702087112926464 MB/s).
Processed 412000 documents (2384.1924983181407 docs/s, 0.002273743151014462 MB/s).
Processed 413000 documents (2387.988327708855 docs/s, 0.0022773631360138466 MB/s).
Processed 414000 documents (2391.151696121414 docs/s, 0.0022803799592222345 MB/s).
Processed 415000 documents (2394.3847262490826 docs/s, 0.00228346321701916 MB/s).
Processed 416000 documents (2398.1425352417855 docs/s, 0.002287046942941461 MB/s).
Processed 417000 documents (2401.4650657192183 docs/s, 0.0022902155549232657 MB/s).
Processed 418000 documents (2404.9390776930713 docs/s, 0.002293528630917617 MB/s).
Processed 419000 documents (2408.9275419835185 docs/s, 0.00229733232687332 MB/s).
Processed 420000 documents (2412.2823977839535 docs/s, 0.0023005317666854415 MB/s).
Processed 421000 documents (2415.121448748131 docs/s, 0.002303239296672946 MB/s).
Processed 422000 documents (2418.951662853999 docs/s, 0.0023068920734920493 MB/s).
Processed 423000 documents (2422.561698076468 docs/s, 0.00231033487136504 MB/s).
Processed 424000 documents (2426.187963783107 docs/s, 0.0023137931478339263 MB/s).
Processed 425000 documents (2429.3874973154075 docs/s, 0.0023168444607881617 MB/s).
Processed 426000 documents (2433.3838710133477 docs/s, 0.002320655699742649 MB/s).
Processed 427000 documents (2436.52829095347 docs/s, 0.002323654452279539 MB/s).
Processed 428000 documents (2439.322663415878 docs/s, 0.0023263193735274107 MB/s).
Processed 429000 documents (2443.2065481867817 docs/s, 0.0023300233346813027 MB/s).
Processed 430000 documents (2445.9792200521765 docs/s, 0.002332667560627152 MB/s).
Processed 431000 documents (2449.3943524340184 docs/s, 0.002335924484666842 MB/s).
Processed 432000 documents (2452.8968079153537 docs/s, 0.0023392646865037477 MB/s).
Processed 433000 documents (2456.6008224711186 docs/s, 0.0023427971100531755 MB/s).
Processed 434000 documents (2460.0365751808563 docs/s, 0.0023460736991699756 MB/s).
Processed 435000 documents (2463.6703789484486 docs/s, 0.0023495391644939886 MB/s).
Processed 436000 documents (2466.825735086443 docs/s, 0.0023525483466019085 MB/s).
Processed 437000 documents (2470.1569043570435 docs/s, 0.002355725197178882 MB/s).
Processed 438000 documents (2472.710796143385 docs/s, 0.0023581607781823968 MB/s).
Processed 439000 documents (2476.250841774913 docs/s, 0.0023615368287800914 MB/s).
Processed 440000 documents (2479.0447605772656 docs/s, 0.0023642013173840195 MB/s).
Processed 441000 documents (2482.01943181084 docs/s, 0.002367038184939232 MB/s).
Processed 442000 documents (2485.4000469403077 docs/s, 0.0023702621907618596 MB/s).
Processed 443000 documents (2488.9307523995362 docs/s, 0.002373629333877121 MB/s).
Processed 444000 documents (2491.8798895441605 docs/s, 0.002376441850227509 MB/s).
Processed 445000 documents (2495.482764606622 docs/s, 0.002379877819639799 MB/s).
Processed 446000 documents (2498.9993119688256 docs/s, 0.002383231460541559 MB/s).
Processed 447000 documents (2501.498838797801 docs/s, 0.002385615195081521 MB/s).
Processed 448000 documents (2505.1158673430464 docs/s, 0.00238906466230683 MB/s).
Processed 449000 documents (2508.5416914230605 docs/s, 0.0023923317827444653 MB/s).
Processed 450000 documents (2511.292352614049 docs/s, 0.0023949550176754464 MB/s).
Processed 451000 documents (2513.7824020124003 docs/s, 0.002397329713833237 MB/s).
Processed 452000 documents (2516.691917300881 docs/s, 0.0024001044438370523 MB/s).
Processed 453000 documents (2519.7280318123026 docs/s, 0.0024029999082682634 MB/s).
Processed 454000 documents (2523.4408944681622 docs/s, 0.0024065407700235007 MB/s).
Processed 455000 documents (2526.857850232014 docs/s, 0.002409799432975782 MB/s).
Processed 456000 documents (2529.9998949163883 docs/s, 0.002412795920292271 MB/s).
Processed 457000 documents (2532.9345789138374 docs/s, 0.0024155946530474066 MB/s).
Processed 458000 documents (2536.1478291697367 docs/s, 0.0024186590472886436 MB/s).
Processed 459000 documents (2539.0900860697734 docs/s, 0.0024214650021264776 MB/s).
Processed 460000 documents (2542.6376347532955 docs/s, 0.0024248482081921535 MB/s).
Processed 461000 documents (2545.714059611559 docs/s, 0.0024277821155658332 MB/s).
Processed 462000 documents (2547.7308381120697 docs/s, 0.0024297054654236505 MB/s).
Processed 463000 documents (2550.473032777165 docs/s, 0.002432320626046338 MB/s).
Processed 464000 documents (2553.937163418476 docs/s, 0.002435624278467632 MB/s).
Processed 465000 documents (2557.163388533253 docs/s, 0.00243870104649854 MB/s).
Processed 466000 documents (2560.684497619261 docs/s, 0.0024420590377991305 MB/s).
Processed 467000 documents (2563.7588937873247 docs/s, 0.0024449910104630706 MB/s).
Processed 468000 documents (2566.13705288882 docs/s, 0.0024472589997184945 MB/s).
Processed 469000 documents (2569.2516143644484 docs/s, 0.0024502292770046696 MB/s).
Processed 470000 documents (2572.9293233549943 docs/s, 0.0024537366136121695 MB/s).
Processed 471000 documents (2576.6784890377644 docs/s, 0.002457312096631779 MB/s).
Processed 472000 documents (2579.786830833199 docs/s, 0.002460276442368697 MB/s).
Processed 473000 documents (2582.5742571504393 docs/s, 0.002462934739256324 MB/s).
Processed 474000 documents (2585.6131623952615 docs/s, 0.0024658328651383033 MB/s).
Processed 475000 documents (2588.3913141221688 docs/s, 0.0024684823170873344 MB/s).
Processed 476000 documents (2591.5856176509287 docs/s, 0.0024715286423215186 MB/s).
Processed 477000 documents (2594.5133672241877 docs/s, 0.002474320761894405 MB/s).
Processed 478000 documents (2597.2690763618266 docs/s, 0.0024769488109224573 MB/s).
Processed 479000 documents (2600.3426909466666 docs/s, 0.002479880038210551 MB/s).
Processed 480000 documents (2602.5126843131898 docs/s, 0.002481949505150976 MB/s).
Processed 481000 documents (2605.810766202298 docs/s, 0.002485094801142023 MB/s).
Processed 482000 documents (2608.176472304322 docs/s, 0.002487350914291689 MB/s).
Processed 483000 documents (2611.4788504973626 docs/s, 0.002490500307557452 MB/s).
Processed 484000 documents (2614.3713327411724 docs/s, 0.0024932587935840344 MB/s).
Processed 485000 documents (2616.735837334242 docs/s, 0.0024955137608854696 MB/s).
Processed 486000 documents (2620.236914985624 docs/s, 0.0024988526487213364 MB/s).
Processed 487000 documents (2622.660408841967 docs/s, 0.002501163872568099 MB/s).
Processed 488000 documents (2625.5381597409405 docs/s, 0.002503908309689465 MB/s).
Processed 489000 documents (2628.1799311548893 docs/s, 0.0025064276992367643 MB/s).
Processed 490000 documents (2631.160048904234 docs/s, 0.0025092697609941806 MB/s).
Processed 491000 documents (2634.2385499307497 docs/s, 0.002512205648356199 MB/s).
Processed 492000 documents (2637.406393274386 docs/s, 0.0025152267391914235 MB/s).
Processed 493000 documents (2640.0746395112205 docs/s, 0.00251777137709734 MB/s).
Processed 494000 documents (2642.8763688905833 docs/s, 0.0025204433144479592 MB/s).
Processed 495000 documents (2644.9266784003303 docs/s, 0.0025223986419680884 MB/s).
Processed 496000 documents (2647.5638925812887 docs/s, 0.0025249136853993308 MB/s).
Processed 497000 documents (2650.235010016844 docs/s, 0.002527461061493725 MB/s).
Processed 498000 documents (2653.511310789558 docs/s, 0.0025305855853934842 MB/s).
Processed 499000 documents (2656.869798018619 docs/s, 0.002533788488405818 MB/s).
Processed 500000 documents (2659.805665295308 docs/s, 0.0025365883496239736 MB/s).
Processed 501000 documents (2663.2551660092936 docs/s, 0.002539878049859327 MB/s).
Processed 502000 documents (2666.0750723669676 docs/s, 0.0025425673221273113 MB/s).
Processed 503000 documents (2668.956755681545 docs/s, 0.0025453155094924402 MB/s).
Processed 504000 documents (2671.1037991513376 docs/s, 0.002547363089705789 MB/s).
Processed 505000 documents (2674.058228100623 docs/s, 0.00255018065271437 MB/s).
Processed 506000 documents (2676.953005444691 docs/s, 0.002552941327519122 MB/s).
Processed 507000 documents (2679.6222764488375 docs/s, 0.0025554869427193046 MB/s).
Processed 508000 documents (2682.3430477156253 docs/s, 0.002558081672397256 MB/s).
Processed 509000 documents (2685.2496933135612 docs/s, 0.002560853665650903 MB/s).
Processed 510000 documents (2688.289939841622 docs/s, 0.002563753070680258 MB/s).
Processed 511000 documents (2690.5673219394585 docs/s, 0.002565924951495608 MB/s).
Processed 512000 documents (2693.548560410126 docs/s, 0.0025687680820561656 MB/s).
Processed 513000 documents (2696.7075521649626 docs/s, 0.0025717807313584925 MB/s).
Processed 514000 documents (2699.055576794698 docs/s, 0.0025740199821421604 MB/s).
Processed 515000 documents (2701.8383243073636 docs/s, 0.002576673816974033 MB/s).
Processed 516000 documents (2704.7470477520174 docs/s, 0.002579447791816728 MB/s).
Processed 517000 documents (2707.8833456100533 docs/s, 0.002582438798532537 MB/s).
Processed 518000 documents (2710.045493275886 docs/s, 0.0025845007832297194 MB/s).
Processed 519000 documents (2713.1897662035753 docs/s, 0.002587499395564628 MB/s).
Processed 520000 documents (2716.014805292367 docs/s, 0.002590193562786452 MB/s).
Processed 521000 documents (2718.5723833970897 docs/s, 0.0025926326593371293 MB/s).
Processed 522000 documents (2721.028753175694 docs/s, 0.0025949752361065807 MB/s).
Processed 523000 documents (2723.8778522242906 docs/s, 0.0025976923486941248 MB/s).
Processed 524000 documents (2726.8745559174313 docs/s, 0.002600550228040153 MB/s).
Processed 525000 documents (2729.8345715188702 docs/s, 0.002603373118895407 MB/s).
Processed 526000 documents (2732.9999235412974 docs/s, 0.0026063918338215804 MB/s).
Processed 527000 documents (2736.234001951049 docs/s, 0.0026094760913382043 MB/s).
Processed 528000 documents (2739.7319211374966 docs/s, 0.002612811967027184 MB/s).
Processed 529000 documents (2742.1570425367418 docs/s, 0.0026151247430198114 MB/s).
Processed 530000 documents (2744.928093522142 docs/s, 0.0026177674231740397 MB/s).
Processed 531000 documents (2746.094296177883 docs/s, 0.0026188796006945446 MB/s).
Processed 532000 documents (2748.6653434403484 docs/s, 0.0026213315424350246 MB/s).
Processed 533000 documents (2751.735214157134 docs/s, 0.002624259199292311 MB/s).
Processed 534000 documents (2754.862274766263 docs/s, 0.0026272413966810827 MB/s).
Processed 535000 documents (2757.656203239098 docs/s, 0.0026299058945075016 MB/s).
Processed 536000 documents (2760.588143910147 docs/s, 0.002632702011022708 MB/s).
Processed 537000 documents (2763.5293510778924 docs/s, 0.0026355069647578167 MB/s).
Processed 538000 documents (2766.006838378058 docs/s, 0.0026378696807652074 MB/s).
Processed 539000 documents (2769.080168595278 docs/s, 0.002640800636859205 MB/s).
Processed 540000 documents (2771.98492265815 docs/s, 0.002643570826204443 MB/s).
Processed 541000 documents (2774.467664765635 docs/s, 0.002645938553586612 MB/s).
Processed 542000 documents (2777.7265926111295 docs/s, 0.002649046509371881 MB/s).
Processed 543000 documents (2779.7025808027283 docs/s, 0.002650930958559731 MB/s).
Processed 544000 documents (2782.380322918717 docs/s, 0.0026534846524417085 MB/s).
Processed 545000 documents (2785.528416147389 docs/s, 0.0026564869080995457 MB/s).
Processed 546000 documents (2787.753571055087 docs/s, 0.0026586089811850423 MB/s).
Processed 547000 documents (2790.4820560175176 docs/s, 0.002661211067216413 MB/s).
Processed 548000 documents (2793.016925058864 docs/s, 0.0026636285067165987 MB/s).
Processed 549000 documents (2795.6273852810173 docs/s, 0.0026661180355844662 MB/s).
Opening /fsx/loubna/data/stack_march_no_pii_json/lua
Input is not a jsonl file, will try to load from HF datasets
Vocab size: 49152
Output prefix: /fsx/loubna/data/tokenized_stack_no_pii/code/lua/gpt2-preprocessed
Time to startup: 0.8465309143066406
END TIME: Wed Mar 29 01:09:54 UTC 2023
