START TIME: Wed Mar 29 01:06:14 UTC 2023
FULL_OUT_PATH is: /fsx/loubna/data/tokenized_stack_no_pii/code/makefile
/fsx/loubna/code/Megatron-LM/tools/preprocess_data.py --input /fsx/loubna/data/stack_march_no_pii_json/makefile --output-prefix /fsx/loubna/data/tokenized_stack_no_pii/code/makefile/gpt2-preprocessed --tokenizer-type TokenizerFromFile --tokenizer-file /fsx/loubna/data/tokenizer/tokenizer-the-stack-march-sample-v3-no-prefix-spaces/tokenizer.json --dataset-impl mmap --append-eod --json-keys content --workers 64 --chunk-size 100 --log-interval 1000
[H[2J[3J> building TokenizerFromFile tokenizer ...
 > padded vocab (size: 49152) with 0 dummy tokens (new size: 49152)
> building TokenizerFromFile tokenizer ...
> building TokenizerFromFile tokenizer ...
> building TokenizerFromFile tokenizer ...
> building TokenizerFromFile tokenizer ...
> building TokenizerFromFile tokenizer ...
> building TokenizerFromFile tokenizer ...
> building TokenizerFromFile tokenizer ...
> building TokenizerFromFile tokenizer ...
> building TokenizerFromFile tokenizer ...
> building TokenizerFromFile tokenizer ...
> building TokenizerFromFile tokenizer ...
> building TokenizerFromFile tokenizer ...
> building TokenizerFromFile tokenizer ...
> building TokenizerFromFile tokenizer ...
> building TokenizerFromFile tokenizer ...
> building TokenizerFromFile tokenizer ...
 > padded vocab (size: 49152) with 0 dummy tokens (new size: 49152)
> building TokenizerFromFile tokenizer ...
 > padded vocab (size: 49152) with 0 dummy tokens (new size: 49152)
> building TokenizerFromFile tokenizer ...
 > padded vocab (size: 49152) with 0 dummy tokens (new size: 49152)
 > padded vocab (size: 49152) with 0 dummy tokens (new size: 49152)
> building TokenizerFromFile tokenizer ...
 > padded vocab (size: 49152) with 0 dummy tokens (new size: 49152)
> building TokenizerFromFile tokenizer ...
 > padded vocab (size: 49152) with 0 dummy tokens (new size: 49152)
 > padded vocab (size: 49152) with 0 dummy tokens (new size: 49152)
> building TokenizerFromFile tokenizer ...
 > padded vocab (size: 49152) with 0 dummy tokens (new size: 49152)
> building TokenizerFromFile tokenizer ...
 > padded vocab (size: 49152) with 0 dummy tokens (new size: 49152)
> building TokenizerFromFile tokenizer ...
 > padded vocab (size: 49152) with 0 dummy tokens (new size: 49152)
 > padded vocab (size: 49152) with 0 dummy tokens (new size: 49152)
> building TokenizerFromFile tokenizer ...
 > padded vocab (size: 49152) with 0 dummy tokens (new size: 49152)
> building TokenizerFromFile tokenizer ...
> building TokenizerFromFile tokenizer ...
> building TokenizerFromFile tokenizer ...
> building TokenizerFromFile tokenizer ...
 > padded vocab (size: 49152) with 0 dummy tokens (new size: 49152)
> building TokenizerFromFile tokenizer ...
 > padded vocab (size: 49152) with 0 dummy tokens (new size: 49152)
> building TokenizerFromFile tokenizer ...
 > padded vocab (size: 49152) with 0 dummy tokens (new size: 49152)
 > padded vocab (size: 49152) with 0 dummy tokens (new size: 49152)
> building TokenizerFromFile tokenizer ...
> building TokenizerFromFile tokenizer ...
 > padded vocab (size: 49152) with 0 dummy tokens (new size: 49152)
> building TokenizerFromFile tokenizer ...
 > padded vocab (size: 49152) with 0 dummy tokens (new size: 49152)
 > padded vocab (size: 49152) with 0 dummy tokens (new size: 49152)
> building TokenizerFromFile tokenizer ...
 > padded vocab (size: 49152) with 0 dummy tokens (new size: 49152)
> building TokenizerFromFile tokenizer ...
 > padded vocab (size: 49152) with 0 dummy tokens (new size: 49152)
> building TokenizerFromFile tokenizer ...
 > padded vocab (size: 49152) with 0 dummy tokens (new size: 49152)
> building TokenizerFromFile tokenizer ...
 > padded vocab (size: 49152) with 0 dummy tokens (new size: 49152)
> building TokenizerFromFile tokenizer ...
 > padded vocab (size: 49152) with 0 dummy tokens (new size: 49152)
> building TokenizerFromFile tokenizer ...
 > padded vocab (size: 49152) with 0 dummy tokens (new size: 49152)
> building TokenizerFromFile tokenizer ...
 > padded vocab (size: 49152) with 0 dummy tokens (new size: 49152)
> building TokenizerFromFile tokenizer ...
 > padded vocab (size: 49152) with 0 dummy tokens (new size: 49152)
> building TokenizerFromFile tokenizer ...
 > padded vocab (size: 49152) with 0 dummy tokens (new size: 49152)
> building TokenizerFromFile tokenizer ...
 > padded vocab (size: 49152) with 0 dummy tokens (new size: 49152)
> building TokenizerFromFile tokenizer ...
 > padded vocab (size: 49152) with 0 dummy tokens (new size: 49152)
 > padded vocab (size: 49152) with 0 dummy tokens (new size: 49152)
 > padded vocab (size: 49152) with 0 dummy tokens (new size: 49152)
 > padded vocab (size: 49152) with 0 dummy tokens (new size: 49152)
> building TokenizerFromFile tokenizer ...
 > padded vocab (size: 49152) with 0 dummy tokens (new size: 49152)
> building TokenizerFromFile tokenizer ...
 > padded vocab (size: 49152) with 0 dummy tokens (new size: 49152)
> building TokenizerFromFile tokenizer ...
 > padded vocab (size: 49152) with 0 dummy tokens (new size: 49152)
> building TokenizerFromFile tokenizer ...
 > padded vocab (size: 49152) with 0 dummy tokens (new size: 49152)
> building TokenizerFromFile tokenizer ...
 > padded vocab (size: 49152) with 0 dummy tokens (new size: 49152)
> building TokenizerFromFile tokenizer ...
 > padded vocab (size: 49152) with 0 dummy tokens (new size: 49152)
> building TokenizerFromFile tokenizer ...
 > padded vocab (size: 49152) with 0 dummy tokens (new size: 49152)
> building TokenizerFromFile tokenizer ...
 > padded vocab (size: 49152) with 0 dummy tokens (new size: 49152)
> building TokenizerFromFile tokenizer ...
 > padded vocab (size: 49152) with 0 dummy tokens (new size: 49152)
 > padded vocab (size: 49152) with 0 dummy tokens (new size: 49152)
> building TokenizerFromFile tokenizer ...
 > padded vocab (size: 49152) with 0 dummy tokens (new size: 49152)
> building TokenizerFromFile tokenizer ...
> building TokenizerFromFile tokenizer ...
> building TokenizerFromFile tokenizer ...
> building TokenizerFromFile tokenizer ...
 > padded vocab (size: 49152) with 0 dummy tokens (new size: 49152)
> building TokenizerFromFile tokenizer ...
 > padded vocab (size: 49152) with 0 dummy tokens (new size: 49152)
> building TokenizerFromFile tokenizer ...
> building TokenizerFromFile tokenizer ...
 > padded vocab (size: 49152) with 0 dummy tokens (new size: 49152)
> building TokenizerFromFile tokenizer ...
 > padded vocab (size: 49152) with 0 dummy tokens (new size: 49152)
> building TokenizerFromFile tokenizer ...
 > padded vocab (size: 49152) with 0 dummy tokens (new size: 49152)
> building TokenizerFromFile tokenizer ...
 > padded vocab (size: 49152) with 0 dummy tokens (new size: 49152)
 > padded vocab (size: 49152) with 0 dummy tokens (new size: 49152)
 > padded vocab (size: 49152) with 0 dummy tokens (new size: 49152)
 > padded vocab (size: 49152) with 0 dummy tokens (new size: 49152)
 > padded vocab (size: 49152) with 0 dummy tokens (new size: 49152)
 > padded vocab (size: 49152) with 0 dummy tokens (new size: 49152)
 > padded vocab (size: 49152) with 0 dummy tokens (new size: 49152)
 > padded vocab (size: 49152) with 0 dummy tokens (new size: 49152)
 > padded vocab (size: 49152) with 0 dummy tokens (new size: 49152)
 > padded vocab (size: 49152) with 0 dummy tokens (new size: 49152)
 > padded vocab (size: 49152) with 0 dummy tokens (new size: 49152)
 > padded vocab (size: 49152) with 0 dummy tokens (new size: 49152)
 > padded vocab (size: 49152) with 0 dummy tokens (new size: 49152)
 > padded vocab (size: 49152) with 0 dummy tokens (new size: 49152)
 > padded vocab (size: 49152) with 0 dummy tokens (new size: 49152)
Processed 1000 documents (622.2947570199672 docs/s, 0.0005934665270042106 MB/s).
Processed 2000 documents (854.1198214338806 docs/s, 0.0008145521368349844 MB/s).
Processed 3000 documents (1000.6206706630807 docs/s, 0.0009542662340765769 MB/s).
Processed 4000 documents (1146.1596766992775 docs/s, 0.001093063046168592 MB/s).
Processed 5000 documents (1115.1257573412308 docs/s, 0.0010634667943394001 MB/s).
Processed 6000 documents (1199.2609382454928 docs/s, 0.0011437043554739883 MB/s).
Processed 7000 documents (1272.8291821696312 docs/s, 0.0012138645002075493 MB/s).
Processed 8000 documents (1344.4557021893863 docs/s, 0.0012821728727239478 MB/s).
Processed 9000 documents (1290.3187170021984 docs/s, 0.001230543820383261 MB/s).
Processed 10000 documents (1393.7453680183078 docs/s, 0.001329179161089237 MB/s).
Processed 11000 documents (1441.7510903128123 docs/s, 0.0013749609854820368 MB/s).
Processed 12000 documents (1491.6148974998057 docs/s, 0.0014225148177145059 MB/s).
Processed 13000 documents (1523.3161218146627 docs/s, 0.0014527474611422183 MB/s).
Processed 14000 documents (1554.808398767216 docs/s, 0.0014827808368370209 MB/s).
Processed 15000 documents (1489.2859078007336 docs/s, 0.0014202937200553261 MB/s).
Processed 16000 documents (1509.7931575357807 docs/s, 0.0014398509574277693 MB/s).
Processed 17000 documents (1538.869346452234 docs/s, 0.0014675801720163669 MB/s).
Processed 18000 documents (1555.832560268171 docs/s, 0.0014837575533563337 MB/s).
Processed 19000 documents (1570.9632688034485 docs/s, 0.0014981873214754567 MB/s).
Processed 20000 documents (1583.266755261272 docs/s, 0.001509920840512535 MB/s).
Processed 21000 documents (1488.335550478392 docs/s, 0.0014193873886856002 MB/s).
Processed 22000 documents (1515.1310670387873 docs/s, 0.0014449415846240876 MB/s).
Processed 23000 documents (1537.4891161782075 docs/s, 0.0014662638818533015 MB/s).
Processed 24000 documents (1553.7096729383074 docs/s, 0.0014817330102332186 MB/s).
Processed 25000 documents (1572.3370076668255 docs/s, 0.0014994974209469084 MB/s).
Processed 26000 documents (1587.9994595216976 docs/s, 0.0015144342990128495 MB/s).
Processed 27000 documents (1606.6528237836958 docs/s, 0.0015322235334240873 MB/s).
Processed 28000 documents (1618.5693417152552 docs/s, 0.00154358801051641 MB/s).
Processed 29000 documents (1540.7391959387605 docs/s, 0.0014693633994472127 MB/s).
Processed 30000 documents (1546.4949466390988 docs/s, 0.0014748525110617626 MB/s).
Processed 31000 documents (1556.1383241044625 docs/s, 0.0014840491524738908 MB/s).
Processed 32000 documents (1565.5357394344553 docs/s, 0.0014930112261147073 MB/s).
Processed 33000 documents (1582.5695212149758 docs/s, 0.0015092559063100584 MB/s).
Processed 34000 documents (1582.9441593082365 docs/s, 0.0015096131890375486 MB/s).
Processed 35000 documents (1606.1213876963957 docs/s, 0.0015317167164768178 MB/s).
Processed 36000 documents (1631.8409766785041 docs/s, 0.0015562448279175798 MB/s).
Processed 37000 documents (1658.6844748187145 docs/s, 0.0015818447826563974 MB/s).
Processed 38000 documents (1693.1522229861316 docs/s, 0.0016147157888280216 MB/s).
Processed 39000 documents (1718.77529718296 docs/s, 0.0016391518565969086 MB/s).
Processed 40000 documents (1545.1195769655762 docs/s, 0.00147354085632856 MB/s).
Processed 41000 documents (1556.6686378055556 docs/s, 0.0014845548990302616 MB/s).
Processed 42000 documents (1567.6990196174927 docs/s, 0.0014950742908644607 MB/s).
Processed 43000 documents (1578.400132933698 docs/s, 0.0015052796677910785 MB/s).
Processed 44000 documents (1586.952368016109 docs/s, 0.0015134357147370424 MB/s).
Processed 45000 documents (1592.980758384666 docs/s, 0.001519184835800806 MB/s).
Processed 46000 documents (1597.0427366364 docs/s, 0.0015230586401332854 MB/s).
Processed 47000 documents (1600.0062074293353 docs/s, 0.001525884826115928 MB/s).
Processed 48000 documents (1607.3231113687634 docs/s, 0.0015328627694785723 MB/s).
Processed 49000 documents (1623.8271096248393 docs/s, 0.0015486022087334054 MB/s).
Processed 50000 documents (1507.0280119458346 docs/s, 0.0014372139090975138 MB/s).
Processed 51000 documents (1519.6146468259892 docs/s, 0.0014492174595127003 MB/s).
Processed 52000 documents (1529.0349697582353 docs/s, 0.0014582013795454362 MB/s).
Processed 53000 documents (1537.3342121731487 docs/s, 0.0014661161538821685 MB/s).
Processed 54000 documents (1543.538483849617 docs/s, 0.001472033008432023 MB/s).
Processed 55000 documents (1550.5765031844403 docs/s, 0.0014787449867100146 MB/s).
Processed 56000 documents (1558.7054537802944 docs/s, 0.001486497358112616 MB/s).
Processed 57000 documents (1570.403724938005 docs/s, 0.0014976536988620807 MB/s).
Processed 58000 documents (1576.500044459222 docs/s, 0.0015034676022140712 MB/s).
Processed 59000 documents (1585.5044070119468 docs/s, 0.0015120548315162151 MB/s).
Processed 60000 documents (1595.8958087218934 docs/s, 0.0015219648444384512 MB/s).
Processed 61000 documents (1603.7521547639226 docs/s, 0.0015294572398795343 MB/s).
Processed 62000 documents (1607.732939864186 docs/s, 0.0015332536123887882 MB/s).
Processed 63000 documents (1492.4926658403242 docs/s, 0.001423351922836613 MB/s).
Processed 64000 documents (1504.001434865413 docs/s, 0.001434327540269292 MB/s).
Processed 65000 documents (1515.0529560182956 docs/s, 0.0014448670921500164 MB/s).
Processed 66000 documents (1521.0934880653526 docs/s, 0.0014506277924207236 MB/s).
Processed 67000 documents (1526.6128982752846 docs/s, 0.001455891512179646 MB/s).
Processed 68000 documents (1533.1386774506677 docs/s, 0.0014621149801737478 MB/s).
Processed 69000 documents (1542.6190750623546 docs/s, 0.0014711561918853326 MB/s).
Processed 70000 documents (1550.308765402793 docs/s, 0.001478489652064126 MB/s).
Processed 71000 documents (1556.8416517632243 docs/s, 0.00148471989799807 MB/s).
Processed 72000 documents (1562.7163710184275 docs/s, 0.0014903224668678546 MB/s).
Processed 73000 documents (1568.4193011243253 docs/s, 0.0014957612048381093 MB/s).
Processed 74000 documents (1572.388461388955 docs/s, 0.0014995464910401868 MB/s).
Processed 75000 documents (1577.0554111336635 docs/s, 0.001503997241147674 MB/s).
Processed 76000 documents (1579.451932979198 docs/s, 0.001506282742480467 MB/s).
Processed 77000 documents (1581.516172024372 docs/s, 0.0015082513542407723 MB/s).
Processed 78000 documents (1583.5086343348455 docs/s, 0.0015101515143726783 MB/s).
Processed 79000 documents (1477.3951178708214 docs/s, 0.0014089537790973868 MB/s).
Processed 80000 documents (1483.4101757674748 docs/s, 0.0014146901853251217 MB/s).
Processed 81000 documents (1487.3484791528774 docs/s, 0.001418446044113996 MB/s).
Processed 82000 documents (1492.3393479539661 docs/s, 0.0014232057075061475 MB/s).
Processed 83000 documents (1497.292267787576 docs/s, 0.0014279291799426804 MB/s).
Processed 84000 documents (1502.5698515160225 docs/s, 0.0014329622759971833 MB/s).
Processed 85000 documents (1509.2384189597371 docs/s, 0.0014393219174954769 MB/s).
Processed 86000 documents (1515.0563871370198 docs/s, 0.0014448703643198202 MB/s).
Processed 87000 documents (1521.81890115405 docs/s, 0.0014513196002521993 MB/s).
Processed 88000 documents (1533.187664366498 docs/s, 0.001462161697737215 MB/s).
Processed 89000 documents (1548.6829749599192 docs/s, 0.0014769391774748985 MB/s).
Processed 90000 documents (1564.3656163799662 docs/s, 0.0014918953098106062 MB/s).
Processed 91000 documents (1579.1999127422205 docs/s, 0.0015060423972532468 MB/s).
Processed 92000 documents (1595.0580362813275 docs/s, 0.0015211658823788905 MB/s).
Processed 93000 documents (1610.687714656186 docs/s, 0.0015360715052186833 MB/s).
Processed 94000 documents (1625.812050209488 docs/s, 0.0015504951955885773 MB/s).
Processed 95000 documents (1641.2932112040132 docs/s, 0.0015652591812172062 MB/s).
Processed 96000 documents (1656.035436451546 docs/s, 0.001579318462802454 MB/s).
Processed 97000 documents (1671.2291332548 docs/s, 0.001593808301214981 MB/s).
Processed 98000 documents (1686.4782147898463 docs/s, 0.0016083509586237396 MB/s).
Processed 99000 documents (1701.7612082647684 docs/s, 0.001622925956978577 MB/s).
Processed 100000 documents (1716.3546702713668 docs/s, 0.0016368433668817203 MB/s).
Processed 101000 documents (1730.98678496446 docs/s, 0.0016507976388592338 MB/s).
Processed 102000 documents (1745.264755955639 docs/s, 0.0016644141730839147 MB/s).
Processed 103000 documents (1759.6272820206475 docs/s, 0.0016781113453108287 MB/s).
Processed 104000 documents (1775.1172518334288 docs/s, 0.0016928837316831863 MB/s).
Processed 105000 documents (1789.8688572788571 docs/s, 0.00170695195892225 MB/s).
Processed 106000 documents (1804.5952488418964 docs/s, 0.0017209961403292621 MB/s).
Processed 107000 documents (1819.7932686624033 docs/s, 0.0017354901014923127 MB/s).
Processed 108000 documents (1835.1667026251196 docs/s, 0.0017501513506175228 MB/s).
Processed 109000 documents (1850.0685552093826 docs/s, 0.0017643628646940065 MB/s).
Processed 110000 documents (1865.3649631892051 docs/s, 0.001778950656117635 MB/s).
Processed 111000 documents (1880.1729221471571 docs/s, 0.0017930726262542316 MB/s).
Processed 112000 documents (1894.6185461358536 docs/s, 0.0018068490468367135 MB/s).
Processed 113000 documents (1910.1344236213274 docs/s, 0.0018216461406911158 MB/s).
Processed 114000 documents (1924.5244757700527 docs/s, 0.0018353695638371017 MB/s).
Processed 115000 documents (1938.0497287180167 docs/s, 0.0018482682501964728 MB/s).
Processed 116000 documents (1952.0807700298249 docs/s, 0.0018616492939279793 MB/s).
Processed 117000 documents (1966.8222074668322 docs/s, 0.0018757078241985628 MB/s).
Processed 118000 documents (1980.8658177466336 docs/s, 0.0018891008546320282 MB/s).
Processed 119000 documents (1995.303318242272 docs/s, 0.0019028695280478211 MB/s).
Processed 120000 documents (2010.3133566905217 docs/s, 0.001917184216204187 MB/s).
Processed 121000 documents (2024.0432645508918 docs/s, 0.0019302780766972463 MB/s).
Processed 122000 documents (2038.7959934873606 docs/s, 0.00194434737538086 MB/s).
Processed 123000 documents (2052.597280444254 docs/s, 0.0019575093082850018 MB/s).
Processed 124000 documents (2067.017912681969 docs/s, 0.0019712618948764505 MB/s).
Processed 125000 documents (2081.1294344314188 docs/s, 0.001984719690734309 MB/s).
Processed 126000 documents (2095.8429464758356 docs/s, 0.0019987515892752033 MB/s).
Processed 127000 documents (2108.2524721790373 docs/s, 0.00201058623521713 MB/s).
Processed 128000 documents (2122.911230728599 docs/s, 0.0020245659167562476 MB/s).
Processed 129000 documents (2136.9350042314113 docs/s, 0.002037940029364978 MB/s).
Processed 130000 documents (2150.179079679245 docs/s, 0.002050570563964124 MB/s).
Processed 131000 documents (2164.448913436481 docs/s, 0.0020641793379177864 MB/s).
Processed 132000 documents (2178.7501546557764 docs/s, 0.002077818064361359 MB/s).
Processed 133000 documents (2192.4231892184 docs/s, 0.002090857686251068 MB/s).
Processed 134000 documents (2206.5560716993236 docs/s, 0.002104335853289913 MB/s).
Processed 135000 documents (2220.770420526578 docs/s, 0.0021178917126909048 MB/s).
Processed 136000 documents (2235.046864703186 docs/s, 0.0021315067908317434 MB/s).
Processed 137000 documents (2248.1549034529517 docs/s, 0.0021440075907258526 MB/s).
Processed 138000 documents (2262.3356241040015 docs/s, 0.0021575313797988905 MB/s).
Processed 139000 documents (2276.2422801877524 docs/s, 0.0021707938005330585 MB/s).
Processed 140000 documents (2289.085874421008 docs/s, 0.002183042406483658 MB/s).
Processed 141000 documents (2302.559494944874 docs/s, 0.002195891852326273 MB/s).
Processed 142000 documents (2315.96477609538 docs/s, 0.0022086761246637152 MB/s).
Processed 143000 documents (2330.223840165928 docs/s, 0.002222274627843788 MB/s).
Processed 144000 documents (2344.1738899040265 docs/s, 0.0022355784319916024 MB/s).
Processed 145000 documents (2357.400248832224 docs/s, 0.002248192070800995 MB/s).
Processed 146000 documents (2370.8571826042917 docs/s, 0.0022610256029169957 MB/s).
Processed 147000 documents (2384.0728296273724 docs/s, 0.0022736290260575985 MB/s).
Processed 148000 documents (2397.237742818187 docs/s, 0.0022861840656453964 MB/s).
Processed 149000 documents (2410.6853480719233 docs/s, 0.0022990087013930543 MB/s).
Processed 150000 documents (2424.1627374039745 docs/s, 0.002311861741451239 MB/s).
Processed 151000 documents (2437.87110115849 docs/s, 0.002324935055883875 MB/s).
Processed 152000 documents (2451.2921528736015 docs/s, 0.0023377343682037368 MB/s).
Processed 153000 documents (2464.991055537599 docs/s, 0.0023507986598373404 MB/s).
Processed 154000 documents (2478.193467759575 docs/s, 0.002363389461288047 MB/s).
Processed 155000 documents (2489.2933339253464 docs/s, 0.0023739751185658897 MB/s).
Processed 156000 documents (2502.579572140412 docs/s, 0.002386645862713253 MB/s).
Processed 157000 documents (2514.7577878545258 docs/s, 0.0023982599142594583 MB/s).
Processed 158000 documents (2527.6092553517415 docs/s, 0.0024105160287396826 MB/s).
Processed 159000 documents (2540.248195745685 docs/s, 0.002422569461579976 MB/s).
Processed 160000 documents (2553.7482247562825 docs/s, 0.0024354440925181222 MB/s).
Processed 161000 documents (2566.586672504934 docs/s, 0.002447687790398535 MB/s).
Processed 162000 documents (2579.670741669238 docs/s, 0.0024601657311146144 MB/s).
Processed 163000 documents (2591.6194925476734 docs/s, 0.002471560947940515 MB/s).
Processed 164000 documents (2604.72774319401 docs/s, 0.002484061949914942 MB/s).
Processed 165000 documents (2617.945320657789 docs/s, 0.002496667214067258 MB/s).
Processed 166000 documents (2630.442521164518 docs/s, 0.0025085854732175045 MB/s).
Processed 167000 documents (2643.160737205901 docs/s, 0.0025207145092066775 MB/s).
Processed 168000 documents (2656.2546442033586 docs/s, 0.002533201832011565 MB/s).
Processed 169000 documents (2668.5666903727906 docs/s, 0.00254494351422576 MB/s).
Processed 170000 documents (2678.019281317813 docs/s, 0.002553958207433522 MB/s).
Processed 171000 documents (2691.379984698791 docs/s, 0.002566699967097083 MB/s).
Processed 172000 documents (2703.7074818585447 docs/s, 0.002578456384523911 MB/s).
Processed 173000 documents (2716.8172458053723 docs/s, 0.0025909588296941493 MB/s).
Processed 174000 documents (2729.840168497237 docs/s, 0.0026033784565899247 MB/s).
Processed 175000 documents (2742.7554531597984 docs/s, 0.002615695431861685 MB/s).
Processed 176000 documents (2755.906336603842 docs/s, 0.002628237091640322 MB/s).
Processed 177000 documents (2769.1233210563905 docs/s, 0.002640841790253058 MB/s).
Processed 178000 documents (2781.9383455250777 docs/s, 0.0026530631499529626 MB/s).
Processed 179000 documents (2794.754244945247 docs/s, 0.002665285344071624 MB/s).
Processed 180000 documents (2807.1162355475894 docs/s, 0.002677074657008733 MB/s).
Processed 181000 documents (2818.9324928759547 docs/s, 0.0026883435181388423 MB/s).
Processed 182000 documents (2830.9265420190204 docs/s, 0.0026997819347562985 MB/s).
Processed 183000 documents (2843.9787538169535 docs/s, 0.002712229493920282 MB/s).
Processed 184000 documents (2856.174507898003 docs/s, 0.0027238602713565855 MB/s).
Processed 185000 documents (2866.6764199528593 docs/s, 0.002733875675156459 MB/s).
Processed 186000 documents (2878.5708035438784 docs/s, 0.002745219043296698 MB/s).
Processed 187000 documents (2890.6197685165694 docs/s, 0.002756709831730432 MB/s).
Processed 188000 documents (2901.820590867509 docs/s, 0.002767391768329152 MB/s).
Processed 189000 documents (2914.1221625549233 docs/s, 0.0027791234612988694 MB/s).
Processed 190000 documents (2925.139157118041 docs/s, 0.002789630086057702 MB/s).
Processed 191000 documents (2937.7015585047657 docs/s, 0.0028016105256126076 MB/s).
Processed 192000 documents (2950.3958337061904 docs/s, 0.002813716729837599 MB/s).
Processed 193000 documents (2961.981659585786 docs/s, 0.0028247658344133244 MB/s).
Processed 194000 documents (2974.2927697095247 docs/s, 0.002836506623944783 MB/s).
Processed 195000 documents (2986.273851751062 docs/s, 0.0028479326741705532 MB/s).
Processed 196000 documents (2997.9859885756255 docs/s, 0.0028591022382503752 MB/s).
Processed 197000 documents (3010.0987014936236 docs/s, 0.0028706538214622723 MB/s).
Processed 198000 documents (3020.929115695223 docs/s, 0.0028809825093223792 MB/s).
Processed 199000 documents (3030.9893241598243 docs/s, 0.002890576671752762 MB/s).
Processed 200000 documents (3042.559312884665 docs/s, 0.0029016106728407525 MB/s).
Processed 201000 documents (3054.9877617688403 docs/s, 0.0029134633653343585 MB/s).
Processed 202000 documents (3066.0351735945637 docs/s, 0.0029239989982553136 MB/s).
Processed 203000 documents (3078.464487380211 docs/s, 0.0029358525155832394 MB/s).
Processed 204000 documents (3090.5411497583077 docs/s, 0.00294736971832114 MB/s).
Processed 205000 documents (3102.1660003971115 docs/s, 0.002958456039807426 MB/s).
Processed 206000 documents (3113.4958889895915 docs/s, 0.0029692610635658184 MB/s).
Processed 207000 documents (3125.804045734847 docs/s, 0.002980999036536071 MB/s).
Processed 208000 documents (3138.114786428993 docs/s, 0.002992739473752015 MB/s).
Processed 209000 documents (3149.3659999294973 docs/s, 0.0030034694670958493 MB/s).
Processed 210000 documents (3161.178088559006 docs/s, 0.003014734352644926 MB/s).
Processed 211000 documents (3171.823925799722 docs/s, 0.003024887014198038 MB/s).
Processed 212000 documents (3183.551345559167 docs/s, 0.003036071153220336 MB/s).
Processed 213000 documents (3195.3692082832836 docs/s, 0.0030473415453751407 MB/s).
Processed 214000 documents (3207.379793517495 docs/s, 0.003058795732038016 MB/s).
Processed 215000 documents (3218.7427349433456 docs/s, 0.0030696322774346786 MB/s).
Processed 216000 documents (3230.340649116116 docs/s, 0.0030806929103051337 MB/s).
Processed 217000 documents (3242.7576640678817 docs/s, 0.003092534698551065 MB/s).
Processed 218000 documents (3254.12041106043 docs/s, 0.0031033710585216807 MB/s).
Processed 219000 documents (3265.410030349511 docs/s, 0.003114137678479682 MB/s).
Processed 220000 documents (3276.984190716515 docs/s, 0.003125175657955661 MB/s).
Processed 221000 documents (3288.9985944191826 docs/s, 0.003136633486193831 MB/s).
Processed 222000 documents (3300.8810634295373 docs/s, 0.0031479654917044996 MB/s).
Processed 223000 documents (3311.693794392252 docs/s, 0.0031582773155138513 MB/s).
Processed 224000 documents (3323.6592366433642 docs/s, 0.003169688450473179 MB/s).
Processed 225000 documents (3335.41643470388 docs/s, 0.0031809009882963943 MB/s).
Processed 226000 documents (3346.5475908099943 docs/s, 0.003191516485986704 MB/s).
Processed 227000 documents (3357.333813763643 docs/s, 0.0032018030297886304 MB/s).
Processed 228000 documents (3368.8833304954032 docs/s, 0.0032128175072626145 MB/s).
Processed 229000 documents (3380.001053734654 docs/s, 0.0032234201943728007 MB/s).
Processed 230000 documents (3391.5955559740687 docs/s, 0.0032344775733700454 MB/s).
Processed 231000 documents (3403.4186975388266 docs/s, 0.00324575299981959 MB/s).
Processed 232000 documents (3415.178774989089 docs/s, 0.003256968283642854 MB/s).
Processed 233000 documents (3424.965123559989 docs/s, 0.00326630127292632 MB/s).
Processed 234000 documents (3436.2479629702143 docs/s, 0.003277061427087988 MB/s).
Processed 235000 documents (3445.8594913707525 docs/s, 0.0032862276948649907 MB/s).
Processed 236000 documents (3455.63569035377 docs/s, 0.0032955510047471713 MB/s).
Processed 237000 documents (3467.0013077575036 docs/s, 0.003306390102155212 MB/s).
Processed 238000 documents (3477.247946228906 docs/s, 0.003316162058094889 MB/s).
Processed 239000 documents (3488.8274314196115 docs/s, 0.003327205115718471 MB/s).
Processed 240000 documents (3500.364728774482 docs/s, 0.003338207939886553 MB/s).
Processed 241000 documents (3511.1298685883935 docs/s, 0.0033484743772396026 MB/s).
Processed 242000 documents (3522.328504635884 docs/s, 0.0033591542288168756 MB/s).
Processed 243000 documents (3533.713747827872 docs/s, 0.0033700120428351134 MB/s).
Processed 244000 documents (3544.801817691457 docs/s, 0.0033805864502825327 MB/s).
Processed 245000 documents (3555.699142368483 docs/s, 0.0033909789489445525 MB/s).
Processed 246000 documents (3567.125732918928 docs/s, 0.003401876194876602 MB/s).
Processed 247000 documents (3578.594785399237 docs/s, 0.0034128139356605883 MB/s).
Processed 248000 documents (3590.169067431789 docs/s, 0.0034238520311658752 MB/s).
Processed 249000 documents (3601.693774807385 docs/s, 0.003434842848594079 MB/s).
Processed 250000 documents (3611.3221667153275 docs/s, 0.0034440251986649776 MB/s).
Processed 251000 documents (3621.9241915938546 docs/s, 0.003454136077493529 MB/s).
Processed 252000 documents (3632.3754089256904 docs/s, 0.0034641031350380806 MB/s).
Processed 253000 documents (3641.683720446684 docs/s, 0.003472980232664761 MB/s).
Processed 254000 documents (3649.946658726742 docs/s, 0.003480860384680502 MB/s).
Processed 255000 documents (3660.6829703332746 docs/s, 0.0034910993293125864 MB/s).
Processed 256000 documents (3670.86083930162 docs/s, 0.003500805701543446 MB/s).
Processed 257000 documents (3681.3007714711657 docs/s, 0.0035107619967185647 MB/s).
Processed 258000 documents (3692.2237635265733 docs/s, 0.0035211789737001164 MB/s).
Processed 259000 documents (3701.5091400490505 docs/s, 0.0035300341988077646 MB/s).
Processed 260000 documents (3713.2147296846283 docs/s, 0.0035411975190016063 MB/s).
Processed 261000 documents (3722.021953528251 docs/s, 0.00354959674218011 MB/s).
Processed 262000 documents (3730.4034434646405 docs/s, 0.003557589953865662 MB/s).
Processed 263000 documents (3741.3219764667297 docs/s, 0.0035680026783625886 MB/s).
Processed 264000 documents (3751.5913519648657 docs/s, 0.0035777963180206925 MB/s).
Processed 265000 documents (3761.5878152028804 docs/s, 0.0035873296882656864 MB/s).
Processed 266000 documents (3772.183556637773 docs/s, 0.003597434574735425 MB/s).
Processed 267000 documents (3781.6367811962136 docs/s, 0.0036064498722040306 MB/s).
Processed 268000 documents (3792.3314805215086 docs/s, 0.0036166491322722517 MB/s).
Processed 269000 documents (3802.910552392629 docs/s, 0.003626738121407155 MB/s).
Processed 270000 documents (3812.4140471730616 docs/s, 0.0036358013602953545 MB/s).
Processed 271000 documents (3822.0927292963497 docs/s, 0.0036450316708529946 MB/s).
Processed 272000 documents (3833.4394432270683 docs/s, 0.00365585274050433 MB/s).
Processed 273000 documents (3842.978961845964 docs/s, 0.00366495033440205 MB/s).
Processed 274000 documents (3852.5616989857112 docs/s, 0.0036740891446930993 MB/s).
Processed 275000 documents (3862.969117834712 docs/s, 0.0036840144327494736 MB/s).
Processed 276000 documents (3872.659791973599 docs/s, 0.0036932561797843925 MB/s).
Processed 277000 documents (3882.0280442863905 docs/s, 0.003702190441404715 MB/s).
Processed 278000 documents (3891.8986713603235 docs/s, 0.003711603804931949 MB/s).
Processed 279000 documents (3901.2620959635265 docs/s, 0.00372053346248963 MB/s).
Processed 280000 documents (3912.2249130162522 docs/s, 0.003730988419548275 MB/s).
Processed 281000 documents (3920.086134705108 docs/s, 0.003738485464768513 MB/s).
Processed 282000 documents (3929.46160422908 docs/s, 0.0037474266092577743 MB/s).
Processed 283000 documents (3938.240689721829 docs/s, 0.0037557989976137436 MB/s).
Processed 284000 documents (3948.361598717042 docs/s, 0.0037654510485811634 MB/s).
Processed 285000 documents (3958.56416992026 docs/s, 0.0037751809786989786 MB/s).
Processed 286000 documents (3968.1449219093265 docs/s, 0.0037843178958028093 MB/s).
Processed 287000 documents (3978.3710233343186 docs/s, 0.0037940702660887895 MB/s).
Processed 288000 documents (3988.888223171345 docs/s, 0.0038041002494538737 MB/s).
Processed 289000 documents (3999.0146517307603 docs/s, 0.0038137575642879108 MB/s).
Processed 290000 documents (4008.792588867504 docs/s, 0.003823082531802658 MB/s).
Processed 291000 documents (4017.702596418356 docs/s, 0.0038315797771628912 MB/s).
Processed 292000 documents (4028.0466768941624 docs/s, 0.0038414446610395073 MB/s).
Processed 293000 documents (4038.693418272685 docs/s, 0.003851598184845624 MB/s).
Processed 294000 documents (4048.8569795806366 docs/s, 0.0038612909122282377 MB/s).
Processed 295000 documents (4056.8156303836463 docs/s, 0.003868880873092314 MB/s).
Processed 296000 documents (4067.1129566623545 docs/s, 0.003878701168691973 MB/s).
Processed 297000 documents (4075.8120870676794 docs/s, 0.0038869973059346002 MB/s).
Processed 298000 documents (4085.182216545461 docs/s, 0.0038959333577589616 MB/s).
Processed 299000 documents (4095.4357165449346 docs/s, 0.003905711857361731 MB/s).
Processed 300000 documents (4105.494798669098 docs/s, 0.003915304945630167 MB/s).
Processed 301000 documents (4114.349933426283 docs/s, 0.003923749860216411 MB/s).
Processed 302000 documents (4124.658969407815 docs/s, 0.003933581323058905 MB/s).
Processed 303000 documents (4134.363600817186 docs/s, 0.003942836380784212 MB/s).
Processed 304000 documents (4142.73237834364 docs/s, 0.0039508174689709095 MB/s).
Processed 305000 documents (4151.715700345852 docs/s, 0.003959384632440426 MB/s).
Processed 306000 documents (4161.002032147769 docs/s, 0.00396824076857354 MB/s).
Processed 307000 documents (4168.4990492067 docs/s, 0.003975390481192303 MB/s).
Processed 308000 documents (4178.412642046982 docs/s, 0.0039848448200673885 MB/s).
Processed 309000 documents (4187.829520691087 docs/s, 0.003993825455370986 MB/s).
Processed 310000 documents (4196.774383858122 docs/s, 0.004002355941637155 MB/s).
Processed 311000 documents (4206.452220487197 docs/s, 0.00401158544586868 MB/s).
Processed 312000 documents (4215.326305156961 docs/s, 0.0040200484324998485 MB/s).
Processed 313000 documents (4225.312719586743 docs/s, 0.00402957221945452 MB/s).
Processed 314000 documents (4235.191087763931 docs/s, 0.004038992965473109 MB/s).
Processed 315000 documents (4244.439630830839 docs/s, 0.004047813063460196 MB/s).
Processed 316000 documents (4254.0293196712 docs/s, 0.0040569585034095764 MB/s).
Processed 317000 documents (4261.809052202186 docs/s, 0.004064377834512888 MB/s).
Processed 318000 documents (4271.661000102335 docs/s, 0.004073773384191832 MB/s).
Processed 319000 documents (4279.930544480179 docs/s, 0.004081659836273364 MB/s).
Processed 320000 documents (4289.930519464597 docs/s, 0.004091196555580708 MB/s).
Processed 321000 documents (4299.308667496281 docs/s, 0.004100140254493981 MB/s).
Processed 322000 documents (4308.84516112012 docs/s, 0.0041092349635316085 MB/s).
Processed 323000 documents (4318.267681437541 docs/s, 0.004118220979154149 MB/s).
Processed 324000 documents (4327.706115362095 docs/s, 0.004127222171175094 MB/s).
Processed 325000 documents (4336.5856678133705 docs/s, 0.004135690372289057 MB/s).
Processed 326000 documents (4343.956071595352 docs/s, 0.004142719337077477 MB/s).
Processed 327000 documents (4352.96749537872 docs/s, 0.004151313300493927 MB/s).
Processed 328000 documents (4362.024562568967 docs/s, 0.004159950792855231 MB/s).
Processed 329000 documents (4372.091485647174 docs/s, 0.004169551358840154 MB/s).
Processed 330000 documents (4381.33581761335 docs/s, 0.00417836744080863 MB/s).
Processed 331000 documents (4389.642410936957 docs/s, 0.004186289225518186 MB/s).
Processed 332000 documents (4399.883938599184 docs/s, 0.004196056307410416 MB/s).
Processed 333000 documents (4408.186759332364 docs/s, 0.004203974494297375 MB/s).
Processed 334000 documents (4417.010084891401 docs/s, 0.004212389073268319 MB/s).
Processed 335000 documents (4426.748939711702 docs/s, 0.00422167676898165 MB/s).
Processed 336000 documents (4434.925349351989 docs/s, 0.004229474400856008 MB/s).
Processed 337000 documents (4443.023408890053 docs/s, 0.004237197312250188 MB/s).
Processed 338000 documents (4452.346722627687 docs/s, 0.004246088717105567 MB/s).
Processed 339000 documents (4461.619399378906 docs/s, 0.0042549318307675416 MB/s).
Processed 340000 documents (4470.639864630525 docs/s, 0.004263534416800046 MB/s).
Processed 341000 documents (4479.799170763156 docs/s, 0.004272269411814839 MB/s).
Processed 342000 documents (4488.7467138152415 docs/s, 0.0042808024538185515 MB/s).
Processed 343000 documents (4497.335417596502 docs/s, 0.004288993280025961 MB/s).
Processed 344000 documents (4505.664852328801 docs/s, 0.004296936848000337 MB/s).
Processed 345000 documents (4514.955808150479 docs/s, 0.004305797393942336 MB/s).
Processed 346000 documents (4523.25418304703 docs/s, 0.004313711340949087 MB/s).
Processed 347000 documents (4530.849987780382 docs/s, 0.004320955264835722 MB/s).
Processed 348000 documents (4540.060076741756 docs/s, 0.004329738690130001 MB/s).
Processed 349000 documents (4547.634014471714 docs/s, 0.0043369617600171224 MB/s).
Processed 350000 documents (4555.442368546131 docs/s, 0.0043444083867512995 MB/s).
Processed 351000 documents (4565.1429855465785 docs/s, 0.0043536596160379205 MB/s).
Processed 352000 documents (4571.41176983669 docs/s, 0.004359637994610491 MB/s).
Processed 353000 documents (4580.554141348153 docs/s, 0.0043683568395120175 MB/s).
Processed 354000 documents (4589.4847333763855 docs/s, 0.004376873715759645 MB/s).
Processed 355000 documents (4598.601118768223 docs/s, 0.004385567778366302 MB/s).
Processed 356000 documents (4605.524859179186 docs/s, 0.004392170771769701 MB/s).
Processed 357000 documents (4614.118925420095 docs/s, 0.00440036671201715 MB/s).
Processed 358000 documents (4621.5889388604555 docs/s, 0.004407490671978431 MB/s).
Processed 359000 documents (4629.6494635392955 docs/s, 0.0044151777873414 MB/s).
Processed 360000 documents (4638.595677670802 docs/s, 0.004423709561987688 MB/s).
Processed 361000 documents (4646.257871755812 docs/s, 0.004431016799693882 MB/s).
Processed 362000 documents (4654.665572023524 docs/s, 0.004439035007499241 MB/s).
Processed 363000 documents (4663.438871844105 docs/s, 0.004447401878208261 MB/s).
Processed 364000 documents (4672.410953939117 docs/s, 0.0044559583224669614 MB/s).
Processed 365000 documents (4680.814667684901 docs/s, 0.004463972728428746 MB/s).
Processed 366000 documents (4690.470189860499 docs/s, 0.004473180951939105 MB/s).
Processed 367000 documents (4697.958870265142 docs/s, 0.004480322714104788 MB/s).
Processed 368000 documents (4706.87115377967 docs/s, 0.004488822129993124 MB/s).
Processed 369000 documents (4714.880181827587 docs/s, 0.0044964601343418 MB/s).
Processed 370000 documents (4723.0352336909755 docs/s, 0.004504237397852874 MB/s).
Processed 371000 documents (4730.35791263197 docs/s, 0.00451122084868619 MB/s).
Processed 372000 documents (4739.928842243052 docs/s, 0.00452034839844041 MB/s).
Processed 373000 documents (4748.884081197561 docs/s, 0.004528888779828606 MB/s).
Processed 374000 documents (4757.089199065197 docs/s, 0.004536713790002057 MB/s).
Processed 375000 documents (4766.250833556169 docs/s, 0.0045454510055123985 MB/s).
Processed 376000 documents (4774.837694294989 docs/s, 0.0045536400740575685 MB/s).
Processed 377000 documents (4783.370189700752 docs/s, 0.004561777295780899 MB/s).
Processed 378000 documents (4791.980337418639 docs/s, 0.004569988572519911 MB/s).
Processed 379000 documents (4800.027717206863 docs/s, 0.0045776631519383075 MB/s).
Processed 380000 documents (4806.465690392245 docs/s, 0.004583802881614919 MB/s).
Processed 381000 documents (4814.179901653623 docs/s, 0.004591159726766227 MB/s).
Processed 382000 documents (4823.1053066679815 docs/s, 0.004599671656291944 MB/s).
Processed 383000 documents (4831.449221589647 docs/s, 0.004607629033651015 MB/s).
Processed 384000 documents (4839.6302983184805 docs/s, 0.004615431116407853 MB/s).
Processed 385000 documents (4847.848340319127 docs/s, 0.004623268451995017 MB/s).
Processed 386000 documents (4855.003488972341 docs/s, 0.004630092133495656 MB/s).
Processed 387000 documents (4862.678973623281 docs/s, 0.004637412046073228 MB/s).
Processed 388000 documents (4871.982895420428 docs/s, 0.004646284957333019 MB/s).
Processed 389000 documents (4877.894112310046 docs/s, 0.004651922333059355 MB/s).
Processed 390000 documents (4886.740478048083 docs/s, 0.004660358884857257 MB/s).
Processed 391000 documents (4895.696326634084 docs/s, 0.004668899847635349 MB/s).
Processed 392000 documents (4904.432027032867 docs/s, 0.004677230860741489 MB/s).
Processed 393000 documents (4912.458319160835 docs/s, 0.0046848853293999055 MB/s).
Processed 394000 documents (4921.3043759163575 docs/s, 0.004693321586529119 MB/s).
Processed 395000 documents (4929.45591142303 docs/s, 0.004701095496581106 MB/s).
Processed 396000 documents (4937.437668707505 docs/s, 0.004708707493503098 MB/s).
Processed 397000 documents (4945.493625289216 docs/s, 0.00471639025238916 MB/s).
Processed 398000 documents (4952.358490458286 docs/s, 0.004722937097986494 MB/s).
Processed 399000 documents (4959.678283557168 docs/s, 0.004729917796666305 MB/s).
Processed 400000 documents (4968.357519671616 docs/s, 0.00473819496123468 MB/s).
Processed 401000 documents (4976.325262490983 docs/s, 0.004745793592921241 MB/s).
Processed 402000 documents (4984.7529537128385 docs/s, 0.004753830865586127 MB/s).
Processed 403000 documents (4993.634888832317 docs/s, 0.00476230133898956 MB/s).
Processed 404000 documents (5002.335854832177 docs/s, 0.00477059922679155 MB/s).
Processed 405000 documents (5010.958902654848 docs/s, 0.004778822806029175 MB/s).
Processed 406000 documents (5019.0525395965615 docs/s, 0.004786541499706804 MB/s).
Processed 407000 documents (5027.473986026188 docs/s, 0.00479457281687373 MB/s).
Processed 408000 documents (5035.325724844599 docs/s, 0.004802060818523978 MB/s).
Processed 409000 documents (5044.1301865144005 docs/s, 0.004810457407488251 MB/s).
Processed 410000 documents (5050.268279984454 docs/s, 0.004816311149582342 MB/s).
Processed 411000 documents (5058.326763425939 docs/s, 0.004823996318269672 MB/s).
Processed 412000 documents (5066.317082014418 docs/s, 0.004831616479887407 MB/s).
Processed 413000 documents (5074.529727088286 docs/s, 0.004839448668564115 MB/s).
Processed 414000 documents (5082.291704746106 docs/s, 0.004846851067300898 MB/s).
Processed 415000 documents (5089.938821440348 docs/s, 0.004854143926086758 MB/s).
Processed 416000 documents (5098.273552459137 docs/s, 0.004862092544993531 MB/s).
Processed 417000 documents (5104.428989025653 docs/s, 0.004867962826753286 MB/s).
Processed 418000 documents (5112.396639957892 docs/s, 0.004875561370809452 MB/s).
Processed 419000 documents (5118.230057173986 docs/s, 0.004881124550985323 MB/s).
Processed 420000 documents (5125.899170045586 docs/s, 0.004888438386960589 MB/s).
Processed 421000 documents (5129.181265280106 docs/s, 0.00489156843688975 MB/s).
Processed 422000 documents (5137.805515819078 docs/s, 0.00489979316312702 MB/s).
Processed 423000 documents (5144.749677110295 docs/s, 0.004906415631399436 MB/s).
Processed 424000 documents (5151.474839595328 docs/s, 0.004912829246135071 MB/s).
Processed 425000 documents (5159.237993595182 docs/s, 0.004920232766719038 MB/s).
Processed 426000 documents (5167.312078856411 docs/s, 0.004927932814461146 MB/s).
Processed 427000 documents (5175.332233332479 docs/s, 0.004935581429798583 MB/s).
Processed 428000 documents (5183.77391042718 docs/s, 0.004943632040431195 MB/s).
Processed 429000 documents (5189.752344955141 docs/s, 0.004949333519892827 MB/s).
Processed 430000 documents (5198.073318199003 docs/s, 0.0049572690183630015 MB/s).
Processed 431000 documents (5204.022703494228 docs/s, 0.004962942794317463 MB/s).
Processed 432000 documents (5211.647273473976 docs/s, 0.004970214150880791 MB/s).
Processed 433000 documents (5219.666977675764 docs/s, 0.004977862336803212 MB/s).
Processed 434000 documents (5228.201478012249 docs/s, 0.0049860014705774775 MB/s).
Processed 435000 documents (5236.966667048898 docs/s, 0.004994360606240175 MB/s).
Processed 436000 documents (5243.725054555739 docs/s, 0.00500080590682577 MB/s).
Processed 437000 documents (5251.526572406739 docs/s, 0.005008246014029254 MB/s).
Processed 438000 documents (5259.474392203176 docs/s, 0.005015825645640541 MB/s).
Processed 439000 documents (5267.33186339459 docs/s, 0.005023319114107695 MB/s).
Processed 440000 documents (5274.405631921631 docs/s, 0.005030065185472136 MB/s).
Processed 441000 documents (5282.363797802763 docs/s, 0.005037654683878672 MB/s).
Processed 442000 documents (5289.693548552036 docs/s, 0.005044644878913914 MB/s).
Processed 443000 documents (5297.957349336815 docs/s, 0.0050525258534782555 MB/s).
Processed 444000 documents (5304.503093419763 docs/s, 0.005058768361491931 MB/s).
Processed 445000 documents (5310.59919460114 docs/s, 0.005064582056618824 MB/s).
Processed 446000 documents (5318.124667336397 docs/s, 0.005071758906685254 MB/s).
Processed 447000 documents (5325.349621110334 docs/s, 0.00507864915953668 MB/s).
Processed 448000 documents (5332.653662100586 docs/s, 0.005085614835835062 MB/s).
Processed 449000 documents (5341.006284874276 docs/s, 0.0050935805176489605 MB/s).
Processed 450000 documents (5349.817456557312 docs/s, 0.005101983505780517 MB/s).
Processed 451000 documents (5356.986848773887 docs/s, 0.005108820771001708 MB/s).
Processed 452000 documents (5364.804165454546 docs/s, 0.005116275945143267 MB/s).
Processed 453000 documents (5372.517255109314 docs/s, 0.005123631720647157 MB/s).
Processed 454000 documents (5379.271229483561 docs/s, 0.005130072812541543 MB/s).
Processed 455000 documents (5386.4792452526635 docs/s, 0.005136946912052787 MB/s).
Processed 456000 documents (5394.245546555231 docs/s, 0.0051443534341385185 MB/s).
Processed 457000 documents (5402.151289574887 docs/s, 0.005151892938208473 MB/s).
Processed 458000 documents (5408.946801506779 docs/s, 0.00515837364340475 MB/s).
Processed 459000 documents (5416.358636151212 docs/s, 0.005165442119742595 MB/s).
Processed 460000 documents (5417.949419282787 docs/s, 0.005166959208758151 MB/s).
Processed 461000 documents (5425.233620302456 docs/s, 0.00517390596418615 MB/s).
Processed 462000 documents (5433.065242609547 docs/s, 0.005181374781236216 MB/s).
Processed 463000 documents (5437.188439206923 docs/s, 0.005185306967932628 MB/s).
Processed 464000 documents (5444.551344746013 docs/s, 0.005192328781839383 MB/s).
Processed 465000 documents (5450.528932613409 docs/s, 0.00519802945386258 MB/s).
Processed 466000 documents (5457.1536599925485 docs/s, 0.005204347286217259 MB/s).
Processed 467000 documents (5463.127460485628 docs/s, 0.005210044346318844 MB/s).
Processed 468000 documents (5470.433264767995 docs/s, 0.005217011704223628 MB/s).
Processed 469000 documents (5476.608499299523 docs/s, 0.005222900866794131 MB/s).
Processed 470000 documents (5484.367219841573 docs/s, 0.005230300159303258 MB/s).
Processed 471000 documents (5492.245204888364 docs/s, 0.005237813191307415 MB/s).
Processed 472000 documents (5498.100805589431 docs/s, 0.005243397527303153 MB/s).
Processed 473000 documents (5504.6852298294825 docs/s, 0.005249676923589213 MB/s).
Processed 474000 documents (5511.661538321046 docs/s, 0.005256330049820943 MB/s).
Processed 475000 documents (5518.939167102507 docs/s, 0.005263270537474162 MB/s).
Processed 476000 documents (5525.886644738234 docs/s, 0.005269896168459162 MB/s).
Processed 477000 documents (5533.440450535569 docs/s, 0.0052771000390392005 MB/s).
Processed 478000 documents (5539.766334548819 docs/s, 0.005283132872151202 MB/s).
Processed 479000 documents (5547.555313623146 docs/s, 0.005290561021445413 MB/s).
Processed 480000 documents (5554.068973931576 docs/s, 0.005296772931987358 MB/s).
Processed 481000 documents (5558.856850227008 docs/s, 0.005301339006640442 MB/s).
Processed 482000 documents (5566.246270111924 docs/s, 0.005308386106597828 MB/s).
Processed 483000 documents (5573.506875465373 docs/s, 0.005315310359444974 MB/s).
Processed 484000 documents (5580.226358639146 docs/s, 0.005321718557967326 MB/s).
Processed 485000 documents (5588.152530340429 docs/s, 0.0053292775443462646 MB/s).
Processed 486000 documents (5594.796345146417 docs/s, 0.005335613579889695 MB/s).
Processed 487000 documents (5601.852149562817 docs/s, 0.005342342519343202 MB/s).
Processed 488000 documents (5605.678845668881 docs/s, 0.005345991941136247 MB/s).
Processed 489000 documents (5613.581907167789 docs/s, 0.005353528887908734 MB/s).
Processed 490000 documents (5620.110320928285 docs/s, 0.005359754868438992 MB/s).
Processed 491000 documents (5626.948747668583 docs/s, 0.00536627650038584 MB/s).
Processed 492000 documents (5632.820807361052 docs/s, 0.005371876532898953 MB/s).
Processed 493000 documents (5638.537137388629 docs/s, 0.005377328050030355 MB/s).
Processed 494000 documents (5645.303318653749 docs/s, 0.005383780783323048 MB/s).
Processed 495000 documents (5651.83843739359 docs/s, 0.0053900131582199 MB/s).
Processed 496000 documents (5658.210904137741 docs/s, 0.00539609041608595 MB/s).
Processed 497000 documents (5665.822367974821 docs/s, 0.005403349273657628 MB/s).
Processed 498000 documents (5672.96401967333 docs/s, 0.005410160083459215 MB/s).
Processed 499000 documents (5681.187732191009 docs/s, 0.005418002826872834 MB/s).
Processed 500000 documents (5686.775415096111 docs/s, 0.005423331656547652 MB/s).
Processed 501000 documents (5692.28833717429 docs/s, 0.005428589188741961 MB/s).
Processed 502000 documents (5699.147613161404 docs/s, 0.005435130704080013 MB/s).
Processed 503000 documents (5705.741814173509 docs/s, 0.005441419424222478 MB/s).
Processed 504000 documents (5712.65481292718 docs/s, 0.005448012173583202 MB/s).
Processed 505000 documents (5718.948642057056 docs/s, 0.005454014436776214 MB/s).
Processed 506000 documents (5724.333728469887 docs/s, 0.00545915005537976 MB/s).
Processed 507000 documents (5731.09033418925 docs/s, 0.0054655936567204 MB/s).
Processed 508000 documents (5736.649330462593 docs/s, 0.005470895128691285 MB/s).
Processed 509000 documents (5743.220791836992 docs/s, 0.005477162162625305 MB/s).
Processed 510000 documents (5748.46536230798 docs/s, 0.005482163774784069 MB/s).
Processed 511000 documents (5755.73515011337 docs/s, 0.005489096784699793 MB/s).
Processed 512000 documents (5763.432661038935 docs/s, 0.005496437703169761 MB/s).
Processed 513000 documents (5769.629935115011 docs/s, 0.005502347884287845 MB/s).
Processed 514000 documents (5776.310178199841 docs/s, 0.005508718660545198 MB/s).
Processed 515000 documents (5783.641913653567 docs/s, 0.005515710748342101 MB/s).
Processed 516000 documents (5789.70218148864 docs/s, 0.005521490270126953 MB/s).
Processed 517000 documents (5796.539652238389 docs/s, 0.005528010990370168 MB/s).
Processed 518000 documents (5801.128534381106 docs/s, 0.005532387289410692 MB/s).
Processed 519000 documents (5806.936280042055 docs/s, 0.005537925987283759 MB/s).
Processed 520000 documents (5812.820945533566 docs/s, 0.005543538041623656 MB/s).
Processed 521000 documents (5819.0926713949175 docs/s, 0.005549519225497167 MB/s).
Processed 522000 documents (5825.002163065066 docs/s, 0.005555154955926005 MB/s).
Processed 523000 documents (5831.980427937621 docs/s, 0.00556180994790804 MB/s).
Processed 524000 documents (5838.933360492589 docs/s, 0.005568440781109418 MB/s).
Processed 525000 documents (5844.856773019698 docs/s, 0.005574089787502001 MB/s).
Processed 526000 documents (5851.222727812612 docs/s, 0.005580160835087406 MB/s).
Processed 527000 documents (5858.3116614630335 docs/s, 0.005586921369040521 MB/s).
Processed 528000 documents (5865.260572908174 docs/s, 0.005593548367412733 MB/s).
Processed 529000 documents (5870.395201491188 docs/s, 0.005598445130816639 MB/s).
Processed 530000 documents (5878.145521410294 docs/s, 0.0056058364118674224 MB/s).
Processed 531000 documents (5884.412083531535 docs/s, 0.005611812671214614 MB/s).
Processed 532000 documents (5890.986126412736 docs/s, 0.005618082167065368 MB/s).
Processed 533000 documents (5898.297551282744 docs/s, 0.0056250548851802295 MB/s).
Processed 534000 documents (5904.24689745403 docs/s, 0.005630728623823194 MB/s).
Processed 535000 documents (5909.706029242785 docs/s, 0.005635934857600007 MB/s).
Processed 536000 documents (5916.198105060868 docs/s, 0.005642126183567875 MB/s).
Processed 537000 documents (5922.801526011594 docs/s, 0.005648423696529002 MB/s).
Processed 538000 documents (5929.435193894653 docs/s, 0.0056547500552126435 MB/s).
Processed 539000 documents (5935.685487673268 docs/s, 0.005660710799859302 MB/s).
Processed 540000 documents (5939.225138810109 docs/s, 0.0056640864742375455 MB/s).
Processed 541000 documents (5946.119533854436 docs/s, 0.005670661481718479 MB/s).
Processed 542000 documents (5953.326943592417 docs/s, 0.005677535003273408 MB/s).
Processed 543000 documents (5958.240370356479 docs/s, 0.005682220812183837 MB/s).
Processed 544000 documents (5963.446455351597 docs/s, 0.005687185721732709 MB/s).
Processed 545000 documents (5968.193159512419 docs/s, 0.005691712531578463 MB/s).
Processed 546000 documents (5973.261165401836 docs/s, 0.005696545758630596 MB/s).
Processed 547000 documents (5979.436217581912 docs/s, 0.0057024347472972034 MB/s).
Processed 548000 documents (5986.290566322192 docs/s, 0.0057089715636464995 MB/s).
Processed 549000 documents (5991.765457822496 docs/s, 0.00571419282705545 MB/s).
Processed 550000 documents (5998.339474604973 docs/s, 0.005720462298016522 MB/s).
Processed 551000 documents (6005.7537903977545 docs/s, 0.005727533140561823 MB/s).
Processed 552000 documents (6010.520296122931 docs/s, 0.005732078834650927 MB/s).
Processed 553000 documents (6016.987362215516 docs/s, 0.005738246309485928 MB/s).
Processed 554000 documents (6023.891271909 docs/s, 0.005744830390843392 MB/s).
Processed 555000 documents (6030.581815741816 docs/s, 0.005751210990659538 MB/s).
Processed 556000 documents (6036.850000020839 docs/s, 0.005757188797016944 MB/s).
Processed 557000 documents (6042.451722825165 docs/s, 0.005762531016183057 MB/s).
Processed 558000 documents (6049.522206928017 docs/s, 0.005769273955276506 MB/s).
Processed 559000 documents (6055.771191821394 docs/s, 0.005775233451672929 MB/s).
Processed 560000 documents (6060.988070467339 docs/s, 0.0057802086548493755 MB/s).
Processed 561000 documents (6064.722521593038 docs/s, 0.00578377010497383 MB/s).
Processed 562000 documents (6070.977102350367 docs/s, 0.005789734938001983 MB/s).
Processed 563000 documents (6076.880340562394 docs/s, 0.005795364704668421 MB/s).
Processed 564000 documents (6082.62617800724 docs/s, 0.005800844362265816 MB/s).
Processed 565000 documents (6089.396372413975 docs/s, 0.005807300922788596 MB/s).
Processed 566000 documents (6096.117874162424 docs/s, 0.005813711046373772 MB/s).
Processed 567000 documents (6101.477773136574 docs/s, 0.005818822644363951 MB/s).
Processed 568000 documents (6106.462216149458 docs/s, 0.005823576179646929 MB/s).
Processed 569000 documents (6112.051806012639 docs/s, 0.005828906827938689 MB/s).
Processed 570000 documents (6117.717820759489 docs/s, 0.005834310360679139 MB/s).
Processed 571000 documents (6124.72783300346 docs/s, 0.005840995629313907 MB/s).
Processed 572000 documents (6131.41060806037 docs/s, 0.005847368820248003 MB/s).
Processed 573000 documents (6136.276381263362 docs/s, 0.005852009183181154 MB/s).
Processed 574000 documents (6142.709252056994 docs/s, 0.005858144046837801 MB/s).
Processed 575000 documents (6149.735835008688 docs/s, 0.0058648451185309295 MB/s).
Processed 576000 documents (6153.413572882402 docs/s, 0.005868352482683565 MB/s).
Processed 577000 documents (6159.679207129854 docs/s, 0.005874327857141356 MB/s).
Processed 578000 documents (6163.40651642799 docs/s, 0.00587788249628829 MB/s).
Processed 579000 documents (6170.332532245201 docs/s, 0.005884487659688188 MB/s).
Processed 580000 documents (6175.416009659871 docs/s, 0.005889335641536589 MB/s).
Processed 581000 documents (6179.87084793703 docs/s, 0.005893584106385259 MB/s).
Processed 582000 documents (6186.663236655921 docs/s, 0.005900061833053513 MB/s).
Processed 583000 documents (6191.84969471577 docs/s, 0.00590500802489831 MB/s).
Processed 584000 documents (6195.438416469402 docs/s, 0.005908430496663477 MB/s).
Processed 585000 documents (6200.892223471773 docs/s, 0.005913631652328275 MB/s).
Processed 586000 documents (6207.963692620154 docs/s, 0.005920375530834345 MB/s).
Processed 587000 documents (6212.980300943405 docs/s, 0.0059251597413476995 MB/s).
Processed 588000 documents (6218.003768392774 docs/s, 0.005929950493233465 MB/s).
Processed 589000 documents (6223.404681134735 docs/s, 0.005935101205000625 MB/s).
Processed 590000 documents (6229.418017835547 docs/s, 0.005940835969768092 MB/s).
Processed 591000 documents (6233.589587855933 docs/s, 0.005944814288955625 MB/s).
Processed 592000 documents (6238.7374199996775 docs/s, 0.005949723644256284 MB/s).
Processed 593000 documents (6244.789263762786 docs/s, 0.005955495132220064 MB/s).
Processed 594000 documents (6247.608265761948 docs/s, 0.005958183542024563 MB/s).
Processed 595000 documents (6253.164103278127 docs/s, 0.005963482001569869 MB/s).
Processed 596000 documents (6258.772971080037 docs/s, 0.005968831034736668 MB/s).
Processed 597000 documents (6264.920770665775 docs/s, 0.005974694033304 MB/s).
Processed 598000 documents (6270.844990878526 docs/s, 0.005980343809965635 MB/s).
Processed 599000 documents (6276.499238532424 docs/s, 0.005985736120731758 MB/s).
Processed 600000 documents (6282.835572624225 docs/s, 0.005991778919815278 MB/s).
Processed 601000 documents (6288.460244504819 docs/s, 0.0059971430249260126 MB/s).
Processed 602000 documents (6293.814601794602 docs/s, 0.0060022493379541415 MB/s).
Processed 603000 documents (6299.969484135422 docs/s, 0.006008119091163084 MB/s).
Processed 604000 documents (6305.644556316039 docs/s, 0.00601353126174549 MB/s).
Processed 605000 documents (6311.42022708577 docs/s, 0.006019039370618601 MB/s).
Processed 606000 documents (6315.202254695869 docs/s, 0.006022646193214291 MB/s).
Processed 607000 documents (6321.359283819014 docs/s, 0.0060285179937544005 MB/s).
Processed 608000 documents (6327.064490009942 docs/s, 0.0060339589023684905 MB/s).
Processed 609000 documents (6333.094144153553 docs/s, 0.006039709228662065 MB/s).
Processed 610000 documents (6339.111769170799 docs/s, 0.0060454480830867754 MB/s).
Processed 611000 documents (6344.331329043126 docs/s, 0.006050425843279959 MB/s).
Processed 612000 documents (6350.7666502897 docs/s, 0.00605656304387064 MB/s).
Processed 613000 documents (6356.99767790466 docs/s, 0.006062505414871845 MB/s).
Processed 614000 documents (6360.502030970938 docs/s, 0.006065847426386774 MB/s).
Processed 615000 documents (6365.70593560739 docs/s, 0.006070810256583585 MB/s).
Processed 616000 documents (6371.658491000766 docs/s, 0.006076487055779234 MB/s).
Processed 617000 documents (6376.840200473362 docs/s, 0.006081428719018327 MB/s).
Processed 618000 documents (6383.010384096674 docs/s, 0.006087313064667391 MB/s).
Processed 619000 documents (6388.612800447203 docs/s, 0.006092655945250705 MB/s).
Processed 620000 documents (6393.189824293322 docs/s, 0.0060970209353383275 MB/s).
Processed 621000 documents (6400.162261309815 docs/s, 0.006103670369443717 MB/s).
Processed 622000 documents (6406.101099254349 docs/s, 0.006109334086660718 MB/s).
Processed 623000 documents (6410.228956143104 docs/s, 0.006113270717757325 MB/s).
Processed 624000 documents (6416.566365233711 docs/s, 0.006119314542039595 MB/s).
Processed 625000 documents (6422.3050920659425 docs/s, 0.006124787418428366 MB/s).
Processed 626000 documents (6426.996195853472 docs/s, 0.006129261203626129 MB/s).
Processed 627000 documents (6433.360542758558 docs/s, 0.006135330717810209 MB/s).
Processed 628000 documents (6439.389641430254 docs/s, 0.006141080514364485 MB/s).
Processed 629000 documents (6444.876411042702 docs/s, 0.006146313105623915 MB/s).
Processed 630000 documents (6451.762985626544 docs/s, 0.006152880654932541 MB/s).
Processed 631000 documents (6458.456984412607 docs/s, 0.006159264549648864 MB/s).
Processed 632000 documents (6462.419460199794 docs/s, 0.006163043461036486 MB/s).
Processed 633000 documents (6468.196212069206 docs/s, 0.006168552600926596 MB/s).
Processed 634000 documents (6475.017549120187 docs/s, 0.006175057934875667 MB/s).
Processed 635000 documents (6480.343858568166 docs/s, 0.006180137499397436 MB/s).
Processed 636000 documents (6485.90384075725 docs/s, 0.0061854399116108415 MB/s).
Processed 637000 documents (6491.892876634085 docs/s, 0.006191151501306615 MB/s).
Processed 638000 documents (6496.562718641189 docs/s, 0.006195605009690465 MB/s).
Processed 639000 documents (6502.616992778036 docs/s, 0.006201378815439258 MB/s).
Processed 640000 documents (6505.378784466508 docs/s, 0.006204012665239818 MB/s).
Processed 641000 documents (6511.220452580472 docs/s, 0.006209583714085075 MB/s).
Processed 642000 documents (6517.74526275324 docs/s, 0.006215806257966271 MB/s).
Processed 643000 documents (6524.034638806724 docs/s, 0.006221804274374698 MB/s).
Processed 644000 documents (6528.140757887465 docs/s, 0.006225720174682107 MB/s).
Processed 645000 documents (6533.922352072282 docs/s, 0.00623123393256405 MB/s).
Processed 646000 documents (6539.600834794825 docs/s, 0.006236649355692696 MB/s).
Processed 647000 documents (6544.1483772772635 docs/s, 0.0062409862301609645 MB/s).
Processed 648000 documents (6550.63703402771 docs/s, 0.006247174295451841 MB/s).
Processed 649000 documents (6556.256297166238 docs/s, 0.006252533242384184 MB/s).
Processed 650000 documents (6561.100094457976 docs/s, 0.006257152647455193 MB/s).
Processed 651000 documents (6566.202067956505 docs/s, 0.006262018268543725 MB/s).
Processed 652000 documents (6569.547605150233 docs/s, 0.006265208821439965 MB/s).
Processed 653000 documents (6575.682710307832 docs/s, 0.006271059713657219 MB/s).
Processed 654000 documents (6579.982387189297 docs/s, 0.006275160205067918 MB/s).
Processed 655000 documents (6585.42756622552 docs/s, 0.006280353132462998 MB/s).
Processed 656000 documents (6591.2178246377 docs/s, 0.0062858751531960485 MB/s).
Processed 657000 documents (6596.882739440036 docs/s, 0.006291277636947666 MB/s).
Opening /fsx/loubna/data/stack_march_no_pii_json/makefile
Input is not a jsonl file, will try to load from HF datasets
Vocab size: 49152
Output prefix: /fsx/loubna/data/tokenized_stack_no_pii/code/makefile/gpt2-preprocessed
Time to startup: 0.9084231853485107
END TIME: Wed Mar 29 01:08:16 UTC 2023
