START TIME: Wed Mar 29 01:06:14 UTC 2023
FULL_OUT_PATH is: /fsx/loubna/data/tokenized_stack_no_pii/code/mathematica
/fsx/loubna/code/Megatron-LM/tools/preprocess_data.py --input /fsx/loubna/data/stack_march_no_pii_json/mathematica --output-prefix /fsx/loubna/data/tokenized_stack_no_pii/code/mathematica/gpt2-preprocessed --tokenizer-type TokenizerFromFile --tokenizer-file /fsx/loubna/data/tokenizer/tokenizer-the-stack-march-sample-v3-no-prefix-spaces/tokenizer.json --dataset-impl mmap --append-eod --json-keys content --workers 64 --chunk-size 100 --log-interval 1000
[H[2J[3J> building TokenizerFromFile tokenizer ...
 > padded vocab (size: 49152) with 0 dummy tokens (new size: 49152)
> building TokenizerFromFile tokenizer ...
> building TokenizerFromFile tokenizer ...
> building TokenizerFromFile tokenizer ...
> building TokenizerFromFile tokenizer ...
> building TokenizerFromFile tokenizer ...
> building TokenizerFromFile tokenizer ...
> building TokenizerFromFile tokenizer ...
> building TokenizerFromFile tokenizer ...
> building TokenizerFromFile tokenizer ...
> building TokenizerFromFile tokenizer ...
> building TokenizerFromFile tokenizer ...
> building TokenizerFromFile tokenizer ...
> building TokenizerFromFile tokenizer ...
> building TokenizerFromFile tokenizer ...
> building TokenizerFromFile tokenizer ...
> building TokenizerFromFile tokenizer ...
 > padded vocab (size: 49152) with 0 dummy tokens (new size: 49152)
> building TokenizerFromFile tokenizer ...
 > padded vocab (size: 49152) with 0 dummy tokens (new size: 49152)
 > padded vocab (size: 49152) with 0 dummy tokens (new size: 49152)
> building TokenizerFromFile tokenizer ...
 > padded vocab (size: 49152) with 0 dummy tokens (new size: 49152)
> building TokenizerFromFile tokenizer ...
 > padded vocab (size: 49152) with 0 dummy tokens (new size: 49152)
 > padded vocab (size: 49152) with 0 dummy tokens (new size: 49152)
> building TokenizerFromFile tokenizer ...
 > padded vocab (size: 49152) with 0 dummy tokens (new size: 49152)
 > padded vocab (size: 49152) with 0 dummy tokens (new size: 49152)
 > padded vocab (size: 49152) with 0 dummy tokens (new size: 49152)
> building TokenizerFromFile tokenizer ...
> building TokenizerFromFile tokenizer ...
 > padded vocab (size: 49152) with 0 dummy tokens (new size: 49152)
> building TokenizerFromFile tokenizer ...
 > padded vocab (size: 49152) with 0 dummy tokens (new size: 49152)
> building TokenizerFromFile tokenizer ...
 > padded vocab (size: 49152) with 0 dummy tokens (new size: 49152)
> building TokenizerFromFile tokenizer ...
> building TokenizerFromFile tokenizer ...
> building TokenizerFromFile tokenizer ...
> building TokenizerFromFile tokenizer ...
 > padded vocab (size: 49152) with 0 dummy tokens (new size: 49152)
 > padded vocab (size: 49152) with 0 dummy tokens (new size: 49152)
> building TokenizerFromFile tokenizer ...
 > padded vocab (size: 49152) with 0 dummy tokens (new size: 49152)
> building TokenizerFromFile tokenizer ...
 > padded vocab (size: 49152) with 0 dummy tokens (new size: 49152)
> building TokenizerFromFile tokenizer ...
> building TokenizerFromFile tokenizer ...
 > padded vocab (size: 49152) with 0 dummy tokens (new size: 49152)
> building TokenizerFromFile tokenizer ...
 > padded vocab (size: 49152) with 0 dummy tokens (new size: 49152)
> building TokenizerFromFile tokenizer ...
 > padded vocab (size: 49152) with 0 dummy tokens (new size: 49152)
> building TokenizerFromFile tokenizer ...
 > padded vocab (size: 49152) with 0 dummy tokens (new size: 49152)
> building TokenizerFromFile tokenizer ...
 > padded vocab (size: 49152) with 0 dummy tokens (new size: 49152)
> building TokenizerFromFile tokenizer ...
 > padded vocab (size: 49152) with 0 dummy tokens (new size: 49152)
> building TokenizerFromFile tokenizer ...
 > padded vocab (size: 49152) with 0 dummy tokens (new size: 49152)
> building TokenizerFromFile tokenizer ...
 > padded vocab (size: 49152) with 0 dummy tokens (new size: 49152)
> building TokenizerFromFile tokenizer ...
 > padded vocab (size: 49152) with 0 dummy tokens (new size: 49152)
> building TokenizerFromFile tokenizer ...
 > padded vocab (size: 49152) with 0 dummy tokens (new size: 49152)
> building TokenizerFromFile tokenizer ...
 > padded vocab (size: 49152) with 0 dummy tokens (new size: 49152)
 > padded vocab (size: 49152) with 0 dummy tokens (new size: 49152)
> building TokenizerFromFile tokenizer ...
 > padded vocab (size: 49152) with 0 dummy tokens (new size: 49152)
> building TokenizerFromFile tokenizer ...
 > padded vocab (size: 49152) with 0 dummy tokens (new size: 49152)
 > padded vocab (size: 49152) with 0 dummy tokens (new size: 49152)
 > padded vocab (size: 49152) with 0 dummy tokens (new size: 49152)
 > padded vocab (size: 49152) with 0 dummy tokens (new size: 49152)
 > padded vocab (size: 49152) with 0 dummy tokens (new size: 49152)
> building TokenizerFromFile tokenizer ...
 > padded vocab (size: 49152) with 0 dummy tokens (new size: 49152)
> building TokenizerFromFile tokenizer ...
 > padded vocab (size: 49152) with 0 dummy tokens (new size: 49152)
> building TokenizerFromFile tokenizer ...
 > padded vocab (size: 49152) with 0 dummy tokens (new size: 49152)
> building TokenizerFromFile tokenizer ...
 > padded vocab (size: 49152) with 0 dummy tokens (new size: 49152)
> building TokenizerFromFile tokenizer ...
 > padded vocab (size: 49152) with 0 dummy tokens (new size: 49152)
> building TokenizerFromFile tokenizer ...
 > padded vocab (size: 49152) with 0 dummy tokens (new size: 49152)
> building TokenizerFromFile tokenizer ...
 > padded vocab (size: 49152) with 0 dummy tokens (new size: 49152)
 > padded vocab (size: 49152) with 0 dummy tokens (new size: 49152)
> building TokenizerFromFile tokenizer ...
 > padded vocab (size: 49152) with 0 dummy tokens (new size: 49152)
 > padded vocab (size: 49152) with 0 dummy tokens (new size: 49152)
> building TokenizerFromFile tokenizer ...
> building TokenizerFromFile tokenizer ...
> building TokenizerFromFile tokenizer ...
> building TokenizerFromFile tokenizer ...
> building TokenizerFromFile tokenizer ...
> building TokenizerFromFile tokenizer ...
> building TokenizerFromFile tokenizer ...
> building TokenizerFromFile tokenizer ...
 > padded vocab (size: 49152) with 0 dummy tokens (new size: 49152)
 > padded vocab (size: 49152) with 0 dummy tokens (new size: 49152)
> building TokenizerFromFile tokenizer ...
 > padded vocab (size: 49152) with 0 dummy tokens (new size: 49152)
> building TokenizerFromFile tokenizer ...
 > padded vocab (size: 49152) with 0 dummy tokens (new size: 49152)
> building TokenizerFromFile tokenizer ...
 > padded vocab (size: 49152) with 0 dummy tokens (new size: 49152)
> building TokenizerFromFile tokenizer ...
 > padded vocab (size: 49152) with 0 dummy tokens (new size: 49152)
 > padded vocab (size: 49152) with 0 dummy tokens (new size: 49152)
 > padded vocab (size: 49152) with 0 dummy tokens (new size: 49152)
 > padded vocab (size: 49152) with 0 dummy tokens (new size: 49152)
 > padded vocab (size: 49152) with 0 dummy tokens (new size: 49152)
 > padded vocab (size: 49152) with 0 dummy tokens (new size: 49152)
 > padded vocab (size: 49152) with 0 dummy tokens (new size: 49152)
 > padded vocab (size: 49152) with 0 dummy tokens (new size: 49152)
 > padded vocab (size: 49152) with 0 dummy tokens (new size: 49152)
 > padded vocab (size: 49152) with 0 dummy tokens (new size: 49152)
 > padded vocab (size: 49152) with 0 dummy tokens (new size: 49152)
 > padded vocab (size: 49152) with 0 dummy tokens (new size: 49152)
 > padded vocab (size: 49152) with 0 dummy tokens (new size: 49152)
 > padded vocab (size: 49152) with 0 dummy tokens (new size: 49152)
 > padded vocab (size: 49152) with 0 dummy tokens (new size: 49152)
Processed 1000 documents (85.54256733429358 docs/s, 8.157974942616804e-05 MB/s).
Processed 2000 documents (140.15538275953097 docs/s, 0.000133662588843852 MB/s).
Processed 3000 documents (180.03177412059557 docs/s, 0.0001716916791158634 MB/s).
Processed 4000 documents (198.38948409500753 docs/s, 0.00018919895562649492 MB/s).
Processed 5000 documents (214.05735778379136 docs/s, 0.0002041410043561853 MB/s).
Processed 6000 documents (232.5139440047515 docs/s, 0.00022174257660365247 MB/s).
Processed 7000 documents (246.28955002021647 docs/s, 0.00023488001825353285 MB/s).
Processed 8000 documents (258.6269901560454 docs/s, 0.00024664591804127254 MB/s).
Processed 9000 documents (267.391290396509 docs/s, 0.0002550042060818758 MB/s).
Processed 10000 documents (267.1409193150802 docs/s, 0.0002547654336119463 MB/s).
Processed 11000 documents (276.8147126453774 docs/s, 0.00026399108185327284 MB/s).
Processed 12000 documents (283.3291586855236 docs/s, 0.00027020374172737467 MB/s).
Processed 13000 documents (288.4990238559262 docs/s, 0.00027513410935967085 MB/s).
Processed 14000 documents (294.09865523425236 docs/s, 0.000280474333986523 MB/s).
Processed 15000 documents (301.19533422639824 docs/s, 0.00028724225447311234 MB/s).
Processed 16000 documents (308.0149904818498 docs/s, 0.0002937459854906557 MB/s).
Processed 17000 documents (312.2529055582686 docs/s, 0.00029778757625414714 MB/s).
Processed 18000 documents (315.8002048662434 docs/s, 0.0003011705444967684 MB/s).
Processed 19000 documents (316.4578503064069 docs/s, 0.000301797724062354 MB/s).
Processed 20000 documents (319.61411701510264 docs/s, 0.0003048077745581652 MB/s).
Processed 21000 documents (324.91011468000727 docs/s, 0.0003098584315109322 MB/s).
Processed 22000 documents (333.3029931165105 docs/s, 0.0003178625041165452 MB/s).
Opening /fsx/loubna/data/stack_march_no_pii_json/mathematica
Input is not a jsonl file, will try to load from HF datasets
Vocab size: 49152
Output prefix: /fsx/loubna/data/tokenized_stack_no_pii/code/mathematica/gpt2-preprocessed
Time to startup: 0.9145300388336182
END TIME: Wed Mar 29 01:07:45 UTC 2023
