START TIME: Wed Mar 29 01:06:13 UTC 2023
FULL_OUT_PATH is: /fsx/loubna/data/tokenized_stack_no_pii/code/perl
/fsx/loubna/code/Megatron-LM/tools/preprocess_data.py --input /fsx/loubna/data/stack_march_no_pii_json/perl --output-prefix /fsx/loubna/data/tokenized_stack_no_pii/code/perl/gpt2-preprocessed --tokenizer-type TokenizerFromFile --tokenizer-file /fsx/loubna/data/tokenizer/tokenizer-the-stack-march-sample-v3-no-prefix-spaces/tokenizer.json --dataset-impl mmap --append-eod --json-keys content --workers 64 --chunk-size 100 --log-interval 1000
[H[2J[3J> building TokenizerFromFile tokenizer ...
 > padded vocab (size: 49152) with 0 dummy tokens (new size: 49152)
> building TokenizerFromFile tokenizer ...
> building TokenizerFromFile tokenizer ...
> building TokenizerFromFile tokenizer ...
> building TokenizerFromFile tokenizer ...
> building TokenizerFromFile tokenizer ...
> building TokenizerFromFile tokenizer ...
> building TokenizerFromFile tokenizer ...
> building TokenizerFromFile tokenizer ...
> building TokenizerFromFile tokenizer ...
> building TokenizerFromFile tokenizer ...
> building TokenizerFromFile tokenizer ...
> building TokenizerFromFile tokenizer ...
> building TokenizerFromFile tokenizer ...
> building TokenizerFromFile tokenizer ...
> building TokenizerFromFile tokenizer ...
 > padded vocab (size: 49152) with 0 dummy tokens (new size: 49152)
> building TokenizerFromFile tokenizer ...
 > padded vocab (size: 49152) with 0 dummy tokens (new size: 49152)
 > padded vocab (size: 49152) with 0 dummy tokens (new size: 49152)
> building TokenizerFromFile tokenizer ...
 > padded vocab (size: 49152) with 0 dummy tokens (new size: 49152)
 > padded vocab (size: 49152) with 0 dummy tokens (new size: 49152)
> building TokenizerFromFile tokenizer ...
 > padded vocab (size: 49152) with 0 dummy tokens (new size: 49152)
> building TokenizerFromFile tokenizer ...
 > padded vocab (size: 49152) with 0 dummy tokens (new size: 49152)
> building TokenizerFromFile tokenizer ...
 > padded vocab (size: 49152) with 0 dummy tokens (new size: 49152)
 > padded vocab (size: 49152) with 0 dummy tokens (new size: 49152)
> building TokenizerFromFile tokenizer ...
 > padded vocab (size: 49152) with 0 dummy tokens (new size: 49152)
> building TokenizerFromFile tokenizer ...
 > padded vocab (size: 49152) with 0 dummy tokens (new size: 49152)
 > padded vocab (size: 49152) with 0 dummy tokens (new size: 49152)
> building TokenizerFromFile tokenizer ...
> building TokenizerFromFile tokenizer ...
> building TokenizerFromFile tokenizer ...
> building TokenizerFromFile tokenizer ...
 > padded vocab (size: 49152) with 0 dummy tokens (new size: 49152)
> building TokenizerFromFile tokenizer ...
 > padded vocab (size: 49152) with 0 dummy tokens (new size: 49152)
> building TokenizerFromFile tokenizer ...
 > padded vocab (size: 49152) with 0 dummy tokens (new size: 49152)
> building TokenizerFromFile tokenizer ...
> building TokenizerFromFile tokenizer ...
 > padded vocab (size: 49152) with 0 dummy tokens (new size: 49152)
> building TokenizerFromFile tokenizer ...
 > padded vocab (size: 49152) with 0 dummy tokens (new size: 49152)
> building TokenizerFromFile tokenizer ...
 > padded vocab (size: 49152) with 0 dummy tokens (new size: 49152)
> building TokenizerFromFile tokenizer ...
 > padded vocab (size: 49152) with 0 dummy tokens (new size: 49152)
> building TokenizerFromFile tokenizer ...
 > padded vocab (size: 49152) with 0 dummy tokens (new size: 49152)
> building TokenizerFromFile tokenizer ...
 > padded vocab (size: 49152) with 0 dummy tokens (new size: 49152)
> building TokenizerFromFile tokenizer ...
 > padded vocab (size: 49152) with 0 dummy tokens (new size: 49152)
> building TokenizerFromFile tokenizer ...
 > padded vocab (size: 49152) with 0 dummy tokens (new size: 49152)
> building TokenizerFromFile tokenizer ...
 > padded vocab (size: 49152) with 0 dummy tokens (new size: 49152)
> building TokenizerFromFile tokenizer ...
 > padded vocab (size: 49152) with 0 dummy tokens (new size: 49152)
 > padded vocab (size: 49152) with 0 dummy tokens (new size: 49152)
> building TokenizerFromFile tokenizer ...
 > padded vocab (size: 49152) with 0 dummy tokens (new size: 49152)
> building TokenizerFromFile tokenizer ...
 > padded vocab (size: 49152) with 0 dummy tokens (new size: 49152)
> building TokenizerFromFile tokenizer ...
 > padded vocab (size: 49152) with 0 dummy tokens (new size: 49152)
> building TokenizerFromFile tokenizer ...
 > padded vocab (size: 49152) with 0 dummy tokens (new size: 49152)
> building TokenizerFromFile tokenizer ...
 > padded vocab (size: 49152) with 0 dummy tokens (new size: 49152)
 > padded vocab (size: 49152) with 0 dummy tokens (new size: 49152)
 > padded vocab (size: 49152) with 0 dummy tokens (new size: 49152)
 > padded vocab (size: 49152) with 0 dummy tokens (new size: 49152)
 > padded vocab (size: 49152) with 0 dummy tokens (new size: 49152)
 > padded vocab (size: 49152) with 0 dummy tokens (new size: 49152)
> building TokenizerFromFile tokenizer ...
 > padded vocab (size: 49152) with 0 dummy tokens (new size: 49152)
> building TokenizerFromFile tokenizer ...
 > padded vocab (size: 49152) with 0 dummy tokens (new size: 49152)
> building TokenizerFromFile tokenizer ...
 > padded vocab (size: 49152) with 0 dummy tokens (new size: 49152)
> building TokenizerFromFile tokenizer ...
 > padded vocab (size: 49152) with 0 dummy tokens (new size: 49152)
 > padded vocab (size: 49152) with 0 dummy tokens (new size: 49152)
> building TokenizerFromFile tokenizer ...
 > padded vocab (size: 49152) with 0 dummy tokens (new size: 49152)
> building TokenizerFromFile tokenizer ...
 > padded vocab (size: 49152) with 0 dummy tokens (new size: 49152)
> building TokenizerFromFile tokenizer ...
 > padded vocab (size: 49152) with 0 dummy tokens (new size: 49152)
> building TokenizerFromFile tokenizer ...
> building TokenizerFromFile tokenizer ...
> building TokenizerFromFile tokenizer ...
> building TokenizerFromFile tokenizer ...
> building TokenizerFromFile tokenizer ...
> building TokenizerFromFile tokenizer ...
> building TokenizerFromFile tokenizer ...
> building TokenizerFromFile tokenizer ...
 > padded vocab (size: 49152) with 0 dummy tokens (new size: 49152)
 > padded vocab (size: 49152) with 0 dummy tokens (new size: 49152)
> building TokenizerFromFile tokenizer ...
> building TokenizerFromFile tokenizer ...
 > padded vocab (size: 49152) with 0 dummy tokens (new size: 49152)
 > padded vocab (size: 49152) with 0 dummy tokens (new size: 49152)
> building TokenizerFromFile tokenizer ...
 > padded vocab (size: 49152) with 0 dummy tokens (new size: 49152)
> building TokenizerFromFile tokenizer ...
> building TokenizerFromFile tokenizer ...
 > padded vocab (size: 49152) with 0 dummy tokens (new size: 49152)
 > padded vocab (size: 49152) with 0 dummy tokens (new size: 49152)
 > padded vocab (size: 49152) with 0 dummy tokens (new size: 49152)
 > padded vocab (size: 49152) with 0 dummy tokens (new size: 49152)
 > padded vocab (size: 49152) with 0 dummy tokens (new size: 49152)
 > padded vocab (size: 49152) with 0 dummy tokens (new size: 49152)
 > padded vocab (size: 49152) with 0 dummy tokens (new size: 49152)
 > padded vocab (size: 49152) with 0 dummy tokens (new size: 49152)
 > padded vocab (size: 49152) with 0 dummy tokens (new size: 49152)
 > padded vocab (size: 49152) with 0 dummy tokens (new size: 49152)
 > padded vocab (size: 49152) with 0 dummy tokens (new size: 49152)
 > padded vocab (size: 49152) with 0 dummy tokens (new size: 49152)
 > padded vocab (size: 49152) with 0 dummy tokens (new size: 49152)
 > padded vocab (size: 49152) with 0 dummy tokens (new size: 49152)
 > padded vocab (size: 49152) with 0 dummy tokens (new size: 49152)
Processed 1000 documents (602.0756467430054 docs/s, 0.0005741840808324866 MB/s).
Processed 2000 documents (887.173613468663 docs/s, 0.0008460746893583899 MB/s).
Processed 3000 documents (1049.6284274365764 docs/s, 0.0010010036730161442 MB/s).
Processed 4000 documents (990.5748696569751 docs/s, 0.000944685811669326 MB/s).
Processed 5000 documents (1071.4852657440845 docs/s, 0.0010218479783478589 MB/s).
Processed 6000 documents (1177.1393872162218 docs/s, 0.0011226076004183024 MB/s).
Processed 7000 documents (1280.0529597803968 docs/s, 0.001220753631382367 MB/s).
Processed 8000 documents (1361.5878034078212 docs/s, 0.0012985113176420414 MB/s).
Processed 9000 documents (1469.021730691631 docs/s, 0.0014009682948032676 MB/s).
Processed 10000 documents (1494.0388998301714 docs/s, 0.0014248265264798846 MB/s).
Processed 11000 documents (1518.55745194167 docs/s, 0.001448209239904089 MB/s).
Processed 12000 documents (1585.41358898448 docs/s, 0.0015119682206959533 MB/s).
Processed 13000 documents (1546.34915253747 docs/s, 0.0014747134709715557 MB/s).
Processed 14000 documents (1587.3139996159323 docs/s, 0.0015137805935057948 MB/s).
Processed 15000 documents (1602.8636366102985 docs/s, 0.0015286098829367623 MB/s).
Processed 16000 documents (1629.547451641857 docs/s, 0.0015540575519960946 MB/s).
Processed 17000 documents (1674.600420632481 docs/s, 0.0015970234114003 MB/s).
Processed 18000 documents (1684.9527431926858 docs/s, 0.0016068961555411204 MB/s).
Processed 19000 documents (1696.1410851447042 docs/s, 0.0016175661899039309 MB/s).
Processed 20000 documents (1693.6909718135776 docs/s, 0.0016152295797477508 MB/s).
Processed 21000 documents (1730.893188084621 docs/s, 0.0016507083779188356 MB/s).
Processed 22000 documents (1727.1749525299028 docs/s, 0.0016471623921679524 MB/s).
Processed 23000 documents (1721.595979514739 docs/s, 0.001641841868891467 MB/s).
Processed 24000 documents (1708.1557831185603 docs/s, 0.0016290242987809756 MB/s).
Processed 25000 documents (1741.5402158177458 docs/s, 0.0016608621748139818 MB/s).
Processed 26000 documents (1748.0598437398037 docs/s, 0.0016670797765157735 MB/s).
Processed 27000 documents (1761.8317340992162 docs/s, 0.001680213674639908 MB/s).
Processed 28000 documents (1780.1391870574503 docs/s, 0.0016976730223249915 MB/s).
Processed 29000 documents (1692.464977568248 docs/s, 0.0016140603805239182 MB/s).
Processed 30000 documents (1711.6181201053678 docs/s, 0.0016323262406400373 MB/s).
Processed 31000 documents (1721.6009429072074 docs/s, 0.0016418466023513864 MB/s).
Processed 32000 documents (1729.0192897639977 docs/s, 0.0016489212892189004 MB/s).
Processed 33000 documents (1726.199862150479 docs/s, 0.001646232473516921 MB/s).
Processed 34000 documents (1718.2185973356504 docs/s, 0.0016386209462505822 MB/s).
Processed 35000 documents (1713.1288805394577 docs/s, 0.0016337670140642716 MB/s).
Processed 36000 documents (1720.8766940874566 docs/s, 0.0016411559048533026 MB/s).
Processed 37000 documents (1716.736050691471 docs/s, 0.001637207079593154 MB/s).
Processed 38000 documents (1720.9518377019428 docs/s, 0.00164122756738848 MB/s).
Processed 39000 documents (1734.5210260677813 docs/s, 0.0016541681538274587 MB/s).
Processed 40000 documents (1744.416159579968 docs/s, 0.001663604888515442 MB/s).
Processed 41000 documents (1752.063982368354 docs/s, 0.001670898420685152 MB/s).
Processed 42000 documents (1747.720676006997 docs/s, 0.001666756320960042 MB/s).
Processed 43000 documents (1658.5232446140155 docs/s, 0.001581691021551147 MB/s).
Processed 44000 documents (1675.5546052290572 docs/s, 0.0015979333927431652 MB/s).
Processed 45000 documents (1675.8922407204893 docs/s, 0.0015982553870396512 MB/s).
Processed 46000 documents (1678.8322716352893 docs/s, 0.0016010592190125364 MB/s).
Processed 47000 documents (1682.4103272389646 docs/s, 0.0016044715187444349 MB/s).
Processed 48000 documents (1679.701113765063 docs/s, 0.0016018878114367132 MB/s).
Processed 49000 documents (1696.4188079891833 docs/s, 0.0016178310470477898 MB/s).
Processed 50000 documents (1703.2840924983052 docs/s, 0.001624378292558961 MB/s).
Processed 51000 documents (1713.1023498579555 docs/s, 0.0016337417124347262 MB/s).
Processed 52000 documents (1719.3870704176359 docs/s, 0.0016397352890182837 MB/s).
Processed 53000 documents (1731.9709563689826 docs/s, 0.0016517362178506685 MB/s).
Processed 54000 documents (1738.7727312706775 docs/s, 0.0016582228958803916 MB/s).
Processed 55000 documents (1752.621185612934 docs/s, 0.0016714298111085261 MB/s).
Processed 56000 documents (1750.911593073699 docs/s, 0.001669799416612338 MB/s).
Processed 57000 documents (1749.4628353355079 docs/s, 0.0016684177735667304 MB/s).
Processed 58000 documents (1754.7946751512864 docs/s, 0.0016735026122582305 MB/s).
Processed 59000 documents (1759.918967354065 docs/s, 0.0016783895181217813 MB/s).
Processed 60000 documents (1641.3383054548558 docs/s, 0.0015653021864460524 MB/s).
Processed 61000 documents (1646.5666055376178 docs/s, 0.0015702882819534471 MB/s).
Processed 62000 documents (1652.5657851644921 docs/s, 0.0015760095454831048 MB/s).
Processed 63000 documents (1657.8357600616182 docs/s, 0.0015810353851905996 MB/s).
Processed 64000 documents (1661.3579510264926 docs/s, 0.0015843944082512785 MB/s).
Processed 65000 documents (1670.7000230679735 docs/s, 0.0015933037024192557 MB/s).
Processed 66000 documents (1673.4655814798864 docs/s, 0.0015959411444472183 MB/s).
Processed 67000 documents (1681.0078348328848 docs/s, 0.0016031339977578018 MB/s).
Processed 68000 documents (1685.3793889315132 docs/s, 0.0016073030366244442 MB/s).
Processed 69000 documents (1693.5129950875264 docs/s, 0.0016150598479151978 MB/s).
Processed 70000 documents (1698.9853727892419 docs/s, 0.001620278713978998 MB/s).
Processed 71000 documents (1703.063891114797 docs/s, 0.001624168292155072 MB/s).
Processed 72000 documents (1703.9001996073077 docs/s, 0.0016249658580849721 MB/s).
Processed 73000 documents (1700.8960335173147 docs/s, 0.0016221008620427271 MB/s).
Processed 74000 documents (1698.9434144278675 docs/s, 0.0016202386993673969 MB/s).
Processed 75000 documents (1700.8104143235585 docs/s, 0.0016220192092166504 MB/s).
Processed 76000 documents (1596.466025051808 docs/s, 0.0015225086451070861 MB/s).
Processed 77000 documents (1606.682248703587 docs/s, 0.0015322515952144499 MB/s).
Processed 78000 documents (1616.2121302766257 docs/s, 0.00154133999850905 MB/s).
Processed 79000 documents (1618.3875938999329 docs/s, 0.0015434146822928742 MB/s).
Processed 80000 documents (1617.3992942698176 docs/s, 0.0015424721663187195 MB/s).
Processed 81000 documents (1621.9303361724183 docs/s, 0.0015467933046077902 MB/s).
Processed 82000 documents (1627.8001996554988 docs/s, 0.001552391242652415 MB/s).
Processed 83000 documents (1634.584512949949 docs/s, 0.0015588612679957856 MB/s).
Processed 84000 documents (1634.3800740879553 docs/s, 0.001558666299903827 MB/s).
Processed 85000 documents (1640.2131742565014 docs/s, 0.0015642291777195943 MB/s).
Processed 86000 documents (1639.4934846647652 docs/s, 0.0015635428282401707 MB/s).
Processed 87000 documents (1640.8541422601581 docs/s, 0.00156484045244232 MB/s).
Processed 88000 documents (1641.984888580917 docs/s, 0.0015659188161667986 MB/s).
Processed 89000 documents (1646.3977760787864 docs/s, 0.0015701272736347068 MB/s).
Processed 90000 documents (1655.0530518604278 docs/s, 0.0015783815878490713 MB/s).
Processed 91000 documents (1654.3833629748174 docs/s, 0.001577742922758882 MB/s).
Processed 92000 documents (1663.844421349434 docs/s, 0.001586765691136774 MB/s).
Processed 93000 documents (1670.0911439179135 docs/s, 0.0015927230300120483 MB/s).
Processed 94000 documents (1672.0226849954518 docs/s, 0.0015945650911287801 MB/s).
Processed 95000 documents (1674.1066433717892 docs/s, 0.0015965525087087529 MB/s).
Processed 96000 documents (1675.6459215421216 docs/s, 0.0015980204787656037 MB/s).
Processed 97000 documents (1683.6556077392008 docs/s, 0.0016056591107742318 MB/s).
Processed 98000 documents (1692.1616301907127 docs/s, 0.0016137710859210135 MB/s).
Processed 99000 documents (1533.0576245316809 docs/s, 0.0014620376820866402 MB/s).
Processed 100000 documents (1538.5383441149763 docs/s, 0.0014672645035886539 MB/s).
Processed 101000 documents (1540.8365939077025 docs/s, 0.0014694562853886628 MB/s).
Processed 102000 documents (1541.4904972882503 docs/s, 0.0014700798962481024 MB/s).
Processed 103000 documents (1544.6477931658771 docs/s, 0.0014730909282358905 MB/s).
Processed 104000 documents (1550.6678724030512 docs/s, 0.001478832123187114 MB/s).
Processed 105000 documents (1551.4383756127745 docs/s, 0.0014795669323089356 MB/s).
Processed 106000 documents (1550.1250673212726 docs/s, 0.0014783144639218069 MB/s).
Processed 107000 documents (1555.0419620020941 docs/s, 0.001483003580095381 MB/s).
Processed 108000 documents (1549.099691931548 docs/s, 0.0014773365897479515 MB/s).
Processed 109000 documents (1550.9473671083615 docs/s, 0.00147909867010914 MB/s).
Processed 110000 documents (1555.9279715635264 docs/s, 0.0014838485446582092 MB/s).
Processed 111000 documents (1560.820445788196 docs/s, 0.0014885143716699561 MB/s).
Processed 112000 documents (1564.2455100329182 docs/s, 0.0014917807674721892 MB/s).
Processed 113000 documents (1566.6216142143692 docs/s, 0.0014940467970031444 MB/s).
Processed 114000 documents (1566.4421539734358 docs/s, 0.0014938756503805502 MB/s).
Processed 115000 documents (1567.577070300536 docs/s, 0.0014949579909329757 MB/s).
Processed 116000 documents (1571.965267818471 docs/s, 0.001499142902201148 MB/s).
Processed 117000 documents (1572.4998755576617 docs/s, 0.0014996527438713662 MB/s).
Processed 118000 documents (1575.8457221269007 docs/s, 0.0015028435918110854 MB/s).
Processed 119000 documents (1580.4782127759738 docs/s, 0.0015072614791640986 MB/s).
Processed 120000 documents (1585.0349883521221 docs/s, 0.0015116071589966985 MB/s).
Processed 121000 documents (1586.8235126615914 docs/s, 0.0015133128286949076 MB/s).
Processed 122000 documents (1481.3612976864588 docs/s, 0.001412736222921809 MB/s).
Processed 123000 documents (1479.8920046461149 docs/s, 0.0014113349958859585 MB/s).
Processed 124000 documents (1483.8088318325033 docs/s, 0.001415070373375419 MB/s).
Processed 125000 documents (1485.9733068190856 docs/s, 0.0014171345775786262 MB/s).
Processed 126000 documents (1482.8883752757265 docs/s, 0.0014141925575978532 MB/s).
Processed 127000 documents (1484.0119042427225 docs/s, 0.0014152640383174157 MB/s).
Processed 128000 documents (1484.020521679913 docs/s, 0.0014152722565459375 MB/s).
Processed 129000 documents (1482.8285797624183 docs/s, 0.0014141355321525748 MB/s).
Processed 130000 documents (1483.6914692030023 docs/s, 0.001414958447649958 MB/s).
Processed 131000 documents (1484.4013614825346 docs/s, 0.001415635453684363 MB/s).
Processed 132000 documents (1484.6863238978233 docs/s, 0.001415907215020965 MB/s).
Processed 133000 documents (1483.4060401842637 docs/s, 0.00141468624132563 MB/s).
Processed 134000 documents (1486.332622233129 docs/s, 0.0014174772474604884 MB/s).
Processed 135000 documents (1491.1286173848603 docs/s, 0.0014220510648583033 MB/s).
Processed 136000 documents (1495.689944265921 docs/s, 0.0014264010851535044 MB/s).
Processed 137000 documents (1498.6632373194154 docs/s, 0.0014292366383737711 MB/s).
Processed 138000 documents (1503.8311305067973 docs/s, 0.001434165125376508 MB/s).
Processed 139000 documents (1503.9924927536513 docs/s, 0.0014343190124069703 MB/s).
Processed 140000 documents (1503.9237922928637 docs/s, 0.001434253494541992 MB/s).
Processed 141000 documents (1380.790648233118 docs/s, 0.0013168245775538616 MB/s).
Processed 142000 documents (1381.3691909560632 docs/s, 0.0013173763188896782 MB/s).
Processed 143000 documents (1382.5224834649603 docs/s, 0.001318476184334717 MB/s).
Processed 144000 documents (1387.1805967432288 docs/s, 0.0013229185073311126 MB/s).
Processed 145000 documents (1390.0029333923026 docs/s, 0.0013256100973055864 MB/s).
Processed 146000 documents (1392.6357910921724 docs/s, 0.0013281209860727047 MB/s).
Processed 147000 documents (1398.168680043314 docs/s, 0.0013333975601609364 MB/s).
Processed 148000 documents (1403.8055263565786 docs/s, 0.001338773275715426 MB/s).
Processed 149000 documents (1408.9005179808237 docs/s, 0.0013436322383697736 MB/s).
Processed 150000 documents (1414.5167531025297 docs/s, 0.0013489882975602433 MB/s).
Processed 151000 documents (1419.549176494483 docs/s, 0.0013537875904984311 MB/s).
Processed 152000 documents (1426.2987976411596 docs/s, 0.0013602245308314892 MB/s).
Processed 153000 documents (1432.7985031879489 docs/s, 0.0013664231330756654 MB/s).
Processed 154000 documents (1439.1939978349797 docs/s, 0.0013725223520612523 MB/s).
Processed 155000 documents (1445.299654260791 docs/s, 0.0013783451597793493 MB/s).
Processed 156000 documents (1451.7454301469238 docs/s, 0.001384492330691265 MB/s).
Processed 157000 documents (1457.799049371421 docs/s, 0.001390265511866971 MB/s).
Processed 158000 documents (1464.8235387047519 docs/s, 0.0013969645869300383 MB/s).
Processed 159000 documents (1471.3613625515868 docs/s, 0.0014031995416179531 MB/s).
Processed 160000 documents (1477.3691340900468 docs/s, 0.001408928999033019 MB/s).
Processed 161000 documents (1483.8273641187686 docs/s, 0.0014150880471408545 MB/s).
Processed 162000 documents (1490.2933156659121 docs/s, 0.0014212544590624925 MB/s).
Processed 163000 documents (1496.8943557717253 docs/s, 0.001427549701472974 MB/s).
Processed 164000 documents (1503.3721837626294 docs/s, 0.001433727439653997 MB/s).
Processed 165000 documents (1509.3417373038444 docs/s, 0.0014394204495466656 MB/s).
Processed 166000 documents (1515.5114832719578 docs/s, 0.0014453043778152063 MB/s).
Processed 167000 documents (1522.2121017715706 docs/s, 0.0014516945855823236 MB/s).
Processed 168000 documents (1528.6985510131765 docs/s, 0.001457880545628716 MB/s).
Processed 169000 documents (1535.0447327819259 docs/s, 0.0014639327361888178 MB/s).
Processed 170000 documents (1540.5969346512331 docs/s, 0.001469227728511079 MB/s).
Processed 171000 documents (1546.5966599850233 docs/s, 0.0014749495124674065 MB/s).
Processed 172000 documents (1553.4324387605661 docs/s, 0.0014814686191182767 MB/s).
Processed 173000 documents (1558.6063477490702 docs/s, 0.0014864028432360365 MB/s).
Processed 174000 documents (1564.821364524836 docs/s, 0.0014923299451111184 MB/s).
Processed 175000 documents (1571.355685981743 docs/s, 0.0014985615596597127 MB/s).
Processed 176000 documents (1577.9009635768462 docs/s, 0.001504803622795912 MB/s).
Processed 177000 documents (1584.5056348162757 docs/s, 0.001511102328125263 MB/s).
Processed 178000 documents (1590.6251878130047 docs/s, 0.0015169383886461303 MB/s).
Processed 179000 documents (1596.553019316067 docs/s, 0.0015225916093025847 MB/s).
Processed 180000 documents (1602.2078696846538 docs/s, 0.0015279844948622263 MB/s).
Processed 181000 documents (1607.0293348968723 docs/s, 0.0015325826024025653 MB/s).
Processed 182000 documents (1613.3264614526017 docs/s, 0.0015385880102659242 MB/s).
Processed 183000 documents (1618.862962709323 docs/s, 0.0015438680293172102 MB/s).
Processed 184000 documents (1625.0501906046961 docs/s, 0.0015497686296507798 MB/s).
Processed 185000 documents (1631.1259257409713 docs/s, 0.0015555629022035325 MB/s).
Processed 186000 documents (1637.6623468851376 docs/s, 0.0015617965191699387 MB/s).
Processed 187000 documents (1644.2528456369737 docs/s, 0.0015680817085618722 MB/s).
Processed 188000 documents (1649.607925286239 docs/s, 0.0015731887104856862 MB/s).
Processed 189000 documents (1654.1250424147825 docs/s, 0.001577496569075377 MB/s).
Processed 190000 documents (1660.0496999346328 docs/s, 0.0015831467627855614 MB/s).
Processed 191000 documents (1666.1791032619342 docs/s, 0.0015889922173137037 MB/s).
Processed 192000 documents (1672.350935556137 docs/s, 0.0015948781352578517 MB/s).
Processed 193000 documents (1677.4918201256462 docs/s, 0.0015997808648354017 MB/s).
Processed 194000 documents (1683.2172453065587 docs/s, 0.0016052410557809435 MB/s).
Processed 195000 documents (1688.8712334131374 docs/s, 0.001610633119023454 MB/s).
Processed 196000 documents (1694.5743598828815 docs/s, 0.0016160720442608657 MB/s).
Processed 197000 documents (1700.1670220631413 docs/s, 0.001621405622542516 MB/s).
Processed 198000 documents (1706.5408832890262 docs/s, 0.00162748421028998 MB/s).
Processed 199000 documents (1711.295024106968 docs/s, 0.0016320181122846298 MB/s).
Processed 200000 documents (1716.8185684808927 docs/s, 0.001637285774689572 MB/s).
Processed 201000 documents (1721.720888258826 docs/s, 0.0016419609911525975 MB/s).
Processed 202000 documents (1727.8662845879355 docs/s, 0.0016478216977958064 MB/s).
Processed 203000 documents (1733.7960347729745 docs/s, 0.0016534767482499833 MB/s).
Processed 204000 documents (1738.8238602197462 docs/s, 0.0016582716562459432 MB/s).
Processed 205000 documents (1743.521619432319 docs/s, 0.0016627517885516349 MB/s).
Processed 206000 documents (1749.0740502076114 docs/s, 0.0016680469991756548 MB/s).
Processed 207000 documents (1754.8671822526237 docs/s, 0.001673571760418533 MB/s).
Processed 208000 documents (1760.1141831745238 docs/s, 0.001678575690435909 MB/s).
Processed 209000 documents (1764.529426830333 docs/s, 0.00168278639491113 MB/s).
Processed 210000 documents (1770.4456953386511 docs/s, 0.001688428588236476 MB/s).
Processed 211000 documents (1775.9534182776245 docs/s, 0.0016936811621452565 MB/s).
Processed 212000 documents (1781.3854581028575 docs/s, 0.001698861559012277 MB/s).
Processed 213000 documents (1786.6371621448825 docs/s, 0.0017038699742745233 MB/s).
Processed 214000 documents (1792.8496729775975 docs/s, 0.0017097946862960792 MB/s).
Processed 215000 documents (1798.3519650120568 docs/s, 0.0017150420808907097 MB/s).
Processed 216000 documents (1803.0396827932248 docs/s, 0.0017195126369411705 MB/s).
Processed 217000 documents (1808.2128448438837 docs/s, 0.0017244461487234913 MB/s).
Processed 218000 documents (1813.7417803859514 docs/s, 0.001729718952547027 MB/s).
Processed 219000 documents (1819.4942021159286 docs/s, 0.0017352048894080435 MB/s).
Processed 220000 documents (1823.9661370167362 docs/s, 0.0017394696588675844 MB/s).
Processed 221000 documents (1828.6450222675726 docs/s, 0.001743931791560719 MB/s).
Processed 222000 documents (1834.3009787061808 docs/s, 0.0017493257319509323 MB/s).
Processed 223000 documents (1838.878540406717 docs/s, 0.0017536912349764987 MB/s).
Processed 224000 documents (1844.229344834748 docs/s, 0.0017587941597316246 MB/s).
Processed 225000 documents (1849.3459037908399 docs/s, 0.0017636736905964278 MB/s).
Processed 226000 documents (1854.5014157203975 docs/s, 0.001768590369911573 MB/s).
Processed 227000 documents (1859.419931612792 docs/s, 0.0017732810321929855 MB/s).
Processed 228000 documents (1864.547423244133 docs/s, 0.0017781709892693833 MB/s).
Processed 229000 documents (1870.1031483317545 docs/s, 0.001783469341594462 MB/s).
Processed 230000 documents (1875.2659542036918 docs/s, 0.0017883929769551199 MB/s).
Processed 231000 documents (1880.4411863616942 docs/s, 0.0017933284629456465 MB/s).
Processed 232000 documents (1885.7031552329472 docs/s, 0.0017983466675118897 MB/s).
Processed 233000 documents (1890.7814934596372 docs/s, 0.001803189748248708 MB/s).
Processed 234000 documents (1895.7454915687697 docs/s, 0.0018079237857520768 MB/s).
Processed 235000 documents (1900.4011115697206 docs/s, 0.001812363730973931 MB/s).
Processed 236000 documents (1904.7943820697474 docs/s, 0.0018165534802148317 MB/s).
Processed 237000 documents (1909.6341969418322 docs/s, 0.0018211690873545 MB/s).
Processed 238000 documents (1914.6747220548848 docs/s, 0.001825976106696019 MB/s).
Processed 239000 documents (1919.8322489837083 docs/s, 0.0018308947076642115 MB/s).
Processed 240000 documents (1925.3165990635728 docs/s, 0.0018361249914775589 MB/s).
Processed 241000 documents (1929.9701901728881 docs/s, 0.0018405630017975694 MB/s).
Processed 242000 documents (1930.283534940033 docs/s, 0.0018408618306541757 MB/s).
Processed 243000 documents (1933.9113249889951 docs/s, 0.0018443215608491851 MB/s).
Processed 244000 documents (1938.950578727133 docs/s, 0.0018491273677131014 MB/s).
Processed 245000 documents (1944.1256265951442 docs/s, 0.0018540626779509966 MB/s).
Processed 246000 documents (1949.4858265694932 docs/s, 0.0018591745629973346 MB/s).
Processed 247000 documents (1954.6979648854658 docs/s, 0.0018641452454428347 MB/s).
Processed 248000 documents (1959.8764821957516 docs/s, 0.0018690838643987194 MB/s).
Processed 249000 documents (1964.8284834114313 docs/s, 0.0018738064607729257 MB/s).
Processed 250000 documents (1969.8369542950059 docs/s, 0.0018785829108190592 MB/s).
Processed 251000 documents (1974.147512834285 docs/s, 0.0018826937797873354 MB/s).
Processed 252000 documents (1978.5972591691561 docs/s, 0.0018869373885814248 MB/s).
Processed 253000 documents (1983.3891085304078 docs/s, 0.0018915072522453383 MB/s).
Processed 254000 documents (1988.7349774052873 docs/s, 0.0018966054700901864 MB/s).
Processed 255000 documents (1993.454754638625 docs/s, 0.0019011066004167795 MB/s).
Processed 256000 documents (1997.4851345094223 docs/s, 0.0019049502701849197 MB/s).
Processed 257000 documents (2002.43636267484 docs/s, 0.0019096721293209457 MB/s).
Processed 258000 documents (2006.9957851213574 docs/s, 0.0019140203334058355 MB/s).
Processed 259000 documents (2011.7232181662243 docs/s, 0.0019185287648832553 MB/s).
Processed 260000 documents (2016.8166280659389 docs/s, 0.0019233862190875424 MB/s).
Processed 261000 documents (2020.5874997607652 docs/s, 0.0019269824025733616 MB/s).
Processed 262000 documents (2025.599420677805 docs/s, 0.0019317621428278017 MB/s).
Processed 263000 documents (2029.077435710149 docs/s, 0.001935079036436223 MB/s).
Processed 264000 documents (2034.3102417604475 docs/s, 0.001940069429169128 MB/s).
Processed 265000 documents (2038.484324972374 docs/s, 0.0019440501451228847 MB/s).
Processed 266000 documents (2043.4041635995195 docs/s, 0.0019487420688624568 MB/s).
Processed 267000 documents (2047.1956718198924 docs/s, 0.0019523579328726696 MB/s).
Processed 268000 documents (2051.7860121735494 docs/s, 0.0019567356225715154 MB/s).
Processed 269000 documents (2056.320338841989 docs/s, 0.001961059893457402 MB/s).
Processed 270000 documents (2060.9780341413343 docs/s, 0.001965501817838034 MB/s).
Processed 271000 documents (2064.501546187911 docs/s, 0.0019688621007804023 MB/s).
Processed 272000 documents (2069.210968825865 docs/s, 0.0019733533561953212 MB/s).
Processed 273000 documents (2074.066421361526 docs/s, 0.0019779838765731105 MB/s).
Processed 274000 documents (2077.9864390924045 docs/s, 0.0019817222968029065 MB/s).
Processed 275000 documents (2082.436474015117 docs/s, 0.001985966180815808 MB/s).
Processed 276000 documents (2087.000383998093 docs/s, 0.0019903186645489628 MB/s).
Processed 277000 documents (2090.5786245743334 docs/s, 0.0019937311406844458 MB/s).
Processed 278000 documents (2094.809200805658 docs/s, 0.0019977657325798586 MB/s).
Processed 279000 documents (2098.740389162164 docs/s, 0.0020015148059484137 MB/s).
Processed 280000 documents (2103.1599430278948 docs/s, 0.0020057296209601352 MB/s).
Processed 281000 documents (2107.6251493886903 docs/s, 0.0020099879735838797 MB/s).
Processed 282000 documents (2111.181693240311 docs/s, 0.0020133797581103428 MB/s).
Processed 283000 documents (2115.8913355383365 docs/s, 0.0020178712230094304 MB/s).
Processed 284000 documents (2119.694182601496 docs/s, 0.0020214979005827864 MB/s).
Processed 285000 documents (2124.1988689249843 docs/s, 0.002025793904232964 MB/s).
Processed 286000 documents (2128.279739490618 docs/s, 0.002029685725679987 MB/s).
Processed 287000 documents (2132.9769154416335 docs/s, 0.0020341653017441116 MB/s).
Processed 288000 documents (2137.5551470533587 docs/s, 0.002038531443646773 MB/s).
Processed 289000 documents (2140.246549297107 docs/s, 0.002041098164841754 MB/s).
Processed 290000 documents (2144.959383584772 docs/s, 0.0020455926738593786 MB/s).
Processed 291000 documents (2149.16888094967 docs/s, 0.002049607163381262 MB/s).
Processed 292000 documents (2153.8625708210548 docs/s, 0.0020540834148607776 MB/s).
Processed 293000 documents (2158.4622054674164 docs/s, 0.002058469968287865 MB/s).
Processed 294000 documents (2162.8100542818725 docs/s, 0.002062616400033829 MB/s).
Processed 295000 documents (2167.558962495213 docs/s, 0.002067145311827863 MB/s).
Processed 296000 documents (2171.505564670014 docs/s, 0.0020709090849590434 MB/s).
Processed 297000 documents (2175.5175406007866 docs/s, 0.0020747352033622614 MB/s).
Processed 298000 documents (2180.2925773878496 docs/s, 0.0020792890333059784 MB/s).
Processed 299000 documents (2184.73951508056 docs/s, 0.0020835299635701752 MB/s).
Processed 300000 documents (2188.5586626511003 docs/s, 0.002087172186518765 MB/s).
Processed 301000 documents (2192.4215554673056 docs/s, 0.00209085612818461 MB/s).
Processed 302000 documents (2196.8902423180293 docs/s, 0.0020951178000622075 MB/s).
Processed 303000 documents (2201.6651347755655 docs/s, 0.0020996714923625617 MB/s).
Processed 304000 documents (2206.290270509965 docs/s, 0.0021040823655223513 MB/s).
Processed 305000 documents (2209.9591014878138 docs/s, 0.0021075812353971613 MB/s).
Processed 306000 documents (2213.93192020914 docs/s, 0.002111370010575428 MB/s).
Processed 307000 documents (2217.201524320042 docs/s, 0.0021144881480408117 MB/s).
Processed 308000 documents (2221.111084656328 docs/s, 0.002118216595321968 MB/s).
Processed 309000 documents (2224.555164768144 docs/s, 0.0021215011260682527 MB/s).
Processed 310000 documents (2227.6113013500612 docs/s, 0.0021244156850338566 MB/s).
Processed 311000 documents (2231.6884979360198 docs/s, 0.0021283040027008245 MB/s).
Processed 312000 documents (2235.770635745008 docs/s, 0.0021321970326852874 MB/s).
Processed 313000 documents (2239.3272100940744 docs/s, 0.0021355888462963814 MB/s).
Processed 314000 documents (2243.400928340187 docs/s, 0.0021394738467599744 MB/s).
Processed 315000 documents (2246.019918587471 docs/s, 0.0021419715104937275 MB/s).
Processed 316000 documents (2250.5058560964617 docs/s, 0.0021462496338810555 MB/s).
Processed 317000 documents (2254.7753919195166 docs/s, 0.0021503213805384794 MB/s).
Processed 318000 documents (2258.3980598824396 docs/s, 0.002153776225931587 MB/s).
Processed 319000 documents (2262.7955733148297 docs/s, 0.0021579700215481087 MB/s).
Processed 320000 documents (2266.925305457015 docs/s, 0.002161908441025748 MB/s).
Processed 321000 documents (2270.7211651293264 docs/s, 0.002165528454903914 MB/s).
Processed 322000 documents (2274.402524575796 docs/s, 0.0021690392728574716 MB/s).
Processed 323000 documents (2278.898838982319 docs/s, 0.00217332729242546 MB/s).
Processed 324000 documents (2282.30508480406 docs/s, 0.00217657574158102 MB/s).
Processed 325000 documents (2285.9361686069233 docs/s, 0.00218003861294453 MB/s).
Processed 326000 documents (2289.68676258969 docs/s, 0.002183615458097162 MB/s).
Processed 327000 documents (2293.2695391405864 docs/s, 0.0021870322600751747 MB/s).
Processed 328000 documents (2296.477046207737 docs/s, 0.002190091177184808 MB/s).
Processed 329000 documents (2300.654418056085 docs/s, 0.0021940750294266557 MB/s).
Processed 330000 documents (2304.9353952296683 docs/s, 0.0021981576874062236 MB/s).
Processed 331000 documents (2308.5384032583906 docs/s, 0.0022015937836250216 MB/s).
Processed 332000 documents (2312.951903472633 docs/s, 0.002205802825424798 MB/s).
Processed 333000 documents (2317.1457142959575 docs/s, 0.002209802355094869 MB/s).
Processed 334000 documents (2320.3470819994877 docs/s, 0.0022128554172510984 MB/s).
Processed 335000 documents (2324.5629989745394 docs/s, 0.0022168760289903063 MB/s).
Processed 336000 documents (2328.0269308961747 docs/s, 0.0022201794918977496 MB/s).
Processed 337000 documents (2331.7274330334453 docs/s, 0.002223708565743871 MB/s).
Processed 338000 documents (2335.56405721651 docs/s, 0.0022273674556889628 MB/s).
Processed 339000 documents (2339.384087788342 docs/s, 0.002231010520733206 MB/s).
Processed 340000 documents (2342.9076106282705 docs/s, 0.0022343708139689164 MB/s).
Processed 341000 documents (2346.404421040924 docs/s, 0.002237705632248806 MB/s).
Processed 342000 documents (2349.5466720160484 docs/s, 0.0022407023162994847 MB/s).
Processed 343000 documents (2352.6691128459906 docs/s, 0.0022436801079234988 MB/s).
Processed 344000 documents (2356.78459166982 docs/s, 0.002247604934377499 MB/s).
Processed 345000 documents (2360.3058979272264 docs/s, 0.0022509631137153877 MB/s).
Processed 346000 documents (2363.1804903103252 docs/s, 0.002253704538641286 MB/s).
Processed 347000 documents (2366.6708537234454 docs/s, 0.002257033208583303 MB/s).
Processed 348000 documents (2369.5804207690394 docs/s, 0.002259807987946548 MB/s).
Processed 349000 documents (2372.4630005556132 docs/s, 0.002262557030253995 MB/s).
Processed 350000 documents (2376.0823582552143 docs/s, 0.002266008718733992 MB/s).
Processed 351000 documents (2377.8740172195016 docs/s, 0.0022677173778719918 MB/s).
Processed 352000 documents (2381.1380392918295 docs/s, 0.002270830191890554 MB/s).
Processed 353000 documents (2384.4276009455903 docs/s, 0.0022739673623519805 MB/s).
Processed 354000 documents (2388.2905749458814 docs/s, 0.0022776513814410032 MB/s).
Processed 355000 documents (2392.000073113715 docs/s, 0.0022811890345704224 MB/s).
Processed 356000 documents (2395.7403970221612 docs/s, 0.0022847560854169476 MB/s).
Processed 357000 documents (2398.37115212237 docs/s, 0.0022872649689887714 MB/s).
Processed 358000 documents (2401.0383066584227 docs/s, 0.0022898085657676913 MB/s).
Processed 359000 documents (2403.508806010413 docs/s, 0.002292164617548383 MB/s).
Processed 360000 documents (2406.9906283678724 docs/s, 0.002295485142104981 MB/s).
Processed 361000 documents (2411.0382470079694 docs/s, 0.0022993452520446486 MB/s).
Processed 362000 documents (2414.8258723562126 docs/s, 0.0023029574130594374 MB/s).
Processed 363000 documents (2418.675818108171 docs/s, 0.0023066290074426374 MB/s).
Processed 364000 documents (2420.9607936946577 docs/s, 0.002308808129973085 MB/s).
Processed 365000 documents (2424.616215384441 docs/s, 0.002312294211754266 MB/s).
Opening /fsx/loubna/data/stack_march_no_pii_json/perl
Input is not a jsonl file, will try to load from HF datasets
Vocab size: 49152
Output prefix: /fsx/loubna/data/tokenized_stack_no_pii/code/perl/gpt2-preprocessed
Time to startup: 0.9756677150726318
END TIME: Wed Mar 29 01:09:07 UTC 2023
