START TIME: Wed Mar 29 01:06:11 UTC 2023
FULL_OUT_PATH is: /fsx/loubna/data/tokenized_stack_no_pii/code/powershell
/fsx/loubna/code/Megatron-LM/tools/preprocess_data.py --input /fsx/loubna/data/stack_march_no_pii_json/powershell --output-prefix /fsx/loubna/data/tokenized_stack_no_pii/code/powershell/gpt2-preprocessed --tokenizer-type TokenizerFromFile --tokenizer-file /fsx/loubna/data/tokenizer/tokenizer-the-stack-march-sample-v3-no-prefix-spaces/tokenizer.json --dataset-impl mmap --append-eod --json-keys content --workers 64 --chunk-size 100 --log-interval 1000
[H[2J[3J> building TokenizerFromFile tokenizer ...
 > padded vocab (size: 49152) with 0 dummy tokens (new size: 49152)
> building TokenizerFromFile tokenizer ...
> building TokenizerFromFile tokenizer ...
> building TokenizerFromFile tokenizer ...
> building TokenizerFromFile tokenizer ...
> building TokenizerFromFile tokenizer ...
> building TokenizerFromFile tokenizer ...
> building TokenizerFromFile tokenizer ...
> building TokenizerFromFile tokenizer ...
> building TokenizerFromFile tokenizer ...
> building TokenizerFromFile tokenizer ...
> building TokenizerFromFile tokenizer ...
> building TokenizerFromFile tokenizer ...
> building TokenizerFromFile tokenizer ...
> building TokenizerFromFile tokenizer ...
> building TokenizerFromFile tokenizer ...
> building TokenizerFromFile tokenizer ...
> building TokenizerFromFile tokenizer ...
 > padded vocab (size: 49152) with 0 dummy tokens (new size: 49152)
> building TokenizerFromFile tokenizer ...
 > padded vocab (size: 49152) with 0 dummy tokens (new size: 49152)
> building TokenizerFromFile tokenizer ...
 > padded vocab (size: 49152) with 0 dummy tokens (new size: 49152)
 > padded vocab (size: 49152) with 0 dummy tokens (new size: 49152)
> building TokenizerFromFile tokenizer ...
 > padded vocab (size: 49152) with 0 dummy tokens (new size: 49152)
 > padded vocab (size: 49152) with 0 dummy tokens (new size: 49152)
> building TokenizerFromFile tokenizer ...
 > padded vocab (size: 49152) with 0 dummy tokens (new size: 49152)
> building TokenizerFromFile tokenizer ...
 > padded vocab (size: 49152) with 0 dummy tokens (new size: 49152)
 > padded vocab (size: 49152) with 0 dummy tokens (new size: 49152)
> building TokenizerFromFile tokenizer ...
 > padded vocab (size: 49152) with 0 dummy tokens (new size: 49152)
> building TokenizerFromFile tokenizer ...
 > padded vocab (size: 49152) with 0 dummy tokens (new size: 49152)
 > padded vocab (size: 49152) with 0 dummy tokens (new size: 49152)
> building TokenizerFromFile tokenizer ...
> building TokenizerFromFile tokenizer ...
> building TokenizerFromFile tokenizer ...
> building TokenizerFromFile tokenizer ...
> building TokenizerFromFile tokenizer ...
 > padded vocab (size: 49152) with 0 dummy tokens (new size: 49152)
> building TokenizerFromFile tokenizer ...
 > padded vocab (size: 49152) with 0 dummy tokens (new size: 49152)
> building TokenizerFromFile tokenizer ...
 > padded vocab (size: 49152) with 0 dummy tokens (new size: 49152)
> building TokenizerFromFile tokenizer ...
 > padded vocab (size: 49152) with 0 dummy tokens (new size: 49152)
> building TokenizerFromFile tokenizer ...
 > padded vocab (size: 49152) with 0 dummy tokens (new size: 49152)
> building TokenizerFromFile tokenizer ...
 > padded vocab (size: 49152) with 0 dummy tokens (new size: 49152)
> building TokenizerFromFile tokenizer ...
 > padded vocab (size: 49152) with 0 dummy tokens (new size: 49152)
> building TokenizerFromFile tokenizer ...
 > padded vocab (size: 49152) with 0 dummy tokens (new size: 49152)
 > padded vocab (size: 49152) with 0 dummy tokens (new size: 49152)
> building TokenizerFromFile tokenizer ...
 > padded vocab (size: 49152) with 0 dummy tokens (new size: 49152)
> building TokenizerFromFile tokenizer ...
 > padded vocab (size: 49152) with 0 dummy tokens (new size: 49152)
> building TokenizerFromFile tokenizer ...
 > padded vocab (size: 49152) with 0 dummy tokens (new size: 49152)
> building TokenizerFromFile tokenizer ...
 > padded vocab (size: 49152) with 0 dummy tokens (new size: 49152)
> building TokenizerFromFile tokenizer ...
 > padded vocab (size: 49152) with 0 dummy tokens (new size: 49152)
> building TokenizerFromFile tokenizer ...
 > padded vocab (size: 49152) with 0 dummy tokens (new size: 49152)
> building TokenizerFromFile tokenizer ...
 > padded vocab (size: 49152) with 0 dummy tokens (new size: 49152)
> building TokenizerFromFile tokenizer ...
 > padded vocab (size: 49152) with 0 dummy tokens (new size: 49152)
 > padded vocab (size: 49152) with 0 dummy tokens (new size: 49152)
 > padded vocab (size: 49152) with 0 dummy tokens (new size: 49152)
 > padded vocab (size: 49152) with 0 dummy tokens (new size: 49152)
> building TokenizerFromFile tokenizer ...
 > padded vocab (size: 49152) with 0 dummy tokens (new size: 49152)
 > padded vocab (size: 49152) with 0 dummy tokens (new size: 49152)
> building TokenizerFromFile tokenizer ...
 > padded vocab (size: 49152) with 0 dummy tokens (new size: 49152)
> building TokenizerFromFile tokenizer ...
> building TokenizerFromFile tokenizer ...
 > padded vocab (size: 49152) with 0 dummy tokens (new size: 49152)
> building TokenizerFromFile tokenizer ...
 > padded vocab (size: 49152) with 0 dummy tokens (new size: 49152)
 > padded vocab (size: 49152) with 0 dummy tokens (new size: 49152)
> building TokenizerFromFile tokenizer ...
 > padded vocab (size: 49152) with 0 dummy tokens (new size: 49152)
> building TokenizerFromFile tokenizer ...
 > padded vocab (size: 49152) with 0 dummy tokens (new size: 49152)
> building TokenizerFromFile tokenizer ...
> building TokenizerFromFile tokenizer ...
 > padded vocab (size: 49152) with 0 dummy tokens (new size: 49152)
 > padded vocab (size: 49152) with 0 dummy tokens (new size: 49152)
> building TokenizerFromFile tokenizer ...
> building TokenizerFromFile tokenizer ...
 > padded vocab (size: 49152) with 0 dummy tokens (new size: 49152)
> building TokenizerFromFile tokenizer ...
 > padded vocab (size: 49152) with 0 dummy tokens (new size: 49152)
> building TokenizerFromFile tokenizer ...
> building TokenizerFromFile tokenizer ...
> building TokenizerFromFile tokenizer ...
> building TokenizerFromFile tokenizer ...
 > padded vocab (size: 49152) with 0 dummy tokens (new size: 49152)
 > padded vocab (size: 49152) with 0 dummy tokens (new size: 49152)
 > padded vocab (size: 49152) with 0 dummy tokens (new size: 49152)
> building TokenizerFromFile tokenizer ...
 > padded vocab (size: 49152) with 0 dummy tokens (new size: 49152)
> building TokenizerFromFile tokenizer ...
> building TokenizerFromFile tokenizer ...
> building TokenizerFromFile tokenizer ...
 > padded vocab (size: 49152) with 0 dummy tokens (new size: 49152)
 > padded vocab (size: 49152) with 0 dummy tokens (new size: 49152)
 > padded vocab (size: 49152) with 0 dummy tokens (new size: 49152)
 > padded vocab (size: 49152) with 0 dummy tokens (new size: 49152)
 > padded vocab (size: 49152) with 0 dummy tokens (new size: 49152)
 > padded vocab (size: 49152) with 0 dummy tokens (new size: 49152)
 > padded vocab (size: 49152) with 0 dummy tokens (new size: 49152)
 > padded vocab (size: 49152) with 0 dummy tokens (new size: 49152)
 > padded vocab (size: 49152) with 0 dummy tokens (new size: 49152)
 > padded vocab (size: 49152) with 0 dummy tokens (new size: 49152)
 > padded vocab (size: 49152) with 0 dummy tokens (new size: 49152)
 > padded vocab (size: 49152) with 0 dummy tokens (new size: 49152)
 > padded vocab (size: 49152) with 0 dummy tokens (new size: 49152)
 > padded vocab (size: 49152) with 0 dummy tokens (new size: 49152)
 > padded vocab (size: 49152) with 0 dummy tokens (new size: 49152)
 > padded vocab (size: 49152) with 0 dummy tokens (new size: 49152)
Processed 1000 documents (812.4341058904176 docs/s, 0.000774797540560167 MB/s).
Processed 2000 documents (1117.6520668735977 docs/s, 0.0010658760708557107 MB/s).
Processed 3000 documents (1242.8656219068278 docs/s, 0.0011852890223568227 MB/s).
Processed 4000 documents (1424.8475020053513 docs/s, 0.0013588404674581063 MB/s).
Processed 5000 documents (1581.200086857915 docs/s, 0.0015079499119357252 MB/s).
Processed 6000 documents (1443.5772238334741 docs/s, 0.0013767025221190206 MB/s).
Processed 7000 documents (1477.8819768397373 docs/s, 0.0014094180839917538 MB/s).
Processed 8000 documents (1515.9344781742627 docs/s, 0.0014457077771895053 MB/s).
Processed 9000 documents (1530.6670801566029 docs/s, 0.001459757881313899 MB/s).
Processed 10000 documents (1547.1660362870825 docs/s, 0.0014754925120230508 MB/s).
Processed 11000 documents (1429.3234310483217 docs/s, 0.001363109046028444 MB/s).
Processed 12000 documents (1464.967154724689 docs/s, 0.0013971015498396768 MB/s).
Processed 13000 documents (1481.5222821951654 docs/s, 0.0014128897497131018 MB/s).
Processed 14000 documents (1514.1815948625733 docs/s, 0.00144403609739549 MB/s).
Processed 15000 documents (1507.8811457791053 docs/s, 0.0014380275209227612 MB/s).
Processed 16000 documents (1518.900159153374 docs/s, 0.0014485360709699383 MB/s).
Processed 17000 documents (1407.336273963079 docs/s, 0.0013421404590254584 MB/s).
Processed 18000 documents (1414.5410508405887 docs/s, 0.001349011469688977 MB/s).
Processed 19000 documents (1426.956292169388 docs/s, 0.0013608515664762383 MB/s).
Processed 20000 documents (1455.8034370471823 docs/s, 0.0013883623476478408 MB/s).
Processed 21000 documents (1476.0936464718507 docs/s, 0.001407712599250651 MB/s).
Processed 22000 documents (1487.3357066740666 docs/s, 0.0014184338633289972 MB/s).
Processed 23000 documents (1370.8644617814357 docs/s, 0.0013073582284750325 MB/s).
Processed 24000 documents (1397.5738462601096 docs/s, 0.0013328302824593635 MB/s).
Processed 25000 documents (1413.9028476299136 docs/s, 0.001348402831678308 MB/s).
Processed 26000 documents (1430.5924727093504 docs/s, 0.0013643192984670166 MB/s).
Processed 27000 documents (1445.625135280577 docs/s, 0.001378655562668397 MB/s).
Processed 28000 documents (1463.0052081338201 docs/s, 0.0013952304917658044 MB/s).
Processed 29000 documents (1470.0197694904964 docs/s, 0.0014019200987725224 MB/s).
Processed 30000 documents (1482.8045147382525 docs/s, 0.0014141125819571042 MB/s).
Processed 31000 documents (1485.8663966564338 docs/s, 0.0014170326201023424 MB/s).
Processed 32000 documents (1374.6094300007985 docs/s, 0.0013109297084815965 MB/s).
Processed 33000 documents (1388.0975387108404 docs/s, 0.0013237929713352588 MB/s).
Processed 34000 documents (1401.4834426412367 docs/s, 0.0013365587641155593 MB/s).
Processed 35000 documents (1411.920512068636 docs/s, 0.001346512329167019 MB/s).
Processed 36000 documents (1419.6204261036548 docs/s, 0.0013538555394207524 MB/s).
Processed 37000 documents (1433.330942127849 docs/s, 0.0013669309064177028 MB/s).
Processed 38000 documents (1449.531591549581 docs/s, 0.0013823810496803102 MB/s).
Processed 39000 documents (1455.3368715736901 docs/s, 0.0013879173961388494 MB/s).
Processed 40000 documents (1462.657029929403 docs/s, 0.0013948984431547194 MB/s).
Processed 41000 documents (1473.042250019496 docs/s, 0.0014048025608248671 MB/s).
Processed 42000 documents (1488.8526824979463 docs/s, 0.0014198805642108405 MB/s).
Processed 43000 documents (1384.0411489838377 docs/s, 0.0013199244966352823 MB/s).
Processed 44000 documents (1383.9505334886753 docs/s, 0.0013198380789648774 MB/s).
Processed 45000 documents (1392.7752370247076 docs/s, 0.0013282539720770909 MB/s).
Processed 46000 documents (1398.8397991090194 docs/s, 0.0013340375891771501 MB/s).
Processed 47000 documents (1417.0381487573611 docs/s, 0.0013513928878377544 MB/s).
Processed 48000 documents (1429.3353784683668 docs/s, 0.0013631204399760883 MB/s).
Processed 49000 documents (1429.4956543333767 docs/s, 0.001363273290952088 MB/s).
Processed 50000 documents (1448.5779093899582 docs/s, 0.0013814715474986632 MB/s).
Processed 51000 documents (1471.830883287593 docs/s, 0.0014036473114849024 MB/s).
Processed 52000 documents (1496.4760320082196 docs/s, 0.0014271507568437763 MB/s).
Processed 53000 documents (1520.528606717818 docs/s, 0.001450089079587763 MB/s).
Processed 54000 documents (1544.2969515334707 docs/s, 0.0014727563395819385 MB/s).
Processed 55000 documents (1568.5893089350957 docs/s, 0.0014959233369208295 MB/s).
Processed 56000 documents (1592.7674783904547 docs/s, 0.0015189814361481235 MB/s).
Processed 57000 documents (1616.9700932331198 docs/s, 0.0015420628483134458 MB/s).
Processed 58000 documents (1641.1136844890182 docs/s, 0.0015650879712000066 MB/s).
Processed 59000 documents (1664.8239324651158 docs/s, 0.0015876998257304343 MB/s).
Processed 60000 documents (1688.2589243516381 docs/s, 0.0016100491755977994 MB/s).
Processed 61000 documents (1712.2199005743164 docs/s, 0.0016329001432173885 MB/s).
Processed 62000 documents (1735.2556582381599 docs/s, 0.0016548687536603545 MB/s).
Processed 63000 documents (1758.6975397317053 docs/s, 0.0016772246739689878 MB/s).
Processed 64000 documents (1781.9386612661142 docs/s, 0.0016993891346608297 MB/s).
Processed 65000 documents (1805.6458408706624 docs/s, 0.0017219980629641174 MB/s).
Processed 66000 documents (1828.0952896364527 docs/s, 0.0017434075256695296 MB/s).
Processed 67000 documents (1850.5654029711552 docs/s, 0.001764836695643573 MB/s).
Processed 68000 documents (1872.8175913898974 docs/s, 0.00178605803622236 MB/s).
Processed 69000 documents (1894.9210047165896 docs/s, 0.001807137493816938 MB/s).
Processed 70000 documents (1917.3954005450591 docs/s, 0.0018285707478952972 MB/s).
Processed 71000 documents (1939.4097021418486 docs/s, 0.0018495652219217764 MB/s).
Processed 72000 documents (1961.4063237246773 docs/s, 0.0018705428349730276 MB/s).
Processed 73000 documents (1983.6284801406705 docs/s, 0.0018917355348021226 MB/s).
Processed 74000 documents (2004.681876539107 docs/s, 0.0019118136182204313 MB/s).
Processed 75000 documents (2026.1384802473544 docs/s, 0.001932276230094294 MB/s).
Processed 76000 documents (2046.0359774019091 docs/s, 0.0019512519620913593 MB/s).
Processed 77000 documents (2068.312087490142 docs/s, 0.001972496116151945 MB/s).
Processed 78000 documents (2089.8787797567047 docs/s, 0.0019930637166564033 MB/s).
Processed 79000 documents (2109.6055489849464 docs/s, 0.0020118766298150505 MB/s).
Processed 80000 documents (2131.0023598226035 docs/s, 0.002032282218763927 MB/s).
Processed 81000 documents (2151.608003223815 docs/s, 0.0020519332916486884 MB/s).
Processed 82000 documents (2171.9463496623243 docs/s, 0.002071329450285267 MB/s).
Processed 83000 documents (2192.7858642197907 docs/s, 0.002091203560085097 MB/s).
Processed 84000 documents (2212.3693513430667 docs/s, 0.002109879828780238 MB/s).
Processed 85000 documents (2233.542119625381 docs/s, 0.002130071754098302 MB/s).
Processed 86000 documents (2253.895211254088 docs/s, 0.0021494819748440626 MB/s).
Processed 87000 documents (2274.4522876806127 docs/s, 0.00216908673065244 MB/s).
Processed 88000 documents (2294.2975039618414 docs/s, 0.0021880126037233747 MB/s).
Processed 89000 documents (2313.244215197038 docs/s, 0.0022060815956087476 MB/s).
Processed 90000 documents (2333.4142504012384 docs/s, 0.0022253172401440033 MB/s).
Processed 91000 documents (2351.6450069571865 docs/s, 0.002242703444440066 MB/s).
Processed 92000 documents (2372.137764391342 docs/s, 0.002262246860877363 MB/s).
Processed 93000 documents (2392.1307190255943 docs/s, 0.002281313628221125 MB/s).
Processed 94000 documents (2411.5475737012493 docs/s, 0.0022998309838306898 MB/s).
Processed 95000 documents (2431.655718275776 docs/s, 0.0023190076048619996 MB/s).
Processed 96000 documents (2450.6387888081513 docs/s, 0.002337111271675254 MB/s).
Processed 97000 documents (2471.0921912275776 docs/s, 0.0023566171562457825 MB/s).
Processed 98000 documents (2490.9705408323493 docs/s, 0.0023755746277163976 MB/s).
Processed 99000 documents (2509.436968341509 docs/s, 0.002393185585347661 MB/s).
Processed 100000 documents (2528.378753344027 docs/s, 0.0024112498792114513 MB/s).
Processed 101000 documents (2547.085621543259 docs/s, 0.002429090138953456 MB/s).
Processed 102000 documents (2565.7445405864883 docs/s, 0.002446884670816887 MB/s).
Processed 103000 documents (2583.7506659830783 docs/s, 0.0024640566501456054 MB/s).
Processed 104000 documents (2601.707331978298 docs/s, 0.002481181461313532 MB/s).
Processed 105000 documents (2620.318924622946 docs/s, 0.002498930859206148 MB/s).
Processed 106000 documents (2638.7032492565068 docs/s, 0.0025164635174336498 MB/s).
Processed 107000 documents (2657.0986047249967 docs/s, 0.002534006695485112 MB/s).
Processed 108000 documents (2675.9448463274516 docs/s, 0.00255197987206216 MB/s).
Processed 109000 documents (2692.29832799466 docs/s, 0.0025675757675119974 MB/s).
Processed 110000 documents (2710.77989696575 docs/s, 0.0025852011651666166 MB/s).
Processed 111000 documents (2729.2018432603995 docs/s, 0.002602769702206039 MB/s).
Processed 112000 documents (2746.3018391443024 docs/s, 0.00261907752909117 MB/s).
Processed 113000 documents (2762.08456702508 docs/s, 0.0026341291113138963 MB/s).
Processed 114000 documents (2778.4706295922715 docs/s, 0.0026497560783312526 MB/s).
Processed 115000 documents (2796.916910068437 docs/s, 0.0026673478222545978 MB/s).
Processed 116000 documents (2814.5273099110595 docs/s, 0.0026841424082861515 MB/s).
Processed 117000 documents (2830.697889868592 docs/s, 0.002699563875073044 MB/s).
Processed 118000 documents (2847.3706246118886 docs/s, 0.00271546423398198 MB/s).
Processed 119000 documents (2864.5574589084836 docs/s, 0.0027318548764309726 MB/s).
Processed 120000 documents (2882.599242543243 docs/s, 0.002749060862105601 MB/s).
Processed 121000 documents (2899.3366561520006 docs/s, 0.002765022903587342 MB/s).
Processed 122000 documents (2915.597050990368 docs/s, 0.002780530024519318 MB/s).
Processed 123000 documents (2932.7971953170877 docs/s, 0.002796933360402191 MB/s).
Processed 124000 documents (2949.660063578904 docs/s, 0.0028130150447644273 MB/s).
Processed 125000 documents (2966.7751826920066 docs/s, 0.002829337294284827 MB/s).
Processed 126000 documents (2983.4873266106065 docs/s, 0.0028452752367120805 MB/s).
Processed 127000 documents (2999.032171451507 docs/s, 0.0028600999559893676 MB/s).
Processed 128000 documents (3014.1297245611563 docs/s, 0.0028744981046306193 MB/s).
Processed 129000 documents (3031.0883951664887 docs/s, 0.0028906711532273185 MB/s).
Processed 130000 documents (3047.650492813109 docs/s, 0.0029064660003787126 MB/s).
Processed 131000 documents (3063.4939650118586 docs/s, 0.0029215755128973566 MB/s).
Processed 132000 documents (3080.057036406998 docs/s, 0.002937371288687704 MB/s).
Processed 133000 documents (3096.1226904642745 docs/s, 0.0029526926903383965 MB/s).
Processed 134000 documents (3112.394906707049 docs/s, 0.002968211085040139 MB/s).
Processed 135000 documents (3128.443419627523 docs/s, 0.002983516139628909 MB/s).
Processed 136000 documents (3143.7577885012533 docs/s, 0.002998121059895757 MB/s).
Processed 137000 documents (3159.3719495488313 docs/s, 0.003013011884259063 MB/s).
Processed 138000 documents (3174.4254965815967 docs/s, 0.003027368065435025 MB/s).
Processed 139000 documents (3190.9084631852315 docs/s, 0.0030430874473430934 MB/s).
Processed 140000 documents (3204.3366622291637 docs/s, 0.0030558935758868825 MB/s).
Processed 141000 documents (3219.9827548700373 docs/s, 0.0030708148525905965 MB/s).
Processed 142000 documents (3235.731770504592 docs/s, 0.003085834284309952 MB/s).
Processed 143000 documents (3251.0616588697294 docs/s, 0.0031004540051171583 MB/s).
Processed 144000 documents (3266.6747968487516 docs/s, 0.003115343853806259 MB/s).
Processed 145000 documents (3281.6230133659315 docs/s, 0.003129599583974773 MB/s).
Processed 146000 documents (3295.766955416735 docs/s, 0.0031430882982413626 MB/s).
Processed 147000 documents (3310.973003545979 docs/s, 0.0031575899157962597 MB/s).
Processed 148000 documents (3326.608944859437 docs/s, 0.0031725015114397403 MB/s).
Processed 149000 documents (3341.9148952428827 docs/s, 0.0031870984032086208 MB/s).
Processed 150000 documents (3356.2325680000868 docs/s, 0.0032007527999878757 MB/s).
Processed 151000 documents (3369.4297878429334 docs/s, 0.0032133386495999654 MB/s).
Processed 152000 documents (3380.501433759434 docs/s, 0.003223897393950876 MB/s).
Processed 153000 documents (3394.848488909086 docs/s, 0.0032375798119631633 MB/s).
Processed 154000 documents (3408.0739352964006 docs/s, 0.003250192580505753 MB/s).
Processed 155000 documents (3422.619279826373 docs/s, 0.0032640641020072678 MB/s).
Processed 156000 documents (3437.514673736353 docs/s, 0.00327826945661197 MB/s).
Processed 157000 documents (3452.2752188372197 docs/s, 0.0032923462093708226 MB/s).
Processed 158000 documents (3466.8908020791423 docs/s, 0.003306284715727942 MB/s).
Processed 159000 documents (3480.2708948140535 docs/s, 0.0033190449665203604 MB/s).
Processed 160000 documents (3492.001225317193 docs/s, 0.0033302318814441615 MB/s).
Processed 161000 documents (3504.955656519767 docs/s, 0.003342586189765708 MB/s).
Processed 162000 documents (3518.479497022133 docs/s, 0.003355483529111989 MB/s).
Processed 163000 documents (3531.2074338991747 docs/s, 0.0033676218356124637 MB/s).
Processed 164000 documents (3543.410095043365 docs/s, 0.0033792592001374864 MB/s).
Processed 165000 documents (3555.685202334014 docs/s, 0.0033909656546917094 MB/s).
Processed 166000 documents (3569.7667118447976 docs/s, 0.003404394828648374 MB/s).
Processed 167000 documents (3583.985132920953 docs/s, 0.003417954571648553 MB/s).
Processed 168000 documents (3597.8928828771745 docs/s, 0.0034312180355808015 MB/s).
Processed 169000 documents (3611.5605419093185 docs/s, 0.003444252530965155 MB/s).
Processed 170000 documents (3623.4866980725833 docs/s, 0.003455626199791511 MB/s).
Processed 171000 documents (3636.735549766951 docs/s, 0.0034682612893743047 MB/s).
Processed 172000 documents (3650.8334042874326 docs/s, 0.00348170605114692 MB/s).
Processed 173000 documents (3662.094957403717 docs/s, 0.0034924459051167652 MB/s).
Processed 174000 documents (3675.38404625984 docs/s, 0.00350511936784729 MB/s).
Processed 175000 documents (3687.5459666426045 docs/s, 0.0035167178789545102 MB/s).
Processed 176000 documents (3700.502566742326 docs/s, 0.0035290742556975613 MB/s).
Processed 177000 documents (3713.441612996781 docs/s, 0.0035414138917892273 MB/s).
Processed 178000 documents (3727.8023713897737 docs/s, 0.00355510937823274 MB/s).
Processed 179000 documents (3739.9010684684904 docs/s, 0.0035666475948986916 MB/s).
Processed 180000 documents (3753.0947104085494 docs/s, 0.003579230032356786 MB/s).
Processed 181000 documents (3767.1371428394773 docs/s, 0.0035926219395060323 MB/s).
Processed 182000 documents (3779.984415158925 docs/s, 0.0036048740531529665 MB/s).
Processed 183000 documents (3793.0386861192887 docs/s, 0.0036173235760872734 MB/s).
Processed 184000 documents (3806.0265165584424 docs/s, 0.0036297097364029335 MB/s).
Processed 185000 documents (3819.587272188475 docs/s, 0.003642642280758357 MB/s).
Processed 186000 documents (3831.7604031861397 docs/s, 0.0036542514831410786 MB/s).
Processed 187000 documents (3845.725167496126 docs/s, 0.003667569320198179 MB/s).
Processed 188000 documents (3858.389850049137 docs/s, 0.003679647302674424 MB/s).
Processed 189000 documents (3871.035050840954 docs/s, 0.0036917067058953802 MB/s).
Processed 190000 documents (3882.826120489629 docs/s, 0.0037029515461822786 MB/s).
Processed 191000 documents (3894.744176577331 docs/s, 0.003714317490174609 MB/s).
Processed 192000 documents (3906.2028055258834 docs/s, 0.0037252452903040727 MB/s).
Processed 193000 documents (3915.671377917616 docs/s, 0.0037342752246071016 MB/s).
Processed 194000 documents (3928.7103417128087 docs/s, 0.0037467101494911277 MB/s).
Processed 195000 documents (3939.3404517475597 docs/s, 0.003756847812411842 MB/s).
Processed 196000 documents (3952.1431054933823 docs/s, 0.0037690573744710754 MB/s).
Processed 197000 documents (3961.5524189355174 docs/s, 0.0037780307950358557 MB/s).
Processed 198000 documents (3973.0234871485345 docs/s, 0.0037889704581723542 MB/s).
Processed 199000 documents (3985.7025054232945 docs/s, 0.0038010621122582383 MB/s).
Processed 200000 documents (3997.697363589585 docs/s, 0.0038125013004203655 MB/s).
Processed 201000 documents (4007.0519695167404 docs/s, 0.003821422547833195 MB/s).
Processed 202000 documents (4017.4402883011053 docs/s, 0.0038313296206484845 MB/s).
Processed 203000 documents (4029.4086297409335 docs/s, 0.0038427435204896293 MB/s).
Processed 204000 documents (4041.32396052329 docs/s, 0.0038541068654282477 MB/s).
Processed 205000 documents (4051.9183823513854 docs/s, 0.0038642104934228758 MB/s).
Processed 206000 documents (4063.372702909574 docs/s, 0.0038751341847511043 MB/s).
Processed 207000 documents (4075.5569579998773 docs/s, 0.0038867539958952688 MB/s).
Processed 208000 documents (4087.062199493856 docs/s, 0.0038977262492121277 MB/s).
Processed 209000 documents (4099.2148274628335 docs/s, 0.003909315898382982 MB/s).
Processed 210000 documents (4111.090477957832 docs/s, 0.003920641401250679 MB/s).
Processed 211000 documents (4123.523388804174 docs/s, 0.003932498349003004 MB/s).
Processed 212000 documents (4136.124126939323 docs/s, 0.0039445153493302566 MB/s).
Processed 213000 documents (4147.505938033866 docs/s, 0.00395536989024531 MB/s).
Processed 214000 documents (4159.213377543269 docs/s, 0.003966534974616308 MB/s).
Processed 215000 documents (4170.707707083204 docs/s, 0.003977496821482853 MB/s).
Processed 216000 documents (4181.016285045318 docs/s, 0.0039873278475239925 MB/s).
Processed 217000 documents (4191.343404990244 docs/s, 0.0039971765565779156 MB/s).
Processed 218000 documents (4203.296219577123 docs/s, 0.004008575648858188 MB/s).
Processed 219000 documents (4213.372164043936 docs/s, 0.004018184818309723 MB/s).
Processed 220000 documents (4224.993546532334 docs/s, 0.004029267832310042 MB/s).
Processed 221000 documents (4235.64469720891 docs/s, 0.004039425561150465 MB/s).
Processed 222000 documents (4247.536519290674 docs/s, 0.004050766486445116 MB/s).
Processed 223000 documents (4257.550427082479 docs/s, 0.0040603164931130205 MB/s).
Processed 224000 documents (4268.212694952656 docs/s, 0.004070484824135453 MB/s).
Processed 225000 documents (4278.985891501416 docs/s, 0.004080758944989601 MB/s).
Processed 226000 documents (4289.885301979168 docs/s, 0.004091153432826202 MB/s).
Processed 227000 documents (4300.304886255808 docs/s, 0.004101090322738464 MB/s).
Processed 228000 documents (4310.727251911496 docs/s, 0.0041110298651804884 MB/s).
Processed 229000 documents (4322.104010375545 docs/s, 0.0041218795875316095 MB/s).
Processed 230000 documents (4331.3601365446475 docs/s, 0.004130706917328498 MB/s).
Processed 231000 documents (4340.949544074147 docs/s, 0.004139852088998934 MB/s).
Processed 232000 documents (4351.39251456415 docs/s, 0.004149811281742239 MB/s).
Processed 233000 documents (4362.5071472468735 docs/s, 0.004160411021468042 MB/s).
Processed 234000 documents (4372.6668952588425 docs/s, 0.004170100112208216 MB/s).
Processed 235000 documents (4384.052333070477 docs/s, 0.004180958111830213 MB/s).
Processed 236000 documents (4394.571318570631 docs/s, 0.004190989798136359 MB/s).
Processed 237000 documents (4405.360470547517 docs/s, 0.004201279135272519 MB/s).
Processed 238000 documents (4416.154435198965 docs/s, 0.004211573062132802 MB/s).
Processed 239000 documents (4426.384428717834 docs/s, 0.00422132914420875 MB/s).
Processed 240000 documents (4435.588265834088 docs/s, 0.004230106607278908 MB/s).
Processed 241000 documents (4445.177164534116 docs/s, 0.004239251293691746 MB/s).
Processed 242000 documents (4454.050494589637 docs/s, 0.004247713560666692 MB/s).
Processed 243000 documents (4465.844159083161 docs/s, 0.004258960875590478 MB/s).
Processed 244000 documents (4476.4152082704295 docs/s, 0.004269042213697843 MB/s).
Processed 245000 documents (4486.069050455986 docs/s, 0.004278248835044848 MB/s).
Processed 246000 documents (4495.15423936653 docs/s, 0.004286913146368533 MB/s).
Processed 247000 documents (4504.413404568063 docs/s, 0.004295743374412597 MB/s).
Processed 248000 documents (4513.778954597251 docs/s, 0.004304675058934451 MB/s).
Processed 249000 documents (4524.911380002795 docs/s, 0.004315291767123027 MB/s).
Processed 250000 documents (4535.055871688007 docs/s, 0.00432496630829621 MB/s).
Processed 251000 documents (4541.882467175626 docs/s, 0.004331476657081247 MB/s).
Processed 252000 documents (4550.502432975087 docs/s, 0.004339697297072493 MB/s).
Processed 253000 documents (4561.595855200692 docs/s, 0.004350276808930104 MB/s).
Processed 254000 documents (4572.672445930323 docs/s, 0.004360840269022296 MB/s).
Processed 255000 documents (4582.321723825487 docs/s, 0.004370042537522781 MB/s).
Processed 256000 documents (4591.679867463717 docs/s, 0.0043789671587598005 MB/s).
Processed 257000 documents (4602.1219301990495 docs/s, 0.00438892548580079 MB/s).
Processed 258000 documents (4611.0470353199 docs/s, 0.004397437129325771 MB/s).
Processed 259000 documents (4620.400982127804 docs/s, 0.0044063577481535 MB/s).
Processed 260000 documents (4629.266418541187 docs/s, 0.0044148124871646755 MB/s).
Processed 261000 documents (4638.480287131269 docs/s, 0.004423599516993779 MB/s).
Processed 262000 documents (4646.81524980192 docs/s, 0.004431548356820984 MB/s).
Processed 263000 documents (4655.99982974882 docs/s, 0.004440307454823322 MB/s).
Processed 264000 documents (4665.369720677391 docs/s, 0.004449243279149429 MB/s).
Processed 265000 documents (4674.918426922644 docs/s, 0.0044583496350504345 MB/s).
Processed 266000 documents (4685.031868412151 docs/s, 0.0044679945644494545 MB/s).
Processed 267000 documents (4694.720657604132 docs/s, 0.004477234513858921 MB/s).
Opening /fsx/loubna/data/stack_march_no_pii_json/powershell
Input is not a jsonl file, will try to load from HF datasets
Vocab size: 49152
Output prefix: /fsx/loubna/data/tokenized_stack_no_pii/code/powershell/gpt2-preprocessed
Time to startup: 0.8888530731201172
END TIME: Wed Mar 29 01:07:31 UTC 2023
