START TIME: Wed Mar 29 01:06:14 UTC 2023
FULL_OUT_PATH is: /fsx/loubna/data/tokenized_stack_no_pii/code/restructuredtext
/fsx/loubna/code/Megatron-LM/tools/preprocess_data.py --input /fsx/loubna/data/stack_march_no_pii_json/restructuredtext --output-prefix /fsx/loubna/data/tokenized_stack_no_pii/code/restructuredtext/gpt2-preprocessed --tokenizer-type TokenizerFromFile --tokenizer-file /fsx/loubna/data/tokenizer/tokenizer-the-stack-march-sample-v3-no-prefix-spaces/tokenizer.json --dataset-impl mmap --append-eod --json-keys content --workers 64 --chunk-size 100 --log-interval 1000
[H[2J[3J> building TokenizerFromFile tokenizer ...
 > padded vocab (size: 49152) with 0 dummy tokens (new size: 49152)
> building TokenizerFromFile tokenizer ...
> building TokenizerFromFile tokenizer ...
> building TokenizerFromFile tokenizer ...
> building TokenizerFromFile tokenizer ...
> building TokenizerFromFile tokenizer ...
> building TokenizerFromFile tokenizer ...
> building TokenizerFromFile tokenizer ...
> building TokenizerFromFile tokenizer ...
> building TokenizerFromFile tokenizer ...
> building TokenizerFromFile tokenizer ...
> building TokenizerFromFile tokenizer ...
> building TokenizerFromFile tokenizer ...
> building TokenizerFromFile tokenizer ...
> building TokenizerFromFile tokenizer ...
> building TokenizerFromFile tokenizer ...
> building TokenizerFromFile tokenizer ...
> building TokenizerFromFile tokenizer ...
 > padded vocab (size: 49152) with 0 dummy tokens (new size: 49152)
> building TokenizerFromFile tokenizer ...
 > padded vocab (size: 49152) with 0 dummy tokens (new size: 49152)
 > padded vocab (size: 49152) with 0 dummy tokens (new size: 49152)
 > padded vocab (size: 49152) with 0 dummy tokens (new size: 49152)
> building TokenizerFromFile tokenizer ...
 > padded vocab (size: 49152) with 0 dummy tokens (new size: 49152)
> building TokenizerFromFile tokenizer ...
 > padded vocab (size: 49152) with 0 dummy tokens (new size: 49152)
 > padded vocab (size: 49152) with 0 dummy tokens (new size: 49152)
> building TokenizerFromFile tokenizer ...
 > padded vocab (size: 49152) with 0 dummy tokens (new size: 49152)
 > padded vocab (size: 49152) with 0 dummy tokens (new size: 49152)
> building TokenizerFromFile tokenizer ...
 > padded vocab (size: 49152) with 0 dummy tokens (new size: 49152)
 > padded vocab (size: 49152) with 0 dummy tokens (new size: 49152)
> building TokenizerFromFile tokenizer ...
> building TokenizerFromFile tokenizer ...
 > padded vocab (size: 49152) with 0 dummy tokens (new size: 49152)
> building TokenizerFromFile tokenizer ...
> building TokenizerFromFile tokenizer ...
> building TokenizerFromFile tokenizer ...
> building TokenizerFromFile tokenizer ...
> building TokenizerFromFile tokenizer ...
> building TokenizerFromFile tokenizer ...
> building TokenizerFromFile tokenizer ...
 > padded vocab (size: 49152) with 0 dummy tokens (new size: 49152)
> building TokenizerFromFile tokenizer ...
 > padded vocab (size: 49152) with 0 dummy tokens (new size: 49152)
> building TokenizerFromFile tokenizer ...
 > padded vocab (size: 49152) with 0 dummy tokens (new size: 49152)
> building TokenizerFromFile tokenizer ...
 > padded vocab (size: 49152) with 0 dummy tokens (new size: 49152)
> building TokenizerFromFile tokenizer ...
 > padded vocab (size: 49152) with 0 dummy tokens (new size: 49152)
> building TokenizerFromFile tokenizer ...
 > padded vocab (size: 49152) with 0 dummy tokens (new size: 49152)
> building TokenizerFromFile tokenizer ...
 > padded vocab (size: 49152) with 0 dummy tokens (new size: 49152)
> building TokenizerFromFile tokenizer ...
 > padded vocab (size: 49152) with 0 dummy tokens (new size: 49152)
> building TokenizerFromFile tokenizer ...
 > padded vocab (size: 49152) with 0 dummy tokens (new size: 49152)
> building TokenizerFromFile tokenizer ...
 > padded vocab (size: 49152) with 0 dummy tokens (new size: 49152)
> building TokenizerFromFile tokenizer ...
 > padded vocab (size: 49152) with 0 dummy tokens (new size: 49152)
> building TokenizerFromFile tokenizer ...
 > padded vocab (size: 49152) with 0 dummy tokens (new size: 49152)
 > padded vocab (size: 49152) with 0 dummy tokens (new size: 49152)
> building TokenizerFromFile tokenizer ...
 > padded vocab (size: 49152) with 0 dummy tokens (new size: 49152)
> building TokenizerFromFile tokenizer ...
 > padded vocab (size: 49152) with 0 dummy tokens (new size: 49152)
 > padded vocab (size: 49152) with 0 dummy tokens (new size: 49152)
 > padded vocab (size: 49152) with 0 dummy tokens (new size: 49152)
 > padded vocab (size: 49152) with 0 dummy tokens (new size: 49152)
 > padded vocab (size: 49152) with 0 dummy tokens (new size: 49152)
> building TokenizerFromFile tokenizer ...
 > padded vocab (size: 49152) with 0 dummy tokens (new size: 49152)
> building TokenizerFromFile tokenizer ...
 > padded vocab (size: 49152) with 0 dummy tokens (new size: 49152)
> building TokenizerFromFile tokenizer ...
 > padded vocab (size: 49152) with 0 dummy tokens (new size: 49152)
> building TokenizerFromFile tokenizer ...
 > padded vocab (size: 49152) with 0 dummy tokens (new size: 49152)
> building TokenizerFromFile tokenizer ...
 > padded vocab (size: 49152) with 0 dummy tokens (new size: 49152)
> building TokenizerFromFile tokenizer ...
 > padded vocab (size: 49152) with 0 dummy tokens (new size: 49152)
> building TokenizerFromFile tokenizer ...
 > padded vocab (size: 49152) with 0 dummy tokens (new size: 49152)
 > padded vocab (size: 49152) with 0 dummy tokens (new size: 49152)
> building TokenizerFromFile tokenizer ...
 > padded vocab (size: 49152) with 0 dummy tokens (new size: 49152)
> building TokenizerFromFile tokenizer ...
 > padded vocab (size: 49152) with 0 dummy tokens (new size: 49152)
> building TokenizerFromFile tokenizer ...
 > padded vocab (size: 49152) with 0 dummy tokens (new size: 49152)
> building TokenizerFromFile tokenizer ...
 > padded vocab (size: 49152) with 0 dummy tokens (new size: 49152)
> building TokenizerFromFile tokenizer ...
 > padded vocab (size: 49152) with 0 dummy tokens (new size: 49152)
> building TokenizerFromFile tokenizer ...
> building TokenizerFromFile tokenizer ...
> building TokenizerFromFile tokenizer ...
> building TokenizerFromFile tokenizer ...
> building TokenizerFromFile tokenizer ...
> building TokenizerFromFile tokenizer ...
 > padded vocab (size: 49152) with 0 dummy tokens (new size: 49152)
> building TokenizerFromFile tokenizer ...
 > padded vocab (size: 49152) with 0 dummy tokens (new size: 49152)
> building TokenizerFromFile tokenizer ...
 > padded vocab (size: 49152) with 0 dummy tokens (new size: 49152)
 > padded vocab (size: 49152) with 0 dummy tokens (new size: 49152)
 > padded vocab (size: 49152) with 0 dummy tokens (new size: 49152)
 > padded vocab (size: 49152) with 0 dummy tokens (new size: 49152)
 > padded vocab (size: 49152) with 0 dummy tokens (new size: 49152)
 > padded vocab (size: 49152) with 0 dummy tokens (new size: 49152)
 > padded vocab (size: 49152) with 0 dummy tokens (new size: 49152)
 > padded vocab (size: 49152) with 0 dummy tokens (new size: 49152)
 > padded vocab (size: 49152) with 0 dummy tokens (new size: 49152)
 > padded vocab (size: 49152) with 0 dummy tokens (new size: 49152)
 > padded vocab (size: 49152) with 0 dummy tokens (new size: 49152)
 > padded vocab (size: 49152) with 0 dummy tokens (new size: 49152)
 > padded vocab (size: 49152) with 0 dummy tokens (new size: 49152)
 > padded vocab (size: 49152) with 0 dummy tokens (new size: 49152)
 > padded vocab (size: 49152) with 0 dummy tokens (new size: 49152)
 > padded vocab (size: 49152) with 0 dummy tokens (new size: 49152)
 > padded vocab (size: 49152) with 0 dummy tokens (new size: 49152)
 > padded vocab (size: 49152) with 0 dummy tokens (new size: 49152)
Processed 1000 documents (402.73134609965103 docs/s, 0.0003840745411869536 MB/s).
Processed 2000 documents (583.3041632855139 docs/s, 0.0005562821991782321 MB/s).
Processed 3000 documents (771.9013431655795 docs/s, 0.0007361424857765003 MB/s).
Processed 4000 documents (924.0532926843978 docs/s, 0.0008812458922237375 MB/s).
Processed 5000 documents (1017.2553190787565 docs/s, 0.0009701302710330549 MB/s).
Processed 6000 documents (1072.7216228278257 docs/s, 0.0010230270603445299 MB/s).
Processed 7000 documents (1157.0905557742606 docs/s, 0.0011034875447981458 MB/s).
Processed 8000 documents (1105.452461889742 docs/s, 0.0010542416209123058 MB/s).
Processed 9000 documents (1163.6337451275635 docs/s, 0.0011097276164317737 MB/s).
Processed 10000 documents (1194.2736876441552 docs/s, 0.001138948142666011 MB/s).
Processed 11000 documents (1222.3133726158119 docs/s, 0.0011656888700636023 MB/s).
Processed 12000 documents (1254.9226425237396 docs/s, 0.0011967874932515522 MB/s).
Processed 13000 documents (1295.3028447133254 docs/s, 0.0012352970549710516 MB/s).
Processed 14000 documents (1344.4611430328928 docs/s, 0.0012821780615166595 MB/s).
Processed 15000 documents (1285.2637449515532 docs/s, 0.0012257230233684094 MB/s).
Processed 16000 documents (1334.8855743410081 docs/s, 0.0012730460875902253 MB/s).
Processed 17000 documents (1368.8733114315655 docs/s, 0.001305459319526258 MB/s).
Processed 18000 documents (1397.8019448649202 docs/s, 0.0013330478142403795 MB/s).
Processed 19000 documents (1410.446800969454 docs/s, 0.0013451068887419262 MB/s).
Processed 20000 documents (1421.402960628094 docs/s, 0.0013555554968148174 MB/s).
Processed 21000 documents (1437.6691371682175 docs/s, 0.001371068131607263 MB/s).
Processed 22000 documents (1449.7559397734703 docs/s, 0.0013825950048193649 MB/s).
Processed 23000 documents (1472.542406825268 docs/s, 0.0014043258732083016 MB/s).
Processed 24000 documents (1362.8382716213182 docs/s, 0.001299703857060736 MB/s).
Processed 25000 documents (1395.0332088963435 docs/s, 0.0013304073418582377 MB/s).
Processed 26000 documents (1407.9827185113907 docs/s, 0.001342756956588164 MB/s).
Processed 27000 documents (1424.13030354609 docs/s, 0.0013581564937077428 MB/s).
Processed 28000 documents (1436.8423491188448 docs/s, 0.0013702796450794647 MB/s).
Processed 29000 documents (1466.758936697707 docs/s, 0.0013988103262879438 MB/s).
Processed 30000 documents (1494.2637647528109 docs/s, 0.0014250409743812665 MB/s).
Processed 31000 documents (1521.9728903289154 docs/s, 0.0014514664557732729 MB/s).
Processed 32000 documents (1538.1452615419516 docs/s, 0.0014668896308345333 MB/s).
Processed 33000 documents (1547.9879912968138 docs/s, 0.001476276389405073 MB/s).
Processed 34000 documents (1570.0968025166146 docs/s, 0.0014973609948316713 MB/s).
Processed 35000 documents (1455.3807969408426 docs/s, 0.0013879592866333414 MB/s).
Processed 36000 documents (1468.6992588753744 docs/s, 0.0014006607617143387 MB/s).
Processed 37000 documents (1478.1730766657195 docs/s, 0.0014096956984193034 MB/s).
Processed 38000 documents (1501.0025641163281 docs/s, 0.0014314675942576677 MB/s).
Processed 39000 documents (1501.6452677422337 docs/s, 0.001432080524198755 MB/s).
Processed 40000 documents (1506.4229069875878 docs/s, 0.0014366368360401037 MB/s).
Processed 41000 documents (1505.187045808763 docs/s, 0.001435458226975215 MB/s).
Processed 42000 documents (1509.263475438232 docs/s, 0.001439345813215477 MB/s).
Processed 43000 documents (1517.1763805523528 docs/s, 0.0014468921475909737 MB/s).
Processed 44000 documents (1525.5430753319768 docs/s, 0.0014548712495155113 MB/s).
Processed 45000 documents (1373.624914482163 docs/s, 0.0013099908013173703 MB/s).
Processed 46000 documents (1377.902983004017 docs/s, 0.0013140706853904886 MB/s).
Processed 47000 documents (1383.6121177972052 docs/s, 0.0013195153406116535 MB/s).
Processed 48000 documents (1383.5213339501754 docs/s, 0.0013194287623883966 MB/s).
Processed 49000 documents (1382.2930259444145 docs/s, 0.0013182573565906663 MB/s).
Processed 50000 documents (1384.1129069680928 docs/s, 0.0013199929303818634 MB/s).
Processed 51000 documents (1385.0038229004176 docs/s, 0.0013208425740245987 MB/s).
Processed 52000 documents (1393.470090823977 docs/s, 0.0013289166362991114 MB/s).
Processed 53000 documents (1406.181295275524 docs/s, 0.0013410389855151405 MB/s).
Processed 54000 documents (1413.0597306872517 docs/s, 0.0013475987727043645 MB/s).
Processed 55000 documents (1423.5626046551536 docs/s, 0.0013576150938560043 MB/s).
Processed 56000 documents (1434.918567901553 docs/s, 0.0013684449843421487 MB/s).
Processed 57000 documents (1334.6828922571813 docs/s, 0.001272852794892484 MB/s).
Processed 58000 documents (1344.5430972339643 docs/s, 0.001282256219133343 MB/s).
Processed 59000 documents (1351.347319521046 docs/s, 0.001288745231171652 MB/s).
Processed 60000 documents (1357.3250199839542 docs/s, 0.0012944460105742972 MB/s).
Processed 61000 documents (1363.7552904823988 docs/s, 0.0013005783943962086 MB/s).
Processed 62000 documents (1371.698750415029 docs/s, 0.0013081538681173602 MB/s).
Processed 63000 documents (1378.3300565101383 docs/s, 0.001314477974424494 MB/s).
Processed 64000 documents (1383.7719638404635 docs/s, 0.0013196677816776881 MB/s).
Processed 65000 documents (1392.8727533060985 docs/s, 0.0013283469708500848 MB/s).
Processed 66000 documents (1398.5045829477256 docs/s, 0.00133371790213368 MB/s).
Processed 67000 documents (1399.90761114043 docs/s, 0.001335055934086256 MB/s).
Processed 68000 documents (1403.963293012039 docs/s, 0.001338923733722724 MB/s).
Processed 69000 documents (1416.7494658606317 docs/s, 0.0013511175783735578 MB/s).
Processed 70000 documents (1426.6669628186312 docs/s, 0.001360575640505439 MB/s).
Processed 71000 documents (1436.6369753590384 docs/s, 0.0013700837853994736 MB/s).
Processed 72000 documents (1442.9629926514076 docs/s, 0.0013761167456163479 MB/s).
Processed 73000 documents (1290.5741268307363 docs/s, 0.0012307873981768954 MB/s).
Processed 74000 documents (1297.1908743705258 docs/s, 0.0012370976203637369 MB/s).
Processed 75000 documents (1301.145380758274 docs/s, 0.001240868931539797 MB/s).
Processed 76000 documents (1306.08778138515 docs/s, 0.0012455823720790387 MB/s).
Processed 77000 documents (1313.4699551137753 docs/s, 0.0012526225615632775 MB/s).
Processed 78000 documents (1318.3729117835367 docs/s, 0.0012572983854136817 MB/s).
Processed 79000 documents (1325.6174334442665 docs/s, 0.0012642072996561684 MB/s).
Processed 80000 documents (1333.0960696023405 docs/s, 0.0012713394828818708 MB/s).
Processed 81000 documents (1337.3484811670526 docs/s, 0.0012753948985739256 MB/s).
Processed 82000 documents (1341.3402732005256 docs/s, 0.001279201768112684 MB/s).
Processed 83000 documents (1342.5823089369048 docs/s, 0.0012803862656945275 MB/s).
Processed 84000 documents (1344.3650151226668 docs/s, 0.0012820863867975872 MB/s).
Processed 85000 documents (1350.920605994012 docs/s, 0.0012883382854404564 MB/s).
Processed 86000 documents (1353.2294155649802 docs/s, 0.0012905401378297617 MB/s).
Processed 87000 documents (1358.217636704437 docs/s, 0.0012952972762150163 MB/s).
Processed 88000 documents (1362.33114123386 docs/s, 0.001299220219835148 MB/s).
Processed 89000 documents (1366.395567352287 docs/s, 0.0013030963586352223 MB/s).
Processed 90000 documents (1371.2607527606874 docs/s, 0.0013077361610037684 MB/s).
Processed 91000 documents (1376.5630926953233 docs/s, 0.0013127928664162858 MB/s).
Processed 92000 documents (1253.363400164229 docs/s, 0.0011953004838602343 MB/s).
Processed 93000 documents (1259.890179460858 docs/s, 0.0012015249056442814 MB/s).
Processed 94000 documents (1266.2827047613116 docs/s, 0.0012076212928403011 MB/s).
Processed 95000 documents (1269.093535816673 docs/s, 0.0012103019102255564 MB/s).
Processed 96000 documents (1272.5083995082243 docs/s, 0.0012135585780222171 MB/s).
Processed 97000 documents (1279.941606240083 docs/s, 0.0012206474363709288 MB/s).
Processed 98000 documents (1285.450108569461 docs/s, 0.0012259007535643206 MB/s).
Processed 99000 documents (1289.0995943358782 docs/s, 0.0012293811744078429 MB/s).
Processed 100000 documents (1295.0788071206387 docs/s, 0.0012350833960729968 MB/s).
Processed 101000 documents (1299.4317495484615 docs/s, 0.0012392346854672065 MB/s).
Processed 102000 documents (1307.399433752508 docs/s, 0.0012468332612538414 MB/s).
Processed 103000 documents (1311.05949917553 docs/s, 0.001250323771644144 MB/s).
Processed 104000 documents (1315.3433211077895 docs/s, 0.0012544091425969977 MB/s).
Processed 105000 documents (1320.7741455377538 docs/s, 0.0012595883803727663 MB/s).
Processed 106000 documents (1323.512694443185 docs/s, 0.0012622000641280984 MB/s).
Processed 107000 documents (1327.7268587626809 docs/s, 0.0012662190044047173 MB/s).
Processed 108000 documents (1335.0654516091447 docs/s, 0.0012732176319209525 MB/s).
Processed 109000 documents (1341.7154462798387 docs/s, 0.0012795595610426318 MB/s).
Processed 110000 documents (1347.8832393171065 docs/s, 0.0012854416268511834 MB/s).
Processed 111000 documents (1351.2993992198885 docs/s, 0.0012886995308112035 MB/s).
Processed 112000 documents (1354.5373208193846 docs/s, 0.00129178745347918 MB/s).
Processed 113000 documents (1358.0059084427753 docs/s, 0.0012950953564098123 MB/s).
Processed 114000 documents (1362.192602032295 docs/s, 0.0012990880985568 MB/s).
Processed 115000 documents (1367.7962376949974 docs/s, 0.0013044321419668173 MB/s).
Processed 116000 documents (1372.7608582158136 docs/s, 0.0013091667730482232 MB/s).
Processed 117000 documents (1249.7080131032358 docs/s, 0.0011918144351036413 MB/s).
Processed 118000 documents (1254.0742689930305 docs/s, 0.001195978421204596 MB/s).
Processed 119000 documents (1258.60651160308 docs/s, 0.0012003007045775223 MB/s).
Processed 120000 documents (1263.5558401557946 docs/s, 0.0012050207521017023 MB/s).
Processed 121000 documents (1267.9457454870885 docs/s, 0.0012092072920676122 MB/s).
Processed 122000 documents (1271.4158718073318 docs/s, 0.0012125166624139135 MB/s).
Processed 123000 documents (1276.68425618267 docs/s, 0.0012175409852816295 MB/s).
Processed 124000 documents (1280.1665476252415 docs/s, 0.0012208619571926513 MB/s).
Processed 125000 documents (1283.5984221420845 docs/s, 0.0012241348477764935 MB/s).
Processed 126000 documents (1284.4313317720882 docs/s, 0.0012249291722985156 MB/s).
Processed 127000 documents (1288.0194495367145 docs/s, 0.0012283510680548807 MB/s).
Processed 128000 documents (1291.0078513761832 docs/s, 0.0012312010301362831 MB/s).
Processed 129000 documents (1294.025438636039 docs/s, 0.0012340788256035224 MB/s).
Processed 130000 documents (1298.0703419619178 docs/s, 0.0012379363460177592 MB/s).
Processed 131000 documents (1302.936910097315 docs/s, 0.0012425774670575284 MB/s).
Processed 132000 documents (1308.5937148970884 docs/s, 0.001247972216507996 MB/s).
Processed 133000 documents (1312.7521285740315 docs/s, 0.0012519379888286891 MB/s).
Processed 134000 documents (1316.9735234671357 docs/s, 0.001255963824717651 MB/s).
Processed 135000 documents (1319.3792601692544 docs/s, 0.0012582581140224976 MB/s).
Processed 136000 documents (1324.1577795191217 docs/s, 0.0012628152651969163 MB/s).
Processed 137000 documents (1327.706370636071 docs/s, 0.0012661994654045781 MB/s).
Processed 138000 documents (1331.3396198052053 docs/s, 0.001269664401822286 MB/s).
Processed 139000 documents (1334.0678642061987 docs/s, 0.0012722662584363925 MB/s).
Processed 140000 documents (1338.7624137953449 docs/s, 0.0012767433298066567 MB/s).
Processed 141000 documents (1339.9099228203488 docs/s, 0.0012778376796916473 MB/s).
Processed 142000 documents (1341.8005114877017 docs/s, 0.0012796406855465905 MB/s).
Processed 143000 documents (1343.948772146347 docs/s, 0.0012816894265616865 MB/s).
Processed 144000 documents (1244.6686337156182 docs/s, 0.0011870085084110433 MB/s).
Processed 145000 documents (1249.4478630847875 docs/s, 0.0011915663367126346 MB/s).
Processed 146000 documents (1252.3042703761932 docs/s, 0.0011942904189836438 MB/s).
Processed 147000 documents (1255.0232117623577 docs/s, 0.0011968834035514428 MB/s).
Processed 148000 documents (1258.3224182990236 docs/s, 0.0012000297720899807 MB/s).
Processed 149000 documents (1261.5131375728324 docs/s, 0.0012030726791122746 MB/s).
Processed 150000 documents (1264.771888627785 docs/s, 0.0012061804662969447 MB/s).
Processed 151000 documents (1268.386114567711 docs/s, 0.0012096272607495413 MB/s).
Processed 152000 documents (1271.7017585456895 docs/s, 0.0012127893052536864 MB/s).
Processed 153000 documents (1274.010923516049 docs/s, 0.0012149914965782632 MB/s).
Processed 154000 documents (1274.9369464889928 docs/s, 0.001215874620903962 MB/s).
Processed 155000 documents (1277.7195137823726 docs/s, 0.0012185282838653303 MB/s).
Processed 156000 documents (1281.471207766975 docs/s, 0.0012221061780614616 MB/s).
Processed 157000 documents (1284.268341137788 docs/s, 0.0012247737323167686 MB/s).
Processed 158000 documents (1287.930037233867 docs/s, 0.0012282657978380843 MB/s).
Processed 159000 documents (1291.915449515967 docs/s, 0.0012320665831718131 MB/s).
Processed 160000 documents (1295.288889517511 docs/s, 0.001235283746259223 MB/s).
Processed 161000 documents (1298.1447892842775 docs/s, 0.0012380073445170188 MB/s).
Processed 162000 documents (1299.5295713734088 docs/s, 0.0012393279756292427 MB/s).
Processed 163000 documents (1301.8651976308936 docs/s, 0.00124155540240373 MB/s).
Processed 164000 documents (1304.463729316079 docs/s, 0.0012440335553322592 MB/s).
Processed 165000 documents (1306.3493164126623 docs/s, 0.0012458317913176177 MB/s).
Processed 166000 documents (1310.7315157831026 docs/s, 0.0012500109823065783 MB/s).
Processed 167000 documents (1313.7940371190598 docs/s, 0.0012529316302481268 MB/s).
Processed 168000 documents (1318.3460778449057 docs/s, 0.0012572727945756013 MB/s).
Processed 169000 documents (1322.0981778737935 docs/s, 0.0012608510760057387 MB/s).
Processed 170000 documents (1325.1637218608946 docs/s, 0.0012637746065720507 MB/s).
Processed 171000 documents (1327.803728542177 docs/s, 0.0012662923131391305 MB/s).
Processed 172000 documents (1329.9825377318791 docs/s, 0.0012683701875036994 MB/s).
Processed 173000 documents (1331.4867388018988 docs/s, 0.001269804705430888 MB/s).
Processed 174000 documents (1334.5613220298087 docs/s, 0.001272736856488999 MB/s).
Processed 175000 documents (1338.1059438683994 docs/s, 0.0012761172712978358 MB/s).
Processed 176000 documents (1222.9481837123678 docs/s, 0.0011662942731021574 MB/s).
Processed 177000 documents (1225.7214258373708 docs/s, 0.0011689390428899487 MB/s).
Processed 178000 documents (1228.8295456542082 docs/s, 0.0011719031769315798 MB/s).
Processed 179000 documents (1231.5474925839485 docs/s, 0.0011744952131118283 MB/s).
Processed 180000 documents (1234.8072246001461 docs/s, 0.0011776039358140432 MB/s).
Processed 181000 documents (1239.2368617556513 docs/s, 0.0011818283670002473 MB/s).
Processed 182000 documents (1242.842810008062 docs/s, 0.0011852672672348615 MB/s).
Processed 183000 documents (1244.649866034002 docs/s, 0.0011869906101551074 MB/s).
Processed 184000 documents (1246.652102974378 docs/s, 0.001188900092100504 MB/s).
Processed 185000 documents (1249.0475332585688 docs/s, 0.0011911845524392784 MB/s).
Processed 186000 documents (1251.5464024630642 docs/s, 0.0011935676598196642 MB/s).
Processed 187000 documents (1255.1073852042823 docs/s, 0.0011969636776011298 MB/s).
Processed 188000 documents (1260.7769411108338 docs/s, 0.0012023705874546374 MB/s).
Processed 189000 documents (1266.3483999871462 docs/s, 0.00120768394468989 MB/s).
Processed 190000 documents (1271.727804776652 docs/s, 0.0012128141448751945 MB/s).
Processed 191000 documents (1277.311862265896 docs/s, 0.0012181395170840225 MB/s).
Processed 192000 documents (1282.901614838085 docs/s, 0.0012234703205471849 MB/s).
Processed 193000 documents (1288.7820497859134 docs/s, 0.0012290783403262266 MB/s).
Processed 194000 documents (1294.3433828967097 docs/s, 0.0012343820408789727 MB/s).
Processed 195000 documents (1300.2249240551146 docs/s, 0.0012399911156226297 MB/s).
Processed 196000 documents (1305.7009019708137 docs/s, 0.0012452134151180398 MB/s).
Processed 197000 documents (1311.637609520663 docs/s, 0.0012508751006323462 MB/s).
Processed 198000 documents (1317.5058684556795 docs/s, 0.001256471508460693 MB/s).
Processed 199000 documents (1323.3546117805695 docs/s, 0.001262049304752893 MB/s).
Processed 200000 documents (1329.320260341149 docs/s, 0.0012677385905658235 MB/s).
Processed 201000 documents (1334.6779527404394 docs/s, 0.0012728480842022318 MB/s).
Processed 202000 documents (1340.4711728850443 docs/s, 0.0012783729294634288 MB/s).
Processed 203000 documents (1346.1125566401456 docs/s, 0.0012837529722596604 MB/s).
Processed 204000 documents (1351.5749043367268 docs/s, 0.0012889622729651707 MB/s).
Processed 205000 documents (1357.0738979187124 docs/s, 0.0012942065219103932 MB/s).
Processed 206000 documents (1362.7233010603977 docs/s, 0.0012995942125896432 MB/s).
Processed 207000 documents (1368.3966439331953 docs/s, 0.0013050047339755967 MB/s).
Processed 208000 documents (1374.2404146325355 docs/s, 0.0013105777880025248 MB/s).
Processed 209000 documents (1380.1709209573644 docs/s, 0.001316233559567799 MB/s).
Processed 210000 documents (1385.3656340743914 docs/s, 0.0013211876240486063 MB/s).
Processed 211000 documents (1391.1277964918306 docs/s, 0.0013266828503530794 MB/s).
Processed 212000 documents (1396.9103727953272 docs/s, 0.0013321975448563836 MB/s).
Processed 213000 documents (1402.7403140934755 docs/s, 0.0013377574101385837 MB/s).
Processed 214000 documents (1408.1684568490582 docs/s, 0.0013429340904703695 MB/s).
Processed 215000 documents (1413.8428469670362 docs/s, 0.0013483456105871545 MB/s).
Processed 216000 documents (1419.0016643191427 docs/s, 0.0013532654421988895 MB/s).
Processed 217000 documents (1423.74565638706 docs/s, 0.0013577896655912972 MB/s).
Processed 218000 documents (1429.5712615033226 docs/s, 0.0013633453955682016 MB/s).
Processed 219000 documents (1435.0038643137327 docs/s, 0.0013685263293397262 MB/s).
Processed 220000 documents (1440.3538404486053 docs/s, 0.0013736284641729405 MB/s).
Processed 221000 documents (1445.2827703027006 docs/s, 0.0013783290579821592 MB/s).
Processed 222000 documents (1450.9429682189188 docs/s, 0.0013837270433606328 MB/s).
Processed 223000 documents (1456.0484713417986 docs/s, 0.001388596030561255 MB/s).
Processed 224000 documents (1461.58662965571 docs/s, 0.0013938776299054242 MB/s).
Processed 225000 documents (1467.1400971347825 docs/s, 0.001399173829207213 MB/s).
Processed 226000 documents (1472.6924431682296 docs/s, 0.0014044689590151115 MB/s).
Processed 227000 documents (1478.2536667912452 docs/s, 0.0014097725551521733 MB/s).
Processed 228000 documents (1483.5212828994167 docs/s, 0.0014147961453432243 MB/s).
Processed 229000 documents (1489.1462110144355 docs/s, 0.001420160494818149 MB/s).
Processed 230000 documents (1494.7474742319275 docs/s, 0.0014255022756881023 MB/s).
Processed 231000 documents (1500.0494053627758 docs/s, 0.001430558591234947 MB/s).
Processed 232000 documents (1505.228988689411 docs/s, 0.001435498226823245 MB/s).
Processed 233000 documents (1510.5062712166207 docs/s, 0.0014405310356298644 MB/s).
Processed 234000 documents (1516.1647849262758 docs/s, 0.0014459274148237952 MB/s).
Processed 235000 documents (1520.8344158792459 docs/s, 0.0014503807219307383 MB/s).
Processed 236000 documents (1526.4682420799793 docs/s, 0.0014557535572814744 MB/s).
Processed 237000 documents (1531.7902821056443 docs/s, 0.0014608290501648372 MB/s).
Processed 238000 documents (1536.9679244257395 docs/s, 0.00146576683466505 MB/s).
Processed 239000 documents (1542.391370582897 docs/s, 0.0014709390359715433 MB/s).
Processed 240000 documents (1547.9159270026935 docs/s, 0.0014762076635386405 MB/s).
Processed 241000 documents (1553.1371316167335 docs/s, 0.0014811869922797523 MB/s).
Processed 242000 documents (1558.48734626753 docs/s, 0.0014862893545794773 MB/s).
Processed 243000 documents (1563.8385039674956 docs/s, 0.001491392616240974 MB/s).
Processed 244000 documents (1569.3118401392242 docs/s, 0.0014966123963730089 MB/s).
Processed 245000 documents (1574.4657216512103 docs/s, 0.001501527520800791 MB/s).
Processed 246000 documents (1579.7896533473186 docs/s, 0.0015066048177216707 MB/s).
Processed 247000 documents (1584.9978620974762 docs/s, 0.0015115717526411783 MB/s).
Processed 248000 documents (1590.6066446955995 docs/s, 0.0015169207045513148 MB/s).
Processed 249000 documents (1596.1064614271304 docs/s, 0.0015221657385131172 MB/s).
Processed 250000 documents (1601.0671810492386 docs/s, 0.0015268966494076143 MB/s).
Processed 251000 documents (1606.590213848683 docs/s, 0.0015321638239371139 MB/s).
Processed 252000 documents (1612.1398137898777 docs/s, 0.0015374563348673608 MB/s).
Processed 253000 documents (1617.2103323289411 docs/s, 0.0015422919581689273 MB/s).
Processed 254000 documents (1622.4641404449576 docs/s, 0.001547302380032499 MB/s).
Processed 255000 documents (1627.4887475109258 docs/s, 0.0015520942187413462 MB/s).
Processed 256000 documents (1632.9247238675512 docs/s, 0.0015572783697772514 MB/s).
Processed 257000 documents (1638.2392512595095 docs/s, 0.0015623466980547996 MB/s).
Processed 258000 documents (1643.8843734002542 docs/s, 0.001567730306053404 MB/s).
Processed 259000 documents (1648.6076247324054 docs/s, 0.0015722347495388082 MB/s).
Processed 260000 documents (1653.4002602304988 docs/s, 0.0015768053629212368 MB/s).
Processed 261000 documents (1658.715606961735 docs/s, 0.0015818744725816106 MB/s).
Processed 262000 documents (1663.8161762910604 docs/s, 0.0015867387545500378 MB/s).
Processed 263000 documents (1668.8308181538669 docs/s, 0.0015915210897005719 MB/s).
Processed 264000 documents (1674.0980730606416 docs/s, 0.0015965443354231277 MB/s).
Processed 265000 documents (1679.1967610477382 docs/s, 0.0016014068232037908 MB/s).
Processed 266000 documents (1684.6310420203733 docs/s, 0.0016065893573955282 MB/s).
Processed 267000 documents (1690.0076900628505 docs/s, 0.0016117169285419946 MB/s).
Processed 268000 documents (1694.8562526841135 docs/s, 0.0016163408781853805 MB/s).
Processed 269000 documents (1700.1918179457286 docs/s, 0.0016214292697388922 MB/s).
Processed 270000 documents (1705.4221632995993 docs/s, 0.0016264173157688135 MB/s).
Processed 271000 documents (1710.790642741616 docs/s, 0.0016315370967308197 MB/s).
Processed 272000 documents (1715.7221741729568 docs/s, 0.0016362401715974396 MB/s).
Processed 273000 documents (1720.8584766802464 docs/s, 0.0016411385313799347 MB/s).
Processed 274000 documents (1726.290739554723 docs/s, 0.0016463191409632901 MB/s).
Processed 275000 documents (1731.4267896493482 docs/s, 0.0016512172600263101 MB/s).
Processed 276000 documents (1736.8611221168512 docs/s, 0.0016563998433273804 MB/s).
Processed 277000 documents (1741.6096019730774 docs/s, 0.0016609283466082357 MB/s).
Processed 278000 documents (1746.9121607413533 docs/s, 0.0016659852607167752 MB/s).
Processed 279000 documents (1752.2571343709437 docs/s, 0.0016710826247891843 MB/s).
Processed 280000 documents (1757.7310963478874 docs/s, 0.0016763030017355799 MB/s).
Processed 281000 documents (1762.714079923694 docs/s, 0.0016810551451909008 MB/s).
Processed 282000 documents (1767.720978930331 docs/s, 0.0016858300961783705 MB/s).
Processed 283000 documents (1772.8544745871743 docs/s, 0.001690725779139685 MB/s).
Processed 284000 documents (1777.9907736433784 docs/s, 0.0016956241356309684 MB/s).
Processed 285000 documents (1783.1929186912582 docs/s, 0.0017005852877533514 MB/s).
Processed 286000 documents (1788.056419751588 docs/s, 0.0017052234838024025 MB/s).
Processed 287000 documents (1793.0096836668126 docs/s, 0.001709947284380734 MB/s).
Processed 288000 documents (1798.2006595764833 docs/s, 0.0017148977847828706 MB/s).
Processed 289000 documents (1803.263070276264 docs/s, 0.0017197256758463516 MB/s).
Processed 290000 documents (1808.0555216927087 docs/s, 0.0017242961136748397 MB/s).
Processed 291000 documents (1813.0798325228857 docs/s, 0.0017290876698712212 MB/s).
Processed 292000 documents (1817.8808915994723 docs/s, 0.001733666316604111 MB/s).
Processed 293000 documents (1822.2543519780002 docs/s, 0.0017378371734409334 MB/s).
Processed 294000 documents (1827.6549633211084 docs/s, 0.001742987597771748 MB/s).
Processed 295000 documents (1832.3753952124882 docs/s, 0.0017474893524289019 MB/s).
Processed 296000 documents (1836.9629618447027 docs/s, 0.0017518643969008472 MB/s).
Processed 297000 documents (1842.1144651465627 docs/s, 0.001756777253290713 MB/s).
Processed 298000 documents (1847.3099580348476 docs/s, 0.0017617320614193416 MB/s).
Processed 299000 documents (1852.2392446333145 docs/s, 0.001766432995446505 MB/s).
Processed 300000 documents (1856.9242012657996 docs/s, 0.0017709009182603833 MB/s).
Processed 301000 documents (1862.1032038914707 docs/s, 0.0017758400000490863 MB/s).
Processed 302000 documents (1867.274118442733 docs/s, 0.0017807713684489565 MB/s).
Processed 303000 documents (1871.5644243849545 docs/s, 0.0017848629230355782 MB/s).
Processed 304000 documents (1876.4242828455372 docs/s, 0.0017894976452308056 MB/s).
Processed 305000 documents (1881.5241227820206 docs/s, 0.0017943612315960127 MB/s).
Processed 306000 documents (1886.3756942534092 docs/s, 0.0017989880507024852 MB/s).
Processed 307000 documents (1891.6057088976022 docs/s, 0.0018039757813430807 MB/s).
Processed 308000 documents (1896.395919847041 docs/s, 0.0018085440824957284 MB/s).
Processed 309000 documents (1901.2753275352316 docs/s, 0.001813197448287231 MB/s).
Processed 310000 documents (1906.1413003426228 docs/s, 0.0018178380015779713 MB/s).
Processed 311000 documents (1910.1431143410912 docs/s, 0.0018216544288073456 MB/s).
Processed 312000 documents (1915.3499985018202 docs/s, 0.0018266201004999354 MB/s).
Processed 313000 documents (1920.0949022295565 docs/s, 0.0018311451933188977 MB/s).
Processed 314000 documents (1924.6391010843902 docs/s, 0.0018354788790553953 MB/s).
Processed 315000 documents (1929.6327717306128 docs/s, 0.0018402412144952896 MB/s).
Processed 316000 documents (1934.569067703756 docs/s, 0.0018449488331830559 MB/s).
Processed 317000 documents (1939.3752379185253 docs/s, 0.001849532354277158 MB/s).
Processed 318000 documents (1944.1156994969913 docs/s, 0.0018540532107324517 MB/s).
Processed 319000 documents (1949.12016943588 docs/s, 0.001858825845180397 MB/s).
Processed 320000 documents (1954.0403615950734 docs/s, 0.0018635181060744032 MB/s).
Processed 321000 documents (1959.22642398091 docs/s, 0.0018684639205750562 MB/s).
Processed 322000 documents (1963.5673284239372 docs/s, 0.0018726037296523449 MB/s).
Processed 323000 documents (1968.5414748494422 docs/s, 0.001877347445344393 MB/s).
Processed 324000 documents (1973.662298288717 docs/s, 0.0018822310431372805 MB/s).
Processed 325000 documents (1978.7530609695762 docs/s, 0.0018870859727569353 MB/s).
Processed 326000 documents (1983.3011913194155 docs/s, 0.0018914234078592448 MB/s).
Processed 327000 documents (1987.8536886598347 docs/s, 0.0018957650076483104 MB/s).
Processed 328000 documents (1992.758669937935 docs/s, 0.0019004427623156882 MB/s).
Processed 329000 documents (1997.9067561528818 docs/s, 0.001905352359917528 MB/s).
Processed 330000 documents (2002.238968215825 docs/s, 0.0019094838792951823 MB/s).
Processed 331000 documents (2006.96403546623 docs/s, 0.0019139900545751857 MB/s).
Processed 332000 documents (2011.8309202716316 docs/s, 0.0019186314776150051 MB/s).
Processed 333000 documents (2016.3154405214545 docs/s, 0.001922908249398665 MB/s).
Processed 334000 documents (2021.2762634915323 docs/s, 0.0019276392588534663 MB/s).
Processed 335000 documents (2025.3778390896214 docs/s, 0.0019315508261581625 MB/s).
Processed 336000 documents (2029.7556257067326 docs/s, 0.0019357258088176085 MB/s).
Processed 337000 documents (2034.606312252815 docs/s, 0.0019403517839935447 MB/s).
Processed 338000 documents (2039.3629580104246 docs/s, 0.0019448880748848196 MB/s).
Processed 339000 documents (2044.1554019186094 docs/s, 0.001949458505552873 MB/s).
Processed 340000 documents (2048.5687579080795 docs/s, 0.0019536674098091884 MB/s).
Processed 341000 documents (2052.9999483110423 docs/s, 0.0019578933222876 MB/s).
Processed 342000 documents (2057.8367166411176 docs/s, 0.0019625060240184 MB/s).
Processed 343000 documents (2062.636517044501 docs/s, 0.001967083470386983 MB/s).
Processed 344000 documents (2067.2413907971118 docs/s, 0.001971475020215141 MB/s).
Processed 345000 documents (2071.8514330880007 docs/s, 0.0019758714991455085 MB/s).
Processed 346000 documents (2076.389601268258 docs/s, 0.001980199433582552 MB/s).
Processed 347000 documents (2081.024081361015 docs/s, 0.0019846192182169102 MB/s).
Processed 348000 documents (2085.9492149327284 docs/s, 0.0019893161916091236 MB/s).
Processed 349000 documents (2090.180800844457 docs/s, 0.0019933517464108055 MB/s).
Processed 350000 documents (2094.872892015159 docs/s, 0.0019978264732505406 MB/s).
Processed 351000 documents (2099.6842940336865 docs/s, 0.0020024149837815156 MB/s).
Processed 352000 documents (2104.668491673976 docs/s, 0.0020071682850589523 MB/s).
Processed 353000 documents (2109.1784218361254 docs/s, 0.00201146928962338 MB/s).
Processed 354000 documents (2113.772106413006 docs/s, 0.0020158501686220226 MB/s).
Processed 355000 documents (2118.595616179914 docs/s, 0.0020204502260016575 MB/s).
Processed 356000 documents (2123.572858219639 docs/s, 0.0020251968939014806 MB/s).
Processed 357000 documents (2128.4406105761263 docs/s, 0.0020298391443024887 MB/s).
Processed 358000 documents (2132.329767862173 docs/s, 0.0020335481337186555 MB/s).
Processed 359000 documents (2137.012021462354 docs/s, 0.002038013478720049 MB/s).
Processed 360000 documents (2141.7275585282714 docs/s, 0.002042510565307876 MB/s).
Processed 361000 documents (2146.774891922627 docs/s, 0.0020473240775324125 MB/s).
Processed 362000 documents (2151.191380421754 docs/s, 0.0020515359691827334 MB/s).
Processed 363000 documents (2156.0326579399493 docs/s, 0.0020561529712104314 MB/s).
Processed 364000 documents (2160.8832441539307 docs/s, 0.0020607788507022197 MB/s).
Processed 365000 documents (2165.7683750484994 docs/s, 0.0020654376745686525 MB/s).
Processed 366000 documents (2170.21739999901 docs/s, 0.002069680595397005 MB/s).
Processed 367000 documents (2174.4423888128404 docs/s, 0.002073709858715859 MB/s).
Processed 368000 documents (2179.034546317153 docs/s, 0.002078089281384614 MB/s).
Processed 369000 documents (2183.6696791533195 docs/s, 0.0020825096885235973 MB/s).
Processed 370000 documents (2188.339537797409 docs/s, 0.002086963212773713 MB/s).
Processed 371000 documents (2192.6622642192388 docs/s, 0.002091085685939063 MB/s).
Processed 372000 documents (2197.2914057806247 docs/s, 0.0020955003793531653 MB/s).
Processed 373000 documents (2201.2423723149104 docs/s, 0.0020992683146618943 MB/s).
Processed 374000 documents (2206.1266830538902 docs/s, 0.0021039263563670065 MB/s).
Processed 375000 documents (2210.757911724169 docs/s, 0.0021083430402032556 MB/s).
Processed 376000 documents (2215.152057241638 docs/s, 0.0021125336239258175 MB/s).
Processed 377000 documents (2219.338418364828 docs/s, 0.0021165260490082056 MB/s).
Processed 378000 documents (2223.7900857686277 docs/s, 0.002120771489876392 MB/s).
Processed 379000 documents (2228.2088385159977 docs/s, 0.0021249855408821084 MB/s).
Processed 380000 documents (2232.4947155745986 docs/s, 0.002129072871756171 MB/s).
Processed 381000 documents (2236.8502462014385 docs/s, 0.002133226629449309 MB/s).
Processed 382000 documents (2240.5433176712363 docs/s, 0.0021367486168587077 MB/s).
Processed 383000 documents (2244.975077352193 docs/s, 0.0021409750722429207 MB/s).
Processed 384000 documents (2249.445119726552 docs/s, 0.0021452380368485948 MB/s).
Processed 385000 documents (2253.719541468383 docs/s, 0.0021493144430812672 MB/s).
Processed 386000 documents (2257.84188138079 docs/s, 0.002153245812779226 MB/s).
Processed 387000 documents (2262.752137908165 docs/s, 0.00215792859831635 MB/s).
Processed 388000 documents (2267.2729674926263 docs/s, 0.0021622399973799003 MB/s).
Processed 389000 documents (2271.5975308721763 docs/s, 0.002166364222404648 MB/s).
Processed 390000 documents (2275.4453013219895 docs/s, 0.002170033742258062 MB/s).
Processed 391000 documents (2279.7439458215335 docs/s, 0.002174133249112638 MB/s).
Processed 392000 documents (2283.996958136503 docs/s, 0.002178189237724784 MB/s).
Processed 393000 documents (2287.928082959935 docs/s, 0.0021819382505034782 MB/s).
Processed 394000 documents (2291.9835000954295 docs/s, 0.002185805797667913 MB/s).
Processed 395000 documents (2296.201356615515 docs/s, 0.0021898282591014053 MB/s).
Processed 396000 documents (2300.229571290475 docs/s, 0.0021936698639778854 MB/s).
Processed 397000 documents (2304.9618123170694 docs/s, 0.0021981828807039923 MB/s).
Processed 398000 documents (2309.280460745371 docs/s, 0.0022023014647916516 MB/s).
Processed 399000 documents (2313.597266868188 docs/s, 0.0022064182919198875 MB/s).
Processed 400000 documents (2318.224847117893 docs/s, 0.0022108314963511402 MB/s).
Processed 401000 documents (2322.681350027961 docs/s, 0.0022150815487174615 MB/s).
Processed 402000 documents (2327.0989481823485 docs/s, 0.0022192944986175046 MB/s).
Processed 403000 documents (2331.172340641054 docs/s, 0.0022231791883860147 MB/s).
Processed 404000 documents (2335.73758665017 docs/s, 0.002227532946252985 MB/s).
Processed 405000 documents (2340.2579979364286 docs/s, 0.002231843946396283 MB/s).
Processed 406000 documents (2344.693023731514 docs/s, 0.002236073516589655 MB/s).
Processed 407000 documents (2348.667576276149 docs/s, 0.0022398639452706802 MB/s).
Processed 408000 documents (2353.0355467139752 docs/s, 0.002244029566492057 MB/s).
Processed 409000 documents (2357.349467668443 docs/s, 0.00224814364210934 MB/s).
Processed 410000 documents (2362.0620946162526 docs/s, 0.0022526379533922697 MB/s).
Processed 411000 documents (2366.504063689285 docs/s, 0.0022568741452114916 MB/s).
Processed 412000 documents (2370.0459246572204 docs/s, 0.0022602519270488934 MB/s).
Processed 413000 documents (2374.6608332494234 docs/s, 0.00226465304684584 MB/s).
Processed 414000 documents (2379.3199363237864 docs/s, 0.0022690963137853492 MB/s).
Processed 415000 documents (2384.022590060893 docs/s, 0.0022735811138733797 MB/s).
Processed 416000 documents (2387.9640545203843 docs/s, 0.0022773399872974246 MB/s).
Processed 417000 documents (2392.2213907421574 docs/s, 0.0022814000995084356 MB/s).
Processed 418000 documents (2395.883996970106 docs/s, 0.00228489303299914 MB/s).
Processed 419000 documents (2400.2060812673876 docs/s, 0.0022890148937868 MB/s).
Processed 420000 documents (2404.165532718923 docs/s, 0.0022927909209431866 MB/s).
Processed 421000 documents (2408.2113077932695 docs/s, 0.0022966492727215476 MB/s).
Processed 422000 documents (2412.4452614851834 docs/s, 0.0023006870856143793 MB/s).
Processed 423000 documents (2417.002256717195 docs/s, 0.0023050329749271345 MB/s).
Processed 424000 documents (2421.236010364405 docs/s, 0.00230907059704247 MB/s).
Processed 425000 documents (2424.775604265899 docs/s, 0.002312446216836833 MB/s).
Processed 426000 documents (2428.6916016162168 docs/s, 0.002316180802932946 MB/s).
Processed 427000 documents (2433.0747701364617 docs/s, 0.002320360918175184 MB/s).
Processed 428000 documents (2437.4509644767427 docs/s, 0.0023245343823211123 MB/s).
Processed 429000 documents (2441.399455950382 docs/s, 0.0023282999572280714 MB/s).
Processed 430000 documents (2445.572855757886 docs/s, 0.0023322800214365825 MB/s).
Processed 431000 documents (2450.0344594178537 docs/s, 0.002336534938257078 MB/s).
Processed 432000 documents (2454.0927556796246 docs/s, 0.0023404052311702963 MB/s).
Processed 433000 documents (2458.5864221878765 docs/s, 0.002344690725505711 MB/s).
Processed 434000 documents (2462.5132496378196 docs/s, 0.002348435639989681 MB/s).
Processed 435000 documents (2466.978412496987 docs/s, 0.00235269395112704 MB/s).
Processed 436000 documents (2471.56457902085 docs/s, 0.00235706766035161 MB/s).
Processed 437000 documents (2476.109030093691 docs/s, 0.0023614015866219437 MB/s).
Processed 438000 documents (2479.7976590133226 docs/s, 0.0023649193372853494 MB/s).
Processed 439000 documents (2483.900492286344 docs/s, 0.002368832104002327 MB/s).
Processed 440000 documents (2487.6484433573837 docs/s, 0.002372406428677925 MB/s).
Processed 441000 documents (2492.247444911814 docs/s, 0.0023767923783414974 MB/s).
Processed 442000 documents (2496.2553732933084 docs/s, 0.0023806146367009243 MB/s).
Processed 443000 documents (2499.8245143134563 docs/s, 0.0023840184348234714 MB/s).
Processed 444000 documents (2503.1699082323853 docs/s, 0.0023872088510822156 MB/s).
Processed 445000 documents (2507.673293853693 docs/s, 0.00239150361428613 MB/s).
Processed 446000 documents (2511.9777262969 docs/s, 0.0023956086409539223 MB/s).
Processed 447000 documents (2516.0647289695016 docs/s, 0.002399506310433866 MB/s).
Processed 448000 documents (2520.2517278749406 docs/s, 0.0024034993437528043 MB/s).
Processed 449000 documents (2524.6523122320586 docs/s, 0.002407696068031367 MB/s).
Processed 450000 documents (2529.0860598510844 docs/s, 0.002411924419261059 MB/s).
Processed 451000 documents (2533.425440324863 docs/s, 0.0024160627749680165 MB/s).
Processed 452000 documents (2537.276894018124 docs/s, 0.0024197358074361077 MB/s).
Processed 453000 documents (2541.314316089135 docs/s, 0.0024235861931697225 MB/s).
Processed 454000 documents (2544.928470274643 docs/s, 0.002427032919191974 MB/s).
Processed 455000 documents (2548.983249888533 docs/s, 0.0024308998583684282 MB/s).
Processed 456000 documents (2552.978743261537 docs/s, 0.0024347102577796337 MB/s).
Processed 457000 documents (2557.1201743284255 docs/s, 0.002438659834221292 MB/s).
Processed 458000 documents (2561.444226556832 docs/s, 0.0024427835717743224 MB/s).
Processed 459000 documents (2565.415281084485 docs/s, 0.0024465706644863938 MB/s).
Processed 460000 documents (2566.9313419968007 docs/s, 0.002448016492840577 MB/s).
Processed 461000 documents (2570.5123547506996 docs/s, 0.0024514316127306934 MB/s).
Processed 462000 documents (2574.4568520369817 docs/s, 0.002455193378483755 MB/s).
Processed 463000 documents (2578.4572567554405 docs/s, 0.0024590084617189794 MB/s).
Processed 464000 documents (2582.1803306074967 docs/s, 0.002462559061629769 MB/s).
Processed 465000 documents (2585.2652691673634 docs/s, 0.002465501088302005 MB/s).
Processed 466000 documents (2588.5756676025358 docs/s, 0.0024686581302667005 MB/s).
Processed 467000 documents (2592.923576873175 docs/s, 0.002472804619668174 MB/s).
Processed 468000 documents (2596.609577612335 docs/s, 0.0024763198639033653 MB/s).
Processed 469000 documents (2600.5498805381903 docs/s, 0.0024800776296026138 MB/s).
Processed 470000 documents (2603.9560074789642 docs/s, 0.0024833259653844492 MB/s).
Processed 471000 documents (2608.2560823144568 docs/s, 0.0024874268363136833 MB/s).
Processed 472000 documents (2612.6359220339064 docs/s, 0.0024916037769640983 MB/s).
Processed 473000 documents (2616.674330013204 docs/s, 0.0024954551029331244 MB/s).
Processed 474000 documents (2620.2838895641376 docs/s, 0.0024988974471703887 MB/s).
Processed 475000 documents (2624.012875698459 docs/s, 0.0025024536854729262 MB/s).
Processed 476000 documents (2628.2392819397446 docs/s, 0.0025064843005559393 MB/s).
Processed 477000 documents (2632.4132137918555 docs/s, 0.0025104648721617274 MB/s).
Processed 478000 documents (2636.452476800103 docs/s, 0.002514317013549903 MB/s).
Processed 479000 documents (2639.6959845028014 docs/s, 0.002517410263541032 MB/s).
Processed 480000 documents (2643.294899904016 docs/s, 0.0025208424567260894 MB/s).
Processed 481000 documents (2646.9549813552294 docs/s, 0.0025243329824020666 MB/s).
Processed 482000 documents (2651.420987510876 docs/s, 0.002528592097769619 MB/s).
Processed 483000 documents (2654.6811666457265 docs/s, 0.0025317012468774095 MB/s).
Processed 484000 documents (2658.7982057097825 docs/s, 0.002535627561292441 MB/s).
Processed 485000 documents (2662.8590115553193 docs/s, 0.0025395002475312417 MB/s).
Processed 486000 documents (2667.135843586517 docs/s, 0.0025435789523949783 MB/s).
Processed 487000 documents (2671.03929026592 docs/s, 0.0025473015692385865 MB/s).
Processed 488000 documents (2674.372675308694 docs/s, 0.0025504805329405727 MB/s).
Processed 489000 documents (2678.477175233852 docs/s, 0.0025543948891008873 MB/s).
Processed 490000 documents (2682.6154473411375 docs/s, 0.002558341452923906 MB/s).
Processed 491000 documents (2686.579211298666 docs/s, 0.0025621215928064976 MB/s).
Processed 492000 documents (2690.0964242839264 docs/s, 0.002565475868495871 MB/s).
Processed 493000 documents (2693.1323929317746 docs/s, 0.0025683711938207384 MB/s).
Processed 494000 documents (2696.988699869967 docs/s, 0.002572048854703872 MB/s).
Processed 495000 documents (2700.9298418915937 docs/s, 0.0025758074206272065 MB/s).
Processed 496000 documents (2705.1016389441293 docs/s, 0.002579785956329469 MB/s).
Processed 497000 documents (2708.7942263150544 docs/s, 0.0025833074820662064 MB/s).
Processed 498000 documents (2712.512815217908 docs/s, 0.0025868538047961313 MB/s).
Processed 499000 documents (2716.0959401109426 docs/s, 0.002590270938979094 MB/s).
Processed 500000 documents (2720.314093419234 docs/s, 0.0025942936834518755 MB/s).
Processed 501000 documents (2723.2268157903723 docs/s, 0.002597071471968052 MB/s).
Processed 502000 documents (2726.6200119533855 docs/s, 0.002600307475999246 MB/s).
Processed 503000 documents (2730.6831226969166 docs/s, 0.002604182360360066 MB/s).
Processed 504000 documents (2734.4216644229173 docs/s, 0.002607747711584966 MB/s).
Processed 505000 documents (2738.66506707612 docs/s, 0.0026117945357094956 MB/s).
Processed 506000 documents (2742.3111579999354 docs/s, 0.0026152717189788202 MB/s).
Processed 507000 documents (2746.4332762658364 docs/s, 0.002619202877298199 MB/s).
Processed 508000 documents (2750.5511199916796 docs/s, 0.0026231299590985103 MB/s).
Processed 509000 documents (2754.717050030593 docs/s, 0.0026271028995805672 MB/s).
Processed 510000 documents (2758.0711433536235 docs/s, 0.0026303016122375712 MB/s).
Processed 511000 documents (2762.050116962315 docs/s, 0.0026340962571738385 MB/s).
Processed 512000 documents (2766.1167421984155 docs/s, 0.002637974493215957 MB/s).
Processed 513000 documents (2769.097816010237 docs/s, 0.0026408174667456024 MB/s).
Processed 514000 documents (2773.355255287041 docs/s, 0.00264487767723755 MB/s).
Processed 515000 documents (2776.464841009194 docs/s, 0.0026478432092754307 MB/s).
Processed 516000 documents (2779.7483878278804 docs/s, 0.0026509746435431293 MB/s).
Processed 517000 documents (2783.2200344481075 docs/s, 0.0026542854637604785 MB/s).
Processed 518000 documents (2786.997722524659 docs/s, 0.0026578881478544797 MB/s).
Processed 519000 documents (2790.2332842293513 docs/s, 0.0026609738199513924 MB/s).
Processed 520000 documents (2793.9236702927155 docs/s, 0.0026644932463576465 MB/s).
Processed 521000 documents (2797.8047831246454 docs/s, 0.0026681945639845327 MB/s).
Processed 522000 documents (2801.9933348002473 docs/s, 0.0026721890781404947 MB/s).
Processed 523000 documents (2805.8779956750777 docs/s, 0.0026758937794447686 MB/s).
Processed 524000 documents (2809.4543660740883 docs/s, 0.0026793044720402606 MB/s).
Processed 525000 documents (2813.067479516132 docs/s, 0.0026827502055322 MB/s).
Processed 526000 documents (2816.9031237639642 docs/s, 0.002686408160938229 MB/s).
Processed 527000 documents (2821.1794732479434 docs/s, 0.002690486405609077 MB/s).
Processed 528000 documents (2824.8224372233803 docs/s, 0.0026939606067880443 MB/s).
Processed 529000 documents (2828.705325025177 docs/s, 0.002697663617158105 MB/s).
Processed 530000 documents (2832.3747139369616 docs/s, 0.0027011630191201797 MB/s).
Processed 531000 documents (2836.2717982697764 docs/s, 0.0027048795683572544 MB/s).
Processed 532000 documents (2839.5083067484993 docs/s, 0.0027079661433682435 MB/s).
Processed 533000 documents (2842.7937702363956 docs/s, 0.0027110994055141407 MB/s).
Processed 534000 documents (2846.8531456851997 docs/s, 0.0027149707276203153 MB/s).
Processed 535000 documents (2850.892950088548 docs/s, 0.0027188233853230933 MB/s).
Processed 536000 documents (2854.8092698654764 docs/s, 0.002722558278909184 MB/s).
Processed 537000 documents (2858.4471652825982 docs/s, 0.002726027646334265 MB/s).
Processed 538000 documents (2861.928434858549 docs/s, 0.0027293476437173355 MB/s).
Processed 539000 documents (2864.6776826909336 docs/s, 0.0027319695307645164 MB/s).
Processed 540000 documents (2868.654484499555 docs/s, 0.0027357621045108367 MB/s).
Processed 541000 documents (2872.086497574974 docs/s, 0.0027390351272344343 MB/s).
Processed 542000 documents (2875.6209688222925 docs/s, 0.002742405861685078 MB/s).
Processed 543000 documents (2879.048698012577 docs/s, 0.0027456747989774485 MB/s).
Processed 544000 documents (2882.165764837665 docs/s, 0.002748647465551057 MB/s).
Processed 545000 documents (2886.045342919693 docs/s, 0.00275234731952638 MB/s).
Processed 546000 documents (2889.771072308563 docs/s, 0.0027559004519544248 MB/s).
Processed 547000 documents (2893.416612511579 docs/s, 0.0027593771100154676 MB/s).
Processed 548000 documents (2896.9191754631056 docs/s, 0.0027627174143439346 MB/s).
Processed 549000 documents (2900.8770036298642 docs/s, 0.0027664918934153216 MB/s).
Processed 550000 documents (2904.779262906938 docs/s, 0.002770213377863825 MB/s).
Processed 551000 documents (2908.34461347119 docs/s, 0.0027736135611259364 MB/s).
Processed 552000 documents (2911.3667356578057 docs/s, 0.0027764956814363534 MB/s).
Processed 553000 documents (2915.2791355159657 docs/s, 0.002780226836696592 MB/s).
Processed 554000 documents (2919.0986849318583 docs/s, 0.0027838694428747733 MB/s).
Processed 555000 documents (2922.4579801931227 docs/s, 0.0027870731164866664 MB/s).
Processed 556000 documents (2926.2407458680264 docs/s, 0.002790680642955805 MB/s).
Processed 557000 documents (2929.340755211099 docs/s, 0.002793637042246913 MB/s).
Processed 558000 documents (2933.194888081615 docs/s, 0.002797312629777541 MB/s).
Processed 559000 documents (2936.8561064099786 docs/s, 0.0028008042396640573 MB/s).
Processed 560000 documents (2940.181915477281 docs/s, 0.0028039759783528148 MB/s).
Processed 561000 documents (2943.649831358214 docs/s, 0.002807283240659918 MB/s).
Processed 562000 documents (2947.6717149195897 docs/s, 0.0028111188077159783 MB/s).
Processed 563000 documents (2951.644987620917 docs/s, 0.0028149080158433124 MB/s).
Processed 564000 documents (2954.931625035366 docs/s, 0.002818042397532812 MB/s).
Processed 565000 documents (2958.530006410564 docs/s, 0.002821474081430973 MB/s).
Processed 566000 documents (2961.6879026654287 docs/s, 0.002824485685983113 MB/s).
Processed 567000 documents (2965.3455034963354 docs/s, 0.002827973845955215 MB/s).
Processed 568000 documents (2969.1409134220394 docs/s, 0.002831593430921592 MB/s).
Processed 569000 documents (2972.4233324446177 docs/s, 0.0028347237896391084 MB/s).
Processed 570000 documents (2975.7107135647543 docs/s, 0.0028378588805816215 MB/s).
Processed 571000 documents (2979.5564104795667 docs/s, 0.002841526422957961 MB/s).
Processed 572000 documents (2983.59503433842 docs/s, 0.002845377954805775 MB/s).
Processed 573000 documents (2986.3579363729223 docs/s, 0.002848012863514826 MB/s).
Processed 574000 documents (2989.877588721826 docs/s, 0.0028513694655626547 MB/s).
Processed 575000 documents (2993.5232451026222 docs/s, 0.0028548462344194624 MB/s).
Processed 576000 documents (2997.372568573341 docs/s, 0.002858517235349027 MB/s).
Processed 577000 documents (3000.021957396193 docs/s, 0.0028610438894235545 MB/s).
Processed 578000 documents (3003.3923421055647 docs/s, 0.0028642581387572905 MB/s).
Processed 579000 documents (3006.0346606314765 docs/s, 0.002866778050071217 MB/s).
Processed 580000 documents (3010.0517630328704 docs/s, 0.0028706090574578003 MB/s).
Processed 581000 documents (3013.8818740982506 docs/s, 0.0028742617360098368 MB/s).
Processed 582000 documents (3017.122783646926 docs/s, 0.0028773525082082044 MB/s).
Processed 583000 documents (3020.6426092557417 docs/s, 0.002880709275489561 MB/s).
Processed 584000 documents (3023.929797060144 docs/s, 0.0028838441820718233 MB/s).
Processed 585000 documents (3027.584954962853 docs/s, 0.002887330012286046 MB/s).
Processed 586000 documents (3031.035997842827 docs/s, 0.0028906211832454938 MB/s).
Processed 587000 documents (3034.2207729780694 docs/s, 0.0028936584214955038 MB/s).
Processed 588000 documents (3037.842132623972 docs/s, 0.002897112019180271 MB/s).
Processed 589000 documents (3041.0391707038502 docs/s, 0.0029001609522856238 MB/s).
Processed 590000 documents (3044.96157682844 docs/s, 0.0029039016502651594 MB/s).
Processed 591000 documents (3048.313693073169 docs/s, 0.0029070984774333657 MB/s).
Processed 592000 documents (3051.386677655238 docs/s, 0.0029100291039039976 MB/s).
Processed 593000 documents (3054.6931462386724 docs/s, 0.002913182398070023 MB/s).
Processed 594000 documents (3058.0982900300687 docs/s, 0.002916429796247548 MB/s).
Processed 595000 documents (3061.221153329643 docs/s, 0.0029194079907699996 MB/s).
Processed 596000 documents (3063.883134978627 docs/s, 0.0029219466542993802 MB/s).
Processed 597000 documents (3067.0993141034846 docs/s, 0.002925013841727719 MB/s).
Processed 598000 documents (3070.723096612101 docs/s, 0.0029284697500344286 MB/s).
Processed 599000 documents (3074.58291862552 docs/s, 0.002932150763154526 MB/s).
Processed 600000 documents (3077.491191726566 docs/s, 0.0029349243085160883 MB/s).
Processed 601000 documents (3081.0518915926714 docs/s, 0.0029383200565268244 MB/s).
Processed 602000 documents (3084.443716808691 docs/s, 0.0029415547531210814 MB/s).
Processed 603000 documents (3088.0771976359747 docs/s, 0.0029450199104652163 MB/s).
Processed 604000 documents (3091.3742827409837 docs/s, 0.002948164255848869 MB/s).
Processed 605000 documents (3094.6622467999323 docs/s, 0.002951299902725155 MB/s).
Processed 606000 documents (3098.31162298003 docs/s, 0.002954780219059019 MB/s).
Processed 607000 documents (3101.9396805757533 docs/s, 0.002958240204406503 MB/s).
Processed 608000 documents (3105.5842525641456 docs/s, 0.0029617159391061264 MB/s).
Processed 609000 documents (3108.7766443513756 docs/s, 0.002964760441161514 MB/s).
Processed 610000 documents (3111.7064874197877 docs/s, 0.0029675545572469594 MB/s).
Processed 611000 documents (3114.010384832944 docs/s, 0.0029697517250375214 MB/s).
Processed 612000 documents (3117.755808192787 docs/s, 0.0029733236390998715 MB/s).
Processed 613000 documents (3121.46042867685 docs/s, 0.002976856640507555 MB/s).
Processed 614000 documents (3124.8466423605387 docs/s, 0.0029800859855275523 MB/s).
Processed 615000 documents (3127.76104583635 docs/s, 0.002982865377270079 MB/s).
Processed 616000 documents (3130.211581840913 docs/s, 0.002985202390519059 MB/s).
Processed 617000 documents (3133.546768624937 docs/s, 0.0029883830724954006 MB/s).
Processed 618000 documents (3136.654970454413 docs/s, 0.0029913472847503788 MB/s).
Processed 619000 documents (3140.2182195304235 docs/s, 0.002994745463877128 MB/s).
Processed 620000 documents (3143.7186871306067 docs/s, 0.002998083769922835 MB/s).
Processed 621000 documents (3147.0501905687725 docs/s, 0.003001260939186833 MB/s).
Processed 622000 documents (3150.7360798023697 docs/s, 0.003004776077082033 MB/s).
Processed 623000 documents (3154.182058482682 docs/s, 0.00300806241844433 MB/s).
Processed 624000 documents (3157.8283008426906 docs/s, 0.003011539746134463 MB/s).
Processed 625000 documents (3161.511793249797 docs/s, 0.0030150525982377977 MB/s).
Processed 626000 documents (3165.0633263566074 docs/s, 0.0030184396041456293 MB/s).
Processed 627000 documents (3168.269063338837 docs/s, 0.0030214968331707353 MB/s).
Processed 628000 documents (3171.4694642113595 docs/s, 0.0030245489732850643 MB/s).
Processed 629000 documents (3173.7850329545236 docs/s, 0.003026757271723293 MB/s).
Processed 630000 documents (3176.7785483063194 docs/s, 0.0030296121104300684 MB/s).
Processed 631000 documents (3180.3200679522324 docs/s, 0.003032989566757424 MB/s).
Processed 632000 documents (3183.066387355286 docs/s, 0.0030356086610367644 MB/s).
Processed 633000 documents (3186.7590099102363 docs/s, 0.0030391302203276026 MB/s).
Processed 634000 documents (3190.4569993874375 docs/s, 0.00304265689791435 MB/s).
Processed 635000 documents (3193.5942762521845 docs/s, 0.0030456488382837148 MB/s).
Processed 636000 documents (3196.590811019939 docs/s, 0.0030485065565299405 MB/s).
Processed 637000 documents (3199.666685035984 docs/s, 0.003051439938579544 MB/s).
Processed 638000 documents (3202.785840591845 docs/s, 0.0030544145971220446 MB/s).
Processed 639000 documents (3206.489071101012 docs/s, 0.0030579462729463693 MB/s).
Processed 640000 documents (3209.586563650251 docs/s, 0.003060900272035838 MB/s).
Processed 641000 documents (3212.7803165603596 docs/s, 0.0030639460721591564 MB/s).
Processed 642000 documents (3216.3241892728915 docs/s, 0.003067325772545711 MB/s).
Processed 643000 documents (3219.334126998965 docs/s, 0.0030701962728490496 MB/s).
Processed 644000 documents (3221.776753301957 docs/s, 0.0030725257428187913 MB/s).
Processed 645000 documents (3224.8857685855296 docs/s, 0.003075490730844049 MB/s).
Processed 646000 documents (3227.903900037447 docs/s, 0.0030783690452932805 MB/s).
Processed 647000 documents (3230.9439840342106 docs/s, 0.0030812682953207117 MB/s).
Processed 648000 documents (3234.2615796781242 docs/s, 0.0030844322010785334 MB/s).
Processed 649000 documents (3237.4545452227358 docs/s, 0.0030874772503115995 MB/s).
Processed 650000 documents (3240.419152074782 docs/s, 0.0030903045197246378 MB/s).
Processed 651000 documents (3244.0877077693744 docs/s, 0.0030938031270688767 MB/s).
Processed 652000 documents (3247.850716793057 docs/s, 0.0030973918121271677 MB/s).
Processed 653000 documents (3251.274484568663 docs/s, 0.0031006569715201025 MB/s).
Processed 654000 documents (3254.095843814284 docs/s, 0.0031033476293700064 MB/s).
Processed 655000 documents (3257.0575963410392 docs/s, 0.0031061721766863244 MB/s).
Processed 656000 documents (3260.618841165068 docs/s, 0.003109568444409435 MB/s).
Processed 657000 documents (3264.3344509108997 docs/s, 0.0031131119259938237 MB/s).
Processed 658000 documents (3267.3878598973106 docs/s, 0.003116023883721648 MB/s).
Processed 659000 documents (3270.8510311137684 docs/s, 0.003119326621164101 MB/s).
Processed 660000 documents (3273.9564479118244 docs/s, 0.0031222881774061436 MB/s).
Processed 661000 documents (3277.6508224929585 docs/s, 0.0031258114075593552 MB/s).
Processed 662000 documents (3281.2215715297525 docs/s, 0.003129216739206078 MB/s).
Processed 663000 documents (3284.2044949156702 docs/s, 0.0031320614766270354 MB/s).
Processed 664000 documents (3287.0098023716264 docs/s, 0.0031347368262974037 MB/s).
Processed 665000 documents (3290.5152557057672 docs/s, 0.0031380798871095345 MB/s).
Processed 666000 documents (3293.8399574010577 docs/s, 0.0031412505697260454 MB/s).
Processed 667000 documents (3296.6576981324433 docs/s, 0.0031439377766918596 MB/s).
Processed 668000 documents (3299.7245530711143 docs/s, 0.0031468625574790137 MB/s).
Processed 669000 documents (3303.334165154325 docs/s, 0.0031503049518149615 MB/s).
Processed 670000 documents (3306.803379732244 docs/s, 0.003153613452656025 MB/s).
Processed 671000 documents (3309.137880309576 docs/s, 0.003155839805898262 MB/s).
Processed 672000 documents (3312.2196795306054 docs/s, 0.0031587788386636785 MB/s).
Processed 673000 documents (3315.883860072852 docs/s, 0.0031622732735374945 MB/s).
Processed 674000 documents (3319.3074462166273 docs/s, 0.0031655382597128175 MB/s).
Processed 675000 documents (3323.076033769654 docs/s, 0.003169132264871267 MB/s).
Processed 676000 documents (3325.864773173267 docs/s, 0.0031717918140156433 MB/s).
Processed 677000 documents (3328.8606477114 docs/s, 0.003174648902617836 MB/s).
Processed 678000 documents (3331.656056337053 docs/s, 0.003177314812027982 MB/s).
Processed 679000 documents (3335.1274387003023 docs/s, 0.003180625380230238 MB/s).
Processed 680000 documents (3338.299265934521 docs/s, 0.0031836502703995904 MB/s).
Processed 681000 documents (3341.294586692359 docs/s, 0.0031865068308757393 MB/s).
Processed 682000 documents (3344.707763095042 docs/s, 0.003189761889548342 MB/s).
Processed 683000 documents (3347.354337357512 docs/s, 0.0031922858594489213 MB/s).
Processed 684000 documents (3350.4435270975587 docs/s, 0.0031952319403625094 MB/s).
Processed 685000 documents (3353.6133471423086 docs/s, 0.003198254916326817 MB/s).
Processed 686000 documents (3356.9896819557707 docs/s, 0.0032014748401220042 MB/s).
Processed 687000 documents (3360.009737880893 docs/s, 0.003204354989891904 MB/s).
Processed 688000 documents (3363.55318432709 docs/s, 0.003207734283759203 MB/s).
Processed 689000 documents (3366.7826725901855 docs/s, 0.0032108141637708526 MB/s).
Processed 690000 documents (3370.001897332873 docs/s, 0.003213884255726693 MB/s).
Processed 691000 documents (3373.3993978434764 docs/s, 0.0032171243647036328 MB/s).
Processed 692000 documents (3376.857724792272 docs/s, 0.003220422482292435 MB/s).
Processed 693000 documents (3379.4114528736573 docs/s, 0.0032228579071747372 MB/s).
Processed 694000 documents (3382.426903451693 docs/s, 0.003225733664943402 MB/s).
Processed 695000 documents (3384.971242196705 docs/s, 0.0032281601354567577 MB/s).
Processed 696000 documents (3388.0415612138722 docs/s, 0.0032310882198466036 MB/s).
Processed 697000 documents (3391.3448661908587 docs/s, 0.0032342384969624126 MB/s).
Processed 698000 documents (3394.670361018308 docs/s, 0.003237409935968693 MB/s).
Processed 699000 documents (3397.586233591241 docs/s, 0.0032401907287514125 MB/s).
Processed 700000 documents (3400.5668921826855 docs/s, 0.0032430333062960486 MB/s).
Processed 701000 documents (3403.781480720551 docs/s, 0.003246098976822425 MB/s).
Processed 702000 documents (3406.955363391362 docs/s, 0.003249125827208864 MB/s).
Processed 703000 documents (3409.2544217519508 docs/s, 0.0032513183801192768 MB/s).
Processed 704000 documents (3412.1436084811094 docs/s, 0.003254073723298177 MB/s).
Processed 705000 documents (3415.315303049429 docs/s, 0.003257098486947469 MB/s).
Processed 706000 documents (3418.774180617261 docs/s, 0.003260397129647504 MB/s).
Processed 707000 documents (3421.9586968653352 docs/s, 0.0032634341210034707 MB/s).
Processed 708000 documents (3424.4382675821494 docs/s, 0.0032657988239118093 MB/s).
Processed 709000 documents (3427.4549666868515 docs/s, 0.0032686757723682895 MB/s).
Processed 710000 documents (3430.6187171017523 docs/s, 0.0032716929598825 MB/s).
Processed 711000 documents (3433.516631789002 docs/s, 0.0032744566266908665 MB/s).
Processed 712000 documents (3436.603855344922 docs/s, 0.003277400832505152 MB/s).
Processed 713000 documents (3439.223728053168 docs/s, 0.0032798993378192597 MB/s).
Processed 714000 documents (3442.681212521494 docs/s, 0.003283196651956076 MB/s).
Processed 715000 documents (3445.829372913 docs/s, 0.0032861989716653824 MB/s).
Processed 716000 documents (3448.83990399912 docs/s, 0.0032890700378409576 MB/s).
Processed 717000 documents (3451.458516729708 docs/s, 0.003291567341546734 MB/s).
Processed 718000 documents (3454.12436176381 docs/s, 0.0032941096894872762 MB/s).
Processed 719000 documents (3457.130634648239 docs/s, 0.0032969766947252644 MB/s).
Processed 720000 documents (3460.4263687800126 docs/s, 0.0033001197517204405 MB/s).
Processed 721000 documents (3463.3375172612396 docs/s, 0.0033028960392582317 MB/s).
Processed 722000 documents (3465.9831655072585 docs/s, 0.003305419126040705 MB/s).
Processed 723000 documents (3469.2317797647192 docs/s, 0.0033085172460219567 MB/s).
Processed 724000 documents (3472.3075076042583 docs/s, 0.0033114504886667807 MB/s).
Processed 725000 documents (3475.0566595224905 docs/s, 0.0033140722842430977 MB/s).
Processed 726000 documents (3477.191212851536 docs/s, 0.003316107952930008 MB/s).
Processed 727000 documents (3480.2894887855796 docs/s, 0.003319062699113445 MB/s).
Processed 728000 documents (3483.4777510108383 docs/s, 0.0033221032629116424 MB/s).
Processed 729000 documents (3486.850728578806 docs/s, 0.0033253199849880275 MB/s).
Processed 730000 documents (3489.0345554103433 docs/s, 0.0033274026445487435 MB/s).
Processed 731000 documents (3491.979343944786 docs/s, 0.003330211013741289 MB/s).
Processed 732000 documents (3495.2763128651036 docs/s, 0.0033333552483225857 MB/s).
Processed 733000 documents (3498.818763305154 docs/s, 0.0033367335923244036 MB/s).
Processed 734000 documents (3501.949236802877 docs/s, 0.0033397190444973725 MB/s).
Processed 735000 documents (3504.5338595079766 docs/s, 0.0033421839327888265 MB/s).
Processed 736000 documents (3507.7341469165367 docs/s, 0.0033452359646954886 MB/s).
Processed 737000 documents (3511.0086631446293 docs/s, 0.003348358786720876 MB/s).
Processed 738000 documents (3514.261316449358 docs/s, 0.00335146075863777 MB/s).
Processed 739000 documents (3516.876655920936 docs/s, 0.0033539549407204973 MB/s).
Processed 740000 documents (3519.855909251882 docs/s, 0.0033567961781042883 MB/s).
Processed 741000 documents (3522.940236338816 docs/s, 0.003359737621630493 MB/s).
Processed 742000 documents (3526.104486351644 docs/s, 0.0033627552855984154 MB/s).
Processed 743000 documents (3529.7376908263723 docs/s, 0.003366220179392216 MB/s).
Processed 744000 documents (3532.2818147223493 docs/s, 0.0033686464450095647 MB/s).
Processed 745000 documents (3534.9580133722643 docs/s, 0.0033711986669275897 MB/s).
Processed 746000 documents (3538.219787533899 docs/s, 0.003374309337171458 MB/s).
Processed 747000 documents (3541.695847001267 docs/s, 0.003377624365807788 MB/s).
Processed 748000 documents (3543.817907107584 docs/s, 0.0033796481200290525 MB/s).
Processed 749000 documents (3546.9121674853495 docs/s, 0.0033825990366796012 MB/s).
Processed 750000 documents (3550.204242706288 docs/s, 0.0033857386042654876 MB/s).
Processed 751000 documents (3553.536970419173 docs/s, 0.0033889169410888415 MB/s).
Processed 752000 documents (3556.940279628863 docs/s, 0.003392162589672912 MB/s).
Processed 753000 documents (3558.6860376423333 docs/s, 0.0033938274742530187 MB/s).
Processed 754000 documents (3561.8490614725097 docs/s, 0.003396843968842039 MB/s).
Processed 755000 documents (3564.6672287518227 docs/s, 0.003399531582595656 MB/s).
Processed 756000 documents (3567.9142130471496 docs/s, 0.003402628148123884 MB/s).
Processed 757000 documents (3570.357954973764 docs/s, 0.0034049586820352213 MB/s).
Processed 758000 documents (3573.108162626557 docs/s, 0.0034075814844384735 MB/s).
Processed 759000 documents (3575.985963233107 docs/s, 0.003410325968964679 MB/s).
Processed 760000 documents (3577.981744157973 docs/s, 0.003412229293973897 MB/s).
Processed 761000 documents (3581.155195553992 docs/s, 0.003415255733064644 MB/s).
Processed 762000 documents (3583.6806012193306 docs/s, 0.003417664147586184 MB/s).
Processed 763000 documents (3586.8409267372754 docs/s, 0.0034206780688641313 MB/s).
Processed 764000 documents (3589.4811321968396 docs/s, 0.0034231959650009532 MB/s).
Processed 765000 documents (3592.5738821560617 docs/s, 0.00342614544120413 MB/s).
Processed 766000 documents (3594.2230128373026 docs/s, 0.003427718174779227 MB/s).
Processed 767000 documents (3596.5708561882884 docs/s, 0.0034299572526820072 MB/s).
Processed 768000 documents (3599.8164993186724 docs/s, 0.003433052539175675 MB/s).
Processed 769000 documents (3603.228648240717 docs/s, 0.003436306617966382 MB/s).
Processed 770000 documents (3606.4566079003625 docs/s, 0.0034393850401881814 MB/s).
Processed 771000 documents (3608.543393252834 docs/s, 0.0034413751537826862 MB/s).
Processed 772000 documents (3611.567066985121 docs/s, 0.0034442587537623606 MB/s).
Processed 773000 documents (3614.74962189753 docs/s, 0.0034472938746428774 MB/s).
Processed 774000 documents (3618.0827956556705 docs/s, 0.0034504726368481354 MB/s).
Processed 775000 documents (3621.009933708735 docs/s, 0.0034532641732299184 MB/s).
Processed 776000 documents (3623.9066020733208 docs/s, 0.0034560266514523704 MB/s).
Processed 777000 documents (3627.193714542419 docs/s, 0.003459161486189288 MB/s).
Processed 778000 documents (3630.52592430411 docs/s, 0.003462339329055891 MB/s).
Processed 779000 documents (3632.8075590822073 docs/s, 0.0034645152655431817 MB/s).
Processed 780000 documents (3635.153343813563 docs/s, 0.0034667523801932935 MB/s).
Processed 781000 documents (3638.0183903523857 docs/s, 0.0034694847014926774 MB/s).
Processed 782000 documents (3641.206194554447 docs/s, 0.003472524828485915 MB/s).
Processed 783000 documents (3644.519929990914 docs/s, 0.003475685052863039 MB/s).
Processed 784000 documents (3646.9064492767134 docs/s, 0.003477961015011514 MB/s).
Processed 785000 documents (3649.3084235535944 docs/s, 0.003480251716188044 MB/s).
Processed 786000 documents (3652.3509943395725 docs/s, 0.0034831533378024792 MB/s).
Processed 787000 documents (3655.443636647067 docs/s, 0.003486102711340968 MB/s).
Processed 788000 documents (3658.658270546668 docs/s, 0.0034891684251276665 MB/s).
Processed 789000 documents (3661.2604546721163 docs/s, 0.0034916500612946666 MB/s).
Processed 790000 documents (3663.5020007103776 docs/s, 0.0034937877661803986 MB/s).
Processed 791000 documents (3665.514630445401 docs/s, 0.003495707159467126 MB/s).
Processed 792000 documents (3667.6785507177333 docs/s, 0.0034977708346536 MB/s).
Processed 793000 documents (3670.419478266787 docs/s, 0.0035003847868602628 MB/s).
Processed 794000 documents (3673.1223275166476 docs/s, 0.003502962424770973 MB/s).
Processed 795000 documents (3676.117136588434 docs/s, 0.003505818497265276 MB/s).
Processed 796000 documents (3678.604862435772 docs/s, 0.003508190977512142 MB/s).
Processed 797000 documents (3681.686532870121 docs/s, 0.0035111298874570093 MB/s).
Processed 798000 documents (3682.894784229074 docs/s, 0.003512282165745806 MB/s).
Processed 799000 documents (3686.0464945282624 docs/s, 0.003515287870910895 MB/s).
Processed 800000 documents (3688.2454603494693 docs/s, 0.003517384968137235 MB/s).
Processed 801000 documents (3691.556359247205 docs/s, 0.003520542487380223 MB/s).
Processed 802000 documents (3694.1745774532637 docs/s, 0.0035230394148380887 MB/s).
Processed 803000 documents (3697.0580325674896 docs/s, 0.003525789291923036 MB/s).
Processed 804000 documents (3700.040512575989 docs/s, 0.003528633606506337 MB/s).
Processed 805000 documents (3702.5364765610907 docs/s, 0.0035310139432536036 MB/s).
Processed 806000 documents (3705.175981892003 docs/s, 0.0035335311716957122 MB/s).
Processed 807000 documents (3707.8592772958427 docs/s, 0.003536090161605685 MB/s).
Processed 808000 documents (3710.535345037881 docs/s, 0.0035386422586802303 MB/s).
Processed 809000 documents (3713.131176992971 docs/s, 0.0035411178369455063 MB/s).
Processed 810000 documents (3716.055432811754 docs/s, 0.003543906624614481 MB/s).
Processed 811000 documents (3718.579877154148 docs/s, 0.0035463141223470193 MB/s).
Processed 812000 documents (3720.6098022903843 docs/s, 0.0035482500098136752 MB/s).
Processed 813000 documents (3723.76351262125 docs/s, 0.003551257622357607 MB/s).
Processed 814000 documents (3726.872316471343 docs/s, 0.0035542224087441853 MB/s).
Processed 815000 documents (3729.8116580376554 docs/s, 0.003557025583303123 MB/s).
Processed 816000 documents (3732.609885400957 docs/s, 0.0035596941808709688 MB/s).
Processed 817000 documents (3735.244311964369 docs/s, 0.003562206565822953 MB/s).
Processed 818000 documents (3738.229206050998 docs/s, 0.0035650531826505643 MB/s).
Processed 819000 documents (3741.3516117038093 docs/s, 0.003568030940727052 MB/s).
Processed 820000 documents (3744.143152851149 docs/s, 0.003570693161822461 MB/s).
Processed 821000 documents (3746.775033488388 docs/s, 0.003573203118790043 MB/s).
Processed 822000 documents (3748.9958632491366 docs/s, 0.0035753210670939795 MB/s).
Processed 823000 documents (3752.1739827853294 docs/s, 0.0035783519580701154 MB/s).
Processed 824000 documents (3754.94798537641 docs/s, 0.0035809974530948735 MB/s).
Processed 825000 documents (3757.482703435241 docs/s, 0.0035834147486069117 MB/s).
Processed 826000 documents (3760.386823121831 docs/s, 0.0035861843329637825 MB/s).
Processed 827000 documents (3763.280707752633 docs/s, 0.003588944156410821 MB/s).
Processed 828000 documents (3766.3301426749354 docs/s, 0.003591852324175773 MB/s).
Processed 829000 documents (3769.0968938729334 docs/s, 0.00359449090373319 MB/s).
Processed 830000 documents (3771.348072484294 docs/s, 0.0035966377949564875 MB/s).
Processed 831000 documents (3773.4238015345636 docs/s, 0.003598617364439548 MB/s).
Processed 832000 documents (3776.376551116529 docs/s, 0.0036014333258786477 MB/s).
Processed 833000 documents (3778.763053138982 docs/s, 0.0036037092715635126 MB/s).
Processed 834000 documents (3781.3283833181167 docs/s, 0.0036061557610684554 MB/s).
Processed 835000 documents (3784.212834241693 docs/s, 0.0036089065878312046 MB/s).
Processed 836000 documents (3786.9731172707807 docs/s, 0.0036115389988620574 MB/s).
Processed 837000 documents (3789.530947462052 docs/s, 0.0036139783358212015 MB/s).
Processed 838000 documents (3791.8860069784455 docs/s, 0.003616224295595594 MB/s).
Processed 839000 documents (3794.494733269589 docs/s, 0.003618712170857991 MB/s).
Processed 840000 documents (3797.4880700306862 docs/s, 0.0036215668392474043 MB/s).
Processed 841000 documents (3800.280207033622 docs/s, 0.0036242296285949917 MB/s).
Processed 842000 documents (3802.579940348467 docs/s, 0.0036264228251919432 MB/s).
Processed 843000 documents (3805.4843923515564 docs/s, 0.003629192726470524 MB/s).
Processed 844000 documents (3808.4023774464304 docs/s, 0.0036319755339111618 MB/s).
Processed 845000 documents (3811.0054149079815 docs/s, 0.0036344579838828864 MB/s).
Processed 846000 documents (3814.0547473916617 docs/s, 0.0036373660539547555 MB/s).
Processed 847000 documents (3816.378392968412 docs/s, 0.003639582055061733 MB/s).
Processed 848000 documents (3818.9108257218127 docs/s, 0.0036419971711366774 MB/s).
Processed 849000 documents (3821.92310209322 docs/s, 0.0036448699017460062 MB/s).
Processed 850000 documents (3825.0059322508787 docs/s, 0.0036478099176892077 MB/s).
Processed 851000 documents (3827.1826551113354 docs/s, 0.0036498858023751597 MB/s).
Processed 852000 documents (3829.6515755313158 docs/s, 0.003652240348368946 MB/s).
Processed 853000 documents (3832.181193511762 docs/s, 0.003654652780067217 MB/s).
Processed 854000 documents (3835.1920431718477 docs/s, 0.003657524150058601 MB/s).
Processed 855000 documents (3837.8159674005674 docs/s, 0.003660026519203727 MB/s).
Processed 856000 documents (3840.0063440160297 docs/s, 0.0036621154251251504 MB/s).
Processed 857000 documents (3842.023860466647 docs/s, 0.003664039478747031 MB/s).
Processed 858000 documents (3844.4250534929965 docs/s, 0.0036663294348649946 MB/s).
Processed 859000 documents (3847.312408159133 docs/s, 0.003669083030852445 MB/s).
Processed 860000 documents (3849.872904668605 docs/s, 0.003671524910610776 MB/s).
Processed 861000 documents (3852.464206356357 docs/s, 0.003673996168476445 MB/s).
Processed 862000 documents (3855.375563718934 docs/s, 0.003676772655219015 MB/s).
Processed 863000 documents (3857.8991009956317 docs/s, 0.0036791792879062955 MB/s).
Processed 864000 documents (3860.8640757808844 docs/s, 0.003682006908207783 MB/s).
Processed 865000 documents (3862.4221773113127 docs/s, 0.003683492829619706 MB/s).
Processed 866000 documents (3864.701857785938 docs/s, 0.003685666902337969 MB/s).
Processed 867000 documents (3867.4568201087895 docs/s, 0.0036882942391479392 MB/s).
Processed 868000 documents (3870.529716686176 docs/s, 0.0036912247816907654 MB/s).
Processed 869000 documents (3872.7667310567253 docs/s, 0.00369335816484139 MB/s).
Processed 870000 documents (3875.313588724898 docs/s, 0.0036957870375870687 MB/s).
Processed 871000 documents (3878.345442571924 docs/s, 0.003698678438732075 MB/s).
Processed 872000 documents (3880.5375389868 docs/s, 0.003700768984782028 MB/s).
Processed 873000 documents (3883.675015814302 docs/s, 0.0037037611158507364 MB/s).
Processed 874000 documents (3885.8592492762587 docs/s, 0.00370584416320444 MB/s).
Processed 875000 documents (3887.838377292745 docs/s, 0.003707731606762643 MB/s).
Processed 876000 documents (3890.050630727189 docs/s, 0.0037098413760444536 MB/s).
Processed 877000 documents (3892.816210684046 docs/s, 0.003712478838619276 MB/s).
Processed 878000 documents (3895.0605025153727 docs/s, 0.0037146191620973327 MB/s).
Processed 879000 documents (3897.7229443321357 docs/s, 0.0037171582644769056 MB/s).
Processed 880000 documents (3900.1241091102665 docs/s, 0.0037194481936552682 MB/s).
Processed 881000 documents (3902.7653589134316 docs/s, 0.0037219670857557598 MB/s).
Processed 882000 documents (3905.209612164284 docs/s, 0.00372429810730389 MB/s).
Processed 883000 documents (3906.8026413901425 docs/s, 0.003725817338361876 MB/s).
Processed 884000 documents (3909.2929922399353 docs/s, 0.003728192322006164 MB/s).
Processed 885000 documents (3911.589036131633 docs/s, 0.0037303820000950173 MB/s).
Processed 886000 documents (3914.4168260681126 docs/s, 0.00373307879072963 MB/s).
Processed 887000 documents (3917.107317258171 docs/s, 0.003735644643076106 MB/s).
Processed 888000 documents (3919.538684048794 docs/s, 0.0037379633751380864 MB/s).
Processed 889000 documents (3922.4280269805554 docs/s, 0.003740718867283397 MB/s).
Processed 890000 documents (3925.4334472630353 docs/s, 0.0037435850594168046 MB/s).
Processed 891000 documents (3928.194391871139 docs/s, 0.0037462181013785734 MB/s).
Processed 892000 documents (3930.2881369363404 docs/s, 0.0037482148522723583 MB/s).
Processed 893000 documents (3932.66111427803 docs/s, 0.0037504778998165415 MB/s).
Processed 894000 documents (3935.48593545603 docs/s, 0.0037531718592224406 MB/s).
Processed 895000 documents (3938.1266482595393 docs/s, 0.0037556902392001526 MB/s).
Processed 896000 documents (3939.8244673526956 docs/s, 0.0037573094056632 MB/s).
Opening /fsx/loubna/data/stack_march_no_pii_json/restructuredtext
Input is not a jsonl file, will try to load from HF datasets
Vocab size: 49152
Output prefix: /fsx/loubna/data/tokenized_stack_no_pii/code/restructuredtext/gpt2-preprocessed
Time to startup: 0.8143587112426758
END TIME: Wed Mar 29 01:10:25 UTC 2023
