START TIME: Wed Mar 29 01:06:11 UTC 2023
FULL_OUT_PATH is: /fsx/loubna/data/tokenized_stack_no_pii/code/smalltalk
/fsx/loubna/code/Megatron-LM/tools/preprocess_data.py --input /fsx/loubna/data/stack_march_no_pii_json/smalltalk --output-prefix /fsx/loubna/data/tokenized_stack_no_pii/code/smalltalk/gpt2-preprocessed --tokenizer-type TokenizerFromFile --tokenizer-file /fsx/loubna/data/tokenizer/tokenizer-the-stack-march-sample-v3-no-prefix-spaces/tokenizer.json --dataset-impl mmap --append-eod --json-keys content --workers 64 --chunk-size 100 --log-interval 1000
[H[2J[3J> building TokenizerFromFile tokenizer ...
 > padded vocab (size: 49152) with 0 dummy tokens (new size: 49152)
> building TokenizerFromFile tokenizer ...
> building TokenizerFromFile tokenizer ...
> building TokenizerFromFile tokenizer ...
> building TokenizerFromFile tokenizer ...
> building TokenizerFromFile tokenizer ...
> building TokenizerFromFile tokenizer ...
> building TokenizerFromFile tokenizer ...
> building TokenizerFromFile tokenizer ...
> building TokenizerFromFile tokenizer ...
> building TokenizerFromFile tokenizer ...
> building TokenizerFromFile tokenizer ...
> building TokenizerFromFile tokenizer ...
> building TokenizerFromFile tokenizer ...
> building TokenizerFromFile tokenizer ...
> building TokenizerFromFile tokenizer ...
> building TokenizerFromFile tokenizer ...
> building TokenizerFromFile tokenizer ...
> building TokenizerFromFile tokenizer ...
 > padded vocab (size: 49152) with 0 dummy tokens (new size: 49152)
 > padded vocab (size: 49152) with 0 dummy tokens (new size: 49152)
> building TokenizerFromFile tokenizer ...
 > padded vocab (size: 49152) with 0 dummy tokens (new size: 49152)
 > padded vocab (size: 49152) with 0 dummy tokens (new size: 49152)
> building TokenizerFromFile tokenizer ...
 > padded vocab (size: 49152) with 0 dummy tokens (new size: 49152)
> building TokenizerFromFile tokenizer ...
 > padded vocab (size: 49152) with 0 dummy tokens (new size: 49152)
 > padded vocab (size: 49152) with 0 dummy tokens (new size: 49152)
> building TokenizerFromFile tokenizer ...
 > padded vocab (size: 49152) with 0 dummy tokens (new size: 49152)
> building TokenizerFromFile tokenizer ...
 > padded vocab (size: 49152) with 0 dummy tokens (new size: 49152)
 > padded vocab (size: 49152) with 0 dummy tokens (new size: 49152)
> building TokenizerFromFile tokenizer ...
 > padded vocab (size: 49152) with 0 dummy tokens (new size: 49152)
 > padded vocab (size: 49152) with 0 dummy tokens (new size: 49152)
> building TokenizerFromFile tokenizer ...
> building TokenizerFromFile tokenizer ...
> building TokenizerFromFile tokenizer ...
> building TokenizerFromFile tokenizer ...
> building TokenizerFromFile tokenizer ...
 > padded vocab (size: 49152) with 0 dummy tokens (new size: 49152)
> building TokenizerFromFile tokenizer ...
 > padded vocab (size: 49152) with 0 dummy tokens (new size: 49152)
> building TokenizerFromFile tokenizer ...
 > padded vocab (size: 49152) with 0 dummy tokens (new size: 49152)
> building TokenizerFromFile tokenizer ...
 > padded vocab (size: 49152) with 0 dummy tokens (new size: 49152)
> building TokenizerFromFile tokenizer ...
 > padded vocab (size: 49152) with 0 dummy tokens (new size: 49152)
> building TokenizerFromFile tokenizer ...
 > padded vocab (size: 49152) with 0 dummy tokens (new size: 49152)
> building TokenizerFromFile tokenizer ...
 > padded vocab (size: 49152) with 0 dummy tokens (new size: 49152)
> building TokenizerFromFile tokenizer ...
 > padded vocab (size: 49152) with 0 dummy tokens (new size: 49152)
> building TokenizerFromFile tokenizer ...
 > padded vocab (size: 49152) with 0 dummy tokens (new size: 49152)
> building TokenizerFromFile tokenizer ...
 > padded vocab (size: 49152) with 0 dummy tokens (new size: 49152)
> building TokenizerFromFile tokenizer ...
 > padded vocab (size: 49152) with 0 dummy tokens (new size: 49152)
> building TokenizerFromFile tokenizer ...
 > padded vocab (size: 49152) with 0 dummy tokens (new size: 49152)
> building TokenizerFromFile tokenizer ...
 > padded vocab (size: 49152) with 0 dummy tokens (new size: 49152)
> building TokenizerFromFile tokenizer ...
 > padded vocab (size: 49152) with 0 dummy tokens (new size: 49152)
> building TokenizerFromFile tokenizer ...
 > padded vocab (size: 49152) with 0 dummy tokens (new size: 49152)
> building TokenizerFromFile tokenizer ...
 > padded vocab (size: 49152) with 0 dummy tokens (new size: 49152)
 > padded vocab (size: 49152) with 0 dummy tokens (new size: 49152)
 > padded vocab (size: 49152) with 0 dummy tokens (new size: 49152)
 > padded vocab (size: 49152) with 0 dummy tokens (new size: 49152)
 > padded vocab (size: 49152) with 0 dummy tokens (new size: 49152)
> building TokenizerFromFile tokenizer ...
 > padded vocab (size: 49152) with 0 dummy tokens (new size: 49152)
> building TokenizerFromFile tokenizer ...
 > padded vocab (size: 49152) with 0 dummy tokens (new size: 49152)
> building TokenizerFromFile tokenizer ...
 > padded vocab (size: 49152) with 0 dummy tokens (new size: 49152)
> building TokenizerFromFile tokenizer ...
 > padded vocab (size: 49152) with 0 dummy tokens (new size: 49152)
> building TokenizerFromFile tokenizer ...
 > padded vocab (size: 49152) with 0 dummy tokens (new size: 49152)
> building TokenizerFromFile tokenizer ...
 > padded vocab (size: 49152) with 0 dummy tokens (new size: 49152)
> building TokenizerFromFile tokenizer ...
 > padded vocab (size: 49152) with 0 dummy tokens (new size: 49152)
> building TokenizerFromFile tokenizer ...
 > padded vocab (size: 49152) with 0 dummy tokens (new size: 49152)
> building TokenizerFromFile tokenizer ...
 > padded vocab (size: 49152) with 0 dummy tokens (new size: 49152)
> building TokenizerFromFile tokenizer ...
 > padded vocab (size: 49152) with 0 dummy tokens (new size: 49152)
> building TokenizerFromFile tokenizer ...
 > padded vocab (size: 49152) with 0 dummy tokens (new size: 49152)
> building TokenizerFromFile tokenizer ...
 > padded vocab (size: 49152) with 0 dummy tokens (new size: 49152)
> building TokenizerFromFile tokenizer ...
> building TokenizerFromFile tokenizer ...
> building TokenizerFromFile tokenizer ...
> building TokenizerFromFile tokenizer ...
> building TokenizerFromFile tokenizer ...
 > padded vocab (size: 49152) with 0 dummy tokens (new size: 49152)
 > padded vocab (size: 49152) with 0 dummy tokens (new size: 49152)
> building TokenizerFromFile tokenizer ...
 > padded vocab (size: 49152) with 0 dummy tokens (new size: 49152)
 > padded vocab (size: 49152) with 0 dummy tokens (new size: 49152)
> building TokenizerFromFile tokenizer ...
 > padded vocab (size: 49152) with 0 dummy tokens (new size: 49152)
> building TokenizerFromFile tokenizer ...
 > padded vocab (size: 49152) with 0 dummy tokens (new size: 49152)
 > padded vocab (size: 49152) with 0 dummy tokens (new size: 49152)
 > padded vocab (size: 49152) with 0 dummy tokens (new size: 49152)
 > padded vocab (size: 49152) with 0 dummy tokens (new size: 49152)
 > padded vocab (size: 49152) with 0 dummy tokens (new size: 49152)
 > padded vocab (size: 49152) with 0 dummy tokens (new size: 49152)
 > padded vocab (size: 49152) with 0 dummy tokens (new size: 49152)
 > padded vocab (size: 49152) with 0 dummy tokens (new size: 49152)
 > padded vocab (size: 49152) with 0 dummy tokens (new size: 49152)
 > padded vocab (size: 49152) with 0 dummy tokens (new size: 49152)
 > padded vocab (size: 49152) with 0 dummy tokens (new size: 49152)
 > padded vocab (size: 49152) with 0 dummy tokens (new size: 49152)
 > padded vocab (size: 49152) with 0 dummy tokens (new size: 49152)
 > padded vocab (size: 49152) with 0 dummy tokens (new size: 49152)
 > padded vocab (size: 49152) with 0 dummy tokens (new size: 49152)
Processed 1000 documents (1617.039913394011 docs/s, 0.001542129434007655 MB/s).
Processed 2000 documents (1615.5802445882082 docs/s, 0.0015407373853571016 MB/s).
Processed 3000 documents (1799.3126729096089 docs/s, 0.0017159582833381737 MB/s).
Processed 4000 documents (1625.8353412533763 docs/s, 0.0015505174076589359 MB/s).
Processed 5000 documents (1791.2922515099533 docs/s, 0.0017083094134425672 MB/s).
Processed 6000 documents (1862.7452272093572 docs/s, 0.0017764522811978885 MB/s).
Processed 7000 documents (1755.2690873770457 docs/s, 0.0016739550470133264 MB/s).
Processed 8000 documents (1826.4647823269463 docs/s, 0.0017418525527257407 MB/s).
Processed 9000 documents (1874.8203837098629 docs/s, 0.0017879680478190068 MB/s).
Processed 10000 documents (1776.4539246917755 docs/s, 0.0016941584822576289 MB/s).
Processed 11000 documents (1836.5908491270397 docs/s, 0.0017515095225592039 MB/s).
Processed 12000 documents (1872.1164984451675 docs/s, 0.0017853894218875575 MB/s).
Processed 13000 documents (1705.0804819897705 docs/s, 0.0016260914630792337 MB/s).
Processed 14000 documents (1742.6319515635898 docs/s, 0.001661903335155096 MB/s).
Processed 15000 documents (1778.3672764112566 docs/s, 0.0016959831966507498 MB/s).
Processed 16000 documents (1802.1704342853113 docs/s, 0.001718683656964599 MB/s).
Processed 17000 documents (1821.8945456101767 docs/s, 0.0017374940353490607 MB/s).
Processed 18000 documents (1662.6812074878922 docs/s, 0.0015856563639525339 MB/s).
Processed 19000 documents (1689.388588725892 docs/s, 0.0016111265074976846 MB/s).
Processed 20000 documents (1708.6034454257272 docs/s, 0.0016294512228257438 MB/s).
Processed 21000 documents (1727.5944548539446 docs/s, 0.0016475624607600638 MB/s).
Processed 22000 documents (1629.928251119492 docs/s, 0.001554420710677616 MB/s).
Processed 23000 documents (1665.4520841562924 docs/s, 0.0015882988778651165 MB/s).
Processed 24000 documents (1694.5461271630218 docs/s, 0.0016160451194410532 MB/s).
Processed 25000 documents (1734.7605834977446 docs/s, 0.001654396613595719 MB/s).
Processed 26000 documents (1776.2938286945102 docs/s, 0.0016940058028168776 MB/s).
Processed 27000 documents (1799.4332382035534 docs/s, 0.0017160732633624586 MB/s).
Processed 28000 documents (1817.479967609256 docs/s, 0.0017332839656918105 MB/s).
Processed 29000 documents (1834.5918007083842 docs/s, 0.0017496030814250795 MB/s).
Processed 30000 documents (1679.1740631756595 docs/s, 0.0016013851768261523 MB/s).
Processed 31000 documents (1699.4108184660367 docs/s, 0.0016206844505939834 MB/s).
Processed 32000 documents (1707.1636212257476 docs/s, 0.0016280780994660832 MB/s).
Processed 33000 documents (1723.6571679910319 docs/s, 0.0016438075714025802 MB/s).
Processed 34000 documents (1738.687617645003 docs/s, 0.0016581417252016096 MB/s).
Processed 35000 documents (1754.1129587421526 docs/s, 0.001672852476827767 MB/s).
Processed 36000 documents (1778.9053614103323 docs/s, 0.0016964963544944117 MB/s).
Processed 37000 documents (1578.5092075471068 docs/s, 0.0015053836894484585 MB/s).
Processed 38000 documents (1595.4850600939299 docs/s, 0.0015215731240214633 MB/s).
Processed 39000 documents (1612.444170927079 docs/s, 0.0015377465924521247 MB/s).
Processed 40000 documents (1633.2274538174547 docs/s, 0.0015575670755552814 MB/s).
Processed 41000 documents (1652.0882817582724 docs/s, 0.0015755541627485966 MB/s).
Processed 42000 documents (1670.7767221793154 docs/s, 0.0015933768483918336 MB/s).
Processed 43000 documents (1685.641622443924 docs/s, 0.0016075531219901314 MB/s).
Processed 44000 documents (1698.7828784751239 docs/s, 0.0016200856003524054 MB/s).
Processed 45000 documents (1715.1939686253756 docs/s, 0.0016357364355329281 MB/s).
Processed 46000 documents (1748.493168566535 docs/s, 0.0016674930272736882 MB/s).
Processed 47000 documents (1783.6805753169451 docs/s, 0.0017010503533524944 MB/s).
Processed 48000 documents (1818.6885265893864 docs/s, 0.001734436537351023 MB/s).
Processed 49000 documents (1852.617326180055 docs/s, 0.0017667935621071386 MB/s).
Processed 50000 documents (1887.3034638975791 docs/s, 0.0017998728407836715 MB/s).
Processed 51000 documents (1922.7842015751999 docs/s, 0.001833709909033966 MB/s).
Processed 52000 documents (1957.7080509378304 docs/s, 0.0018670158872011475 MB/s).
Processed 53000 documents (1992.206507983636 docs/s, 0.0018999161796413764 MB/s).
Processed 54000 documents (2026.2213632664468 docs/s, 0.0019323552735008686 MB/s).
Processed 55000 documents (2060.971900590646 docs/s, 0.001965495968428274 MB/s).
Processed 56000 documents (2095.171651238006 docs/s, 0.001998111392248159 MB/s).
Processed 57000 documents (2129.941648276169 docs/s, 0.002031270645404977 MB/s).
Processed 58000 documents (2164.7472980950524 docs/s, 0.002064463899703076 MB/s).
Processed 59000 documents (2199.367824677711 docs/s, 0.002097480606725417 MB/s).
Processed 60000 documents (2233.5818801510654 docs/s, 0.002130109672690454 MB/s).
Processed 61000 documents (2267.9564475140173 docs/s, 0.0021628918147220777 MB/s).
Processed 62000 documents (2301.8196492133043 docs/s, 0.002195186280453972 MB/s).
Processed 63000 documents (2335.0451591647025 docs/s, 0.002226872595944121 MB/s).
Processed 64000 documents (2369.2295455304097 docs/s, 0.002259473367243204 MB/s).
Processed 65000 documents (2403.3974723867123 docs/s, 0.002292058441530907 MB/s).
Processed 66000 documents (2436.9376504720003 docs/s, 0.002324044847938538 MB/s).
Processed 67000 documents (2469.900108299359 docs/s, 0.002355480297374114 MB/s).
Processed 68000 documents (2503.206647800185 docs/s, 0.002387243888664422 MB/s).
Processed 69000 documents (2534.990486919817 docs/s, 0.0024175553197096035 MB/s).
Processed 70000 documents (2568.80461994347 docs/s, 0.0024498029899058054 MB/s).
Processed 71000 documents (2602.174857995648 docs/s, 0.00248162732886853 MB/s).
Processed 72000 documents (2634.342929344714 docs/s, 0.002512305192322458 MB/s).
Processed 73000 documents (2667.406121666378 docs/s, 0.0025438367096580297 MB/s).
Processed 74000 documents (2700.386811970071 docs/s, 0.00257528954693801 MB/s).
Processed 75000 documents (2732.5083820601135 docs/s, 0.002605923063335527 MB/s).
Processed 76000 documents (2765.1260216961095 docs/s, 0.002637029668518171 MB/s).
Processed 77000 documents (2798.1703982345057 docs/s, 0.0026685432417244965 MB/s).
Processed 78000 documents (2831.068019438086 docs/s, 0.002699916858137213 MB/s).
Processed 79000 documents (2863.6327849303248 docs/s, 0.0027309730386069534 MB/s).
Processed 80000 documents (2895.8278565473643 docs/s, 0.002761676651522984 MB/s).
Processed 81000 documents (2928.4586060259912 docs/s, 0.002792795759225837 MB/s).
Processed 82000 documents (2960.061465613937 docs/s, 0.0028229345947398538 MB/s).
Processed 83000 documents (2991.2859768948497 docs/s, 0.0028527126091907975 MB/s).
Processed 84000 documents (3024.2073039747193 docs/s, 0.0028841088332888787 MB/s).
Processed 85000 documents (3056.2040354262517 docs/s, 0.0029146232942831533 MB/s).
Processed 86000 documents (3087.2647457230537 docs/s, 0.0029442450959425485 MB/s).
Processed 87000 documents (3119.8526414689727 docs/s, 0.002975323335141156 MB/s).
Processed 88000 documents (3151.236405999568 docs/s, 0.003005253225326126 MB/s).
Processed 89000 documents (3180.3536537260584 docs/s, 0.0030330215966473183 MB/s).
Processed 90000 documents (3212.923620077572 docs/s, 0.0030640827370429728 MB/s).
Processed 91000 documents (3245.281071294513 docs/s, 0.0030949412072129373 MB/s).
Processed 92000 documents (3276.4163510099856 docs/s, 0.003124634123811708 MB/s).
Processed 93000 documents (3308.401936450653 docs/s, 0.0031551379551416903 MB/s).
Processed 94000 documents (3340.0356015570997 docs/s, 0.003185306169087505 MB/s).
Processed 95000 documents (3371.3171211889703 docs/s, 0.003215138550938578 MB/s).
Processed 96000 documents (3402.820643462084 docs/s, 0.0032451826510067785 MB/s).
Processed 97000 documents (3434.0160068758737 docs/s, 0.003274932867885469 MB/s).
Processed 98000 documents (3463.5688645391515 docs/s, 0.003303116669215347 MB/s).
Processed 99000 documents (3493.5558122116167 docs/s, 0.003331714451037995 MB/s).
Processed 100000 documents (3524.9243250910486 docs/s, 0.003361629796114968 MB/s).
Processed 101000 documents (3556.513844135971 docs/s, 0.0033917559090957364 MB/s).
Processed 102000 documents (3588.2746634275777 docs/s, 0.003422045386722162 MB/s).
Processed 103000 documents (3618.9902706695966 docs/s, 0.003451338072461697 MB/s).
Processed 104000 documents (3649.8860798570086 docs/s, 0.0034808026121683202 MB/s).
Processed 105000 documents (3680.086956632913 docs/s, 0.00350960441268245 MB/s).
Processed 106000 documents (3710.494975470591 docs/s, 0.003538603759260741 MB/s).
Processed 107000 documents (3740.530399068675 docs/s, 0.003567247771328616 MB/s).
Processed 108000 documents (3770.408807570369 docs/s, 0.003595742042131776 MB/s).
Processed 109000 documents (3800.7282983328782 docs/s, 0.0036246569617584975 MB/s).
Processed 110000 documents (3830.0621316834395 docs/s, 0.003652631885226669 MB/s).
Processed 111000 documents (3859.856125335824 docs/s, 0.0036810456517561187 MB/s).
Processed 112000 documents (3889.31332119689 docs/s, 0.0037091382228821657 MB/s).
Processed 113000 documents (3919.3974944259007 docs/s, 0.00373782872622099 MB/s).
Processed 114000 documents (3949.7210574767014 docs/s, 0.003766747529484464 MB/s).
Processed 115000 documents (3979.7819190384675 docs/s, 0.0037954158010849643 MB/s).
Processed 116000 documents (4010.772337150085 docs/s, 0.003824970566892705 MB/s).
Processed 117000 documents (4039.1807146174256 docs/s, 0.0038520629068540817 MB/s).
Processed 118000 documents (4068.2706976309105 docs/s, 0.0038798052765187364 MB/s).
Processed 119000 documents (4097.096999604501 docs/s, 0.003907296180347921 MB/s).
Processed 120000 documents (4126.03557806694 docs/s, 0.003934894159380855 MB/s).
Processed 121000 documents (4154.557621912657 docs/s, 0.003962094900047929 MB/s).
Processed 122000 documents (4183.875860887061 docs/s, 0.003990054951560079 MB/s).
Processed 123000 documents (4212.129629858693 docs/s, 0.00401699984537 MB/s).
Processed 124000 documents (4241.874743774732 docs/s, 0.004045366996550305 MB/s).
Processed 125000 documents (4270.371964997624 docs/s, 0.004072544064519523 MB/s).
Processed 126000 documents (4297.143930634278 docs/s, 0.004098075800546911 MB/s).
Processed 127000 documents (4325.704319254798 docs/s, 0.0041253131096408826 MB/s).
Processed 128000 documents (4354.989079409096 docs/s, 0.004153241233262154 MB/s).
Processed 129000 documents (4384.316788978278 docs/s, 0.004181210316637304 MB/s).
Processed 130000 documents (4412.8296316065 docs/s, 0.004208402282339573 MB/s).
Processed 131000 documents (4442.004191825789 docs/s, 0.004236225311113157 MB/s).
Processed 132000 documents (4468.807473082094 docs/s, 0.004261786912042707 MB/s).
Processed 133000 documents (4495.283003359425 docs/s, 0.004287035945281434 MB/s).
Processed 134000 documents (4524.060799757075 docs/s, 0.004314480590588641 MB/s).
Processed 135000 documents (4550.92448867717 docs/s, 0.004340099800755663 MB/s).
Processed 136000 documents (4579.581460747879 docs/s, 0.004367429219005469 MB/s).
Processed 137000 documents (4609.213155527959 docs/s, 0.004395688205268821 MB/s).
Processed 138000 documents (4635.98478546196 docs/s, 0.0044212196211452105 MB/s).
Processed 139000 documents (4663.929935868751 docs/s, 0.004447870193356277 MB/s).
Processed 140000 documents (4693.565164600743 docs/s, 0.004476132549858802 MB/s).
Processed 141000 documents (4721.671848597264 docs/s, 0.004502937172505631 MB/s).
Processed 142000 documents (4749.376585240577 docs/s, 0.004529358468285157 MB/s).
Processed 143000 documents (4778.239938653497 docs/s, 0.004556884707120416 MB/s).
Processed 144000 documents (4805.326529569345 docs/s, 0.004582716493195863 MB/s).
Processed 145000 documents (4832.670511979296 docs/s, 0.004608793746928497 MB/s).
Processed 146000 documents (4861.239140009383 docs/s, 0.004636038913735755 MB/s).
Processed 147000 documents (4888.813734709302 docs/s, 0.004662336096486379 MB/s).
Processed 148000 documents (4914.874828000123 docs/s, 0.004687189891815303 MB/s).
Processed 149000 documents (4941.499988479478 docs/s, 0.004712581623534658 MB/s).
Processed 150000 documents (4967.504327795203 docs/s, 0.004737381294055178 MB/s).
Processed 151000 documents (4991.557280910588 docs/s, 0.004760319977675045 MB/s).
Processed 152000 documents (5019.948859898895 docs/s, 0.004787396297358412 MB/s).
Processed 153000 documents (5046.125664932374 docs/s, 0.004812360444004416 MB/s).
Processed 154000 documents (5073.516306926039 docs/s, 0.004838482195783652 MB/s).
Processed 155000 documents (5098.670638793277 docs/s, 0.004862471236031797 MB/s).
Processed 156000 documents (5126.0112159523005 docs/s, 0.0048885452422640805 MB/s).
Processed 157000 documents (5152.573881535196 docs/s, 0.004913877374205776 MB/s).
Processed 158000 documents (5178.623524590536 docs/s, 0.004938720249739205 MB/s).
Processed 159000 documents (5206.39174837124 docs/s, 0.004965202091571083 MB/s).
Processed 160000 documents (5229.876443382855 docs/s, 0.004987598842032294 MB/s).
Processed 161000 documents (5256.371775931737 docs/s, 0.0050128667601888055 MB/s).
Processed 162000 documents (5283.631557600954 docs/s, 0.0050388637138375795 MB/s).
Processed 163000 documents (5311.800117711343 docs/s, 0.005065727346145003 MB/s).
Processed 164000 documents (5339.650585232707 docs/s, 0.005092287621720035 MB/s).
Processed 165000 documents (5367.1288290931725 docs/s, 0.005118492917149708 MB/s).
Processed 166000 documents (5394.611198781537 docs/s, 0.005144702147275483 MB/s).
Processed 167000 documents (5420.7146172881685 docs/s, 0.005169596307075661 MB/s).
Processed 168000 documents (5447.102406779461 docs/s, 0.005194761664180241 MB/s).
Processed 169000 documents (5472.583770123578 docs/s, 0.005219062585948541 MB/s).
Processed 170000 documents (5498.427673780458 docs/s, 0.005243709253101785 MB/s).
Processed 171000 documents (5524.759871915255 docs/s, 0.005268821594157462 MB/s).
Processed 172000 documents (5549.027552577615 docs/s, 0.0052919650579239036 MB/s).
Processed 173000 documents (5575.492790347399 docs/s, 0.005317204275462531 MB/s).
Processed 174000 documents (5600.2864168573415 docs/s, 0.005340849320275632 MB/s).
Processed 175000 documents (5623.702986478968 docs/s, 0.005363181101302117 MB/s).
Processed 176000 documents (5649.716831285828 docs/s, 0.005387989836965397 MB/s).
Processed 177000 documents (5676.373065875342 docs/s, 0.005413411203265516 MB/s).
Processed 178000 documents (5701.958884613774 docs/s, 0.005437811741460585 MB/s).
Processed 179000 documents (5728.428041261567 docs/s, 0.005463054696332519 MB/s).
Processed 180000 documents (5751.377891549682 docs/s, 0.005484941379117663 MB/s).
Processed 181000 documents (5775.212571982286 docs/s, 0.005507671901685988 MB/s).
Processed 182000 documents (5802.106556207412 docs/s, 0.005533320003707325 MB/s).
Processed 183000 documents (5827.70465141797 docs/s, 0.005557732249658556 MB/s).
Processed 184000 documents (5850.481120603536 docs/s, 0.005579453583339248 MB/s).
Processed 185000 documents (5873.770675042477 docs/s, 0.005601664233248212 MB/s).
Processed 186000 documents (5897.027602036859 docs/s, 0.005623843767201289 MB/s).
Processed 187000 documents (5921.489728981992 docs/s, 0.005647172669393532 MB/s).
Processed 188000 documents (5948.401781618141 docs/s, 0.0056728380027944005 MB/s).
Processed 189000 documents (5972.27964834944 docs/s, 0.005695609711026612 MB/s).
Processed 190000 documents (5998.01578408648 docs/s, 0.005720153602682572 MB/s).
Processed 191000 documents (6022.3180845489005 docs/s, 0.00574333008246317 MB/s).
Processed 192000 documents (6042.583738552037 docs/s, 0.0057626569161911365 MB/s).
Processed 193000 documents (6067.105655435663 docs/s, 0.005786042838512099 MB/s).
Processed 194000 documents (6093.402545388041 docs/s, 0.005811121507061044 MB/s).
Processed 195000 documents (6116.135562679882 docs/s, 0.005832801401786692 MB/s).
Processed 196000 documents (6132.789990561686 docs/s, 0.005848684301912008 MB/s).
Processed 197000 documents (6156.9490104095685 docs/s, 0.005871724138650483 MB/s).
Processed 198000 documents (6180.893396374355 docs/s, 0.005894559284567218 MB/s).
Processed 199000 documents (6203.345688473074 docs/s, 0.005915971458886217 MB/s).
Processed 200000 documents (6227.272575766098 docs/s, 0.005938789916769121 MB/s).
Processed 201000 documents (6251.457263667742 docs/s, 0.00596185423247122 MB/s).
Processed 202000 documents (6276.470662185119 docs/s, 0.005985708868203277 MB/s).
Processed 203000 documents (6300.895253231072 docs/s, 0.006009001973372528 MB/s).
Processed 204000 documents (6326.102481767018 docs/s, 0.006033041459815042 MB/s).
Processed 205000 documents (6349.3592605287495 docs/s, 0.006055220852402448 MB/s).
Processed 206000 documents (6373.193474764989 docs/s, 0.006077950930371274 MB/s).
Processed 207000 documents (6399.378598610112 docs/s, 0.006102923010454285 MB/s).
Processed 208000 documents (6421.0337735401135 docs/s, 0.006123574994602312 MB/s).
Processed 209000 documents (6443.938389973852 docs/s, 0.006145418539022305 MB/s).
Processed 210000 documents (6468.681992108008 docs/s, 0.006169015876873024 MB/s).
Processed 211000 documents (6489.589741281953 docs/s, 0.0061889550602740795 MB/s).
Processed 212000 documents (6513.535992851516 docs/s, 0.006211791985370175 MB/s).
Processed 213000 documents (6538.786616833162 docs/s, 0.006235872856934702 MB/s).
Processed 214000 documents (6559.99436600358 docs/s, 0.006256098142627315 MB/s).
Processed 215000 documents (6582.1386415539855 docs/s, 0.00627721656947516 MB/s).
Processed 216000 documents (6607.577223776356 docs/s, 0.006301476691986423 MB/s).
Processed 217000 documents (6628.1896120912925 docs/s, 0.006321134197322171 MB/s).
Processed 218000 documents (6651.069681419518 docs/s, 0.006342954331798094 MB/s).
Processed 219000 documents (6675.329704622994 docs/s, 0.006366090492842668 MB/s).
Processed 220000 documents (6697.498611720519 docs/s, 0.006387232410164374 MB/s).
Processed 221000 documents (6719.02214468544 docs/s, 0.006407758850751343 MB/s).
Processed 222000 documents (6744.020172101328 docs/s, 0.006431598827458695 MB/s).
Processed 223000 documents (6766.184294254261 docs/s, 0.006452736181501637 MB/s).
Processed 224000 documents (6788.4291227166295 docs/s, 0.006473950503079061 MB/s).
Processed 225000 documents (6812.4514400322605 docs/s, 0.0064968599701235395 MB/s).
Processed 226000 documents (6836.427702763752 docs/s, 0.006519725516093971 MB/s).
Processed 227000 documents (6861.22313773625 docs/s, 0.0065433722855913635 MB/s).
Processed 228000 documents (6884.801213462728 docs/s, 0.0065658580908419875 MB/s).
Processed 229000 documents (6907.516326839764 docs/s, 0.006587520911063923 MB/s).
Processed 230000 documents (6931.5947415842575 docs/s, 0.006610483876785524 MB/s).
Processed 231000 documents (6955.837587729947 docs/s, 0.006633603656511256 MB/s).
Processed 232000 documents (6980.203945816813 docs/s, 0.006656841226403058 MB/s).
Processed 233000 documents (7003.874498001991 docs/s, 0.006679415224077216 MB/s).
Processed 234000 documents (7026.713912107234 docs/s, 0.006701196586711153 MB/s).
Processed 235000 documents (7050.8903919708755 docs/s, 0.006724253074618221 MB/s).
Processed 236000 documents (7071.621713519761 docs/s, 0.0067440240035245526 MB/s).
Processed 237000 documents (7093.91762729223 docs/s, 0.006765287043850164 MB/s).
Processed 238000 documents (7117.556089564824 docs/s, 0.0067878304381988755 MB/s).
Processed 239000 documents (7139.8920793936495 docs/s, 0.0068091316980301375 MB/s).
Processed 240000 documents (7163.241265522398 docs/s, 0.006831399217150114 MB/s).
Processed 241000 documents (7185.344027985407 docs/s, 0.006852478054032714 MB/s).
Processed 242000 documents (7208.128249576202 docs/s, 0.0068742067809831634 MB/s).
Processed 243000 documents (7230.299192243724 docs/s, 0.006895350639575695 MB/s).
Processed 244000 documents (7251.510111610925 docs/s, 0.006915578948603559 MB/s).
Processed 245000 documents (7274.917744797791 docs/s, 0.006937902207181731 MB/s).
Processed 246000 documents (7298.098630870698 docs/s, 0.006960009222861002 MB/s).
Processed 247000 documents (7318.895636839514 docs/s, 0.006979842793311609 MB/s).
Processed 248000 documents (7342.229250920627 docs/s, 0.007002095461769702 MB/s).
Processed 249000 documents (7366.121211253895 docs/s, 0.007024880610708137 MB/s).
Processed 250000 documents (7387.44241876065 docs/s, 0.007045214098702097 MB/s).
Processed 251000 documents (7409.327774913925 docs/s, 0.007066085600770879 MB/s).
Processed 252000 documents (7431.358127508404 docs/s, 0.0070870953822216075 MB/s).
Processed 253000 documents (7444.299701039323 docs/s, 0.0070994374285119274 MB/s).
Processed 254000 documents (7463.6654959088955 docs/s, 0.007117906089695831 MB/s).
Processed 255000 documents (7485.729924610536 docs/s, 0.007138948368654762 MB/s).
Processed 256000 documents (7508.898376323593 docs/s, 0.007161043526004403 MB/s).
Processed 257000 documents (7530.576462061076 docs/s, 0.0071817173596010935 MB/s).
Processed 258000 documents (7553.785260363823 docs/s, 0.007203850994457076 MB/s).
Processed 259000 documents (7575.782414647379 docs/s, 0.007224829115531329 MB/s).
Processed 260000 documents (7597.511133642917 docs/s, 0.007245551236765783 MB/s).
Processed 261000 documents (7619.860956460128 docs/s, 0.007266865688762787 MB/s).
Processed 262000 documents (7639.405815057995 docs/s, 0.007285505118425364 MB/s).
Processed 263000 documents (7656.903845790632 docs/s, 0.007302192540922767 MB/s).
Processed 264000 documents (7680.105789809477 docs/s, 0.007324319639024236 MB/s).
Processed 265000 documents (7699.0216777337955 docs/s, 0.007342359235509677 MB/s).
Processed 266000 documents (7720.804556533689 docs/s, 0.007363133007558526 MB/s).
Processed 267000 documents (7741.884167837879 docs/s, 0.007383236091459159 MB/s).
Processed 268000 documents (7761.9301492938675 docs/s, 0.007402353429120891 MB/s).
Processed 269000 documents (7782.812667977543 docs/s, 0.007422268550851386 MB/s).
Processed 270000 documents (7801.99748157556 docs/s, 0.007440564614844857 MB/s).
Processed 271000 documents (7823.035230598507 docs/s, 0.0074606277757630415 MB/s).
Processed 272000 documents (7844.875362413116 docs/s, 0.007481456148541561 MB/s).
Processed 273000 documents (7866.768261471374 docs/s, 0.007502334844085096 MB/s).
Processed 274000 documents (7889.264381936847 docs/s, 0.007523788816391799 MB/s).
Processed 275000 documents (7908.546406878142 docs/s, 0.007542177588346617 MB/s).
Processed 276000 documents (7929.743671392 docs/s, 0.007562392875091552 MB/s).
Processed 277000 documents (7952.365243387965 docs/s, 0.00758396648730084 MB/s).
Processed 278000 documents (7971.195106614147 docs/s, 0.007601924044241092 MB/s).
Processed 279000 documents (7991.9281042903785 docs/s, 0.007621696571627024 MB/s).
Processed 280000 documents (8012.653059325264 docs/s, 0.007641461428952469 MB/s).
Processed 281000 documents (8034.709197172365 docs/s, 0.007662495801136365 MB/s).
Processed 282000 documents (8054.087255099259 docs/s, 0.007680976157283076 MB/s).
Processed 283000 documents (8076.8051902849165 docs/s, 0.00770264166859142 MB/s).
Processed 284000 documents (8097.192439062387 docs/s, 0.007722084464132678 MB/s).
Processed 285000 documents (8119.581258884914 docs/s, 0.007743436106572069 MB/s).
Processed 286000 documents (8140.165536949311 docs/s, 0.007763066803883849 MB/s).
Processed 287000 documents (8155.638409393486 docs/s, 0.007777822884934889 MB/s).
Processed 288000 documents (8172.187367036833 docs/s, 0.007793605200802644 MB/s).
Processed 289000 documents (8194.34630504063 docs/s, 0.007814737610855703 MB/s).
Processed 290000 documents (8214.70218814577 docs/s, 0.007834150493760843 MB/s).
Processed 291000 documents (8235.450858244132 docs/s, 0.007853937967533238 MB/s).
Processed 292000 documents (8254.348978545038 docs/s, 0.007871960619492567 MB/s).
Processed 293000 documents (8276.160178851589 docs/s, 0.007892761401034917 MB/s).
Processed 294000 documents (8295.310864430496 docs/s, 0.007911024918013092 MB/s).
Processed 295000 documents (8316.620125567204 docs/s, 0.007931347013060764 MB/s).
Processed 296000 documents (8336.846995526854 docs/s, 0.007950636859442571 MB/s).
Processed 297000 documents (8357.13676752099 docs/s, 0.007969986693879117 MB/s).
Processed 298000 documents (8375.232528813029 docs/s, 0.007987244156659154 MB/s).
Processed 299000 documents (8395.726396651555 docs/s, 0.00800678863206058 MB/s).
Processed 300000 documents (8416.717986396608 docs/s, 0.008026807772060975 MB/s).
Processed 301000 documents (8436.963122723444 docs/s, 0.00804611503860802 MB/s).
Processed 302000 documents (8458.25495172047 docs/s, 0.008066420509071798 MB/s).
Processed 303000 documents (8477.029743020768 docs/s, 0.00808432554533078 MB/s).
Processed 304000 documents (8498.38561665093 docs/s, 0.008104692093516283 MB/s).
Processed 305000 documents (8517.986325839804 docs/s, 0.00812338478645306 MB/s).
Processed 306000 documents (8535.585084769677 docs/s, 0.008140168270845105 MB/s).
Processed 307000 documents (8554.944261371698 docs/s, 0.008158630620357226 MB/s).
Processed 308000 documents (8575.233820536507 docs/s, 0.008177980251823909 MB/s).
Processed 309000 documents (8595.651086081101 docs/s, 0.008197451673585035 MB/s).
Processed 310000 documents (8615.414569199434 docs/s, 0.008216299599837718 MB/s).
Processed 311000 documents (8634.758991270657 docs/s, 0.008234747878332765 MB/s).
Processed 312000 documents (8653.627162424218 docs/s, 0.008252741968559473 MB/s).
Processed 313000 documents (8674.471981620032 docs/s, 0.008272621137256653 MB/s).
Processed 314000 documents (8694.112352119024 docs/s, 0.008291351654166244 MB/s).
Processed 315000 documents (8715.377609206744 docs/s, 0.008311631783682579 MB/s).
Processed 316000 documents (8731.69549247093 docs/s, 0.008327193729849748 MB/s).
Processed 317000 documents (8751.906945982082 docs/s, 0.008346468873960573 MB/s).
Processed 318000 documents (8769.37497856209 docs/s, 0.008363127687990274 MB/s).
Processed 319000 documents (8788.674698746114 docs/s, 0.008381533335443605 MB/s).
Processed 320000 documents (8808.641403805399 docs/s, 0.008400575069241904 MB/s).
Processed 321000 documents (8828.455110040157 docs/s, 0.008419470891990811 MB/s).
Processed 322000 documents (8846.572821149724 docs/s, 0.008436749287748074 MB/s).
Processed 323000 documents (8863.104652429922 docs/s, 0.00845251527064316 MB/s).
Processed 324000 documents (8883.478395565762 docs/s, 0.008471945186200869 MB/s).
Processed 325000 documents (8903.066812208192 docs/s, 0.008490626156051818 MB/s).
Processed 326000 documents (8920.190266690212 docs/s, 0.008506956354799472 MB/s).
Processed 327000 documents (8937.838445824296 docs/s, 0.008523786969970986 MB/s).
Processed 328000 documents (8955.90733544033 docs/s, 0.008541018805923777 MB/s).
Processed 329000 documents (8973.599924841421 docs/s, 0.008557891774026318 MB/s).
Processed 330000 documents (8992.56262124083 docs/s, 0.008575976010552244 MB/s).
Processed 331000 documents (9012.97495063366 docs/s, 0.00859544272483221 MB/s).
Processed 332000 documents (9028.888178556068 docs/s, 0.00861061876159293 MB/s).
Processed 333000 documents (9049.145512423995 docs/s, 0.008629937660621638 MB/s).
Processed 334000 documents (9069.414105560461 docs/s, 0.008649267297325574 MB/s).
Processed 335000 documents (9086.058164301665 docs/s, 0.008665140308667817 MB/s).
Processed 336000 documents (9105.762458127489 docs/s, 0.008683931787612427 MB/s).
Processed 337000 documents (9124.992159564008 docs/s, 0.008702270659984596 MB/s).
Processed 338000 documents (9142.231518197146 docs/s, 0.008718711393544337 MB/s).
Processed 339000 documents (9160.984905848778 docs/s, 0.008736596017693308 MB/s).
Processed 340000 documents (9180.24280135499 docs/s, 0.008754961778025618 MB/s).
Processed 341000 documents (9199.387284533206 docs/s, 0.008773219379933554 MB/s).
Processed 342000 documents (9216.014980287508 docs/s, 0.008789076786315448 MB/s).
Processed 343000 documents (9235.36027264916 docs/s, 0.008807525894784127 MB/s).
Processed 344000 documents (9253.301715824808 docs/s, 0.008824636188340004 MB/s).
Processed 345000 documents (9269.97509121 docs/s, 0.008840537158212662 MB/s).
Processed 346000 documents (9290.242463538389 docs/s, 0.008859865630663289 MB/s).
Processed 347000 documents (9305.725607902668 docs/s, 0.008874631507780712 MB/s).
Processed 348000 documents (9321.004766777554 docs/s, 0.008889202849175982 MB/s).
Processed 349000 documents (9339.20095036271 docs/s, 0.008906556082117758 MB/s).
Processed 350000 documents (9356.132744283641 docs/s, 0.008922703499110833 MB/s).
Processed 351000 documents (9374.08851248027 docs/s, 0.008939827454071302 MB/s).
Processed 352000 documents (9393.60647247379 docs/s, 0.008958441231225767 MB/s).
Processed 353000 documents (9412.662421173072 docs/s, 0.008976614400075028 MB/s).
Processed 354000 documents (9429.450033006931 docs/s, 0.008992624314314777 MB/s).
Processed 355000 documents (9443.628105704294 docs/s, 0.009006145578102392 MB/s).
Processed 356000 documents (9460.863225167399 docs/s, 0.009022582268874549 MB/s).
Processed 357000 documents (9478.625446540816 docs/s, 0.0090395216432007 MB/s).
Processed 358000 documents (9498.241675640818 docs/s, 0.009058229137078112 MB/s).
Processed 359000 documents (9514.794562526562 docs/s, 0.009074015200163424 MB/s).
Processed 360000 documents (9531.042309227449 docs/s, 0.009089510258891534 MB/s).
Processed 361000 documents (9550.599853506194 docs/s, 0.00910816178656215 MB/s).
Processed 362000 documents (9568.058320148673 docs/s, 0.009124811477802919 MB/s).
Processed 363000 documents (9583.231819324401 docs/s, 0.009139282054256822 MB/s).
Processed 364000 documents (9600.025634834077 docs/s, 0.009155297884782865 MB/s).
Processed 365000 documents (9616.803547669344 docs/s, 0.009171298549336761 MB/s).
Processed 366000 documents (9631.998834659571 docs/s, 0.009185789904269763 MB/s).
Processed 367000 documents (9650.24416132041 docs/s, 0.009203190003700647 MB/s).
Processed 368000 documents (9668.040364289845 docs/s, 0.00922016178540215 MB/s).
Processed 369000 documents (9684.234672465525 docs/s, 0.009235605881181264 MB/s).
Processed 370000 documents (9681.8124515599 docs/s, 0.009233295871314906 MB/s).
Processed 371000 documents (9701.156179286545 docs/s, 0.009251743487631364 MB/s).
Processed 372000 documents (9718.10070919514 docs/s, 0.009267903050608768 MB/s).
Processed 373000 documents (9734.486882054603 docs/s, 0.009283530122809032 MB/s).
Processed 374000 documents (9752.466441871298 docs/s, 0.009300676767226504 MB/s).
Processed 375000 documents (9771.004931255597 docs/s, 0.009318356448417279 MB/s).
Processed 376000 documents (9786.774569820913 docs/s, 0.00933339554769603 MB/s).
Processed 377000 documents (9802.815584691063 docs/s, 0.009348693451586784 MB/s).
Processed 378000 documents (9819.275019548475 docs/s, 0.009364390391872859 MB/s).
Processed 379000 documents (9835.161351797731 docs/s, 0.009379540778920871 MB/s).
Processed 380000 documents (9853.131401023476 docs/s, 0.00939667835333202 MB/s).
Processed 381000 documents (9869.982783933692 docs/s, 0.00941274908440942 MB/s).
Processed 382000 documents (9886.74484111999 docs/s, 0.009428734627838125 MB/s).
Processed 383000 documents (9903.272706177851 docs/s, 0.009444496828248836 MB/s).
Processed 384000 documents (9920.652934195923 docs/s, 0.009461071905322955 MB/s).
Processed 385000 documents (9935.089839879265 docs/s, 0.009474840011481538 MB/s).
Processed 386000 documents (9952.778402771579 docs/s, 0.009491709139606074 MB/s).
Processed 387000 documents (9969.525599171815 docs/s, 0.00950768051068479 MB/s).
Processed 388000 documents (9987.29451677453 docs/s, 0.009524626271032838 MB/s).
Processed 389000 documents (9999.63776397803 docs/s, 0.00953639770887187 MB/s).
Processed 390000 documents (10016.786144238271 docs/s, 0.00955275167869403 MB/s).
Processed 391000 documents (10031.182225703671 docs/s, 0.009566480851844474 MB/s).
Processed 392000 documents (10046.515881880849 docs/s, 0.009581104165917252 MB/s).
Processed 393000 documents (10065.455826231635 docs/s, 0.00959916670439876 MB/s).
Processed 394000 documents (10084.052429640067 docs/s, 0.009616901807441776 MB/s).
Processed 395000 documents (10099.880944249056 docs/s, 0.00963199705529123 MB/s).
Processed 396000 documents (10114.587399894432 docs/s, 0.009646022224325592 MB/s).
Processed 397000 documents (10130.023184809672 docs/s, 0.009660742935952827 MB/s).
Processed 398000 documents (10147.388324919166 docs/s, 0.009677303624076048 MB/s).
Processed 399000 documents (10163.797329036497 docs/s, 0.009692952469860551 MB/s).
Processed 400000 documents (10182.142325387475 docs/s, 0.009710447621715045 MB/s).
Processed 401000 documents (10199.845238415353 docs/s, 0.009727330435195306 MB/s).
Processed 402000 documents (10217.705548209611 docs/s, 0.009744363353929149 MB/s).
Processed 403000 documents (10233.13097562052 docs/s, 0.00975907418787052 MB/s).
Processed 404000 documents (10250.49397343427 docs/s, 0.009775632832941313 MB/s).
Processed 405000 documents (10268.219777618002 docs/s, 0.009792537477128984 MB/s).
Processed 406000 documents (10280.548105472188 docs/s, 0.009804294686767757 MB/s).
Processed 407000 documents (10296.466049279024 docs/s, 0.009819475220946335 MB/s).
Processed 408000 documents (10315.353395828384 docs/s, 0.009837487598255524 MB/s).
Processed 409000 documents (10331.891547291505 docs/s, 0.009853259608546739 MB/s).
Processed 410000 documents (10347.401674421762 docs/s, 0.009868051218435061 MB/s).
Processed 411000 documents (10362.959746459905 docs/s, 0.009882888552150635 MB/s).
Processed 412000 documents (10378.28910083262 docs/s, 0.009897507763702984 MB/s).
Processed 413000 documents (10390.883746436404 docs/s, 0.009909518953739552 MB/s).
Processed 414000 documents (10407.679339624809 docs/s, 0.00992553647959214 MB/s).
Processed 415000 documents (10422.697156915421 docs/s, 0.00993985858623068 MB/s).
Processed 416000 documents (10438.440616569878 docs/s, 0.009954872719354513 MB/s).
Processed 417000 documents (10456.029958797788 docs/s, 0.00997164722327975 MB/s).
Processed 418000 documents (10472.033181242623 docs/s, 0.009986909085505126 MB/s).
Processed 419000 documents (10488.30141055241 docs/s, 0.010002423677971278 MB/s).
Processed 420000 documents (10497.724719262322 docs/s, 0.010011410445463487 MB/s).
Processed 421000 documents (10514.426297092481 docs/s, 0.01002733831128357 MB/s).
Processed 422000 documents (10525.462130452554 docs/s, 0.01003786290211921 MB/s).
Processed 423000 documents (10542.667662625834 docs/s, 0.01005427137625297 MB/s).
Processed 424000 documents (10559.804840988409 docs/s, 0.01007061466311303 MB/s).
Processed 425000 documents (10572.31780471094 docs/s, 0.010082547955237331 MB/s).
Processed 426000 documents (10588.2676663448 docs/s, 0.010097758928627777 MB/s).
Processed 427000 documents (10604.150058158384 docs/s, 0.010112905557783493 MB/s).
Processed 428000 documents (10618.260007116845 docs/s, 0.01012636185371098 MB/s).
Processed 429000 documents (10634.455279386419 docs/s, 0.01014180686892168 MB/s).
Processed 430000 documents (10649.332760566698 docs/s, 0.010155995140616129 MB/s).
Processed 431000 documents (10664.625062548472 docs/s, 0.010170579016254875 MB/s).
Processed 432000 documents (10681.186335426171 docs/s, 0.010186373076845332 MB/s).
Processed 433000 documents (10698.67909488365 docs/s, 0.010203055472263002 MB/s).
Processed 434000 documents (10715.274450828243 docs/s, 0.01021888203699898 MB/s).
Processed 435000 documents (10730.693190742695 docs/s, 0.010233586493246741 MB/s).
Processed 436000 documents (10743.128017390844 docs/s, 0.010245445268050045 MB/s).
Processed 437000 documents (10755.653748490387 docs/s, 0.01025739073609389 MB/s).
Processed 438000 documents (10771.72393983631 docs/s, 0.010272716464840232 MB/s).
Processed 439000 documents (10787.008655579617 docs/s, 0.010287293105678193 MB/s).
Processed 440000 documents (10802.25875496766 docs/s, 0.010301836733787212 MB/s).
Processed 441000 documents (10813.658066242382 docs/s, 0.010312707964174635 MB/s).
Processed 442000 documents (10830.736413829554 docs/s, 0.01032899514563518 MB/s).
Processed 443000 documents (10846.05682657963 docs/s, 0.01034360582979167 MB/s).
Processed 444000 documents (10860.594397354082 docs/s, 0.010357469937662202 MB/s).
Processed 445000 documents (10876.302100845342 docs/s, 0.010372449971051542 MB/s).
Processed 446000 documents (10886.98677714385 docs/s, 0.010382639672416543 MB/s).
Processed 447000 documents (10898.530125379137 docs/s, 0.01039364826715387 MB/s).
Processed 448000 documents (10910.947571227876 docs/s, 0.010405490466335179 MB/s).
Processed 449000 documents (10925.915937846332 docs/s, 0.010419765413137752 MB/s).
Processed 450000 documents (10940.230992265575 docs/s, 0.010433417312875342 MB/s).
Processed 451000 documents (10953.349948188716 docs/s, 0.010445928524197307 MB/s).
Processed 452000 documents (10969.19365987252 docs/s, 0.010461038265106698 MB/s).
Processed 453000 documents (10982.809976653332 docs/s, 0.01047402379670461 MB/s).
Processed 454000 documents (10998.83048901889 docs/s, 0.01048930214788331 MB/s).
Processed 455000 documents (11016.104887500136 docs/s, 0.010505776298046242 MB/s).
Processed 456000 documents (11031.026672266109 docs/s, 0.010520006820932492 MB/s).
Processed 457000 documents (11040.558768367018 docs/s, 0.010529097336165446 MB/s).
Processed 458000 documents (11055.137667334242 docs/s, 0.010543000857671968 MB/s).
Processed 459000 documents (11072.094716190151 docs/s, 0.010559172359647895 MB/s).
Processed 460000 documents (11079.800110829021 docs/s, 0.01056652079661276 MB/s).
Processed 461000 documents (11090.836970512284 docs/s, 0.010577046366226467 MB/s).
Processed 462000 documents (11107.264203724184 docs/s, 0.010592712596630272 MB/s).
Processed 463000 documents (11122.169327840855 docs/s, 0.010606927230683188 MB/s).
Processed 464000 documents (11133.088385492201 docs/s, 0.010617340455524637 MB/s).
Processed 465000 documents (11149.849852871364 docs/s, 0.010633325436469426 MB/s).
Processed 466000 documents (11163.071327863401 docs/s, 0.010645934417594339 MB/s).
Processed 467000 documents (11178.83961834838 docs/s, 0.010660972231243496 MB/s).
Processed 468000 documents (11192.32297935998 docs/s, 0.010673830966339093 MB/s).
Processed 469000 documents (11204.68412901564 docs/s, 0.01068561947728695 MB/s).
Processed 470000 documents (11219.06059678199 docs/s, 0.01069932994535636 MB/s).
Processed 471000 documents (11233.554466673175 docs/s, 0.010713152376816916 MB/s).
Processed 472000 documents (11248.780063897722 docs/s, 0.010727672637841914 MB/s).
Processed 473000 documents (11260.792303264403 docs/s, 0.010739128402008441 MB/s).
Processed 474000 documents (11276.810087177322 docs/s, 0.010754404151131937 MB/s).
Processed 475000 documents (11289.556135031948 docs/s, 0.010766559729606578 MB/s).
Processed 476000 documents (11304.603747643714 docs/s, 0.010780910251277651 MB/s).
Processed 477000 documents (11318.104561460596 docs/s, 0.010793785630665393 MB/s).
Processed 478000 documents (11330.99805163858 docs/s, 0.010806081821096974 MB/s).
Processed 479000 documents (11345.664043664103 docs/s, 0.010820068401016333 MB/s).
Processed 480000 documents (11362.0800725235 docs/s, 0.010835723946116925 MB/s).
Processed 481000 documents (11374.221870898891 docs/s, 0.010847303267382518 MB/s).
Processed 482000 documents (11389.119690988662 docs/s, 0.010861510935772574 MB/s).
Processed 483000 documents (11402.531307687408 docs/s, 0.010874301250159653 MB/s).
Processed 484000 documents (11416.943612587489 docs/s, 0.010888045895183076 MB/s).
Processed 485000 documents (11431.921831865724 docs/s, 0.01090233023821423 MB/s).
Processed 486000 documents (11447.83994322445 docs/s, 0.01091751093218274 MB/s).
Processed 487000 documents (11460.708016859404 docs/s, 0.010929782883510021 MB/s).
Processed 488000 documents (11475.02663118197 docs/s, 0.01094343817823598 MB/s).
Processed 489000 documents (11486.134039191082 docs/s, 0.010954031027976114 MB/s).
Processed 490000 documents (11499.898755225318 docs/s, 0.01096715808413059 MB/s).
Processed 491000 documents (11514.33534155309 docs/s, 0.010980925885727967 MB/s).
Processed 492000 documents (11527.517643180934 docs/s, 0.010993497508221563 MB/s).
Processed 493000 documents (11541.199537318758 docs/s, 0.011006545579260596 MB/s).
Processed 494000 documents (11554.330634674638 docs/s, 0.011019068369555128 MB/s).
Processed 495000 documents (11570.210594970766 docs/s, 0.011034212679835096 MB/s).
Processed 496000 documents (11581.678035357503 docs/s, 0.011045148883206847 MB/s).
Processed 497000 documents (11595.19302647653 docs/s, 0.011058037783123522 MB/s).
Processed 498000 documents (11610.259438150757 docs/s, 0.011072406232977635 MB/s).
Processed 499000 documents (11623.075039228394 docs/s, 0.011084628142574686 MB/s).
Processed 500000 documents (11637.02328119363 docs/s, 0.01109793022269595 MB/s).
Processed 501000 documents (11649.808905875034 docs/s, 0.011110123544573816 MB/s).
Processed 502000 documents (11661.553302012997 docs/s, 0.011121323873532292 MB/s).
Processed 503000 documents (11672.974555400344 docs/s, 0.011132216029548973 MB/s).
Processed 504000 documents (11688.766580951704 docs/s, 0.011147276478721336 MB/s).
Processed 505000 documents (11699.171288536427 docs/s, 0.011157199181114604 MB/s).
Processed 506000 documents (11711.537481513704 docs/s, 0.011168992501748756 MB/s).
Processed 507000 documents (11718.725347213132 docs/s, 0.011175847384656079 MB/s).
Processed 508000 documents (11734.055180137964 docs/s, 0.01119046705259129 MB/s).
Processed 509000 documents (11748.947062412863 docs/s, 0.011204669058239806 MB/s).
Processed 510000 documents (11762.552431076292 docs/s, 0.011217644148899357 MB/s).
Processed 511000 documents (11778.092857081741 docs/s, 0.011232464654046766 MB/s).
Processed 512000 documents (11791.997961185092 docs/s, 0.011245725594697087 MB/s).
Processed 513000 documents (11806.428793377034 docs/s, 0.01125948790872291 MB/s).
Processed 514000 documents (11820.695587499997 docs/s, 0.011273093783855435 MB/s).
Processed 515000 documents (11832.965462703365 docs/s, 0.011284795248702397 MB/s).
Processed 516000 documents (11845.044769638693 docs/s, 0.011296314973486607 MB/s).
Processed 517000 documents (11856.891183087564 docs/s, 0.011307612593734325 MB/s).
Processed 518000 documents (11867.056447389748 docs/s, 0.0113173069452188 MB/s).
Processed 519000 documents (11879.238444149016 docs/s, 0.011328924602650657 MB/s).
Processed 520000 documents (11891.36333910457 docs/s, 0.011340487803558893 MB/s).
Processed 521000 documents (11901.449658087833 docs/s, 0.011350106866920312 MB/s).
Processed 522000 documents (11915.192487958355 docs/s, 0.01136321305080257 MB/s).
Processed 523000 documents (11927.32941733248 docs/s, 0.011374787728626708 MB/s).
Processed 524000 documents (11939.88530694883 docs/s, 0.011386761958073454 MB/s).
Processed 525000 documents (11951.953746205787 docs/s, 0.011398271318631923 MB/s).
Processed 526000 documents (11966.462353596122 docs/s, 0.011412107804866907 MB/s).
Processed 527000 documents (11979.620104606709 docs/s, 0.011424656014067372 MB/s).
Processed 528000 documents (11992.488797171076 docs/s, 0.011436928555651737 MB/s).
Processed 529000 documents (12004.433767761737 docs/s, 0.011448320167314278 MB/s).
Processed 530000 documents (12018.778238049772 docs/s, 0.01146200012021043 MB/s).
Processed 531000 documents (12030.907457089586 docs/s, 0.011473567444886767 MB/s).
Processed 532000 documents (12042.124456013906 docs/s, 0.011484264808668047 MB/s).
Processed 533000 documents (12057.132419047924 docs/s, 0.011498577517555165 MB/s).
Processed 534000 documents (12070.856176727219 docs/s, 0.01151166551277849 MB/s).
Processed 535000 documents (12082.578889853667 docs/s, 0.011522845163205783 MB/s).
Processed 536000 documents (12096.72759169842 docs/s, 0.011536338416765613 MB/s).
Processed 537000 documents (12110.716972017239 docs/s, 0.01154967972947811 MB/s).
Processed 538000 documents (12100.479792954158 docs/s, 0.011539916794733198 MB/s).
Processed 539000 documents (12114.62934144733 docs/s, 0.01155341085571988 MB/s).
Processed 540000 documents (12127.50537551604 docs/s, 0.011565690398708382 MB/s).
Processed 541000 documents (12141.758768166284 docs/s, 0.011579283493200573 MB/s).
Processed 542000 documents (12154.840040225328 docs/s, 0.011591758766389206 MB/s).
Processed 543000 documents (12166.091228809111 docs/s, 0.011602488735970603 MB/s).
Processed 544000 documents (12178.885445356223 docs/s, 0.011614690251690124 MB/s).
Processed 545000 documents (12191.866993311965 docs/s, 0.011627070420562711 MB/s).
Processed 546000 documents (12206.013182434634 docs/s, 0.011640561277804025 MB/s).
Processed 547000 documents (12220.071601065913 docs/s, 0.011653968430581963 MB/s).
Processed 548000 documents (12221.712403716363 docs/s, 0.011655533221927989 MB/s).
Processed 549000 documents (12234.868955955 docs/s, 0.011668080287890435 MB/s).
Processed 550000 documents (12247.990521049316 docs/s, 0.011680593987511936 MB/s).
Processed 551000 documents (12262.17181828482 docs/s, 0.01169411832645876 MB/s).
Processed 552000 documents (12275.739766485978 docs/s, 0.011707057730184534 MB/s).
Processed 553000 documents (12282.544961621345 docs/s, 0.011713547670003266 MB/s).
Processed 554000 documents (12292.05001310806 docs/s, 0.011722612393482266 MB/s).
Processed 555000 documents (12301.68556024867 docs/s, 0.011731801567314787 MB/s).
Processed 556000 documents (12315.159436070007 docs/s, 0.011744651256628044 MB/s).
Processed 557000 documents (12328.380434615234 docs/s, 0.01175725978337787 MB/s).
Processed 558000 documents (12340.256057735583 docs/s, 0.011768585260139068 MB/s).
Processed 559000 documents (12352.876903095907 docs/s, 0.011780621436210543 MB/s).
Processed 560000 documents (12366.199064958742 docs/s, 0.011793326439818137 MB/s).
Processed 561000 documents (12380.123394077355 docs/s, 0.011806605714871745 MB/s).
Processed 562000 documents (12391.932475815953 docs/s, 0.011817867732826188 MB/s).
Processed 563000 documents (12403.87567032088 docs/s, 0.011829257650681381 MB/s).
Processed 564000 documents (12415.141634472246 docs/s, 0.011840001711342092 MB/s).
Processed 565000 documents (12427.527326493317 docs/s, 0.011851813627713505 MB/s).
Processed 566000 documents (12437.094798221191 docs/s, 0.011860937879773322 MB/s).
Processed 567000 documents (12445.932136754374 docs/s, 0.011869365822557806 MB/s).
Processed 568000 documents (12460.318936488058 docs/s, 0.011883086143959101 MB/s).
Processed 569000 documents (12471.10820806842 docs/s, 0.011893375595158023 MB/s).
Processed 570000 documents (12479.780538655768 docs/s, 0.011901646174102562 MB/s).
Processed 571000 documents (12493.362900458344 docs/s, 0.011914599323709816 MB/s).
Processed 572000 documents (12503.23761023279 docs/s, 0.011924016580803672 MB/s).
Processed 573000 documents (12515.744194664452 docs/s, 0.011935943789162113 MB/s).
Processed 574000 documents (12529.889828403315 docs/s, 0.011949434116748156 MB/s).
Processed 575000 documents (12540.379873147383 docs/s, 0.011959438202998527 MB/s).
Processed 576000 documents (12546.987621878383 docs/s, 0.011965739843252547 MB/s).
Processed 577000 documents (12561.407653823993 docs/s, 0.011979491857360833 MB/s).
Processed 578000 documents (12572.507814748424 docs/s, 0.011990077795742439 MB/s).
Processed 579000 documents (12584.199239696321 docs/s, 0.01200122760743744 MB/s).
Processed 580000 documents (12595.809131289387 docs/s, 0.012012299662866007 MB/s).
Processed 581000 documents (12604.525072428194 docs/s, 0.012020611832073397 MB/s).
Processed 582000 documents (12616.535848440373 docs/s, 0.01203206620067632 MB/s).
Processed 583000 documents (12627.0258685409 docs/s, 0.012042070263424779 MB/s).
Processed 584000 documents (12637.92819073806 docs/s, 0.012052467528093394 MB/s).
Processed 585000 documents (12651.621790100022 docs/s, 0.012065526762104055 MB/s).
Processed 586000 documents (12661.747736216028 docs/s, 0.012075183616844204 MB/s).
Processed 587000 documents (12667.861709493065 docs/s, 0.012081014356129708 MB/s).
Opening /fsx/loubna/data/stack_march_no_pii_json/smalltalk
Input is not a jsonl file, will try to load from HF datasets
Vocab size: 49152
Output prefix: /fsx/loubna/data/tokenized_stack_no_pii/code/smalltalk/gpt2-preprocessed
Time to startup: 0.8642673492431641
END TIME: Wed Mar 29 01:07:20 UTC 2023
