START TIME: Wed Mar 29 01:06:11 UTC 2023
FULL_OUT_PATH is: /fsx/loubna/data/tokenized_stack_no_pii/code/yacc
/fsx/loubna/code/Megatron-LM/tools/preprocess_data.py --input /fsx/loubna/data/stack_march_no_pii_json/yacc --output-prefix /fsx/loubna/data/tokenized_stack_no_pii/code/yacc/gpt2-preprocessed --tokenizer-type TokenizerFromFile --tokenizer-file /fsx/loubna/data/tokenizer/tokenizer-the-stack-march-sample-v3-no-prefix-spaces/tokenizer.json --dataset-impl mmap --append-eod --json-keys content --workers 64 --chunk-size 100 --log-interval 1000
[H[2J[3J> building TokenizerFromFile tokenizer ...
 > padded vocab (size: 49152) with 0 dummy tokens (new size: 49152)
> building TokenizerFromFile tokenizer ...
> building TokenizerFromFile tokenizer ...
> building TokenizerFromFile tokenizer ...
> building TokenizerFromFile tokenizer ...
> building TokenizerFromFile tokenizer ...
> building TokenizerFromFile tokenizer ...
> building TokenizerFromFile tokenizer ...
> building TokenizerFromFile tokenizer ...
> building TokenizerFromFile tokenizer ...
> building TokenizerFromFile tokenizer ...
> building TokenizerFromFile tokenizer ...
> building TokenizerFromFile tokenizer ...
> building TokenizerFromFile tokenizer ...
> building TokenizerFromFile tokenizer ...
> building TokenizerFromFile tokenizer ...
> building TokenizerFromFile tokenizer ...
> building TokenizerFromFile tokenizer ...
> building TokenizerFromFile tokenizer ...
> building TokenizerFromFile tokenizer ...
 > padded vocab (size: 49152) with 0 dummy tokens (new size: 49152)
> building TokenizerFromFile tokenizer ...
 > padded vocab (size: 49152) with 0 dummy tokens (new size: 49152)
> building TokenizerFromFile tokenizer ...
 > padded vocab (size: 49152) with 0 dummy tokens (new size: 49152)
 > padded vocab (size: 49152) with 0 dummy tokens (new size: 49152)
 > padded vocab (size: 49152) with 0 dummy tokens (new size: 49152)
> building TokenizerFromFile tokenizer ...
 > padded vocab (size: 49152) with 0 dummy tokens (new size: 49152)
> building TokenizerFromFile tokenizer ...
 > padded vocab (size: 49152) with 0 dummy tokens (new size: 49152)
 > padded vocab (size: 49152) with 0 dummy tokens (new size: 49152)
> building TokenizerFromFile tokenizer ...
 > padded vocab (size: 49152) with 0 dummy tokens (new size: 49152)
> building TokenizerFromFile tokenizer ...
 > padded vocab (size: 49152) with 0 dummy tokens (new size: 49152)
 > padded vocab (size: 49152) with 0 dummy tokens (new size: 49152)
> building TokenizerFromFile tokenizer ...
 > padded vocab (size: 49152) with 0 dummy tokens (new size: 49152)
> building TokenizerFromFile tokenizer ...
> building TokenizerFromFile tokenizer ...
> building TokenizerFromFile tokenizer ...
> building TokenizerFromFile tokenizer ...
> building TokenizerFromFile tokenizer ...
 > padded vocab (size: 49152) with 0 dummy tokens (new size: 49152)
> building TokenizerFromFile tokenizer ...
 > padded vocab (size: 49152) with 0 dummy tokens (new size: 49152)
> building TokenizerFromFile tokenizer ...
 > padded vocab (size: 49152) with 0 dummy tokens (new size: 49152)
> building TokenizerFromFile tokenizer ...
 > padded vocab (size: 49152) with 0 dummy tokens (new size: 49152)
> building TokenizerFromFile tokenizer ...
 > padded vocab (size: 49152) with 0 dummy tokens (new size: 49152)
> building TokenizerFromFile tokenizer ...
 > padded vocab (size: 49152) with 0 dummy tokens (new size: 49152)
> building TokenizerFromFile tokenizer ...
 > padded vocab (size: 49152) with 0 dummy tokens (new size: 49152)
> building TokenizerFromFile tokenizer ...
 > padded vocab (size: 49152) with 0 dummy tokens (new size: 49152)
> building TokenizerFromFile tokenizer ...
 > padded vocab (size: 49152) with 0 dummy tokens (new size: 49152)
> building TokenizerFromFile tokenizer ...
 > padded vocab (size: 49152) with 0 dummy tokens (new size: 49152)
 > padded vocab (size: 49152) with 0 dummy tokens (new size: 49152)
> building TokenizerFromFile tokenizer ...
 > padded vocab (size: 49152) with 0 dummy tokens (new size: 49152)
> building TokenizerFromFile tokenizer ...
> building TokenizerFromFile tokenizer ...
 > padded vocab (size: 49152) with 0 dummy tokens (new size: 49152)
 > padded vocab (size: 49152) with 0 dummy tokens (new size: 49152)
> building TokenizerFromFile tokenizer ...
 > padded vocab (size: 49152) with 0 dummy tokens (new size: 49152)
 > padded vocab (size: 49152) with 0 dummy tokens (new size: 49152)
 > padded vocab (size: 49152) with 0 dummy tokens (new size: 49152)
 > padded vocab (size: 49152) with 0 dummy tokens (new size: 49152)
 > padded vocab (size: 49152) with 0 dummy tokens (new size: 49152)
 > padded vocab (size: 49152) with 0 dummy tokens (new size: 49152)
 > padded vocab (size: 49152) with 0 dummy tokens (new size: 49152)
 > padded vocab (size: 49152) with 0 dummy tokens (new size: 49152)
> building TokenizerFromFile tokenizer ...
 > padded vocab (size: 49152) with 0 dummy tokens (new size: 49152)
> building TokenizerFromFile tokenizer ...
 > padded vocab (size: 49152) with 0 dummy tokens (new size: 49152)
> building TokenizerFromFile tokenizer ...
 > padded vocab (size: 49152) with 0 dummy tokens (new size: 49152)
> building TokenizerFromFile tokenizer ...
> building TokenizerFromFile tokenizer ...
 > padded vocab (size: 49152) with 0 dummy tokens (new size: 49152)
 > padded vocab (size: 49152) with 0 dummy tokens (new size: 49152)
> building TokenizerFromFile tokenizer ...
 > padded vocab (size: 49152) with 0 dummy tokens (new size: 49152)
> building TokenizerFromFile tokenizer ...
 > padded vocab (size: 49152) with 0 dummy tokens (new size: 49152)
> building TokenizerFromFile tokenizer ...
 > padded vocab (size: 49152) with 0 dummy tokens (new size: 49152)
> building TokenizerFromFile tokenizer ...
 > padded vocab (size: 49152) with 0 dummy tokens (new size: 49152)
> building TokenizerFromFile tokenizer ...
 > padded vocab (size: 49152) with 0 dummy tokens (new size: 49152)
> building TokenizerFromFile tokenizer ...
> building TokenizerFromFile tokenizer ...
> building TokenizerFromFile tokenizer ...
> building TokenizerFromFile tokenizer ...
> building TokenizerFromFile tokenizer ...
> building TokenizerFromFile tokenizer ...
> building TokenizerFromFile tokenizer ...
> building TokenizerFromFile tokenizer ...
 > padded vocab (size: 49152) with 0 dummy tokens (new size: 49152)
> building TokenizerFromFile tokenizer ...
 > padded vocab (size: 49152) with 0 dummy tokens (new size: 49152)
> building TokenizerFromFile tokenizer ...
 > padded vocab (size: 49152) with 0 dummy tokens (new size: 49152)
 > padded vocab (size: 49152) with 0 dummy tokens (new size: 49152)
 > padded vocab (size: 49152) with 0 dummy tokens (new size: 49152)
 > padded vocab (size: 49152) with 0 dummy tokens (new size: 49152)
 > padded vocab (size: 49152) with 0 dummy tokens (new size: 49152)
 > padded vocab (size: 49152) with 0 dummy tokens (new size: 49152)
 > padded vocab (size: 49152) with 0 dummy tokens (new size: 49152)
 > padded vocab (size: 49152) with 0 dummy tokens (new size: 49152)
 > padded vocab (size: 49152) with 0 dummy tokens (new size: 49152)
 > padded vocab (size: 49152) with 0 dummy tokens (new size: 49152)
 > padded vocab (size: 49152) with 0 dummy tokens (new size: 49152)
 > padded vocab (size: 49152) with 0 dummy tokens (new size: 49152)
 > padded vocab (size: 49152) with 0 dummy tokens (new size: 49152)
 > padded vocab (size: 49152) with 0 dummy tokens (new size: 49152)
 > padded vocab (size: 49152) with 0 dummy tokens (new size: 49152)
 > padded vocab (size: 49152) with 0 dummy tokens (new size: 49152)
 > padded vocab (size: 49152) with 0 dummy tokens (new size: 49152)
 > padded vocab (size: 49152) with 0 dummy tokens (new size: 49152)
Processed 1000 documents (325.76867952627003 docs/s, 0.0003106772227537823 MB/s).
Processed 2000 documents (490.9555545358945 docs/s, 0.0004682117028578706 MB/s).
Processed 3000 documents (665.0414798938632 docs/s, 0.0006342329787195808 MB/s).
Processed 4000 documents (807.1093210858144 docs/s, 0.0007697194300516266 MB/s).
Processed 5000 documents (924.5654262281566 docs/s, 0.0008817343008309904 MB/s).
Processed 6000 documents (1029.648276055355 docs/s, 0.0009819491158059644 MB/s).
Processed 7000 documents (1122.13233566929 docs/s, 0.0010701487881367587 MB/s).
Opening /fsx/loubna/data/stack_march_no_pii_json/yacc
Input is not a jsonl file, will try to load from HF datasets
Vocab size: 49152
Output prefix: /fsx/loubna/data/tokenized_stack_no_pii/code/yacc/gpt2-preprocessed
Time to startup: 0.8293838500976562
END TIME: Wed Mar 29 01:06:40 UTC 2023
